<?xml version="1.0" encoding="UTF-8"?>
<testsuite xmlns:xsi="http://www.w3.org/2001/XMLSchema-instance" xsi:noNamespaceSchemaLocation="https://maven.apache.org/surefire/maven-surefire-plugin/xsd/surefire-test-report-3.0.xsd" version="3.0" name="com.videoclub.testing.TestVideoclub" time="0.368" tests="3" errors="0" skipped="0" failures="0">
  <properties>
    <property name="java.specification.version" value="20"/>
    <property name="sun.cpu.isalist" value="amd64"/>
    <property name="sun.jnu.encoding" value="Cp1252"/>
    <property name="java.class.path" value="C:\Users\Aritz Candina\OneDrive\Documentos\GitHub\BSPQ23-E1\target\test-classes;C:\Users\Aritz Candina\OneDrive\Documentos\GitHub\BSPQ23-E1\target\classes;C:\Users\Aritz Candina\.m2\repository\org\glassfish\jersey\containers\jersey-container-servlet-core\2.35\jersey-container-servlet-core-2.35.jar;C:\Users\Aritz Candina\.m2\repository\org\glassfish\hk2\external\jakarta.inject\2.6.1\jakarta.inject-2.6.1.jar;C:\Users\Aritz Candina\.m2\repository\org\glassfish\jersey\core\jersey-common\2.35\jersey-common-2.35.jar;C:\Users\Aritz Candina\.m2\repository\jakarta\annotation\jakarta.annotation-api\1.3.5\jakarta.annotation-api-1.3.5.jar;C:\Users\Aritz Candina\.m2\repository\org\glassfish\hk2\osgi-resource-locator\1.0.3\osgi-resource-locator-1.0.3.jar;C:\Users\Aritz Candina\.m2\repository\org\glassfish\jersey\core\jersey-server\2.35\jersey-server-2.35.jar;C:\Users\Aritz Candina\.m2\repository\org\glassfish\jersey\core\jersey-client\2.35\jersey-client-2.35.jar;C:\Users\Aritz Candina\.m2\repository\jakarta\validation\jakarta.validation-api\2.0.2\jakarta.validation-api-2.0.2.jar;C:\Users\Aritz Candina\.m2\repository\jakarta\ws\rs\jakarta.ws.rs-api\2.1.6\jakarta.ws.rs-api-2.1.6.jar;C:\Users\Aritz Candina\.m2\repository\com\github\noconnor\junitperf\1.22.1\junitperf-1.22.1.jar;C:\Users\Aritz Candina\.m2\repository\com\github\noconnor\junitperf-core\1.22.1\junitperf-core-1.22.1.jar;C:\Users\Aritz Candina\.m2\repository\org\projectlombok\lombok\1.18.24\lombok-1.18.24.jar;C:\Users\Aritz Candina\.m2\repository\org\apache\commons\commons-lang3\3.11\commons-lang3-3.11.jar;C:\Users\Aritz Candina\.m2\repository\ch\qos\logback\logback-classic\1.3.0\logback-classic-1.3.0.jar;C:\Users\Aritz Candina\.m2\repository\ch\qos\logback\logback-core\1.3.0\logback-core-1.3.0.jar;C:\Users\Aritz Candina\.m2\repository\org\slf4j\slf4j-api\2.0.0\slf4j-api-2.0.0.jar;C:\Users\Aritz Candina\.m2\repository\com\google\guava\guava\30.1-jre\guava-30.1-jre.jar;C:\Users\Aritz Candina\.m2\repository\com\google\guava\failureaccess\1.0.1\failureaccess-1.0.1.jar;C:\Users\Aritz Candina\.m2\repository\com\google\guava\listenablefuture\9999.0-empty-to-avoid-conflict-with-guava\listenablefuture-9999.0-empty-to-avoid-conflict-with-guava.jar;C:\Users\Aritz Candina\.m2\repository\com\google\code\findbugs\jsr305\3.0.2\jsr305-3.0.2.jar;C:\Users\Aritz Candina\.m2\repository\org\checkerframework\checker-qual\3.5.0\checker-qual-3.5.0.jar;C:\Users\Aritz Candina\.m2\repository\com\google\errorprone\error_prone_annotations\2.3.4\error_prone_annotations-2.3.4.jar;C:\Users\Aritz Candina\.m2\repository\com\google\j2objc\j2objc-annotations\1.3\j2objc-annotations-1.3.jar;C:\Users\Aritz Candina\.m2\repository\commons-collections\commons-collections\3.2.2\commons-collections-3.2.2.jar;C:\Users\Aritz Candina\.m2\repository\org\apache\commons\commons-math3\3.6.1\commons-math3-3.6.1.jar;C:\Users\Aritz Candina\.m2\repository\org\jtwig\jtwig-core\5.86.1.RELEASE\jtwig-core-5.86.1.RELEASE.jar;C:\Users\Aritz Candina\.m2\repository\org\jtwig\jtwig-reflection\5.86.1.RELEASE\jtwig-reflection-5.86.1.RELEASE.jar;C:\Users\Aritz Candina\.m2\repository\org\parboiled\parboiled-java\1.1.7\parboiled-java-1.1.7.jar;C:\Users\Aritz Candina\.m2\repository\org\parboiled\parboiled-core\1.1.7\parboiled-core-1.1.7.jar;C:\Users\Aritz Candina\.m2\repository\org\ow2\asm\asm\5.0.3\asm-5.0.3.jar;C:\Users\Aritz Candina\.m2\repository\org\ow2\asm\asm-tree\5.0.3\asm-tree-5.0.3.jar;C:\Users\Aritz Candina\.m2\repository\org\ow2\asm\asm-analysis\5.0.3\asm-analysis-5.0.3.jar;C:\Users\Aritz Candina\.m2\repository\org\ow2\asm\asm-util\5.0.3\asm-util-5.0.3.jar;C:\Users\Aritz Candina\.m2\repository\com\googlecode\concurrentlinkedhashmap\concurrentlinkedhashmap-lru\1.4.2\concurrentlinkedhashmap-lru-1.4.2.jar;C:\Users\Aritz Candina\.m2\repository\org\glassfish\jersey\inject\jersey-hk2\2.35\jersey-hk2-2.35.jar;C:\Users\Aritz Candina\.m2\repository\org\glassfish\hk2\hk2-locator\2.6.1\hk2-locator-2.6.1.jar;C:\Users\Aritz Candina\.m2\repository\org\glassfish\hk2\external\aopalliance-repackaged\2.6.1\aopalliance-repackaged-2.6.1.jar;C:\Users\Aritz Candina\.m2\repository\org\glassfish\hk2\hk2-api\2.6.1\hk2-api-2.6.1.jar;C:\Users\Aritz Candina\.m2\repository\org\glassfish\hk2\hk2-utils\2.6.1\hk2-utils-2.6.1.jar;C:\Users\Aritz Candina\.m2\repository\org\javassist\javassist\3.25.0-GA\javassist-3.25.0-GA.jar;C:\Users\Aritz Candina\.m2\repository\org\glassfish\jersey\media\jersey-media-json-jackson\2.35\jersey-media-json-jackson-2.35.jar;C:\Users\Aritz Candina\.m2\repository\org\glassfish\jersey\ext\jersey-entity-filtering\2.35\jersey-entity-filtering-2.35.jar;C:\Users\Aritz Candina\.m2\repository\com\fasterxml\jackson\core\jackson-annotations\2.12.2\jackson-annotations-2.12.2.jar;C:\Users\Aritz Candina\.m2\repository\com\fasterxml\jackson\core\jackson-databind\2.12.2\jackson-databind-2.12.2.jar;C:\Users\Aritz Candina\.m2\repository\com\fasterxml\jackson\core\jackson-core\2.12.2\jackson-core-2.12.2.jar;C:\Users\Aritz Candina\.m2\repository\com\fasterxml\jackson\module\jackson-module-jaxb-annotations\2.12.2\jackson-module-jaxb-annotations-2.12.2.jar;C:\Users\Aritz Candina\.m2\repository\jakarta\xml\bind\jakarta.xml.bind-api\2.3.2\jakarta.xml.bind-api-2.3.2.jar;C:\Users\Aritz Candina\.m2\repository\jakarta\activation\jakarta.activation-api\1.2.1\jakarta.activation-api-1.2.1.jar;C:\Users\Aritz Candina\.m2\repository\junit\junit\4.13.2\junit-4.13.2.jar;C:\Users\Aritz Candina\.m2\repository\org\hamcrest\hamcrest-core\1.3\hamcrest-core-1.3.jar;C:\Users\Aritz Candina\.m2\repository\org\apache\logging\log4j\log4j-api\2.20.0\log4j-api-2.20.0.jar;C:\Users\Aritz Candina\.m2\repository\org\apache\logging\log4j\log4j-core\2.20.0\log4j-core-2.20.0.jar;C:\Users\Aritz Candina\.m2\repository\org\datanucleus\javax.jdo\3.2.1\javax.jdo-3.2.1.jar;C:\Users\Aritz Candina\.m2\repository\javax\transaction\javax.transaction-api\1.3\javax.transaction-api-1.3.jar;C:\Users\Aritz Candina\.m2\repository\org\glassfish\corba\glassfish-corba-omgapi\4.2.2\glassfish-corba-omgapi-4.2.2.jar;C:\Users\Aritz Candina\.m2\repository\org\datanucleus\datanucleus-core\6.0.4\datanucleus-core-6.0.4.jar;C:\Users\Aritz Candina\.m2\repository\org\datanucleus\datanucleus-api-jdo\6.0.1\datanucleus-api-jdo-6.0.1.jar;C:\Users\Aritz Candina\.m2\repository\org\datanucleus\datanucleus-rdbms\6.0.4\datanucleus-rdbms-6.0.4.jar;C:\Users\Aritz Candina\.m2\repository\mysql\mysql-connector-java\8.0.29\mysql-connector-java-8.0.29.jar;C:\Users\Aritz Candina\.m2\repository\com\google\protobuf\protobuf-java\3.19.4\protobuf-java-3.19.4.jar;C:\Users\Aritz Candina\.m2\repository\org\datanucleus\datanucleus-maven-plugin\5.0.1\datanucleus-maven-plugin-5.0.1.jar;C:\Users\Aritz Candina\.m2\repository\org\codehaus\plexus\plexus-utils\3.0.8\plexus-utils-3.0.8.jar;C:\Users\Aritz Candina\.m2\repository\org\apache\maven\maven-artifact\3.0.4\maven-artifact-3.0.4.jar;C:\Users\Aritz Candina\.m2\repository\org\apache\maven\maven-plugin-api\3.0.4\maven-plugin-api-3.0.4.jar;C:\Users\Aritz Candina\.m2\repository\org\apache\maven\maven-model\3.0.4\maven-model-3.0.4.jar;C:\Users\Aritz Candina\.m2\repository\org\sonatype\sisu\sisu-inject-plexus\2.3.0\sisu-inject-plexus-2.3.0.jar;C:\Users\Aritz Candina\.m2\repository\org\codehaus\plexus\plexus-component-annotations\1.5.5\plexus-component-annotations-1.5.5.jar;C:\Users\Aritz Candina\.m2\repository\org\sonatype\sisu\sisu-inject-bean\2.3.0\sisu-inject-bean-2.3.0.jar;C:\Users\Aritz Candina\.m2\repository\org\sonatype\sisu\sisu-guice\3.1.0\sisu-guice-3.1.0-no_aop.jar;C:\Users\Aritz Candina\.m2\repository\org\sonatype\sisu\sisu-guava\0.9.9\sisu-guava-0.9.9.jar;C:\Users\Aritz Candina\.m2\repository\org\codehaus\plexus\plexus-container-default\1.5.5\plexus-container-default-1.5.5.jar;C:\Users\Aritz Candina\.m2\repository\org\codehaus\plexus\plexus-classworlds\2.2.2\plexus-classworlds-2.2.2.jar;C:\Users\Aritz Candina\.m2\repository\org\apache\xbean\xbean-reflect\3.4\xbean-reflect-3.4.jar;C:\Users\Aritz Candina\.m2\repository\log4j\log4j\1.2.12\log4j-1.2.12.jar;C:\Users\Aritz Candina\.m2\repository\commons-logging\commons-logging-api\1.1\commons-logging-api-1.1.jar;C:\Users\Aritz Candina\.m2\repository\com\google\collections\google-collections\1.0\google-collections-1.0.jar;C:\Users\Aritz Candina\.m2\repository\com\itextpdf\itextpdf\5.5.9\itextpdf-5.5.9.jar;C:\Users\Aritz Candina\.m2\repository\com\sun\mail\javax.mail\1.6.2\javax.mail-1.6.2.jar;C:\Users\Aritz Candina\.m2\repository\javax\activation\activation\1.1.1\activation-1.1.1.jar;C:\Users\Aritz Candina\.m2\repository\com\google\zxing\core\3.4.1\core-3.4.1.jar;C:\Users\Aritz Candina\.m2\repository\com\google\zxing\javase\3.4.1\javase-3.4.1.jar;C:\Users\Aritz Candina\.m2\repository\com\beust\jcommander\1.78\jcommander-1.78.jar;C:\Users\Aritz Candina\.m2\repository\com\github\jai-imageio\jai-imageio-core\1.4.0\jai-imageio-core-1.4.0.jar;"/>
    <property name="java.vm.vendor" value="Oracle Corporation"/>
    <property name="sun.arch.data.model" value="64"/>
    <property name="user.variant" value=""/>
    <property name="java.vendor.url" value="https://java.oracle.com/"/>
    <property name="user.timezone" value="Europe/Madrid"/>
    <property name="os.name" value="Windows 11"/>
    <property name="java.vm.specification.version" value="20"/>
    <property name="sun.java.launcher" value="SUN_STANDARD"/>
    <property name="user.country" value="ES"/>
    <property name="sun.boot.library.path" value="C:\Program Files\Java\jdk-20\bin"/>
    <property name="sun.java.command" value="C:\Users\Aritz Candina\AppData\Local\Temp\surefire13478666726042834760\surefirebooter14811705106472277195.jar C:\Users\Aritz Candina\AppData\Local\Temp\surefire13478666726042834760 2023-05-22T15-03-57_788-jvmRun1 surefire7317817289363381851tmp surefire_07109822869433946561tmp"/>
    <property name="jdk.debug" value="release"/>
    <property name="surefire.test.class.path" value="C:\Users\Aritz Candina\OneDrive\Documentos\GitHub\BSPQ23-E1\target\test-classes;C:\Users\Aritz Candina\OneDrive\Documentos\GitHub\BSPQ23-E1\target\classes;C:\Users\Aritz Candina\.m2\repository\org\glassfish\jersey\containers\jersey-container-servlet-core\2.35\jersey-container-servlet-core-2.35.jar;C:\Users\Aritz Candina\.m2\repository\org\glassfish\hk2\external\jakarta.inject\2.6.1\jakarta.inject-2.6.1.jar;C:\Users\Aritz Candina\.m2\repository\org\glassfish\jersey\core\jersey-common\2.35\jersey-common-2.35.jar;C:\Users\Aritz Candina\.m2\repository\jakarta\annotation\jakarta.annotation-api\1.3.5\jakarta.annotation-api-1.3.5.jar;C:\Users\Aritz Candina\.m2\repository\org\glassfish\hk2\osgi-resource-locator\1.0.3\osgi-resource-locator-1.0.3.jar;C:\Users\Aritz Candina\.m2\repository\org\glassfish\jersey\core\jersey-server\2.35\jersey-server-2.35.jar;C:\Users\Aritz Candina\.m2\repository\org\glassfish\jersey\core\jersey-client\2.35\jersey-client-2.35.jar;C:\Users\Aritz Candina\.m2\repository\jakarta\validation\jakarta.validation-api\2.0.2\jakarta.validation-api-2.0.2.jar;C:\Users\Aritz Candina\.m2\repository\jakarta\ws\rs\jakarta.ws.rs-api\2.1.6\jakarta.ws.rs-api-2.1.6.jar;C:\Users\Aritz Candina\.m2\repository\com\github\noconnor\junitperf\1.22.1\junitperf-1.22.1.jar;C:\Users\Aritz Candina\.m2\repository\com\github\noconnor\junitperf-core\1.22.1\junitperf-core-1.22.1.jar;C:\Users\Aritz Candina\.m2\repository\org\projectlombok\lombok\1.18.24\lombok-1.18.24.jar;C:\Users\Aritz Candina\.m2\repository\org\apache\commons\commons-lang3\3.11\commons-lang3-3.11.jar;C:\Users\Aritz Candina\.m2\repository\ch\qos\logback\logback-classic\1.3.0\logback-classic-1.3.0.jar;C:\Users\Aritz Candina\.m2\repository\ch\qos\logback\logback-core\1.3.0\logback-core-1.3.0.jar;C:\Users\Aritz Candina\.m2\repository\org\slf4j\slf4j-api\2.0.0\slf4j-api-2.0.0.jar;C:\Users\Aritz Candina\.m2\repository\com\google\guava\guava\30.1-jre\guava-30.1-jre.jar;C:\Users\Aritz Candina\.m2\repository\com\google\guava\failureaccess\1.0.1\failureaccess-1.0.1.jar;C:\Users\Aritz Candina\.m2\repository\com\google\guava\listenablefuture\9999.0-empty-to-avoid-conflict-with-guava\listenablefuture-9999.0-empty-to-avoid-conflict-with-guava.jar;C:\Users\Aritz Candina\.m2\repository\com\google\code\findbugs\jsr305\3.0.2\jsr305-3.0.2.jar;C:\Users\Aritz Candina\.m2\repository\org\checkerframework\checker-qual\3.5.0\checker-qual-3.5.0.jar;C:\Users\Aritz Candina\.m2\repository\com\google\errorprone\error_prone_annotations\2.3.4\error_prone_annotations-2.3.4.jar;C:\Users\Aritz Candina\.m2\repository\com\google\j2objc\j2objc-annotations\1.3\j2objc-annotations-1.3.jar;C:\Users\Aritz Candina\.m2\repository\commons-collections\commons-collections\3.2.2\commons-collections-3.2.2.jar;C:\Users\Aritz Candina\.m2\repository\org\apache\commons\commons-math3\3.6.1\commons-math3-3.6.1.jar;C:\Users\Aritz Candina\.m2\repository\org\jtwig\jtwig-core\5.86.1.RELEASE\jtwig-core-5.86.1.RELEASE.jar;C:\Users\Aritz Candina\.m2\repository\org\jtwig\jtwig-reflection\5.86.1.RELEASE\jtwig-reflection-5.86.1.RELEASE.jar;C:\Users\Aritz Candina\.m2\repository\org\parboiled\parboiled-java\1.1.7\parboiled-java-1.1.7.jar;C:\Users\Aritz Candina\.m2\repository\org\parboiled\parboiled-core\1.1.7\parboiled-core-1.1.7.jar;C:\Users\Aritz Candina\.m2\repository\org\ow2\asm\asm\5.0.3\asm-5.0.3.jar;C:\Users\Aritz Candina\.m2\repository\org\ow2\asm\asm-tree\5.0.3\asm-tree-5.0.3.jar;C:\Users\Aritz Candina\.m2\repository\org\ow2\asm\asm-analysis\5.0.3\asm-analysis-5.0.3.jar;C:\Users\Aritz Candina\.m2\repository\org\ow2\asm\asm-util\5.0.3\asm-util-5.0.3.jar;C:\Users\Aritz Candina\.m2\repository\com\googlecode\concurrentlinkedhashmap\concurrentlinkedhashmap-lru\1.4.2\concurrentlinkedhashmap-lru-1.4.2.jar;C:\Users\Aritz Candina\.m2\repository\org\glassfish\jersey\inject\jersey-hk2\2.35\jersey-hk2-2.35.jar;C:\Users\Aritz Candina\.m2\repository\org\glassfish\hk2\hk2-locator\2.6.1\hk2-locator-2.6.1.jar;C:\Users\Aritz Candina\.m2\repository\org\glassfish\hk2\external\aopalliance-repackaged\2.6.1\aopalliance-repackaged-2.6.1.jar;C:\Users\Aritz Candina\.m2\repository\org\glassfish\hk2\hk2-api\2.6.1\hk2-api-2.6.1.jar;C:\Users\Aritz Candina\.m2\repository\org\glassfish\hk2\hk2-utils\2.6.1\hk2-utils-2.6.1.jar;C:\Users\Aritz Candina\.m2\repository\org\javassist\javassist\3.25.0-GA\javassist-3.25.0-GA.jar;C:\Users\Aritz Candina\.m2\repository\org\glassfish\jersey\media\jersey-media-json-jackson\2.35\jersey-media-json-jackson-2.35.jar;C:\Users\Aritz Candina\.m2\repository\org\glassfish\jersey\ext\jersey-entity-filtering\2.35\jersey-entity-filtering-2.35.jar;C:\Users\Aritz Candina\.m2\repository\com\fasterxml\jackson\core\jackson-annotations\2.12.2\jackson-annotations-2.12.2.jar;C:\Users\Aritz Candina\.m2\repository\com\fasterxml\jackson\core\jackson-databind\2.12.2\jackson-databind-2.12.2.jar;C:\Users\Aritz Candina\.m2\repository\com\fasterxml\jackson\core\jackson-core\2.12.2\jackson-core-2.12.2.jar;C:\Users\Aritz Candina\.m2\repository\com\fasterxml\jackson\module\jackson-module-jaxb-annotations\2.12.2\jackson-module-jaxb-annotations-2.12.2.jar;C:\Users\Aritz Candina\.m2\repository\jakarta\xml\bind\jakarta.xml.bind-api\2.3.2\jakarta.xml.bind-api-2.3.2.jar;C:\Users\Aritz Candina\.m2\repository\jakarta\activation\jakarta.activation-api\1.2.1\jakarta.activation-api-1.2.1.jar;C:\Users\Aritz Candina\.m2\repository\junit\junit\4.13.2\junit-4.13.2.jar;C:\Users\Aritz Candina\.m2\repository\org\hamcrest\hamcrest-core\1.3\hamcrest-core-1.3.jar;C:\Users\Aritz Candina\.m2\repository\org\apache\logging\log4j\log4j-api\2.20.0\log4j-api-2.20.0.jar;C:\Users\Aritz Candina\.m2\repository\org\apache\logging\log4j\log4j-core\2.20.0\log4j-core-2.20.0.jar;C:\Users\Aritz Candina\.m2\repository\org\datanucleus\javax.jdo\3.2.1\javax.jdo-3.2.1.jar;C:\Users\Aritz Candina\.m2\repository\javax\transaction\javax.transaction-api\1.3\javax.transaction-api-1.3.jar;C:\Users\Aritz Candina\.m2\repository\org\glassfish\corba\glassfish-corba-omgapi\4.2.2\glassfish-corba-omgapi-4.2.2.jar;C:\Users\Aritz Candina\.m2\repository\org\datanucleus\datanucleus-core\6.0.4\datanucleus-core-6.0.4.jar;C:\Users\Aritz Candina\.m2\repository\org\datanucleus\datanucleus-api-jdo\6.0.1\datanucleus-api-jdo-6.0.1.jar;C:\Users\Aritz Candina\.m2\repository\org\datanucleus\datanucleus-rdbms\6.0.4\datanucleus-rdbms-6.0.4.jar;C:\Users\Aritz Candina\.m2\repository\mysql\mysql-connector-java\8.0.29\mysql-connector-java-8.0.29.jar;C:\Users\Aritz Candina\.m2\repository\com\google\protobuf\protobuf-java\3.19.4\protobuf-java-3.19.4.jar;C:\Users\Aritz Candina\.m2\repository\org\datanucleus\datanucleus-maven-plugin\5.0.1\datanucleus-maven-plugin-5.0.1.jar;C:\Users\Aritz Candina\.m2\repository\org\codehaus\plexus\plexus-utils\3.0.8\plexus-utils-3.0.8.jar;C:\Users\Aritz Candina\.m2\repository\org\apache\maven\maven-artifact\3.0.4\maven-artifact-3.0.4.jar;C:\Users\Aritz Candina\.m2\repository\org\apache\maven\maven-plugin-api\3.0.4\maven-plugin-api-3.0.4.jar;C:\Users\Aritz Candina\.m2\repository\org\apache\maven\maven-model\3.0.4\maven-model-3.0.4.jar;C:\Users\Aritz Candina\.m2\repository\org\sonatype\sisu\sisu-inject-plexus\2.3.0\sisu-inject-plexus-2.3.0.jar;C:\Users\Aritz Candina\.m2\repository\org\codehaus\plexus\plexus-component-annotations\1.5.5\plexus-component-annotations-1.5.5.jar;C:\Users\Aritz Candina\.m2\repository\org\sonatype\sisu\sisu-inject-bean\2.3.0\sisu-inject-bean-2.3.0.jar;C:\Users\Aritz Candina\.m2\repository\org\sonatype\sisu\sisu-guice\3.1.0\sisu-guice-3.1.0-no_aop.jar;C:\Users\Aritz Candina\.m2\repository\org\sonatype\sisu\sisu-guava\0.9.9\sisu-guava-0.9.9.jar;C:\Users\Aritz Candina\.m2\repository\org\codehaus\plexus\plexus-container-default\1.5.5\plexus-container-default-1.5.5.jar;C:\Users\Aritz Candina\.m2\repository\org\codehaus\plexus\plexus-classworlds\2.2.2\plexus-classworlds-2.2.2.jar;C:\Users\Aritz Candina\.m2\repository\org\apache\xbean\xbean-reflect\3.4\xbean-reflect-3.4.jar;C:\Users\Aritz Candina\.m2\repository\log4j\log4j\1.2.12\log4j-1.2.12.jar;C:\Users\Aritz Candina\.m2\repository\commons-logging\commons-logging-api\1.1\commons-logging-api-1.1.jar;C:\Users\Aritz Candina\.m2\repository\com\google\collections\google-collections\1.0\google-collections-1.0.jar;C:\Users\Aritz Candina\.m2\repository\com\itextpdf\itextpdf\5.5.9\itextpdf-5.5.9.jar;C:\Users\Aritz Candina\.m2\repository\com\sun\mail\javax.mail\1.6.2\javax.mail-1.6.2.jar;C:\Users\Aritz Candina\.m2\repository\javax\activation\activation\1.1.1\activation-1.1.1.jar;C:\Users\Aritz Candina\.m2\repository\com\google\zxing\core\3.4.1\core-3.4.1.jar;C:\Users\Aritz Candina\.m2\repository\com\google\zxing\javase\3.4.1\javase-3.4.1.jar;C:\Users\Aritz Candina\.m2\repository\com\beust\jcommander\1.78\jcommander-1.78.jar;C:\Users\Aritz Candina\.m2\repository\com\github\jai-imageio\jai-imageio-core\1.4.0\jai-imageio-core-1.4.0.jar;"/>
    <property name="sun.cpu.endian" value="little"/>
    <property name="user.home" value="C:\Users\Aritz Candina"/>
    <property name="user.language" value="es"/>
    <property name="java.specification.vendor" value="Oracle Corporation"/>
    <property name="java.version.date" value="2023-04-18"/>
    <property name="java.home" value="C:\Program Files\Java\jdk-20"/>
    <property name="file.separator" value="\"/>
    <property name="basedir" value="C:\Users\Aritz Candina\OneDrive\Documentos\GitHub\BSPQ23-E1"/>
    <property name="java.vm.compressedOopsMode" value="32-bit"/>
    <property name="line.separator" value="&#10;"/>
    <property name="java.vm.specification.vendor" value="Oracle Corporation"/>
    <property name="java.specification.name" value="Java Platform API Specification"/>
    <property name="surefire.real.class.path" value="C:\Users\Aritz Candina\AppData\Local\Temp\surefire13478666726042834760\surefirebooter14811705106472277195.jar"/>
    <property name="user.script" value=""/>
    <property name="sun.management.compiler" value="HotSpot 64-Bit Tiered Compilers"/>
    <property name="java.runtime.version" value="20.0.1+9-29"/>
    <property name="user.name" value="Aritz Candina"/>
    <property name="stdout.encoding" value="Cp1252"/>
    <property name="path.separator" value=";"/>
    <property name="os.version" value="10.0"/>
    <property name="java.runtime.name" value="Java(TM) SE Runtime Environment"/>
    <property name="file.encoding" value="UTF-8"/>
    <property name="java.vm.name" value="Java HotSpot(TM) 64-Bit Server VM"/>
    <property name="localRepository" value="C:\Users\Aritz Candina\.m2\repository"/>
    <property name="java.vendor.url.bug" value="https://bugreport.java.com/bugreport/"/>
    <property name="java.io.tmpdir" value="C:\Users\ARITZC~1\AppData\Local\Temp\"/>
    <property name="java.version" value="20.0.1"/>
    <property name="user.dir" value="C:\Users\Aritz Candina\OneDrive\Documentos\GitHub\BSPQ23-E1"/>
    <property name="os.arch" value="amd64"/>
    <property name="java.vm.specification.name" value="Java Virtual Machine Specification"/>
    <property name="sun.os.patch.level" value=""/>
    <property name="native.encoding" value="Cp1252"/>
    <property name="java.library.path" value="C:\Program Files\Java\jdk-20\bin;C:\WINDOWS\Sun\Java\bin;C:\WINDOWS\system32;C:\WINDOWS;C:\Program Files\Common Files\Oracle\Java\javapath;C:\Windows\System32\HWAudioDriverLibs;C:\Windows\system32;C:\Windows;C:\Windows\System32\Wbem;C:\Windows\System32\WindowsPowerShell\v1.0\;C:\Windows\System32\OpenSSH\;C:\Users\Administrator\AppData\Local\Microsoft\WindowsApps;C:\WINDOWS\system32;C:\WINDOWS;C:\WINDOWS\System32\Wbem;C:\WINDOWS\System32\WindowsPowerShell\v1.0\;C:\WINDOWS\System32\OpenSSH\;C:\Users\Aritz Candina\Downloads\mysql-8.0.30-winx64\bin;C:\apache-maven-3.9.0\bin;C:\Program Files\Git\cmd;C:\Program Files\TortoiseGit\bin;C:\Program Files\MySQL\MySQL Server 8.0\bin;C:\Users\Aritz Candina\OneDrive\Escritorio\visualvm_216\bin;C:\Program Files\doxygen\bin\doxygen.exe;C:\Program Files\CMake\bin;C:\Program Files\gs\gs10.01.1\bin;%GHOSTSCRIPT_HOME%\gs\gs10.1.1\bin;C:\Program Files\doxygen\bin;C:\Users\Aritz Candina\AppData\Local\Programs\Python\Python310\Scripts\;C:\Users\Aritz Candina\AppData\Local\Programs\Python\Python310\;C:\Users\Aritz Candina\AppData\Local\Microsoft\WindowsApps;C:\Users\Aritz Candina\AppData\Local\Programs\Python\Python310\;C:\Users\Aritz Candina\AppData\Local\Programs\Python\Python310\Scripts\;C:\apache-ant-1.10.12-bin\apache-ant-1.10.12\bin;C:\Users\Aritz Candina\AppData\Local\GitHubDesktop\bin;C:\Program Files\MySQL\MySQL Server 8.0\bin;C:\Users\Aritz Candina\OneDrive\Escritorio\visualvm_216\bin;C:\Program Files\doxygen\bin\doxygen.exe;C:\Program Files\CMake\bin;C:\Users\Aritz Candina\AppData\Local\Programs\MiKTeX\miktex\bin\x64\;;."/>
    <property name="java.vm.info" value="mixed mode, sharing"/>
    <property name="stderr.encoding" value="Cp1252"/>
    <property name="java.vendor" value="Oracle Corporation"/>
    <property name="java.vm.version" value="20.0.1+9-29"/>
    <property name="sun.io.unicode.encoding" value="UnicodeLittle"/>
    <property name="java.class.version" value="64.0"/>
  </properties>
  <testcase name="databaseRentalChecking" classname="com.videoclub.testing.TestVideoclub" time="0.032">
    <system-out><![CDATA[15:04:03,022 (main) DEBUG [DataNucleus.Persistence] - ExecutionContext "org.datanucleus.ExecutionContextImpl@6680f714" se abrió para la base de datos "org.datanucleus.store.rdbms.RDBMSStoreManager@1084f78c" con transaccion="org.datanucleus.transaction.TransactionImpl@217235f5"
15:04:03,022 (main) DEBUG [DataNucleus.Transaction] - Transaction created [DataNucleus Transaction, ID=1792540124-8, enlisted resources=[]]
15:04:03,022 (main) DEBUG [DataNucleus.Transaction] - Transacción empezada para el ExecutionContext org.datanucleus.ExecutionContextImpl@6680f714 (optimistic=false)
* Storing a class com.videoclub.pojo.User : User [code=0, username=admin,type=ADMIN, password=8c6976e5b5410415bde908bd4dee15dfb167a9c873fc4bb8a81f6f2ab448a918, email=admin@email.com, name=AdminName, surname=AdminSurname]
15:04:03,038 (main) DEBUG [DataNucleus.Persistence] - Haciendo el objeto persistente : "com.videoclub.pojo.User@ab4aa5e"
15:04:03,043 (main) DEBUG [DataNucleus.Datastore.Schema] - Attempt to find JDBC driver 'typeInfo' for jdbc-type=VARCHAR but sql-type=VARCHAR is not found. Using default sql-type for this jdbc-type.
15:04:03,043 (main) DEBUG [DataNucleus.Connection] - ManagedConnection ABIERTO : "org.datanucleus.store.rdbms.ConnectionFactoryImpl$ManagedConnectionImpl@6c3f1658 [conn=org.datanucleus.store.rdbms.datasource.dbcp2.PoolingDataSource$PoolGuardConnectionWrapper@110e9982, commitOnRelease=true, closeOnRelease=true, closeOnTxnEnd=true]" en resource "nontx" con isolación "read-committed" y auto-commit=false
15:04:03,043 (main) DEBUG [DataNucleus.Datastore.Schema] - Check of existence of videoclubdb.`SEQUENCE_TABLE` returned table type of TABLE
15:04:03,043 (main) DEBUG [DataNucleus.Datastore] - Utilizando PreparedStatement "com.mysql.cj.jdbc.ClientPreparedStatement: SELECT `NEXT_VAL` FROM videoclubdb.`SEQUENCE_TABLE` WHERE `SEQUENCE_NAME`=** NOT SPECIFIED ** FOR UPDATE" para la conneccion "org.datanucleus.store.rdbms.datasource.dbcp2.PoolingDataSource$PoolGuardConnectionWrapper@110e9982"
15:04:03,043 (main) DEBUG [DataNucleus.Datastore.Native] - SELECT `NEXT_VAL` FROM videoclubdb.`SEQUENCE_TABLE` WHERE `SEQUENCE_NAME`=? FOR UPDATE
15:04:03,043 (main) DEBUG [DataNucleus.Datastore.Retrieve] - SQL Tiempo de cumplir = 0 ms
15:04:03,051 (main) DEBUG [DataNucleus.Datastore] - Utilizando PreparedStatement "com.mysql.cj.jdbc.ClientPreparedStatement: UPDATE videoclubdb.`SEQUENCE_TABLE` SET `NEXT_VAL`=(`NEXT_VAL`+** NOT SPECIFIED **) WHERE `SEQUENCE_NAME`=** NOT SPECIFIED **" para la conneccion "org.datanucleus.store.rdbms.datasource.dbcp2.PoolingDataSource$PoolGuardConnectionWrapper@110e9982"
15:04:03,051 (main) DEBUG [DataNucleus.Datastore.Native] - UPDATE videoclubdb.`SEQUENCE_TABLE` SET `NEXT_VAL`=(`NEXT_VAL`+?) WHERE `SEQUENCE_NAME`=?
15:04:03,051 (main) DEBUG [DataNucleus.Datastore.Persist] - SQL Tiempo de cumplir = 0 ms (numero de lineas cambiado = 1) con el PreparedStatement "org.datanucleus.store.rdbms.datasource.dbcp2.DelegatingPreparedStatement@2de9ca6"
15:04:03,051 (main) DEBUG [DataNucleus.Datastore] - Cerrando PreparedStatement "org.datanucleus.store.rdbms.datasource.dbcp2.DelegatingPreparedStatement@2de9ca6"
15:04:03,051 (main) DEBUG [DataNucleus.Datastore] - Cerrando PreparedStatement "org.datanucleus.store.rdbms.datasource.dbcp2.DelegatingPreparedStatement@76973a6"
15:04:03,051 (main) DEBUG [DataNucleus.ValueGeneration] - Hemos reservado un bloque de 10 valores
15:04:03,054 (main) DEBUG [DataNucleus.Connection] - ManagedConnection VA A COMMIT : "org.datanucleus.store.rdbms.ConnectionFactoryImpl$ManagedConnectionImpl@6c3f1658 [conn=org.datanucleus.store.rdbms.datasource.dbcp2.PoolingDataSource$PoolGuardConnectionWrapper@110e9982, commitOnRelease=true, closeOnRelease=true, closeOnTxnEnd=true]"
15:04:03,054 (main) DEBUG [DataNucleus.Connection] - ManagedConnection CERRADO : "org.datanucleus.store.rdbms.ConnectionFactoryImpl$ManagedConnectionImpl@6c3f1658 [conn=org.datanucleus.store.rdbms.datasource.dbcp2.PoolingDataSource$PoolGuardConnectionWrapper@110e9982, commitOnRelease=true, closeOnRelease=true, closeOnTxnEnd=true]" 
15:04:03,054 (main) DEBUG [DataNucleus.ValueGeneration] - Valor generado para el campo "com.videoclub.pojo.User.code" con estrategia="increment" (Generador="org.datanucleus.store.rdbms.valuegenerator.TableGenerator") : valor=11
15:04:03,054 (main) DEBUG [DataNucleus.Cache] - Objeto con identidad "com.videoclub.pojo.User:11" añadido a la Cache de nivel 1 (loadedFlags="[YYYYYYY]")
15:04:03,054 (main) DEBUG [DataNucleus.Transaction] - Objeto con identidad "com.videoclub.pojo.User:11" ha sido puesto en la cache transaccional
15:04:03,054 (main) DEBUG [DataNucleus.Persistence] - Objeto "com.videoclub.pojo.User@ab4aa5e" va a ser añadido a la tabla "`USER`"
15:04:03,054 (main) DEBUG [DataNucleus.Connection] - ManagedConnection ABIERTO : "org.datanucleus.store.rdbms.ConnectionFactoryImpl$ManagedConnectionImpl@4fecf308 [conn=org.datanucleus.store.rdbms.datasource.dbcp2.PoolingDataSource$PoolGuardConnectionWrapper@6282b9f5, commitOnRelease=false, closeOnRelease=false, closeOnTxnEnd=true]" en resource "tx" con isolación "read-committed" y auto-commit=false
15:04:03,054 (main) DEBUG [DataNucleus.Transaction] - Running enlist operation on resource: org.datanucleus.store.rdbms.ConnectionFactoryImpl$EmulatedXAResource@5b5f9003, error code TMNOFLAGS and transaction [DataNucleus Transaction, ID=1792540124-8, enlisted resources=[]]
15:04:03,054 (main) DEBUG [DataNucleus.Datastore] - Utilizando PreparedStatement "com.mysql.cj.jdbc.ClientPreparedStatement: INSERT INTO `USER` (`EMAIL`,`NAME`,`PASSWORD`,`SURNAME`,`TYPE`,`USERNAME`,`CODE`) VALUES (** NOT SPECIFIED **,** NOT SPECIFIED **,** NOT SPECIFIED **,** NOT SPECIFIED **,** NOT SPECIFIED **,** NOT SPECIFIED **,** NOT SPECIFIED **)" para la conneccion "org.datanucleus.store.rdbms.datasource.dbcp2.PoolingDataSource$PoolGuardConnectionWrapper@6282b9f5"
15:04:03,054 (main) DEBUG [DataNucleus.Datastore.Persist] - El statement "INSERT INTO `USER` (`EMAIL`,`NAME`,`PASSWORD`,`SURNAME`,`TYPE`,`USERNAME`,`CODE`) VALUES (?,?,?,?,?,?,?)" ya es batchable
15:04:03,054 (main) DEBUG [DataNucleus.Datastore.Persist] - Añadiendo statement "INSERT INTO `USER` (`EMAIL`,`NAME`,`PASSWORD`,`SURNAME`,`TYPE`,`USERNAME`,`CODE`) VALUES (?,?,?,?,?,?,?)" al batch para procesar (tamaño de batch = 1)
15:04:03,054 (main) DEBUG [DataNucleus.Datastore.Native] - INSERT INTO `USER` (`EMAIL`,`NAME`,`PASSWORD`,`SURNAME`,`TYPE`,`USERNAME`,`CODE`) VALUES (?,?,?,?,?,?,?)
15:04:03,068 (main) DEBUG [DataNucleus.Datastore] - SQL Tiempo de cumplir = 14 ms (numero de lineas cambiado = [1]) con el PreparedStatement "org.datanucleus.store.rdbms.datasource.dbcp2.DelegatingPreparedStatement@42297bdf"
15:04:03,068 (main) DEBUG [DataNucleus.Transaction] - Haciendo commit de la transaacción para el ExecutionContext org.datanucleus.ExecutionContextImpl@6680f714
15:04:03,068 (main) DEBUG [DataNucleus.Persistence] - ExecutionContext.internalFlush() empezado con flush ordenado - 1 objetos registrados
15:04:03,068 (main) DEBUG [DataNucleus.Persistence] - ExecutionContext.internalFlush() terminado
15:04:03,070 (main) DEBUG [DataNucleus.Persistence] - Persistence-By-Reachability (commit) : EMPIEZA
15:04:03,071 (main) DEBUG [DataNucleus.Persistence] - Haciendo la calculación de alcanzables con objeto con identidad "com.videoclub.pojo.User:11"
15:04:03,071 (main) DEBUG [DataNucleus.Cache] - Objeto con identidad "com.videoclub.pojo.User:11" obtenido de la Cache nivel 1 (loadedFlags="[YYYYYYY]")
15:04:03,071 (main) DEBUG [DataNucleus.Persistence] - Object con id "com.videoclub.pojo.User:11" y estado de vida "P_NEW" añadido a la lista de alcanzables al commit.
15:04:03,072 (main) DEBUG [DataNucleus.Persistence] - ExecutionContext.internalFlush() empezado con flush ordenado - 0 objetos registrados
15:04:03,072 (main) DEBUG [DataNucleus.Persistence] - ExecutionContext.internalFlush() terminado
15:04:03,072 (main) DEBUG [DataNucleus.Persistence] - Persistence-By-Reachability (commit) : TERMINADO
15:04:03,072 (main) DEBUG [DataNucleus.Cache] - Objeto con identidad "com.videoclub.pojo.User:11" añadido a la Cache de nivel 2 (campos="[0, 1, 2, 3, 4, 5, 6]", version="")
15:04:03,072 (main) DEBUG [DataNucleus.Cache] - El objeto con identidad "com.videoclub.pojo.User:11" va a tener los campos siguientes almacendados en el objeto de Level 2 cache : [0, 1, 2, 3, 4, 5, 6]
15:04:03,072 (main) DEBUG [DataNucleus.Transaction] - Committing [DataNucleus Transaction, ID=1792540124-8, enlisted resources=[org.datanucleus.store.rdbms.ConnectionFactoryImpl$EmulatedXAResource@5b5f9003]]
15:04:03,072 (main) DEBUG [DataNucleus.Connection] - ManagedConnection VA A COMMIT : "org.datanucleus.store.rdbms.ConnectionFactoryImpl$ManagedConnectionImpl@4fecf308 [conn=org.datanucleus.store.rdbms.datasource.dbcp2.PoolingDataSource$PoolGuardConnectionWrapper@6282b9f5, commitOnRelease=false, closeOnRelease=false, closeOnTxnEnd=true]"
15:04:03,072 (main) DEBUG [DataNucleus.Connection] - ManagedConnection CERRADO : "org.datanucleus.store.rdbms.ConnectionFactoryImpl$ManagedConnectionImpl@4fecf308 [conn=org.datanucleus.store.rdbms.datasource.dbcp2.PoolingDataSource$PoolGuardConnectionWrapper@6282b9f5, commitOnRelease=false, closeOnRelease=false, closeOnTxnEnd=true]" 
15:04:03,072 (main) DEBUG [DataNucleus.Persistence] - Haciendo el objeto detachado : "com.videoclub.pojo.User@ab4aa5e" (profundidad=0)
15:04:03,072 (main) DEBUG [DataNucleus.Persistence] - Objeto con identidad "com.videoclub.pojo.User:11" tiene cambio de lifeycle : "P_NEW"->"DETACHED_CLEAN"
15:04:03,072 (main) DEBUG [DataNucleus.Transaction] - Objeto con identidad "com.videoclub.pojo.User:11" fue borrado de la cache transactional
15:04:03,072 (main) DEBUG [DataNucleus.Persistence] - Disconectando objeto con identidad "com.videoclub.pojo.User:11" de StateManager[pc=com.videoclub.pojo.User@ab4aa5e, lifecycle=DETACHED_CLEAN]
15:04:03,072 (main) DEBUG [DataNucleus.Cache] - Objeto con identidad="com.videoclub.pojo.User:11" borrado de la Cache de nivel 1
15:04:03,072 (main) DEBUG [DataNucleus.Transaction] - Transacción committed en 18 ms
15:04:03,072 (main) DEBUG [DataNucleus.Persistence] - ExecutionContext "org.datanucleus.ExecutionContextImpl@6680f714" se cerró
15:04:03,072 (main) DEBUG [DataNucleus.Persistence] - ExecutionContext "org.datanucleus.ExecutionContextImpl@6680f714" se abrió para la base de datos "org.datanucleus.store.rdbms.RDBMSStoreManager@1084f78c" con transaccion="org.datanucleus.transaction.TransactionImpl@44598ef7"
15:04:03,072 (main) DEBUG [DataNucleus.Transaction] - Transaction created [DataNucleus Transaction, ID=1792540124-9, enlisted resources=[]]
15:04:03,072 (main) DEBUG [DataNucleus.Transaction] - Transacción empezada para el ExecutionContext org.datanucleus.ExecutionContextImpl@6680f714 (optimistic=false)
* Storing a class com.videoclub.pojo.User : User [code=0, username=assaz,type=CLIENT, password=3200a7486419e1efd8cbbad503fb0c6140ef7e7cf69807249fda25d59c215e5c, email=asier.account@email.com, name=Asier, surname=Belloso]
15:04:03,072 (main) DEBUG [DataNucleus.Persistence] - Haciendo el objeto persistente : "com.videoclub.pojo.User@17222c11"
15:04:03,072 (main) DEBUG [DataNucleus.ValueGeneration] - Valor generado para el campo "com.videoclub.pojo.User.code" con estrategia="increment" (Generador="org.datanucleus.store.rdbms.valuegenerator.TableGenerator") : valor=12
15:04:03,072 (main) DEBUG [DataNucleus.Cache] - Objeto con identidad "com.videoclub.pojo.User:12" añadido a la Cache de nivel 1 (loadedFlags="[YYYYYYY]")
15:04:03,072 (main) DEBUG [DataNucleus.Transaction] - Objeto con identidad "com.videoclub.pojo.User:12" ha sido puesto en la cache transaccional
15:04:03,072 (main) DEBUG [DataNucleus.Persistence] - Objeto "com.videoclub.pojo.User@17222c11" va a ser añadido a la tabla "`USER`"
15:04:03,072 (main) DEBUG [DataNucleus.Connection] - ManagedConnection ABIERTO : "org.datanucleus.store.rdbms.ConnectionFactoryImpl$ManagedConnectionImpl@25974207 [conn=org.datanucleus.store.rdbms.datasource.dbcp2.PoolingDataSource$PoolGuardConnectionWrapper@1f15e689, commitOnRelease=false, closeOnRelease=false, closeOnTxnEnd=true]" en resource "tx" con isolación "read-committed" y auto-commit=false
15:04:03,072 (main) DEBUG [DataNucleus.Transaction] - Running enlist operation on resource: org.datanucleus.store.rdbms.ConnectionFactoryImpl$EmulatedXAResource@195113de, error code TMNOFLAGS and transaction [DataNucleus Transaction, ID=1792540124-9, enlisted resources=[]]
15:04:03,072 (main) DEBUG [DataNucleus.Datastore] - Utilizando PreparedStatement "com.mysql.cj.jdbc.ClientPreparedStatement: INSERT INTO `USER` (`EMAIL`,`NAME`,`PASSWORD`,`SURNAME`,`TYPE`,`USERNAME`,`CODE`) VALUES (** NOT SPECIFIED **,** NOT SPECIFIED **,** NOT SPECIFIED **,** NOT SPECIFIED **,** NOT SPECIFIED **,** NOT SPECIFIED **,** NOT SPECIFIED **)" para la conneccion "org.datanucleus.store.rdbms.datasource.dbcp2.PoolingDataSource$PoolGuardConnectionWrapper@1f15e689"
15:04:03,072 (main) DEBUG [DataNucleus.Datastore.Persist] - El statement "INSERT INTO `USER` (`EMAIL`,`NAME`,`PASSWORD`,`SURNAME`,`TYPE`,`USERNAME`,`CODE`) VALUES (?,?,?,?,?,?,?)" ya es batchable
15:04:03,072 (main) DEBUG [DataNucleus.Datastore.Persist] - Añadiendo statement "INSERT INTO `USER` (`EMAIL`,`NAME`,`PASSWORD`,`SURNAME`,`TYPE`,`USERNAME`,`CODE`) VALUES (?,?,?,?,?,?,?)" al batch para procesar (tamaño de batch = 1)
15:04:03,072 (main) DEBUG [DataNucleus.Datastore.Native] - INSERT INTO `USER` (`EMAIL`,`NAME`,`PASSWORD`,`SURNAME`,`TYPE`,`USERNAME`,`CODE`) VALUES (?,?,?,?,?,?,?)
15:04:03,072 (main) DEBUG [DataNucleus.Datastore] - SQL Tiempo de cumplir = 0 ms (numero de lineas cambiado = [1]) con el PreparedStatement "org.datanucleus.store.rdbms.datasource.dbcp2.DelegatingPreparedStatement@11b5f4e2"
15:04:03,072 (main) DEBUG [DataNucleus.Transaction] - Haciendo commit de la transaacción para el ExecutionContext org.datanucleus.ExecutionContextImpl@6680f714
15:04:03,072 (main) DEBUG [DataNucleus.Persistence] - ExecutionContext.internalFlush() empezado con flush ordenado - 1 objetos registrados
15:04:03,072 (main) DEBUG [DataNucleus.Persistence] - ExecutionContext.internalFlush() terminado
15:04:03,072 (main) DEBUG [DataNucleus.Persistence] - Persistence-By-Reachability (commit) : EMPIEZA
15:04:03,072 (main) DEBUG [DataNucleus.Persistence] - Haciendo la calculación de alcanzables con objeto con identidad "com.videoclub.pojo.User:12"
15:04:03,072 (main) DEBUG [DataNucleus.Cache] - Objeto con identidad "com.videoclub.pojo.User:12" obtenido de la Cache nivel 1 (loadedFlags="[YYYYYYY]")
15:04:03,072 (main) DEBUG [DataNucleus.Persistence] - Object con id "com.videoclub.pojo.User:12" y estado de vida "P_NEW" añadido a la lista de alcanzables al commit.
15:04:03,072 (main) DEBUG [DataNucleus.Persistence] - ExecutionContext.internalFlush() empezado con flush ordenado - 0 objetos registrados
15:04:03,072 (main) DEBUG [DataNucleus.Persistence] - ExecutionContext.internalFlush() terminado
15:04:03,072 (main) DEBUG [DataNucleus.Persistence] - Persistence-By-Reachability (commit) : TERMINADO
15:04:03,072 (main) DEBUG [DataNucleus.Cache] - Objeto con identidad "com.videoclub.pojo.User:12" añadido a la Cache de nivel 2 (campos="[0, 1, 2, 3, 4, 5, 6]", version="")
15:04:03,072 (main) DEBUG [DataNucleus.Cache] - El objeto con identidad "com.videoclub.pojo.User:12" va a tener los campos siguientes almacendados en el objeto de Level 2 cache : [0, 1, 2, 3, 4, 5, 6]
15:04:03,072 (main) DEBUG [DataNucleus.Transaction] - Committing [DataNucleus Transaction, ID=1792540124-9, enlisted resources=[org.datanucleus.store.rdbms.ConnectionFactoryImpl$EmulatedXAResource@195113de]]
15:04:03,072 (main) DEBUG [DataNucleus.Connection] - ManagedConnection VA A COMMIT : "org.datanucleus.store.rdbms.ConnectionFactoryImpl$ManagedConnectionImpl@25974207 [conn=org.datanucleus.store.rdbms.datasource.dbcp2.PoolingDataSource$PoolGuardConnectionWrapper@1f15e689, commitOnRelease=false, closeOnRelease=false, closeOnTxnEnd=true]"
15:04:03,086 (main) DEBUG [DataNucleus.Connection] - ManagedConnection CERRADO : "org.datanucleus.store.rdbms.ConnectionFactoryImpl$ManagedConnectionImpl@25974207 [conn=org.datanucleus.store.rdbms.datasource.dbcp2.PoolingDataSource$PoolGuardConnectionWrapper@1f15e689, commitOnRelease=false, closeOnRelease=false, closeOnTxnEnd=true]" 
15:04:03,086 (main) DEBUG [DataNucleus.Persistence] - Haciendo el objeto detachado : "com.videoclub.pojo.User@17222c11" (profundidad=0)
15:04:03,086 (main) DEBUG [DataNucleus.Persistence] - Objeto con identidad "com.videoclub.pojo.User:12" tiene cambio de lifeycle : "P_NEW"->"DETACHED_CLEAN"
15:04:03,086 (main) DEBUG [DataNucleus.Transaction] - Objeto con identidad "com.videoclub.pojo.User:12" fue borrado de la cache transactional
15:04:03,086 (main) DEBUG [DataNucleus.Persistence] - Disconectando objeto con identidad "com.videoclub.pojo.User:12" de StateManager[pc=com.videoclub.pojo.User@17222c11, lifecycle=DETACHED_CLEAN]
15:04:03,086 (main) DEBUG [DataNucleus.Cache] - Objeto con identidad="com.videoclub.pojo.User:12" borrado de la Cache de nivel 1
15:04:03,086 (main) DEBUG [DataNucleus.Transaction] - Transacción committed en 14 ms
15:04:03,086 (main) DEBUG [DataNucleus.Persistence] - ExecutionContext "org.datanucleus.ExecutionContextImpl@6680f714" se cerró
15:04:03,086 (main) DEBUG [DataNucleus.Persistence] - ExecutionContext "org.datanucleus.ExecutionContextImpl@6680f714" se abrió para la base de datos "org.datanucleus.store.rdbms.RDBMSStoreManager@1084f78c" con transaccion="org.datanucleus.transaction.TransactionImpl@5aa781f2"
15:04:03,086 (main) DEBUG [DataNucleus.Transaction] - Transaction created [DataNucleus Transaction, ID=1792540124-10, enlisted resources=[]]
15:04:03,086 (main) DEBUG [DataNucleus.Transaction] - Transacción empezada para el ExecutionContext org.datanucleus.ExecutionContextImpl@6680f714 (optimistic=false)
* Storing a class com.videoclub.pojo.User : User [code=0, username=client,type=CLIENT, password=948fe603f61dc036b5c596dc09fe3ce3f3d30dc90f024c85f3c82db2ccab679d, email=client@email.com, name=ClientName, surname=ClientSurname]
15:04:03,086 (main) DEBUG [DataNucleus.Persistence] - Haciendo el objeto persistente : "com.videoclub.pojo.User@66d25ba9"
15:04:03,086 (main) DEBUG [DataNucleus.ValueGeneration] - Valor generado para el campo "com.videoclub.pojo.User.code" con estrategia="increment" (Generador="org.datanucleus.store.rdbms.valuegenerator.TableGenerator") : valor=13
15:04:03,086 (main) DEBUG [DataNucleus.Cache] - Objeto con identidad "com.videoclub.pojo.User:13" añadido a la Cache de nivel 1 (loadedFlags="[YYYYYYY]")
15:04:03,086 (main) DEBUG [DataNucleus.Transaction] - Objeto con identidad "com.videoclub.pojo.User:13" ha sido puesto en la cache transaccional
15:04:03,086 (main) DEBUG [DataNucleus.Persistence] - Objeto "com.videoclub.pojo.User@66d25ba9" va a ser añadido a la tabla "`USER`"
15:04:03,086 (main) DEBUG [DataNucleus.Connection] - ManagedConnection ABIERTO : "org.datanucleus.store.rdbms.ConnectionFactoryImpl$ManagedConnectionImpl@5efe47fd [conn=org.datanucleus.store.rdbms.datasource.dbcp2.PoolingDataSource$PoolGuardConnectionWrapper@739831a4, commitOnRelease=false, closeOnRelease=false, closeOnTxnEnd=true]" en resource "tx" con isolación "read-committed" y auto-commit=false
15:04:03,086 (main) DEBUG [DataNucleus.Transaction] - Running enlist operation on resource: org.datanucleus.store.rdbms.ConnectionFactoryImpl$EmulatedXAResource@7e3236d, error code TMNOFLAGS and transaction [DataNucleus Transaction, ID=1792540124-10, enlisted resources=[]]
15:04:03,086 (main) DEBUG [DataNucleus.Datastore] - Utilizando PreparedStatement "com.mysql.cj.jdbc.ClientPreparedStatement: INSERT INTO `USER` (`EMAIL`,`NAME`,`PASSWORD`,`SURNAME`,`TYPE`,`USERNAME`,`CODE`) VALUES (** NOT SPECIFIED **,** NOT SPECIFIED **,** NOT SPECIFIED **,** NOT SPECIFIED **,** NOT SPECIFIED **,** NOT SPECIFIED **,** NOT SPECIFIED **)" para la conneccion "org.datanucleus.store.rdbms.datasource.dbcp2.PoolingDataSource$PoolGuardConnectionWrapper@739831a4"
15:04:03,086 (main) DEBUG [DataNucleus.Datastore.Persist] - El statement "INSERT INTO `USER` (`EMAIL`,`NAME`,`PASSWORD`,`SURNAME`,`TYPE`,`USERNAME`,`CODE`) VALUES (?,?,?,?,?,?,?)" ya es batchable
15:04:03,086 (main) DEBUG [DataNucleus.Datastore.Persist] - Añadiendo statement "INSERT INTO `USER` (`EMAIL`,`NAME`,`PASSWORD`,`SURNAME`,`TYPE`,`USERNAME`,`CODE`) VALUES (?,?,?,?,?,?,?)" al batch para procesar (tamaño de batch = 1)
15:04:03,086 (main) DEBUG [DataNucleus.Datastore.Native] - INSERT INTO `USER` (`EMAIL`,`NAME`,`PASSWORD`,`SURNAME`,`TYPE`,`USERNAME`,`CODE`) VALUES (?,?,?,?,?,?,?)
15:04:03,086 (main) DEBUG [DataNucleus.Datastore] - SQL Tiempo de cumplir = 0 ms (numero de lineas cambiado = [1]) con el PreparedStatement "org.datanucleus.store.rdbms.datasource.dbcp2.DelegatingPreparedStatement@266e9dda"
15:04:03,086 (main) DEBUG [DataNucleus.Transaction] - Haciendo commit de la transaacción para el ExecutionContext org.datanucleus.ExecutionContextImpl@6680f714
15:04:03,086 (main) DEBUG [DataNucleus.Persistence] - ExecutionContext.internalFlush() empezado con flush ordenado - 1 objetos registrados
15:04:03,086 (main) DEBUG [DataNucleus.Persistence] - ExecutionContext.internalFlush() terminado
15:04:03,086 (main) DEBUG [DataNucleus.Persistence] - Persistence-By-Reachability (commit) : EMPIEZA
15:04:03,086 (main) DEBUG [DataNucleus.Persistence] - Haciendo la calculación de alcanzables con objeto con identidad "com.videoclub.pojo.User:13"
15:04:03,086 (main) DEBUG [DataNucleus.Cache] - Objeto con identidad "com.videoclub.pojo.User:13" obtenido de la Cache nivel 1 (loadedFlags="[YYYYYYY]")
15:04:03,086 (main) DEBUG [DataNucleus.Persistence] - Object con id "com.videoclub.pojo.User:13" y estado de vida "P_NEW" añadido a la lista de alcanzables al commit.
15:04:03,086 (main) DEBUG [DataNucleus.Persistence] - ExecutionContext.internalFlush() empezado con flush ordenado - 0 objetos registrados
15:04:03,086 (main) DEBUG [DataNucleus.Persistence] - ExecutionContext.internalFlush() terminado
15:04:03,086 (main) DEBUG [DataNucleus.Persistence] - Persistence-By-Reachability (commit) : TERMINADO
15:04:03,086 (main) DEBUG [DataNucleus.Cache] - Objeto con identidad "com.videoclub.pojo.User:13" añadido a la Cache de nivel 2 (campos="[0, 1, 2, 3, 4, 5, 6]", version="")
15:04:03,086 (main) DEBUG [DataNucleus.Cache] - El objeto con identidad "com.videoclub.pojo.User:13" va a tener los campos siguientes almacendados en el objeto de Level 2 cache : [0, 1, 2, 3, 4, 5, 6]
15:04:03,086 (main) DEBUG [DataNucleus.Transaction] - Committing [DataNucleus Transaction, ID=1792540124-10, enlisted resources=[org.datanucleus.store.rdbms.ConnectionFactoryImpl$EmulatedXAResource@7e3236d]]
15:04:03,086 (main) DEBUG [DataNucleus.Connection] - ManagedConnection VA A COMMIT : "org.datanucleus.store.rdbms.ConnectionFactoryImpl$ManagedConnectionImpl@5efe47fd [conn=org.datanucleus.store.rdbms.datasource.dbcp2.PoolingDataSource$PoolGuardConnectionWrapper@739831a4, commitOnRelease=false, closeOnRelease=false, closeOnTxnEnd=true]"
15:04:03,086 (main) DEBUG [DataNucleus.Connection] - ManagedConnection CERRADO : "org.datanucleus.store.rdbms.ConnectionFactoryImpl$ManagedConnectionImpl@5efe47fd [conn=org.datanucleus.store.rdbms.datasource.dbcp2.PoolingDataSource$PoolGuardConnectionWrapper@739831a4, commitOnRelease=false, closeOnRelease=false, closeOnTxnEnd=true]" 
15:04:03,086 (main) DEBUG [DataNucleus.Persistence] - Haciendo el objeto detachado : "com.videoclub.pojo.User@66d25ba9" (profundidad=0)
15:04:03,086 (main) DEBUG [DataNucleus.Persistence] - Objeto con identidad "com.videoclub.pojo.User:13" tiene cambio de lifeycle : "P_NEW"->"DETACHED_CLEAN"
15:04:03,086 (main) DEBUG [DataNucleus.Transaction] - Objeto con identidad "com.videoclub.pojo.User:13" fue borrado de la cache transactional
15:04:03,086 (main) DEBUG [DataNucleus.Persistence] - Disconectando objeto con identidad "com.videoclub.pojo.User:13" de StateManager[pc=com.videoclub.pojo.User@66d25ba9, lifecycle=DETACHED_CLEAN]
15:04:03,086 (main) DEBUG [DataNucleus.Cache] - Objeto con identidad="com.videoclub.pojo.User:13" borrado de la Cache de nivel 1
15:04:03,086 (main) DEBUG [DataNucleus.Transaction] - Transacción committed en 0 ms
15:04:03,086 (main) DEBUG [DataNucleus.Persistence] - ExecutionContext "org.datanucleus.ExecutionContextImpl@6680f714" se cerró
15:04:03,086 (main) DEBUG [DataNucleus.Persistence] - ExecutionContext "org.datanucleus.ExecutionContextImpl@6680f714" se abrió para la base de datos "org.datanucleus.store.rdbms.RDBMSStoreManager@1084f78c" con transaccion="org.datanucleus.transaction.TransactionImpl@27a6fef2"
15:04:03,086 (main) DEBUG [DataNucleus.Transaction] - Transaction created [DataNucleus Transaction, ID=1792540124-11, enlisted resources=[]]
15:04:03,086 (main) DEBUG [DataNucleus.Transaction] - Transacción empezada para el ExecutionContext org.datanucleus.ExecutionContextImpl@6680f714 (optimistic=false)
* Storing a class com.videoclub.pojo.Movie : Movie [title=Movie1, genre=COMEDY, duration=90, year=2023, director=paco, rentalPrice=19.9]
15:04:03,100 (main) DEBUG [DataNucleus.Persistence] - Haciendo el objeto persistente : "com.videoclub.pojo.Movie@74c9e11"
15:04:03,100 (main) DEBUG [DataNucleus.Datastore.Schema] - Attempt to find JDBC driver 'typeInfo' for jdbc-type=VARCHAR but sql-type=VARCHAR is not found. Using default sql-type for this jdbc-type.
15:04:03,103 (main) DEBUG [DataNucleus.Connection] - ManagedConnection ABIERTO : "org.datanucleus.store.rdbms.ConnectionFactoryImpl$ManagedConnectionImpl@9fe720a [conn=org.datanucleus.store.rdbms.datasource.dbcp2.PoolingDataSource$PoolGuardConnectionWrapper@149274cb, commitOnRelease=true, closeOnRelease=true, closeOnTxnEnd=true]" en resource "nontx" con isolación "read-committed" y auto-commit=false
15:04:03,103 (main) DEBUG [DataNucleus.Datastore.Schema] - Check of existence of videoclubdb.`SEQUENCE_TABLE` returned table type of TABLE
15:04:03,103 (main) DEBUG [DataNucleus.Datastore] - Utilizando PreparedStatement "com.mysql.cj.jdbc.ClientPreparedStatement: SELECT `NEXT_VAL` FROM videoclubdb.`SEQUENCE_TABLE` WHERE `SEQUENCE_NAME`=** NOT SPECIFIED ** FOR UPDATE" para la conneccion "org.datanucleus.store.rdbms.datasource.dbcp2.PoolingDataSource$PoolGuardConnectionWrapper@149274cb"
15:04:03,103 (main) DEBUG [DataNucleus.Datastore.Native] - SELECT `NEXT_VAL` FROM videoclubdb.`SEQUENCE_TABLE` WHERE `SEQUENCE_NAME`=? FOR UPDATE
15:04:03,103 (main) DEBUG [DataNucleus.Datastore.Retrieve] - SQL Tiempo de cumplir = 0 ms
15:04:03,103 (main) DEBUG [DataNucleus.Datastore] - Utilizando PreparedStatement "com.mysql.cj.jdbc.ClientPreparedStatement: UPDATE videoclubdb.`SEQUENCE_TABLE` SET `NEXT_VAL`=(`NEXT_VAL`+** NOT SPECIFIED **) WHERE `SEQUENCE_NAME`=** NOT SPECIFIED **" para la conneccion "org.datanucleus.store.rdbms.datasource.dbcp2.PoolingDataSource$PoolGuardConnectionWrapper@149274cb"
15:04:03,103 (main) DEBUG [DataNucleus.Datastore.Native] - UPDATE videoclubdb.`SEQUENCE_TABLE` SET `NEXT_VAL`=(`NEXT_VAL`+?) WHERE `SEQUENCE_NAME`=?
15:04:03,103 (main) DEBUG [DataNucleus.Datastore.Persist] - SQL Tiempo de cumplir = 0 ms (numero de lineas cambiado = 1) con el PreparedStatement "org.datanucleus.store.rdbms.datasource.dbcp2.DelegatingPreparedStatement@118acf70"
15:04:03,103 (main) DEBUG [DataNucleus.Datastore] - Cerrando PreparedStatement "org.datanucleus.store.rdbms.datasource.dbcp2.DelegatingPreparedStatement@118acf70"
15:04:03,103 (main) DEBUG [DataNucleus.Datastore] - Cerrando PreparedStatement "org.datanucleus.store.rdbms.datasource.dbcp2.DelegatingPreparedStatement@f723cdb"
15:04:03,103 (main) DEBUG [DataNucleus.ValueGeneration] - Hemos reservado un bloque de 10 valores
15:04:03,103 (main) DEBUG [DataNucleus.Connection] - ManagedConnection VA A COMMIT : "org.datanucleus.store.rdbms.ConnectionFactoryImpl$ManagedConnectionImpl@9fe720a [conn=org.datanucleus.store.rdbms.datasource.dbcp2.PoolingDataSource$PoolGuardConnectionWrapper@149274cb, commitOnRelease=true, closeOnRelease=true, closeOnTxnEnd=true]"
15:04:03,103 (main) DEBUG [DataNucleus.Connection] - ManagedConnection CERRADO : "org.datanucleus.store.rdbms.ConnectionFactoryImpl$ManagedConnectionImpl@9fe720a [conn=org.datanucleus.store.rdbms.datasource.dbcp2.PoolingDataSource$PoolGuardConnectionWrapper@149274cb, commitOnRelease=true, closeOnRelease=true, closeOnTxnEnd=true]" 
15:04:03,103 (main) DEBUG [DataNucleus.ValueGeneration] - Valor generado para el campo "com.videoclub.pojo.Movie.code" con estrategia="increment" (Generador="org.datanucleus.store.rdbms.valuegenerator.TableGenerator") : valor=11
15:04:03,103 (main) DEBUG [DataNucleus.Cache] - Objeto con identidad "com.videoclub.pojo.Movie:11" añadido a la Cache de nivel 1 (loadedFlags="[YYYYYYY]")
15:04:03,103 (main) DEBUG [DataNucleus.Transaction] - Objeto con identidad "com.videoclub.pojo.Movie:11" ha sido puesto en la cache transaccional
15:04:03,103 (main) DEBUG [DataNucleus.Persistence] - Objeto "com.videoclub.pojo.Movie@74c9e11" va a ser añadido a la tabla "`MOVIE`"
15:04:03,103 (main) DEBUG [DataNucleus.Connection] - ManagedConnection ABIERTO : "org.datanucleus.store.rdbms.ConnectionFactoryImpl$ManagedConnectionImpl@11f23203 [conn=org.datanucleus.store.rdbms.datasource.dbcp2.PoolingDataSource$PoolGuardConnectionWrapper@101bdd1c, commitOnRelease=false, closeOnRelease=false, closeOnTxnEnd=true]" en resource "tx" con isolación "read-committed" y auto-commit=false
15:04:03,103 (main) DEBUG [DataNucleus.Transaction] - Running enlist operation on resource: org.datanucleus.store.rdbms.ConnectionFactoryImpl$EmulatedXAResource@e91af20, error code TMNOFLAGS and transaction [DataNucleus Transaction, ID=1792540124-11, enlisted resources=[]]
15:04:03,103 (main) DEBUG [DataNucleus.Datastore] - Utilizando PreparedStatement "com.mysql.cj.jdbc.ClientPreparedStatement: INSERT INTO `MOVIE` (`DIRECTOR`,`DURATION`,`GENRE`,`RENTALPRICE`,`TITLE`,`YEAR`,`CODE`) VALUES (** NOT SPECIFIED **,** NOT SPECIFIED **,** NOT SPECIFIED **,** NOT SPECIFIED **,** NOT SPECIFIED **,** NOT SPECIFIED **,** NOT SPECIFIED **)" para la conneccion "org.datanucleus.store.rdbms.datasource.dbcp2.PoolingDataSource$PoolGuardConnectionWrapper@101bdd1c"
15:04:03,103 (main) DEBUG [DataNucleus.Datastore.Persist] - El statement "INSERT INTO `MOVIE` (`DIRECTOR`,`DURATION`,`GENRE`,`RENTALPRICE`,`TITLE`,`YEAR`,`CODE`) VALUES (?,?,?,?,?,?,?)" ya es batchable
15:04:03,103 (main) DEBUG [DataNucleus.Datastore.Persist] - Añadiendo statement "INSERT INTO `MOVIE` (`DIRECTOR`,`DURATION`,`GENRE`,`RENTALPRICE`,`TITLE`,`YEAR`,`CODE`) VALUES (?,?,?,?,?,?,?)" al batch para procesar (tamaño de batch = 1)
15:04:03,103 (main) DEBUG [DataNucleus.Datastore.Native] - INSERT INTO `MOVIE` (`DIRECTOR`,`DURATION`,`GENRE`,`RENTALPRICE`,`TITLE`,`YEAR`,`CODE`) VALUES (?,?,?,?,?,?,?)
15:04:03,103 (main) DEBUG [DataNucleus.Datastore] - SQL Tiempo de cumplir = 0 ms (numero de lineas cambiado = [1]) con el PreparedStatement "org.datanucleus.store.rdbms.datasource.dbcp2.DelegatingPreparedStatement@2cfe272f"
15:04:03,103 (main) DEBUG [DataNucleus.Transaction] - Haciendo commit de la transaacción para el ExecutionContext org.datanucleus.ExecutionContextImpl@6680f714
15:04:03,103 (main) DEBUG [DataNucleus.Persistence] - ExecutionContext.internalFlush() empezado con flush ordenado - 1 objetos registrados
15:04:03,103 (main) DEBUG [DataNucleus.Persistence] - ExecutionContext.internalFlush() terminado
15:04:03,103 (main) DEBUG [DataNucleus.Persistence] - Persistence-By-Reachability (commit) : EMPIEZA
15:04:03,103 (main) DEBUG [DataNucleus.Persistence] - Haciendo la calculación de alcanzables con objeto con identidad "com.videoclub.pojo.Movie:11"
15:04:03,103 (main) DEBUG [DataNucleus.Cache] - Objeto con identidad "com.videoclub.pojo.Movie:11" obtenido de la Cache nivel 1 (loadedFlags="[YYYYYYY]")
15:04:03,103 (main) DEBUG [DataNucleus.Persistence] - Object con id "com.videoclub.pojo.Movie:11" y estado de vida "P_NEW" añadido a la lista de alcanzables al commit.
15:04:03,103 (main) DEBUG [DataNucleus.Persistence] - ExecutionContext.internalFlush() empezado con flush ordenado - 0 objetos registrados
15:04:03,103 (main) DEBUG [DataNucleus.Persistence] - ExecutionContext.internalFlush() terminado
15:04:03,103 (main) DEBUG [DataNucleus.Persistence] - Persistence-By-Reachability (commit) : TERMINADO
15:04:03,103 (main) DEBUG [DataNucleus.Cache] - Objeto con identidad "com.videoclub.pojo.Movie:11" añadido a la Cache de nivel 2 (campos="[0, 1, 2, 3, 4, 5, 6]", version="")
15:04:03,103 (main) DEBUG [DataNucleus.Cache] - El objeto con identidad "com.videoclub.pojo.Movie:11" va a tener los campos siguientes almacendados en el objeto de Level 2 cache : [0, 1, 2, 3, 4, 5, 6]
15:04:03,118 (main) DEBUG [DataNucleus.Transaction] - Committing [DataNucleus Transaction, ID=1792540124-11, enlisted resources=[org.datanucleus.store.rdbms.ConnectionFactoryImpl$EmulatedXAResource@e91af20]]
15:04:03,118 (main) DEBUG [DataNucleus.Connection] - ManagedConnection VA A COMMIT : "org.datanucleus.store.rdbms.ConnectionFactoryImpl$ManagedConnectionImpl@11f23203 [conn=org.datanucleus.store.rdbms.datasource.dbcp2.PoolingDataSource$PoolGuardConnectionWrapper@101bdd1c, commitOnRelease=false, closeOnRelease=false, closeOnTxnEnd=true]"
15:04:03,118 (main) DEBUG [DataNucleus.Connection] - ManagedConnection CERRADO : "org.datanucleus.store.rdbms.ConnectionFactoryImpl$ManagedConnectionImpl@11f23203 [conn=org.datanucleus.store.rdbms.datasource.dbcp2.PoolingDataSource$PoolGuardConnectionWrapper@101bdd1c, commitOnRelease=false, closeOnRelease=false, closeOnTxnEnd=true]" 
15:04:03,118 (main) DEBUG [DataNucleus.Persistence] - Haciendo el objeto detachado : "com.videoclub.pojo.Movie@74c9e11" (profundidad=0)
15:04:03,118 (main) DEBUG [DataNucleus.Persistence] - Objeto con identidad "com.videoclub.pojo.Movie:11" tiene cambio de lifeycle : "P_NEW"->"DETACHED_CLEAN"
15:04:03,118 (main) DEBUG [DataNucleus.Transaction] - Objeto con identidad "com.videoclub.pojo.Movie:11" fue borrado de la cache transactional
15:04:03,118 (main) DEBUG [DataNucleus.Persistence] - Disconectando objeto con identidad "com.videoclub.pojo.Movie:11" de StateManager[pc=com.videoclub.pojo.Movie@74c9e11, lifecycle=DETACHED_CLEAN]
15:04:03,118 (main) DEBUG [DataNucleus.Cache] - Objeto con identidad="com.videoclub.pojo.Movie:11" borrado de la Cache de nivel 1
15:04:03,118 (main) DEBUG [DataNucleus.Transaction] - Transacción committed en 15 ms
15:04:03,118 (main) DEBUG [DataNucleus.Persistence] - ExecutionContext "org.datanucleus.ExecutionContextImpl@6680f714" se cerró
15:04:03,118 (main) DEBUG [DataNucleus.Persistence] - ExecutionContext "org.datanucleus.ExecutionContextImpl@6680f714" se abrió para la base de datos "org.datanucleus.store.rdbms.RDBMSStoreManager@1084f78c" con transaccion="org.datanucleus.transaction.TransactionImpl@4052b19f"
15:04:03,118 (main) DEBUG [DataNucleus.Transaction] - Transaction created [DataNucleus Transaction, ID=1792540124-12, enlisted resources=[]]
15:04:03,118 (main) DEBUG [DataNucleus.Transaction] - Transacción empezada para el ExecutionContext org.datanucleus.ExecutionContextImpl@6680f714 (optimistic=false)
* Storing a class com.videoclub.pojo.Movie : Movie [title=Movie2, genre=DETECTIVE, duration=180, year=1989, director=luis, rentalPrice=5.74]
15:04:03,118 (main) DEBUG [DataNucleus.Persistence] - Haciendo el objeto persistente : "com.videoclub.pojo.Movie@60dc1a4e"
15:04:03,118 (main) DEBUG [DataNucleus.ValueGeneration] - Valor generado para el campo "com.videoclub.pojo.Movie.code" con estrategia="increment" (Generador="org.datanucleus.store.rdbms.valuegenerator.TableGenerator") : valor=12
15:04:03,118 (main) DEBUG [DataNucleus.Cache] - Objeto con identidad "com.videoclub.pojo.Movie:12" añadido a la Cache de nivel 1 (loadedFlags="[YYYYYYY]")
15:04:03,118 (main) DEBUG [DataNucleus.Transaction] - Objeto con identidad "com.videoclub.pojo.Movie:12" ha sido puesto en la cache transaccional
15:04:03,118 (main) DEBUG [DataNucleus.Persistence] - Objeto "com.videoclub.pojo.Movie@60dc1a4e" va a ser añadido a la tabla "`MOVIE`"
15:04:03,118 (main) DEBUG [DataNucleus.Connection] - ManagedConnection ABIERTO : "org.datanucleus.store.rdbms.ConnectionFactoryImpl$ManagedConnectionImpl@31efacad [conn=org.datanucleus.store.rdbms.datasource.dbcp2.PoolingDataSource$PoolGuardConnectionWrapper@380ce5a3, commitOnRelease=false, closeOnRelease=false, closeOnTxnEnd=true]" en resource "tx" con isolación "read-committed" y auto-commit=false
15:04:03,118 (main) DEBUG [DataNucleus.Transaction] - Running enlist operation on resource: org.datanucleus.store.rdbms.ConnectionFactoryImpl$EmulatedXAResource@38029686, error code TMNOFLAGS and transaction [DataNucleus Transaction, ID=1792540124-12, enlisted resources=[]]
15:04:03,118 (main) DEBUG [DataNucleus.Datastore] - Utilizando PreparedStatement "com.mysql.cj.jdbc.ClientPreparedStatement: INSERT INTO `MOVIE` (`DIRECTOR`,`DURATION`,`GENRE`,`RENTALPRICE`,`TITLE`,`YEAR`,`CODE`) VALUES (** NOT SPECIFIED **,** NOT SPECIFIED **,** NOT SPECIFIED **,** NOT SPECIFIED **,** NOT SPECIFIED **,** NOT SPECIFIED **,** NOT SPECIFIED **)" para la conneccion "org.datanucleus.store.rdbms.datasource.dbcp2.PoolingDataSource$PoolGuardConnectionWrapper@380ce5a3"
15:04:03,118 (main) DEBUG [DataNucleus.Datastore.Persist] - El statement "INSERT INTO `MOVIE` (`DIRECTOR`,`DURATION`,`GENRE`,`RENTALPRICE`,`TITLE`,`YEAR`,`CODE`) VALUES (?,?,?,?,?,?,?)" ya es batchable
15:04:03,118 (main) DEBUG [DataNucleus.Datastore.Persist] - Añadiendo statement "INSERT INTO `MOVIE` (`DIRECTOR`,`DURATION`,`GENRE`,`RENTALPRICE`,`TITLE`,`YEAR`,`CODE`) VALUES (?,?,?,?,?,?,?)" al batch para procesar (tamaño de batch = 1)
15:04:03,118 (main) DEBUG [DataNucleus.Datastore.Native] - INSERT INTO `MOVIE` (`DIRECTOR`,`DURATION`,`GENRE`,`RENTALPRICE`,`TITLE`,`YEAR`,`CODE`) VALUES (?,?,?,?,?,?,?)
15:04:03,118 (main) DEBUG [DataNucleus.Datastore] - SQL Tiempo de cumplir = 0 ms (numero de lineas cambiado = [1]) con el PreparedStatement "org.datanucleus.store.rdbms.datasource.dbcp2.DelegatingPreparedStatement@6e24ce51"
15:04:03,118 (main) DEBUG [DataNucleus.Transaction] - Haciendo commit de la transaacción para el ExecutionContext org.datanucleus.ExecutionContextImpl@6680f714
15:04:03,118 (main) DEBUG [DataNucleus.Persistence] - ExecutionContext.internalFlush() empezado con flush ordenado - 1 objetos registrados
15:04:03,118 (main) DEBUG [DataNucleus.Persistence] - ExecutionContext.internalFlush() terminado
15:04:03,118 (main) DEBUG [DataNucleus.Persistence] - Persistence-By-Reachability (commit) : EMPIEZA
15:04:03,118 (main) DEBUG [DataNucleus.Persistence] - Haciendo la calculación de alcanzables con objeto con identidad "com.videoclub.pojo.Movie:12"
15:04:03,118 (main) DEBUG [DataNucleus.Cache] - Objeto con identidad "com.videoclub.pojo.Movie:12" obtenido de la Cache nivel 1 (loadedFlags="[YYYYYYY]")
15:04:03,118 (main) DEBUG [DataNucleus.Persistence] - Object con id "com.videoclub.pojo.Movie:12" y estado de vida "P_NEW" añadido a la lista de alcanzables al commit.
15:04:03,118 (main) DEBUG [DataNucleus.Persistence] - ExecutionContext.internalFlush() empezado con flush ordenado - 0 objetos registrados
15:04:03,118 (main) DEBUG [DataNucleus.Persistence] - ExecutionContext.internalFlush() terminado
15:04:03,118 (main) DEBUG [DataNucleus.Persistence] - Persistence-By-Reachability (commit) : TERMINADO
15:04:03,118 (main) DEBUG [DataNucleus.Cache] - Objeto con identidad "com.videoclub.pojo.Movie:12" añadido a la Cache de nivel 2 (campos="[0, 1, 2, 3, 4, 5, 6]", version="")
15:04:03,118 (main) DEBUG [DataNucleus.Cache] - El objeto con identidad "com.videoclub.pojo.Movie:12" va a tener los campos siguientes almacendados en el objeto de Level 2 cache : [0, 1, 2, 3, 4, 5, 6]
15:04:03,118 (main) DEBUG [DataNucleus.Transaction] - Committing [DataNucleus Transaction, ID=1792540124-12, enlisted resources=[org.datanucleus.store.rdbms.ConnectionFactoryImpl$EmulatedXAResource@38029686]]
15:04:03,118 (main) DEBUG [DataNucleus.Connection] - ManagedConnection VA A COMMIT : "org.datanucleus.store.rdbms.ConnectionFactoryImpl$ManagedConnectionImpl@31efacad [conn=org.datanucleus.store.rdbms.datasource.dbcp2.PoolingDataSource$PoolGuardConnectionWrapper@380ce5a3, commitOnRelease=false, closeOnRelease=false, closeOnTxnEnd=true]"
15:04:03,118 (main) DEBUG [DataNucleus.Connection] - ManagedConnection CERRADO : "org.datanucleus.store.rdbms.ConnectionFactoryImpl$ManagedConnectionImpl@31efacad [conn=org.datanucleus.store.rdbms.datasource.dbcp2.PoolingDataSource$PoolGuardConnectionWrapper@380ce5a3, commitOnRelease=false, closeOnRelease=false, closeOnTxnEnd=true]" 
15:04:03,118 (main) DEBUG [DataNucleus.Persistence] - Haciendo el objeto detachado : "com.videoclub.pojo.Movie@60dc1a4e" (profundidad=0)
15:04:03,118 (main) DEBUG [DataNucleus.Persistence] - Objeto con identidad "com.videoclub.pojo.Movie:12" tiene cambio de lifeycle : "P_NEW"->"DETACHED_CLEAN"
15:04:03,118 (main) DEBUG [DataNucleus.Transaction] - Objeto con identidad "com.videoclub.pojo.Movie:12" fue borrado de la cache transactional
15:04:03,118 (main) DEBUG [DataNucleus.Persistence] - Disconectando objeto con identidad "com.videoclub.pojo.Movie:12" de StateManager[pc=com.videoclub.pojo.Movie@60dc1a4e, lifecycle=DETACHED_CLEAN]
15:04:03,118 (main) DEBUG [DataNucleus.Cache] - Objeto con identidad="com.videoclub.pojo.Movie:12" borrado de la Cache de nivel 1
15:04:03,118 (main) DEBUG [DataNucleus.Transaction] - Transacción committed en 0 ms
15:04:03,118 (main) DEBUG [DataNucleus.Persistence] - ExecutionContext "org.datanucleus.ExecutionContextImpl@6680f714" se cerró
15:04:03,118 (main) DEBUG [DataNucleus.Persistence] - ExecutionContext "org.datanucleus.ExecutionContextImpl@6680f714" se abrió para la base de datos "org.datanucleus.store.rdbms.RDBMSStoreManager@1084f78c" con transaccion="org.datanucleus.transaction.TransactionImpl@5d124d29"
15:04:03,118 (main) DEBUG [DataNucleus.Transaction] - Transaction created [DataNucleus Transaction, ID=1792540124-13, enlisted resources=[]]
15:04:03,118 (main) DEBUG [DataNucleus.Transaction] - Transacción empezada para el ExecutionContext org.datanucleus.ExecutionContextImpl@6680f714 (optimistic=false)
* Storing a class com.videoclub.pojo.Movie : Movie [title=Movie3, genre=DRAMA, duration=90, year=2012, director=luis, rentalPrice=4.25]
15:04:03,118 (main) DEBUG [DataNucleus.Persistence] - Haciendo el objeto persistente : "com.videoclub.pojo.Movie@74960e9d"
15:04:03,134 (main) DEBUG [DataNucleus.ValueGeneration] - Valor generado para el campo "com.videoclub.pojo.Movie.code" con estrategia="increment" (Generador="org.datanucleus.store.rdbms.valuegenerator.TableGenerator") : valor=13
15:04:03,134 (main) DEBUG [DataNucleus.Cache] - Objeto con identidad "com.videoclub.pojo.Movie:13" añadido a la Cache de nivel 1 (loadedFlags="[YYYYYYY]")
15:04:03,134 (main) DEBUG [DataNucleus.Transaction] - Objeto con identidad "com.videoclub.pojo.Movie:13" ha sido puesto en la cache transaccional
15:04:03,134 (main) DEBUG [DataNucleus.Persistence] - Objeto "com.videoclub.pojo.Movie@74960e9d" va a ser añadido a la tabla "`MOVIE`"
15:04:03,134 (main) DEBUG [DataNucleus.Connection] - ManagedConnection ABIERTO : "org.datanucleus.store.rdbms.ConnectionFactoryImpl$ManagedConnectionImpl@fb5aeed [conn=org.datanucleus.store.rdbms.datasource.dbcp2.PoolingDataSource$PoolGuardConnectionWrapper@73893ec1, commitOnRelease=false, closeOnRelease=false, closeOnTxnEnd=true]" en resource "tx" con isolación "read-committed" y auto-commit=false
15:04:03,134 (main) DEBUG [DataNucleus.Transaction] - Running enlist operation on resource: org.datanucleus.store.rdbms.ConnectionFactoryImpl$EmulatedXAResource@37af24cb, error code TMNOFLAGS and transaction [DataNucleus Transaction, ID=1792540124-13, enlisted resources=[]]
15:04:03,134 (main) DEBUG [DataNucleus.Datastore] - Utilizando PreparedStatement "com.mysql.cj.jdbc.ClientPreparedStatement: INSERT INTO `MOVIE` (`DIRECTOR`,`DURATION`,`GENRE`,`RENTALPRICE`,`TITLE`,`YEAR`,`CODE`) VALUES (** NOT SPECIFIED **,** NOT SPECIFIED **,** NOT SPECIFIED **,** NOT SPECIFIED **,** NOT SPECIFIED **,** NOT SPECIFIED **,** NOT SPECIFIED **)" para la conneccion "org.datanucleus.store.rdbms.datasource.dbcp2.PoolingDataSource$PoolGuardConnectionWrapper@73893ec1"
15:04:03,134 (main) DEBUG [DataNucleus.Datastore.Persist] - El statement "INSERT INTO `MOVIE` (`DIRECTOR`,`DURATION`,`GENRE`,`RENTALPRICE`,`TITLE`,`YEAR`,`CODE`) VALUES (?,?,?,?,?,?,?)" ya es batchable
15:04:03,134 (main) DEBUG [DataNucleus.Datastore.Persist] - Añadiendo statement "INSERT INTO `MOVIE` (`DIRECTOR`,`DURATION`,`GENRE`,`RENTALPRICE`,`TITLE`,`YEAR`,`CODE`) VALUES (?,?,?,?,?,?,?)" al batch para procesar (tamaño de batch = 1)
15:04:03,134 (main) DEBUG [DataNucleus.Datastore.Native] - INSERT INTO `MOVIE` (`DIRECTOR`,`DURATION`,`GENRE`,`RENTALPRICE`,`TITLE`,`YEAR`,`CODE`) VALUES (?,?,?,?,?,?,?)
15:04:03,134 (main) DEBUG [DataNucleus.Datastore] - SQL Tiempo de cumplir = 0 ms (numero de lineas cambiado = [1]) con el PreparedStatement "org.datanucleus.store.rdbms.datasource.dbcp2.DelegatingPreparedStatement@61037caf"
15:04:03,134 (main) DEBUG [DataNucleus.Transaction] - Haciendo commit de la transaacción para el ExecutionContext org.datanucleus.ExecutionContextImpl@6680f714
15:04:03,134 (main) DEBUG [DataNucleus.Persistence] - ExecutionContext.internalFlush() empezado con flush ordenado - 1 objetos registrados
15:04:03,134 (main) DEBUG [DataNucleus.Persistence] - ExecutionContext.internalFlush() terminado
15:04:03,134 (main) DEBUG [DataNucleus.Persistence] - Persistence-By-Reachability (commit) : EMPIEZA
15:04:03,134 (main) DEBUG [DataNucleus.Persistence] - Haciendo la calculación de alcanzables con objeto con identidad "com.videoclub.pojo.Movie:13"
15:04:03,134 (main) DEBUG [DataNucleus.Cache] - Objeto con identidad "com.videoclub.pojo.Movie:13" obtenido de la Cache nivel 1 (loadedFlags="[YYYYYYY]")
15:04:03,134 (main) DEBUG [DataNucleus.Persistence] - Object con id "com.videoclub.pojo.Movie:13" y estado de vida "P_NEW" añadido a la lista de alcanzables al commit.
15:04:03,134 (main) DEBUG [DataNucleus.Persistence] - ExecutionContext.internalFlush() empezado con flush ordenado - 0 objetos registrados
15:04:03,134 (main) DEBUG [DataNucleus.Persistence] - ExecutionContext.internalFlush() terminado
15:04:03,134 (main) DEBUG [DataNucleus.Persistence] - Persistence-By-Reachability (commit) : TERMINADO
15:04:03,134 (main) DEBUG [DataNucleus.Cache] - Objeto con identidad "com.videoclub.pojo.Movie:13" añadido a la Cache de nivel 2 (campos="[0, 1, 2, 3, 4, 5, 6]", version="")
15:04:03,134 (main) DEBUG [DataNucleus.Cache] - El objeto con identidad "com.videoclub.pojo.Movie:13" va a tener los campos siguientes almacendados en el objeto de Level 2 cache : [0, 1, 2, 3, 4, 5, 6]
15:04:03,134 (main) DEBUG [DataNucleus.Transaction] - Committing [DataNucleus Transaction, ID=1792540124-13, enlisted resources=[org.datanucleus.store.rdbms.ConnectionFactoryImpl$EmulatedXAResource@37af24cb]]
15:04:03,140 (main) DEBUG [DataNucleus.Connection] - ManagedConnection VA A COMMIT : "org.datanucleus.store.rdbms.ConnectionFactoryImpl$ManagedConnectionImpl@fb5aeed [conn=org.datanucleus.store.rdbms.datasource.dbcp2.PoolingDataSource$PoolGuardConnectionWrapper@73893ec1, commitOnRelease=false, closeOnRelease=false, closeOnTxnEnd=true]"
15:04:03,140 (main) DEBUG [DataNucleus.Connection] - ManagedConnection CERRADO : "org.datanucleus.store.rdbms.ConnectionFactoryImpl$ManagedConnectionImpl@fb5aeed [conn=org.datanucleus.store.rdbms.datasource.dbcp2.PoolingDataSource$PoolGuardConnectionWrapper@73893ec1, commitOnRelease=false, closeOnRelease=false, closeOnTxnEnd=true]" 
15:04:03,140 (main) DEBUG [DataNucleus.Persistence] - Haciendo el objeto detachado : "com.videoclub.pojo.Movie@74960e9d" (profundidad=0)
15:04:03,140 (main) DEBUG [DataNucleus.Persistence] - Objeto con identidad "com.videoclub.pojo.Movie:13" tiene cambio de lifeycle : "P_NEW"->"DETACHED_CLEAN"
15:04:03,140 (main) DEBUG [DataNucleus.Transaction] - Objeto con identidad "com.videoclub.pojo.Movie:13" fue borrado de la cache transactional
15:04:03,140 (main) DEBUG [DataNucleus.Persistence] - Disconectando objeto con identidad "com.videoclub.pojo.Movie:13" de StateManager[pc=com.videoclub.pojo.Movie@74960e9d, lifecycle=DETACHED_CLEAN]
15:04:03,140 (main) DEBUG [DataNucleus.Cache] - Objeto con identidad="com.videoclub.pojo.Movie:13" borrado de la Cache de nivel 1
15:04:03,140 (main) DEBUG [DataNucleus.Transaction] - Transacción committed en 6 ms
15:04:03,140 (main) DEBUG [DataNucleus.Persistence] - ExecutionContext "org.datanucleus.ExecutionContextImpl@6680f714" se cerró
15:04:03,140 (main) DEBUG [DataNucleus.Persistence] - ExecutionContext "org.datanucleus.ExecutionContextImpl@6680f714" se abrió para la base de datos "org.datanucleus.store.rdbms.RDBMSStoreManager@1084f78c" con transaccion="org.datanucleus.transaction.TransactionImpl@670342a2"
15:04:03,140 (main) DEBUG [DataNucleus.Transaction] - Transaction created [DataNucleus Transaction, ID=1792540124-14, enlisted resources=[]]
15:04:03,140 (main) DEBUG [DataNucleus.Transaction] - Transacción empezada para el ExecutionContext org.datanucleus.ExecutionContextImpl@6680f714 (optimistic=false)
* Storing a class com.videoclub.pojo.Movie : Movie [title=Movie4, genre=COMEDY, duration=160, year=2004, director=juana, rentalPrice=14.34]
15:04:03,140 (main) DEBUG [DataNucleus.Persistence] - Haciendo el objeto persistente : "com.videoclub.pojo.Movie@7742a45c"
15:04:03,140 (main) DEBUG [DataNucleus.ValueGeneration] - Valor generado para el campo "com.videoclub.pojo.Movie.code" con estrategia="increment" (Generador="org.datanucleus.store.rdbms.valuegenerator.TableGenerator") : valor=14
15:04:03,140 (main) DEBUG [DataNucleus.Cache] - Objeto con identidad "com.videoclub.pojo.Movie:14" añadido a la Cache de nivel 1 (loadedFlags="[YYYYYYY]")
15:04:03,140 (main) DEBUG [DataNucleus.Transaction] - Objeto con identidad "com.videoclub.pojo.Movie:14" ha sido puesto en la cache transaccional
15:04:03,140 (main) DEBUG [DataNucleus.Persistence] - Objeto "com.videoclub.pojo.Movie@7742a45c" va a ser añadido a la tabla "`MOVIE`"
15:04:03,140 (main) DEBUG [DataNucleus.Connection] - ManagedConnection ABIERTO : "org.datanucleus.store.rdbms.ConnectionFactoryImpl$ManagedConnectionImpl@14fc9bd [conn=org.datanucleus.store.rdbms.datasource.dbcp2.PoolingDataSource$PoolGuardConnectionWrapper@7ed49a7f, commitOnRelease=false, closeOnRelease=false, closeOnTxnEnd=true]" en resource "tx" con isolación "read-committed" y auto-commit=false
15:04:03,140 (main) DEBUG [DataNucleus.Transaction] - Running enlist operation on resource: org.datanucleus.store.rdbms.ConnectionFactoryImpl$EmulatedXAResource@1cd6b1bd, error code TMNOFLAGS and transaction [DataNucleus Transaction, ID=1792540124-14, enlisted resources=[]]
15:04:03,148 (main) DEBUG [DataNucleus.Datastore] - Utilizando PreparedStatement "com.mysql.cj.jdbc.ClientPreparedStatement: INSERT INTO `MOVIE` (`DIRECTOR`,`DURATION`,`GENRE`,`RENTALPRICE`,`TITLE`,`YEAR`,`CODE`) VALUES (** NOT SPECIFIED **,** NOT SPECIFIED **,** NOT SPECIFIED **,** NOT SPECIFIED **,** NOT SPECIFIED **,** NOT SPECIFIED **,** NOT SPECIFIED **)" para la conneccion "org.datanucleus.store.rdbms.datasource.dbcp2.PoolingDataSource$PoolGuardConnectionWrapper@7ed49a7f"
15:04:03,148 (main) DEBUG [DataNucleus.Datastore.Persist] - El statement "INSERT INTO `MOVIE` (`DIRECTOR`,`DURATION`,`GENRE`,`RENTALPRICE`,`TITLE`,`YEAR`,`CODE`) VALUES (?,?,?,?,?,?,?)" ya es batchable
15:04:03,148 (main) DEBUG [DataNucleus.Datastore.Persist] - Añadiendo statement "INSERT INTO `MOVIE` (`DIRECTOR`,`DURATION`,`GENRE`,`RENTALPRICE`,`TITLE`,`YEAR`,`CODE`) VALUES (?,?,?,?,?,?,?)" al batch para procesar (tamaño de batch = 1)
15:04:03,148 (main) DEBUG [DataNucleus.Datastore.Native] - INSERT INTO `MOVIE` (`DIRECTOR`,`DURATION`,`GENRE`,`RENTALPRICE`,`TITLE`,`YEAR`,`CODE`) VALUES (?,?,?,?,?,?,?)
15:04:03,148 (main) DEBUG [DataNucleus.Datastore] - SQL Tiempo de cumplir = 0 ms (numero de lineas cambiado = [1]) con el PreparedStatement "org.datanucleus.store.rdbms.datasource.dbcp2.DelegatingPreparedStatement@619c93ca"
15:04:03,148 (main) DEBUG [DataNucleus.Transaction] - Haciendo commit de la transaacción para el ExecutionContext org.datanucleus.ExecutionContextImpl@6680f714
15:04:03,148 (main) DEBUG [DataNucleus.Persistence] - ExecutionContext.internalFlush() empezado con flush ordenado - 1 objetos registrados
15:04:03,148 (main) DEBUG [DataNucleus.Persistence] - ExecutionContext.internalFlush() terminado
15:04:03,148 (main) DEBUG [DataNucleus.Persistence] - Persistence-By-Reachability (commit) : EMPIEZA
15:04:03,148 (main) DEBUG [DataNucleus.Persistence] - Haciendo la calculación de alcanzables con objeto con identidad "com.videoclub.pojo.Movie:14"
15:04:03,148 (main) DEBUG [DataNucleus.Cache] - Objeto con identidad "com.videoclub.pojo.Movie:14" obtenido de la Cache nivel 1 (loadedFlags="[YYYYYYY]")
15:04:03,148 (main) DEBUG [DataNucleus.Persistence] - Object con id "com.videoclub.pojo.Movie:14" y estado de vida "P_NEW" añadido a la lista de alcanzables al commit.
15:04:03,148 (main) DEBUG [DataNucleus.Persistence] - ExecutionContext.internalFlush() empezado con flush ordenado - 0 objetos registrados
15:04:03,148 (main) DEBUG [DataNucleus.Persistence] - ExecutionContext.internalFlush() terminado
15:04:03,148 (main) DEBUG [DataNucleus.Persistence] - Persistence-By-Reachability (commit) : TERMINADO
15:04:03,148 (main) DEBUG [DataNucleus.Cache] - Objeto con identidad "com.videoclub.pojo.Movie:14" añadido a la Cache de nivel 2 (campos="[0, 1, 2, 3, 4, 5, 6]", version="")
15:04:03,148 (main) DEBUG [DataNucleus.Cache] - El objeto con identidad "com.videoclub.pojo.Movie:14" va a tener los campos siguientes almacendados en el objeto de Level 2 cache : [0, 1, 2, 3, 4, 5, 6]
15:04:03,150 (main) DEBUG [DataNucleus.Transaction] - Committing [DataNucleus Transaction, ID=1792540124-14, enlisted resources=[org.datanucleus.store.rdbms.ConnectionFactoryImpl$EmulatedXAResource@1cd6b1bd]]
15:04:03,150 (main) DEBUG [DataNucleus.Connection] - ManagedConnection VA A COMMIT : "org.datanucleus.store.rdbms.ConnectionFactoryImpl$ManagedConnectionImpl@14fc9bd [conn=org.datanucleus.store.rdbms.datasource.dbcp2.PoolingDataSource$PoolGuardConnectionWrapper@7ed49a7f, commitOnRelease=false, closeOnRelease=false, closeOnTxnEnd=true]"
15:04:03,150 (main) DEBUG [DataNucleus.Connection] - ManagedConnection CERRADO : "org.datanucleus.store.rdbms.ConnectionFactoryImpl$ManagedConnectionImpl@14fc9bd [conn=org.datanucleus.store.rdbms.datasource.dbcp2.PoolingDataSource$PoolGuardConnectionWrapper@7ed49a7f, commitOnRelease=false, closeOnRelease=false, closeOnTxnEnd=true]" 
15:04:03,150 (main) DEBUG [DataNucleus.Persistence] - Haciendo el objeto detachado : "com.videoclub.pojo.Movie@7742a45c" (profundidad=0)
15:04:03,150 (main) DEBUG [DataNucleus.Persistence] - Objeto con identidad "com.videoclub.pojo.Movie:14" tiene cambio de lifeycle : "P_NEW"->"DETACHED_CLEAN"
15:04:03,150 (main) DEBUG [DataNucleus.Transaction] - Objeto con identidad "com.videoclub.pojo.Movie:14" fue borrado de la cache transactional
15:04:03,150 (main) DEBUG [DataNucleus.Persistence] - Disconectando objeto con identidad "com.videoclub.pojo.Movie:14" de StateManager[pc=com.videoclub.pojo.Movie@7742a45c, lifecycle=DETACHED_CLEAN]
15:04:03,150 (main) DEBUG [DataNucleus.Cache] - Objeto con identidad="com.videoclub.pojo.Movie:14" borrado de la Cache de nivel 1
15:04:03,150 (main) DEBUG [DataNucleus.Transaction] - Transacción committed en 2 ms
15:04:03,150 (main) DEBUG [DataNucleus.Persistence] - ExecutionContext "org.datanucleus.ExecutionContextImpl@6680f714" se cerró
15:04:03,150 (main) DEBUG [DataNucleus.Persistence] - ExecutionContext "org.datanucleus.ExecutionContextImpl@6680f714" se abrió para la base de datos "org.datanucleus.store.rdbms.RDBMSStoreManager@1084f78c" con transaccion="org.datanucleus.transaction.TransactionImpl@6aa5974e"
15:04:03,150 (main) DEBUG [DataNucleus.Transaction] - Transaction created [DataNucleus Transaction, ID=1792540124-15, enlisted resources=[]]
15:04:03,150 (main) DEBUG [DataNucleus.Transaction] - Transacción empezada para el ExecutionContext org.datanucleus.ExecutionContextImpl@6680f714 (optimistic=false)
* Storing a class com.videoclub.pojo.Movie : Movie [title=Movie5, genre=MUSICAL, duration=90, year=1997, director=paco, rentalPrice=9.25]
15:04:03,150 (main) DEBUG [DataNucleus.Persistence] - Haciendo el objeto persistente : "com.videoclub.pojo.Movie@5bda157e"
15:04:03,150 (main) DEBUG [DataNucleus.ValueGeneration] - Valor generado para el campo "com.videoclub.pojo.Movie.code" con estrategia="increment" (Generador="org.datanucleus.store.rdbms.valuegenerator.TableGenerator") : valor=15
15:04:03,150 (main) DEBUG [DataNucleus.Cache] - Objeto con identidad "com.videoclub.pojo.Movie:15" añadido a la Cache de nivel 1 (loadedFlags="[YYYYYYY]")
15:04:03,150 (main) DEBUG [DataNucleus.Transaction] - Objeto con identidad "com.videoclub.pojo.Movie:15" ha sido puesto en la cache transaccional
15:04:03,150 (main) DEBUG [DataNucleus.Persistence] - Objeto "com.videoclub.pojo.Movie@5bda157e" va a ser añadido a la tabla "`MOVIE`"
15:04:03,150 (main) DEBUG [DataNucleus.Connection] - ManagedConnection ABIERTO : "org.datanucleus.store.rdbms.ConnectionFactoryImpl$ManagedConnectionImpl@21390938 [conn=org.datanucleus.store.rdbms.datasource.dbcp2.PoolingDataSource$PoolGuardConnectionWrapper@1129829c, commitOnRelease=false, closeOnRelease=false, closeOnTxnEnd=true]" en resource "tx" con isolación "read-committed" y auto-commit=false
15:04:03,150 (main) DEBUG [DataNucleus.Transaction] - Running enlist operation on resource: org.datanucleus.store.rdbms.ConnectionFactoryImpl$EmulatedXAResource@1a531422, error code TMNOFLAGS and transaction [DataNucleus Transaction, ID=1792540124-15, enlisted resources=[]]
15:04:03,150 (main) DEBUG [DataNucleus.Datastore] - Utilizando PreparedStatement "com.mysql.cj.jdbc.ClientPreparedStatement: INSERT INTO `MOVIE` (`DIRECTOR`,`DURATION`,`GENRE`,`RENTALPRICE`,`TITLE`,`YEAR`,`CODE`) VALUES (** NOT SPECIFIED **,** NOT SPECIFIED **,** NOT SPECIFIED **,** NOT SPECIFIED **,** NOT SPECIFIED **,** NOT SPECIFIED **,** NOT SPECIFIED **)" para la conneccion "org.datanucleus.store.rdbms.datasource.dbcp2.PoolingDataSource$PoolGuardConnectionWrapper@1129829c"
15:04:03,150 (main) DEBUG [DataNucleus.Datastore.Persist] - El statement "INSERT INTO `MOVIE` (`DIRECTOR`,`DURATION`,`GENRE`,`RENTALPRICE`,`TITLE`,`YEAR`,`CODE`) VALUES (?,?,?,?,?,?,?)" ya es batchable
15:04:03,150 (main) DEBUG [DataNucleus.Datastore.Persist] - Añadiendo statement "INSERT INTO `MOVIE` (`DIRECTOR`,`DURATION`,`GENRE`,`RENTALPRICE`,`TITLE`,`YEAR`,`CODE`) VALUES (?,?,?,?,?,?,?)" al batch para procesar (tamaño de batch = 1)
15:04:03,150 (main) DEBUG [DataNucleus.Datastore.Native] - INSERT INTO `MOVIE` (`DIRECTOR`,`DURATION`,`GENRE`,`RENTALPRICE`,`TITLE`,`YEAR`,`CODE`) VALUES (?,?,?,?,?,?,?)
15:04:03,150 (main) DEBUG [DataNucleus.Datastore] - SQL Tiempo de cumplir = 0 ms (numero de lineas cambiado = [1]) con el PreparedStatement "org.datanucleus.store.rdbms.datasource.dbcp2.DelegatingPreparedStatement@4e4162bc"
15:04:03,150 (main) DEBUG [DataNucleus.Transaction] - Haciendo commit de la transaacción para el ExecutionContext org.datanucleus.ExecutionContextImpl@6680f714
15:04:03,150 (main) DEBUG [DataNucleus.Persistence] - ExecutionContext.internalFlush() empezado con flush ordenado - 1 objetos registrados
15:04:03,150 (main) DEBUG [DataNucleus.Persistence] - ExecutionContext.internalFlush() terminado
15:04:03,150 (main) DEBUG [DataNucleus.Persistence] - Persistence-By-Reachability (commit) : EMPIEZA
15:04:03,150 (main) DEBUG [DataNucleus.Persistence] - Haciendo la calculación de alcanzables con objeto con identidad "com.videoclub.pojo.Movie:15"
15:04:03,150 (main) DEBUG [DataNucleus.Cache] - Objeto con identidad "com.videoclub.pojo.Movie:15" obtenido de la Cache nivel 1 (loadedFlags="[YYYYYYY]")
15:04:03,150 (main) DEBUG [DataNucleus.Persistence] - Object con id "com.videoclub.pojo.Movie:15" y estado de vida "P_NEW" añadido a la lista de alcanzables al commit.
15:04:03,150 (main) DEBUG [DataNucleus.Persistence] - ExecutionContext.internalFlush() empezado con flush ordenado - 0 objetos registrados
15:04:03,150 (main) DEBUG [DataNucleus.Persistence] - ExecutionContext.internalFlush() terminado
15:04:03,150 (main) DEBUG [DataNucleus.Persistence] - Persistence-By-Reachability (commit) : TERMINADO
15:04:03,150 (main) DEBUG [DataNucleus.Cache] - Objeto con identidad "com.videoclub.pojo.Movie:15" añadido a la Cache de nivel 2 (campos="[0, 1, 2, 3, 4, 5, 6]", version="")
15:04:03,150 (main) DEBUG [DataNucleus.Cache] - El objeto con identidad "com.videoclub.pojo.Movie:15" va a tener los campos siguientes almacendados en el objeto de Level 2 cache : [0, 1, 2, 3, 4, 5, 6]
15:04:03,150 (main) DEBUG [DataNucleus.Transaction] - Committing [DataNucleus Transaction, ID=1792540124-15, enlisted resources=[org.datanucleus.store.rdbms.ConnectionFactoryImpl$EmulatedXAResource@1a531422]]
15:04:03,150 (main) DEBUG [DataNucleus.Connection] - ManagedConnection VA A COMMIT : "org.datanucleus.store.rdbms.ConnectionFactoryImpl$ManagedConnectionImpl@21390938 [conn=org.datanucleus.store.rdbms.datasource.dbcp2.PoolingDataSource$PoolGuardConnectionWrapper@1129829c, commitOnRelease=false, closeOnRelease=false, closeOnTxnEnd=true]"
15:04:03,150 (main) DEBUG [DataNucleus.Connection] - ManagedConnection CERRADO : "org.datanucleus.store.rdbms.ConnectionFactoryImpl$ManagedConnectionImpl@21390938 [conn=org.datanucleus.store.rdbms.datasource.dbcp2.PoolingDataSource$PoolGuardConnectionWrapper@1129829c, commitOnRelease=false, closeOnRelease=false, closeOnTxnEnd=true]" 
15:04:03,150 (main) DEBUG [DataNucleus.Persistence] - Haciendo el objeto detachado : "com.videoclub.pojo.Movie@5bda157e" (profundidad=0)
15:04:03,150 (main) DEBUG [DataNucleus.Persistence] - Objeto con identidad "com.videoclub.pojo.Movie:15" tiene cambio de lifeycle : "P_NEW"->"DETACHED_CLEAN"
15:04:03,150 (main) DEBUG [DataNucleus.Transaction] - Objeto con identidad "com.videoclub.pojo.Movie:15" fue borrado de la cache transactional
15:04:03,150 (main) DEBUG [DataNucleus.Persistence] - Disconectando objeto con identidad "com.videoclub.pojo.Movie:15" de StateManager[pc=com.videoclub.pojo.Movie@5bda157e, lifecycle=DETACHED_CLEAN]
15:04:03,150 (main) DEBUG [DataNucleus.Cache] - Objeto con identidad="com.videoclub.pojo.Movie:15" borrado de la Cache de nivel 1
15:04:03,150 (main) DEBUG [DataNucleus.Transaction] - Transacción committed en 0 ms
15:04:03,150 (main) DEBUG [DataNucleus.Persistence] - ExecutionContext "org.datanucleus.ExecutionContextImpl@6680f714" se cerró
15:04:03,150 (main) DEBUG [DataNucleus.Persistence] - ExecutionContext "org.datanucleus.ExecutionContextImpl@6680f714" se abrió para la base de datos "org.datanucleus.store.rdbms.RDBMSStoreManager@1084f78c" con transaccion="org.datanucleus.transaction.TransactionImpl@72fbf94d"
15:04:03,150 (main) DEBUG [DataNucleus.Transaction] - Transaction created [DataNucleus Transaction, ID=1792540124-16, enlisted resources=[]]
15:04:03,150 (main) DEBUG [DataNucleus.Transaction] - Transacción empezada para el ExecutionContext org.datanucleus.ExecutionContextImpl@6680f714 (optimistic=false)
* Storing a class com.videoclub.pojo.Movie : Movie [title=Movie6, genre=FANTASY, duration=120, year=2015, director=juana, rentalPrice=6.74]
15:04:03,150 (main) DEBUG [DataNucleus.Persistence] - Haciendo el objeto persistente : "com.videoclub.pojo.Movie@2d28fb02"
15:04:03,150 (main) DEBUG [DataNucleus.ValueGeneration] - Valor generado para el campo "com.videoclub.pojo.Movie.code" con estrategia="increment" (Generador="org.datanucleus.store.rdbms.valuegenerator.TableGenerator") : valor=16
15:04:03,150 (main) DEBUG [DataNucleus.Cache] - Objeto con identidad "com.videoclub.pojo.Movie:16" añadido a la Cache de nivel 1 (loadedFlags="[YYYYYYY]")
15:04:03,150 (main) DEBUG [DataNucleus.Transaction] - Objeto con identidad "com.videoclub.pojo.Movie:16" ha sido puesto en la cache transaccional
15:04:03,150 (main) DEBUG [DataNucleus.Persistence] - Objeto "com.videoclub.pojo.Movie@2d28fb02" va a ser añadido a la tabla "`MOVIE`"
15:04:03,150 (main) DEBUG [DataNucleus.Connection] - ManagedConnection ABIERTO : "org.datanucleus.store.rdbms.ConnectionFactoryImpl$ManagedConnectionImpl@402f8592 [conn=org.datanucleus.store.rdbms.datasource.dbcp2.PoolingDataSource$PoolGuardConnectionWrapper@61b65d54, commitOnRelease=false, closeOnRelease=false, closeOnTxnEnd=true]" en resource "tx" con isolación "read-committed" y auto-commit=false
15:04:03,150 (main) DEBUG [DataNucleus.Transaction] - Running enlist operation on resource: org.datanucleus.store.rdbms.ConnectionFactoryImpl$EmulatedXAResource@b2c4a8b, error code TMNOFLAGS and transaction [DataNucleus Transaction, ID=1792540124-16, enlisted resources=[]]
15:04:03,150 (main) DEBUG [DataNucleus.Datastore] - Utilizando PreparedStatement "com.mysql.cj.jdbc.ClientPreparedStatement: INSERT INTO `MOVIE` (`DIRECTOR`,`DURATION`,`GENRE`,`RENTALPRICE`,`TITLE`,`YEAR`,`CODE`) VALUES (** NOT SPECIFIED **,** NOT SPECIFIED **,** NOT SPECIFIED **,** NOT SPECIFIED **,** NOT SPECIFIED **,** NOT SPECIFIED **,** NOT SPECIFIED **)" para la conneccion "org.datanucleus.store.rdbms.datasource.dbcp2.PoolingDataSource$PoolGuardConnectionWrapper@61b65d54"
15:04:03,150 (main) DEBUG [DataNucleus.Datastore.Persist] - El statement "INSERT INTO `MOVIE` (`DIRECTOR`,`DURATION`,`GENRE`,`RENTALPRICE`,`TITLE`,`YEAR`,`CODE`) VALUES (?,?,?,?,?,?,?)" ya es batchable
15:04:03,150 (main) DEBUG [DataNucleus.Datastore.Persist] - Añadiendo statement "INSERT INTO `MOVIE` (`DIRECTOR`,`DURATION`,`GENRE`,`RENTALPRICE`,`TITLE`,`YEAR`,`CODE`) VALUES (?,?,?,?,?,?,?)" al batch para procesar (tamaño de batch = 1)
15:04:03,150 (main) DEBUG [DataNucleus.Datastore.Native] - INSERT INTO `MOVIE` (`DIRECTOR`,`DURATION`,`GENRE`,`RENTALPRICE`,`TITLE`,`YEAR`,`CODE`) VALUES (?,?,?,?,?,?,?)
15:04:03,150 (main) DEBUG [DataNucleus.Datastore] - SQL Tiempo de cumplir = 0 ms (numero de lineas cambiado = [1]) con el PreparedStatement "org.datanucleus.store.rdbms.datasource.dbcp2.DelegatingPreparedStatement@101cf747"
15:04:03,150 (main) DEBUG [DataNucleus.Transaction] - Haciendo commit de la transaacción para el ExecutionContext org.datanucleus.ExecutionContextImpl@6680f714
15:04:03,150 (main) DEBUG [DataNucleus.Persistence] - ExecutionContext.internalFlush() empezado con flush ordenado - 1 objetos registrados
15:04:03,150 (main) DEBUG [DataNucleus.Persistence] - ExecutionContext.internalFlush() terminado
15:04:03,150 (main) DEBUG [DataNucleus.Persistence] - Persistence-By-Reachability (commit) : EMPIEZA
15:04:03,150 (main) DEBUG [DataNucleus.Persistence] - Haciendo la calculación de alcanzables con objeto con identidad "com.videoclub.pojo.Movie:16"
15:04:03,150 (main) DEBUG [DataNucleus.Cache] - Objeto con identidad "com.videoclub.pojo.Movie:16" obtenido de la Cache nivel 1 (loadedFlags="[YYYYYYY]")
15:04:03,150 (main) DEBUG [DataNucleus.Persistence] - Object con id "com.videoclub.pojo.Movie:16" y estado de vida "P_NEW" añadido a la lista de alcanzables al commit.
15:04:03,150 (main) DEBUG [DataNucleus.Persistence] - ExecutionContext.internalFlush() empezado con flush ordenado - 0 objetos registrados
15:04:03,150 (main) DEBUG [DataNucleus.Persistence] - ExecutionContext.internalFlush() terminado
15:04:03,150 (main) DEBUG [DataNucleus.Persistence] - Persistence-By-Reachability (commit) : TERMINADO
15:04:03,150 (main) DEBUG [DataNucleus.Cache] - Objeto con identidad "com.videoclub.pojo.Movie:16" añadido a la Cache de nivel 2 (campos="[0, 1, 2, 3, 4, 5, 6]", version="")
15:04:03,150 (main) DEBUG [DataNucleus.Cache] - El objeto con identidad "com.videoclub.pojo.Movie:16" va a tener los campos siguientes almacendados en el objeto de Level 2 cache : [0, 1, 2, 3, 4, 5, 6]
15:04:03,150 (main) DEBUG [DataNucleus.Transaction] - Committing [DataNucleus Transaction, ID=1792540124-16, enlisted resources=[org.datanucleus.store.rdbms.ConnectionFactoryImpl$EmulatedXAResource@b2c4a8b]]
15:04:03,150 (main) DEBUG [DataNucleus.Connection] - ManagedConnection VA A COMMIT : "org.datanucleus.store.rdbms.ConnectionFactoryImpl$ManagedConnectionImpl@402f8592 [conn=org.datanucleus.store.rdbms.datasource.dbcp2.PoolingDataSource$PoolGuardConnectionWrapper@61b65d54, commitOnRelease=false, closeOnRelease=false, closeOnTxnEnd=true]"
15:04:03,166 (main) DEBUG [DataNucleus.Connection] - ManagedConnection CERRADO : "org.datanucleus.store.rdbms.ConnectionFactoryImpl$ManagedConnectionImpl@402f8592 [conn=org.datanucleus.store.rdbms.datasource.dbcp2.PoolingDataSource$PoolGuardConnectionWrapper@61b65d54, commitOnRelease=false, closeOnRelease=false, closeOnTxnEnd=true]" 
15:04:03,166 (main) DEBUG [DataNucleus.Persistence] - Haciendo el objeto detachado : "com.videoclub.pojo.Movie@2d28fb02" (profundidad=0)
15:04:03,166 (main) DEBUG [DataNucleus.Persistence] - Objeto con identidad "com.videoclub.pojo.Movie:16" tiene cambio de lifeycle : "P_NEW"->"DETACHED_CLEAN"
15:04:03,166 (main) DEBUG [DataNucleus.Transaction] - Objeto con identidad "com.videoclub.pojo.Movie:16" fue borrado de la cache transactional
15:04:03,166 (main) DEBUG [DataNucleus.Persistence] - Disconectando objeto con identidad "com.videoclub.pojo.Movie:16" de StateManager[pc=com.videoclub.pojo.Movie@2d28fb02, lifecycle=DETACHED_CLEAN]
15:04:03,166 (main) DEBUG [DataNucleus.Cache] - Objeto con identidad="com.videoclub.pojo.Movie:16" borrado de la Cache de nivel 1
15:04:03,166 (main) DEBUG [DataNucleus.Transaction] - Transacción committed en 16 ms
15:04:03,166 (main) DEBUG [DataNucleus.Persistence] - ExecutionContext "org.datanucleus.ExecutionContextImpl@6680f714" se cerró
15:04:03,166 (main) DEBUG [DataNucleus.Persistence] - ExecutionContext "org.datanucleus.ExecutionContextImpl@6680f714" se abrió para la base de datos "org.datanucleus.store.rdbms.RDBMSStoreManager@1084f78c" con transaccion="org.datanucleus.transaction.TransactionImpl@6403a4a5"
15:04:03,166 (main) DEBUG [DataNucleus.Transaction] - Transaction created [DataNucleus Transaction, ID=1792540124-17, enlisted resources=[]]
15:04:03,166 (main) DEBUG [DataNucleus.Transaction] - Transacción empezada para el ExecutionContext org.datanucleus.ExecutionContextImpl@6680f714 (optimistic=false)
* Storing a class com.videoclub.pojo.Movie : Movie [title=Movie7, genre=THRILLER, duration=90, year=1990, director=paco, rentalPrice=6.75]
15:04:03,166 (main) DEBUG [DataNucleus.Persistence] - Haciendo el objeto persistente : "com.videoclub.pojo.Movie@4a6c0f38"
15:04:03,166 (main) DEBUG [DataNucleus.ValueGeneration] - Valor generado para el campo "com.videoclub.pojo.Movie.code" con estrategia="increment" (Generador="org.datanucleus.store.rdbms.valuegenerator.TableGenerator") : valor=17
15:04:03,166 (main) DEBUG [DataNucleus.Cache] - Objeto con identidad "com.videoclub.pojo.Movie:17" añadido a la Cache de nivel 1 (loadedFlags="[YYYYYYY]")
15:04:03,166 (main) DEBUG [DataNucleus.Transaction] - Objeto con identidad "com.videoclub.pojo.Movie:17" ha sido puesto en la cache transaccional
15:04:03,166 (main) DEBUG [DataNucleus.Persistence] - Objeto "com.videoclub.pojo.Movie@4a6c0f38" va a ser añadido a la tabla "`MOVIE`"
15:04:03,166 (main) DEBUG [DataNucleus.Connection] - ManagedConnection ABIERTO : "org.datanucleus.store.rdbms.ConnectionFactoryImpl$ManagedConnectionImpl@26d5a317 [conn=org.datanucleus.store.rdbms.datasource.dbcp2.PoolingDataSource$PoolGuardConnectionWrapper@70b6db83, commitOnRelease=false, closeOnRelease=false, closeOnTxnEnd=true]" en resource "tx" con isolación "read-committed" y auto-commit=false
15:04:03,166 (main) DEBUG [DataNucleus.Transaction] - Running enlist operation on resource: org.datanucleus.store.rdbms.ConnectionFactoryImpl$EmulatedXAResource@5a090f62, error code TMNOFLAGS and transaction [DataNucleus Transaction, ID=1792540124-17, enlisted resources=[]]
15:04:03,166 (main) DEBUG [DataNucleus.Datastore] - Utilizando PreparedStatement "com.mysql.cj.jdbc.ClientPreparedStatement: INSERT INTO `MOVIE` (`DIRECTOR`,`DURATION`,`GENRE`,`RENTALPRICE`,`TITLE`,`YEAR`,`CODE`) VALUES (** NOT SPECIFIED **,** NOT SPECIFIED **,** NOT SPECIFIED **,** NOT SPECIFIED **,** NOT SPECIFIED **,** NOT SPECIFIED **,** NOT SPECIFIED **)" para la conneccion "org.datanucleus.store.rdbms.datasource.dbcp2.PoolingDataSource$PoolGuardConnectionWrapper@70b6db83"
15:04:03,166 (main) DEBUG [DataNucleus.Datastore.Persist] - El statement "INSERT INTO `MOVIE` (`DIRECTOR`,`DURATION`,`GENRE`,`RENTALPRICE`,`TITLE`,`YEAR`,`CODE`) VALUES (?,?,?,?,?,?,?)" ya es batchable
15:04:03,166 (main) DEBUG [DataNucleus.Datastore.Persist] - Añadiendo statement "INSERT INTO `MOVIE` (`DIRECTOR`,`DURATION`,`GENRE`,`RENTALPRICE`,`TITLE`,`YEAR`,`CODE`) VALUES (?,?,?,?,?,?,?)" al batch para procesar (tamaño de batch = 1)
15:04:03,166 (main) DEBUG [DataNucleus.Datastore.Native] - INSERT INTO `MOVIE` (`DIRECTOR`,`DURATION`,`GENRE`,`RENTALPRICE`,`TITLE`,`YEAR`,`CODE`) VALUES (?,?,?,?,?,?,?)
15:04:03,166 (main) DEBUG [DataNucleus.Datastore] - SQL Tiempo de cumplir = 0 ms (numero de lineas cambiado = [1]) con el PreparedStatement "org.datanucleus.store.rdbms.datasource.dbcp2.DelegatingPreparedStatement@18709cb2"
15:04:03,166 (main) DEBUG [DataNucleus.Transaction] - Haciendo commit de la transaacción para el ExecutionContext org.datanucleus.ExecutionContextImpl@6680f714
15:04:03,166 (main) DEBUG [DataNucleus.Persistence] - ExecutionContext.internalFlush() empezado con flush ordenado - 1 objetos registrados
15:04:03,166 (main) DEBUG [DataNucleus.Persistence] - ExecutionContext.internalFlush() terminado
15:04:03,166 (main) DEBUG [DataNucleus.Persistence] - Persistence-By-Reachability (commit) : EMPIEZA
15:04:03,166 (main) DEBUG [DataNucleus.Persistence] - Haciendo la calculación de alcanzables con objeto con identidad "com.videoclub.pojo.Movie:17"
15:04:03,166 (main) DEBUG [DataNucleus.Cache] - Objeto con identidad "com.videoclub.pojo.Movie:17" obtenido de la Cache nivel 1 (loadedFlags="[YYYYYYY]")
15:04:03,166 (main) DEBUG [DataNucleus.Persistence] - Object con id "com.videoclub.pojo.Movie:17" y estado de vida "P_NEW" añadido a la lista de alcanzables al commit.
15:04:03,166 (main) DEBUG [DataNucleus.Persistence] - ExecutionContext.internalFlush() empezado con flush ordenado - 0 objetos registrados
15:04:03,166 (main) DEBUG [DataNucleus.Persistence] - ExecutionContext.internalFlush() terminado
15:04:03,166 (main) DEBUG [DataNucleus.Persistence] - Persistence-By-Reachability (commit) : TERMINADO
15:04:03,166 (main) DEBUG [DataNucleus.Cache] - Objeto con identidad "com.videoclub.pojo.Movie:17" añadido a la Cache de nivel 2 (campos="[0, 1, 2, 3, 4, 5, 6]", version="")
15:04:03,166 (main) DEBUG [DataNucleus.Cache] - El objeto con identidad "com.videoclub.pojo.Movie:17" va a tener los campos siguientes almacendados en el objeto de Level 2 cache : [0, 1, 2, 3, 4, 5, 6]
15:04:03,166 (main) DEBUG [DataNucleus.Transaction] - Committing [DataNucleus Transaction, ID=1792540124-17, enlisted resources=[org.datanucleus.store.rdbms.ConnectionFactoryImpl$EmulatedXAResource@5a090f62]]
15:04:03,166 (main) DEBUG [DataNucleus.Connection] - ManagedConnection VA A COMMIT : "org.datanucleus.store.rdbms.ConnectionFactoryImpl$ManagedConnectionImpl@26d5a317 [conn=org.datanucleus.store.rdbms.datasource.dbcp2.PoolingDataSource$PoolGuardConnectionWrapper@70b6db83, commitOnRelease=false, closeOnRelease=false, closeOnTxnEnd=true]"
15:04:03,166 (main) DEBUG [DataNucleus.Connection] - ManagedConnection CERRADO : "org.datanucleus.store.rdbms.ConnectionFactoryImpl$ManagedConnectionImpl@26d5a317 [conn=org.datanucleus.store.rdbms.datasource.dbcp2.PoolingDataSource$PoolGuardConnectionWrapper@70b6db83, commitOnRelease=false, closeOnRelease=false, closeOnTxnEnd=true]" 
15:04:03,166 (main) DEBUG [DataNucleus.Persistence] - Haciendo el objeto detachado : "com.videoclub.pojo.Movie@4a6c0f38" (profundidad=0)
15:04:03,166 (main) DEBUG [DataNucleus.Persistence] - Objeto con identidad "com.videoclub.pojo.Movie:17" tiene cambio de lifeycle : "P_NEW"->"DETACHED_CLEAN"
15:04:03,166 (main) DEBUG [DataNucleus.Transaction] - Objeto con identidad "com.videoclub.pojo.Movie:17" fue borrado de la cache transactional
15:04:03,166 (main) DEBUG [DataNucleus.Persistence] - Disconectando objeto con identidad "com.videoclub.pojo.Movie:17" de StateManager[pc=com.videoclub.pojo.Movie@4a6c0f38, lifecycle=DETACHED_CLEAN]
15:04:03,166 (main) DEBUG [DataNucleus.Cache] - Objeto con identidad="com.videoclub.pojo.Movie:17" borrado de la Cache de nivel 1
15:04:03,166 (main) DEBUG [DataNucleus.Transaction] - Transacción committed en 0 ms
15:04:03,166 (main) DEBUG [DataNucleus.Persistence] - ExecutionContext "org.datanucleus.ExecutionContextImpl@6680f714" se cerró
15:04:03,166 (main) DEBUG [DataNucleus.Persistence] - ExecutionContext "org.datanucleus.ExecutionContextImpl@6680f714" se abrió para la base de datos "org.datanucleus.store.rdbms.RDBMSStoreManager@1084f78c" con transaccion="org.datanucleus.transaction.TransactionImpl@89caf47"
15:04:03,166 (main) DEBUG [DataNucleus.Transaction] - Transaction created [DataNucleus Transaction, ID=1792540124-18, enlisted resources=[]]
15:04:03,166 (main) DEBUG [DataNucleus.Transaction] - Transacción empezada para el ExecutionContext org.datanucleus.ExecutionContextImpl@6680f714 (optimistic=false)
* Storing a class com.videoclub.pojo.Rental : Rental [id=0, title=Movie2, movie=Movie [title=Movie2, genre=DETECTIVE, duration=180, year=1989, director=luis, rentalPrice=5.74], code=13, customer=User [code=13, username=client,type=CLIENT, password=948fe603f61dc036b5c596dc09fe3ce3f3d30dc90f024c85f3c82db2ccab679d, email=client@email.com, name=ClientName, surname=ClientSurname], rentalDate=Mon May 22 15:04:03 CEST 2023, returnDate=Mon May 22 15:04:03 CEST 2023]
15:04:03,184 (main) DEBUG [DataNucleus.Persistence] - Haciendo el objeto persistente : "com.videoclub.pojo.Rental@39ab5ef7"
15:04:03,184 (main) DEBUG [DataNucleus.Datastore.Schema] - Attempt to find JDBC driver 'typeInfo' for jdbc-type=VARCHAR but sql-type=VARCHAR is not found. Using default sql-type for this jdbc-type.
15:04:03,184 (main) DEBUG [DataNucleus.Connection] - ManagedConnection ABIERTO : "org.datanucleus.store.rdbms.ConnectionFactoryImpl$ManagedConnectionImpl@517704 [conn=org.datanucleus.store.rdbms.datasource.dbcp2.PoolingDataSource$PoolGuardConnectionWrapper@77cca767, commitOnRelease=true, closeOnRelease=true, closeOnTxnEnd=true]" en resource "nontx" con isolación "read-committed" y auto-commit=false
15:04:03,184 (main) DEBUG [DataNucleus.Datastore.Schema] - Check of existence of videoclubdb.`SEQUENCE_TABLE` returned table type of TABLE
15:04:03,184 (main) DEBUG [DataNucleus.Datastore] - Utilizando PreparedStatement "com.mysql.cj.jdbc.ClientPreparedStatement: SELECT `NEXT_VAL` FROM videoclubdb.`SEQUENCE_TABLE` WHERE `SEQUENCE_NAME`=** NOT SPECIFIED ** FOR UPDATE" para la conneccion "org.datanucleus.store.rdbms.datasource.dbcp2.PoolingDataSource$PoolGuardConnectionWrapper@77cca767"
15:04:03,184 (main) DEBUG [DataNucleus.Datastore.Native] - SELECT `NEXT_VAL` FROM videoclubdb.`SEQUENCE_TABLE` WHERE `SEQUENCE_NAME`=? FOR UPDATE
15:04:03,184 (main) DEBUG [DataNucleus.Datastore.Retrieve] - SQL Tiempo de cumplir = 0 ms
15:04:03,184 (main) DEBUG [DataNucleus.Datastore] - Utilizando PreparedStatement "com.mysql.cj.jdbc.ClientPreparedStatement: SELECT MAX(`ID`) FROM videoclubdb.`RENTAL`" para la conneccion "org.datanucleus.store.rdbms.datasource.dbcp2.PoolingDataSource$PoolGuardConnectionWrapper@77cca767"
15:04:03,184 (main) DEBUG [DataNucleus.Datastore.Native] - SELECT MAX(`ID`) FROM videoclubdb.`RENTAL`
15:04:03,184 (main) DEBUG [DataNucleus.Datastore.Retrieve] - SQL Tiempo de cumplir = 0 ms
15:04:03,184 (main) DEBUG [DataNucleus.Datastore] - Utilizando PreparedStatement "com.mysql.cj.jdbc.ClientPreparedStatement: INSERT INTO videoclubdb.`SEQUENCE_TABLE` (`SEQUENCE_NAME`,`NEXT_VAL`) VALUES (** NOT SPECIFIED **,** NOT SPECIFIED **)" para la conneccion "org.datanucleus.store.rdbms.datasource.dbcp2.PoolingDataSource$PoolGuardConnectionWrapper@77cca767"
15:04:03,184 (main) DEBUG [DataNucleus.Datastore.Native] - INSERT INTO videoclubdb.`SEQUENCE_TABLE` (`SEQUENCE_NAME`,`NEXT_VAL`) VALUES (?,?)
15:04:03,184 (main) DEBUG [DataNucleus.Datastore.Persist] - SQL Tiempo de cumplir = 0 ms (numero de lineas cambiado = 1) con el PreparedStatement "org.datanucleus.store.rdbms.datasource.dbcp2.DelegatingPreparedStatement@4b195203"
15:04:03,184 (main) DEBUG [DataNucleus.Datastore] - Cerrando PreparedStatement "org.datanucleus.store.rdbms.datasource.dbcp2.DelegatingPreparedStatement@4b195203"
15:04:03,184 (main) DEBUG [DataNucleus.Datastore] - Cerrando PreparedStatement "org.datanucleus.store.rdbms.datasource.dbcp2.DelegatingPreparedStatement@31a136a6"
15:04:03,184 (main) DEBUG [DataNucleus.Datastore] - Cerrando PreparedStatement "org.datanucleus.store.rdbms.datasource.dbcp2.DelegatingPreparedStatement@2f9b21d6"
15:04:03,184 (main) DEBUG [DataNucleus.ValueGeneration] - Hemos reservado un bloque de 10 valores
15:04:03,184 (main) DEBUG [DataNucleus.Connection] - ManagedConnection VA A COMMIT : "org.datanucleus.store.rdbms.ConnectionFactoryImpl$ManagedConnectionImpl@517704 [conn=org.datanucleus.store.rdbms.datasource.dbcp2.PoolingDataSource$PoolGuardConnectionWrapper@77cca767, commitOnRelease=true, closeOnRelease=true, closeOnTxnEnd=true]"
15:04:03,200 (main) DEBUG [DataNucleus.Connection] - ManagedConnection CERRADO : "org.datanucleus.store.rdbms.ConnectionFactoryImpl$ManagedConnectionImpl@517704 [conn=org.datanucleus.store.rdbms.datasource.dbcp2.PoolingDataSource$PoolGuardConnectionWrapper@77cca767, commitOnRelease=true, closeOnRelease=true, closeOnTxnEnd=true]" 
15:04:03,200 (main) DEBUG [DataNucleus.ValueGeneration] - Valor generado para el campo "com.videoclub.pojo.Rental.id" con estrategia="increment" (Generador="org.datanucleus.store.rdbms.valuegenerator.TableGenerator") : valor=1
15:04:03,200 (main) DEBUG [DataNucleus.Cache] - Objeto con identidad "com.videoclub.pojo.Rental:1" añadido a la Cache de nivel 1 (loadedFlags="[YYYYY]")
15:04:03,200 (main) DEBUG [DataNucleus.Transaction] - Objeto con identidad "com.videoclub.pojo.Rental:1" ha sido puesto en la cache transaccional
15:04:03,200 (main) DEBUG [DataNucleus.Persistence] - Objeto "com.videoclub.pojo.Rental@39ab5ef7" va a ser añadido a la tabla "`RENTAL`"
15:04:03,200 (main) DEBUG [DataNucleus.Connection] - ManagedConnection ABIERTO : "org.datanucleus.store.rdbms.ConnectionFactoryImpl$ManagedConnectionImpl@16a3cc88 [conn=org.datanucleus.store.rdbms.datasource.dbcp2.PoolingDataSource$PoolGuardConnectionWrapper@696b52bc, commitOnRelease=false, closeOnRelease=false, closeOnTxnEnd=true]" en resource "tx" con isolación "read-committed" y auto-commit=false
15:04:03,200 (main) DEBUG [DataNucleus.Transaction] - Running enlist operation on resource: org.datanucleus.store.rdbms.ConnectionFactoryImpl$EmulatedXAResource@1f884bd6, error code TMNOFLAGS and transaction [DataNucleus Transaction, ID=1792540124-18, enlisted resources=[]]
15:04:03,200 (main) DEBUG [DataNucleus.Datastore] - Utilizando PreparedStatement "com.mysql.cj.jdbc.ClientPreparedStatement: INSERT INTO `RENTAL` (`CODE`,`RENTALDATE`,`RETURNDATE`,`TITLE`,`ID`) VALUES (** NOT SPECIFIED **,** NOT SPECIFIED **,** NOT SPECIFIED **,** NOT SPECIFIED **,** NOT SPECIFIED **)" para la conneccion "org.datanucleus.store.rdbms.datasource.dbcp2.PoolingDataSource$PoolGuardConnectionWrapper@696b52bc"
15:04:03,200 (main) DEBUG [DataNucleus.Datastore.Persist] - El statement "INSERT INTO `RENTAL` (`CODE`,`RENTALDATE`,`RETURNDATE`,`TITLE`,`ID`) VALUES (?,?,?,?,?)" ya es batchable
15:04:03,200 (main) DEBUG [DataNucleus.Persistence] - El objeto con identidad "com.videoclub.pojo.Rental:1" va a tener el valor en el campo "returnDate" cambiado por un SCO wrapper
15:04:03,200 (main) DEBUG [DataNucleus.Persistence] - El objeto con identidad "com.videoclub.pojo.Rental:1" va a tener el valor en el campo "rentalDate" cambiado por un SCO wrapper
15:04:03,200 (main) DEBUG [DataNucleus.Datastore.Persist] - Añadiendo statement "INSERT INTO `RENTAL` (`CODE`,`RENTALDATE`,`RETURNDATE`,`TITLE`,`ID`) VALUES (?,?,?,?,?)" al batch para procesar (tamaño de batch = 1)
15:04:03,200 (main) DEBUG [DataNucleus.Datastore.Native] - INSERT INTO `RENTAL` (`CODE`,`RENTALDATE`,`RETURNDATE`,`TITLE`,`ID`) VALUES (?,?,?,?,?)
15:04:03,200 (main) DEBUG [DataNucleus.Datastore] - SQL Tiempo de cumplir = 0 ms (numero de lineas cambiado = [1]) con el PreparedStatement "org.datanucleus.store.rdbms.datasource.dbcp2.DelegatingPreparedStatement@329dc214"
15:04:03,200 (main) DEBUG [DataNucleus.Transaction] - Haciendo commit de la transaacción para el ExecutionContext org.datanucleus.ExecutionContextImpl@6680f714
15:04:03,200 (main) DEBUG [DataNucleus.Persistence] - ExecutionContext.internalFlush() empezado con flush ordenado - 1 objetos registrados
15:04:03,200 (main) DEBUG [DataNucleus.Persistence] - ExecutionContext.internalFlush() terminado
15:04:03,200 (main) DEBUG [DataNucleus.Persistence] - Persistence-By-Reachability (commit) : EMPIEZA
15:04:03,200 (main) DEBUG [DataNucleus.Persistence] - Haciendo la calculación de alcanzables con objeto con identidad "com.videoclub.pojo.Rental:1"
15:04:03,200 (main) DEBUG [DataNucleus.Cache] - Objeto con identidad "com.videoclub.pojo.Rental:1" obtenido de la Cache nivel 1 (loadedFlags="[YYYYY]")
15:04:03,200 (main) DEBUG [DataNucleus.Persistence] - Object con id "com.videoclub.pojo.Rental:1" y estado de vida "P_NEW" añadido a la lista de alcanzables al commit.
15:04:03,200 (main) DEBUG [DataNucleus.Persistence] - ExecutionContext.internalFlush() empezado con flush ordenado - 0 objetos registrados
15:04:03,200 (main) DEBUG [DataNucleus.Persistence] - ExecutionContext.internalFlush() terminado
15:04:03,200 (main) DEBUG [DataNucleus.Persistence] - Persistence-By-Reachability (commit) : TERMINADO
15:04:03,200 (main) DEBUG [DataNucleus.Cache] - Objeto con identidad "com.videoclub.pojo.Rental:1" añadido a la Cache de nivel 2 (campos="[0, 1, 2, 3, 4]", version="")
15:04:03,200 (main) DEBUG [DataNucleus.Cache] - El objeto con identidad "com.videoclub.pojo.Rental:1" va a tener los campos siguientes almacendados en el objeto de Level 2 cache : [0, 1, 2, 3, 4]
15:04:03,200 (main) DEBUG [DataNucleus.Transaction] - Committing [DataNucleus Transaction, ID=1792540124-18, enlisted resources=[org.datanucleus.store.rdbms.ConnectionFactoryImpl$EmulatedXAResource@1f884bd6]]
15:04:03,200 (main) DEBUG [DataNucleus.Connection] - ManagedConnection VA A COMMIT : "org.datanucleus.store.rdbms.ConnectionFactoryImpl$ManagedConnectionImpl@16a3cc88 [conn=org.datanucleus.store.rdbms.datasource.dbcp2.PoolingDataSource$PoolGuardConnectionWrapper@696b52bc, commitOnRelease=false, closeOnRelease=false, closeOnTxnEnd=true]"
15:04:03,214 (main) DEBUG [DataNucleus.Connection] - ManagedConnection CERRADO : "org.datanucleus.store.rdbms.ConnectionFactoryImpl$ManagedConnectionImpl@16a3cc88 [conn=org.datanucleus.store.rdbms.datasource.dbcp2.PoolingDataSource$PoolGuardConnectionWrapper@696b52bc, commitOnRelease=false, closeOnRelease=false, closeOnTxnEnd=true]" 
15:04:03,214 (main) DEBUG [DataNucleus.Persistence] - Haciendo el objeto detachado : "com.videoclub.pojo.Rental@39ab5ef7" (profundidad=0)
15:04:03,214 (main) DEBUG [DataNucleus.Persistence] - El objeto con identidad "com.videoclub.pojo.Rental:1" va a tener el SCO wrapper en el campo "rentalDate" cambiado por el valor
15:04:03,214 (main) DEBUG [DataNucleus.Persistence] - El objeto con identidad "com.videoclub.pojo.Rental:1" va a tener el SCO wrapper en el campo "returnDate" cambiado por el valor
15:04:03,214 (main) DEBUG [DataNucleus.Persistence] - Objeto con identidad "com.videoclub.pojo.Rental:1" tiene cambio de lifeycle : "P_NEW"->"DETACHED_CLEAN"
15:04:03,214 (main) DEBUG [DataNucleus.Transaction] - Objeto con identidad "com.videoclub.pojo.Rental:1" fue borrado de la cache transactional
15:04:03,214 (main) DEBUG [DataNucleus.Persistence] - Disconectando objeto con identidad "com.videoclub.pojo.Rental:1" de StateManager[pc=com.videoclub.pojo.Rental@39ab5ef7, lifecycle=DETACHED_CLEAN]
15:04:03,214 (main) DEBUG [DataNucleus.Cache] - Objeto con identidad="com.videoclub.pojo.Rental:1" borrado de la Cache de nivel 1
15:04:03,214 (main) DEBUG [DataNucleus.Transaction] - Transacción committed en 14 ms
15:04:03,214 (main) DEBUG [DataNucleus.Persistence] - ExecutionContext "org.datanucleus.ExecutionContextImpl@6680f714" se cerró
15:04:03,214 (main) DEBUG [DataNucleus.Persistence] - ExecutionContext "org.datanucleus.ExecutionContextImpl@6680f714" se abrió para la base de datos "org.datanucleus.store.rdbms.RDBMSStoreManager@1084f78c" con transaccion="org.datanucleus.transaction.TransactionImpl@5db948c9"
15:04:03,214 (main) DEBUG [DataNucleus.Transaction] - Transaction created [DataNucleus Transaction, ID=1792540124-19, enlisted resources=[]]
15:04:03,214 (main) DEBUG [DataNucleus.Transaction] - Transacción empezada para el ExecutionContext org.datanucleus.ExecutionContextImpl@6680f714 (optimistic=false)
* Storing a class com.videoclub.pojo.Rental : Rental [id=0, title=Movie1, movie=Movie [title=Movie1, genre=COMEDY, duration=90, year=2023, director=paco, rentalPrice=19.9], code=12, customer=User [code=12, username=assaz,type=CLIENT, password=3200a7486419e1efd8cbbad503fb0c6140ef7e7cf69807249fda25d59c215e5c, email=asier.account@email.com, name=Asier, surname=Belloso], rentalDate=Mon May 22 15:04:03 CEST 2023, returnDate=Mon May 22 15:04:03 CEST 2023]
15:04:03,214 (main) DEBUG [DataNucleus.Persistence] - Haciendo el objeto persistente : "com.videoclub.pojo.Rental@357c9bd9"
15:04:03,214 (main) DEBUG [DataNucleus.ValueGeneration] - Valor generado para el campo "com.videoclub.pojo.Rental.id" con estrategia="increment" (Generador="org.datanucleus.store.rdbms.valuegenerator.TableGenerator") : valor=2
15:04:03,214 (main) DEBUG [DataNucleus.Cache] - Objeto con identidad "com.videoclub.pojo.Rental:2" añadido a la Cache de nivel 1 (loadedFlags="[YYYYY]")
15:04:03,214 (main) DEBUG [DataNucleus.Transaction] - Objeto con identidad "com.videoclub.pojo.Rental:2" ha sido puesto en la cache transaccional
15:04:03,214 (main) DEBUG [DataNucleus.Persistence] - Objeto "com.videoclub.pojo.Rental@357c9bd9" va a ser añadido a la tabla "`RENTAL`"
15:04:03,214 (main) DEBUG [DataNucleus.Connection] - ManagedConnection ABIERTO : "org.datanucleus.store.rdbms.ConnectionFactoryImpl$ManagedConnectionImpl@6d0290d8 [conn=org.datanucleus.store.rdbms.datasource.dbcp2.PoolingDataSource$PoolGuardConnectionWrapper@32507479, commitOnRelease=false, closeOnRelease=false, closeOnTxnEnd=true]" en resource "tx" con isolación "read-committed" y auto-commit=false
15:04:03,214 (main) DEBUG [DataNucleus.Transaction] - Running enlist operation on resource: org.datanucleus.store.rdbms.ConnectionFactoryImpl$EmulatedXAResource@632383b9, error code TMNOFLAGS and transaction [DataNucleus Transaction, ID=1792540124-19, enlisted resources=[]]
15:04:03,214 (main) DEBUG [DataNucleus.Datastore] - Utilizando PreparedStatement "com.mysql.cj.jdbc.ClientPreparedStatement: INSERT INTO `RENTAL` (`CODE`,`RENTALDATE`,`RETURNDATE`,`TITLE`,`ID`) VALUES (** NOT SPECIFIED **,** NOT SPECIFIED **,** NOT SPECIFIED **,** NOT SPECIFIED **,** NOT SPECIFIED **)" para la conneccion "org.datanucleus.store.rdbms.datasource.dbcp2.PoolingDataSource$PoolGuardConnectionWrapper@32507479"
15:04:03,214 (main) DEBUG [DataNucleus.Datastore.Persist] - El statement "INSERT INTO `RENTAL` (`CODE`,`RENTALDATE`,`RETURNDATE`,`TITLE`,`ID`) VALUES (?,?,?,?,?)" ya es batchable
15:04:03,214 (main) DEBUG [DataNucleus.Persistence] - El objeto con identidad "com.videoclub.pojo.Rental:2" va a tener el valor en el campo "returnDate" cambiado por un SCO wrapper
15:04:03,214 (main) DEBUG [DataNucleus.Persistence] - El objeto con identidad "com.videoclub.pojo.Rental:2" va a tener el valor en el campo "rentalDate" cambiado por un SCO wrapper
15:04:03,214 (main) DEBUG [DataNucleus.Datastore.Persist] - Añadiendo statement "INSERT INTO `RENTAL` (`CODE`,`RENTALDATE`,`RETURNDATE`,`TITLE`,`ID`) VALUES (?,?,?,?,?)" al batch para procesar (tamaño de batch = 1)
15:04:03,214 (main) DEBUG [DataNucleus.Datastore.Native] - INSERT INTO `RENTAL` (`CODE`,`RENTALDATE`,`RETURNDATE`,`TITLE`,`ID`) VALUES (?,?,?,?,?)
15:04:03,214 (main) DEBUG [DataNucleus.Datastore] - SQL Tiempo de cumplir = 0 ms (numero de lineas cambiado = [1]) con el PreparedStatement "org.datanucleus.store.rdbms.datasource.dbcp2.DelegatingPreparedStatement@2dd63e3"
15:04:03,214 (main) DEBUG [DataNucleus.Transaction] - Haciendo commit de la transaacción para el ExecutionContext org.datanucleus.ExecutionContextImpl@6680f714
15:04:03,214 (main) DEBUG [DataNucleus.Persistence] - ExecutionContext.internalFlush() empezado con flush ordenado - 1 objetos registrados
15:04:03,214 (main) DEBUG [DataNucleus.Persistence] - ExecutionContext.internalFlush() terminado
15:04:03,214 (main) DEBUG [DataNucleus.Persistence] - Persistence-By-Reachability (commit) : EMPIEZA
15:04:03,214 (main) DEBUG [DataNucleus.Persistence] - Haciendo la calculación de alcanzables con objeto con identidad "com.videoclub.pojo.Rental:2"
15:04:03,214 (main) DEBUG [DataNucleus.Cache] - Objeto con identidad "com.videoclub.pojo.Rental:2" obtenido de la Cache nivel 1 (loadedFlags="[YYYYY]")
15:04:03,214 (main) DEBUG [DataNucleus.Persistence] - Object con id "com.videoclub.pojo.Rental:2" y estado de vida "P_NEW" añadido a la lista de alcanzables al commit.
15:04:03,214 (main) DEBUG [DataNucleus.Persistence] - ExecutionContext.internalFlush() empezado con flush ordenado - 0 objetos registrados
15:04:03,214 (main) DEBUG [DataNucleus.Persistence] - ExecutionContext.internalFlush() terminado
15:04:03,214 (main) DEBUG [DataNucleus.Persistence] - Persistence-By-Reachability (commit) : TERMINADO
15:04:03,214 (main) DEBUG [DataNucleus.Cache] - Objeto con identidad "com.videoclub.pojo.Rental:2" añadido a la Cache de nivel 2 (campos="[0, 1, 2, 3, 4]", version="")
15:04:03,214 (main) DEBUG [DataNucleus.Cache] - El objeto con identidad "com.videoclub.pojo.Rental:2" va a tener los campos siguientes almacendados en el objeto de Level 2 cache : [0, 1, 2, 3, 4]
15:04:03,214 (main) DEBUG [DataNucleus.Transaction] - Committing [DataNucleus Transaction, ID=1792540124-19, enlisted resources=[org.datanucleus.store.rdbms.ConnectionFactoryImpl$EmulatedXAResource@632383b9]]
15:04:03,214 (main) DEBUG [DataNucleus.Connection] - ManagedConnection VA A COMMIT : "org.datanucleus.store.rdbms.ConnectionFactoryImpl$ManagedConnectionImpl@6d0290d8 [conn=org.datanucleus.store.rdbms.datasource.dbcp2.PoolingDataSource$PoolGuardConnectionWrapper@32507479, commitOnRelease=false, closeOnRelease=false, closeOnTxnEnd=true]"
15:04:03,214 (main) DEBUG [DataNucleus.Connection] - ManagedConnection CERRADO : "org.datanucleus.store.rdbms.ConnectionFactoryImpl$ManagedConnectionImpl@6d0290d8 [conn=org.datanucleus.store.rdbms.datasource.dbcp2.PoolingDataSource$PoolGuardConnectionWrapper@32507479, commitOnRelease=false, closeOnRelease=false, closeOnTxnEnd=true]" 
15:04:03,214 (main) DEBUG [DataNucleus.Persistence] - Haciendo el objeto detachado : "com.videoclub.pojo.Rental@357c9bd9" (profundidad=0)
15:04:03,214 (main) DEBUG [DataNucleus.Persistence] - El objeto con identidad "com.videoclub.pojo.Rental:2" va a tener el SCO wrapper en el campo "rentalDate" cambiado por el valor
15:04:03,214 (main) DEBUG [DataNucleus.Persistence] - El objeto con identidad "com.videoclub.pojo.Rental:2" va a tener el SCO wrapper en el campo "returnDate" cambiado por el valor
15:04:03,214 (main) DEBUG [DataNucleus.Persistence] - Objeto con identidad "com.videoclub.pojo.Rental:2" tiene cambio de lifeycle : "P_NEW"->"DETACHED_CLEAN"
15:04:03,214 (main) DEBUG [DataNucleus.Transaction] - Objeto con identidad "com.videoclub.pojo.Rental:2" fue borrado de la cache transactional
15:04:03,214 (main) DEBUG [DataNucleus.Persistence] - Disconectando objeto con identidad "com.videoclub.pojo.Rental:2" de StateManager[pc=com.videoclub.pojo.Rental@357c9bd9, lifecycle=DETACHED_CLEAN]
15:04:03,214 (main) DEBUG [DataNucleus.Cache] - Objeto con identidad="com.videoclub.pojo.Rental:2" borrado de la Cache de nivel 1
15:04:03,214 (main) DEBUG [DataNucleus.Transaction] - Transacción committed en 0 ms
15:04:03,214 (main) DEBUG [DataNucleus.Persistence] - ExecutionContext "org.datanucleus.ExecutionContextImpl@6680f714" se cerró
15:04:03,214 (main) DEBUG [DataNucleus.Persistence] - ExecutionContext "org.datanucleus.ExecutionContextImpl@6680f714" se abrió para la base de datos "org.datanucleus.store.rdbms.RDBMSStoreManager@1084f78c" con transaccion="org.datanucleus.transaction.TransactionImpl@209f3887"
15:04:03,214 (main) DEBUG [DataNucleus.Transaction] - Transaction created [DataNucleus Transaction, ID=1792540124-20, enlisted resources=[]]
15:04:03,214 (main) DEBUG [DataNucleus.Transaction] - Transacción empezada para el ExecutionContext org.datanucleus.ExecutionContextImpl@6680f714 (optimistic=false)
* Storing a class com.videoclub.pojo.Rental : Rental [id=0, title=Movie1, movie=Movie [title=Movie1, genre=COMEDY, duration=90, year=2023, director=paco, rentalPrice=19.9], code=13, customer=User [code=13, username=client,type=CLIENT, password=948fe603f61dc036b5c596dc09fe3ce3f3d30dc90f024c85f3c82db2ccab679d, email=client@email.com, name=ClientName, surname=ClientSurname], rentalDate=Mon May 22 15:04:03 CEST 2023, returnDate=Mon May 22 15:04:03 CEST 2023]
15:04:03,214 (main) DEBUG [DataNucleus.Persistence] - Haciendo el objeto persistente : "com.videoclub.pojo.Rental@3b35798"
15:04:03,214 (main) DEBUG [DataNucleus.ValueGeneration] - Valor generado para el campo "com.videoclub.pojo.Rental.id" con estrategia="increment" (Generador="org.datanucleus.store.rdbms.valuegenerator.TableGenerator") : valor=3
15:04:03,214 (main) DEBUG [DataNucleus.Cache] - Objeto con identidad "com.videoclub.pojo.Rental:3" añadido a la Cache de nivel 1 (loadedFlags="[YYYYY]")
15:04:03,214 (main) DEBUG [DataNucleus.Transaction] - Objeto con identidad "com.videoclub.pojo.Rental:3" ha sido puesto en la cache transaccional
15:04:03,214 (main) DEBUG [DataNucleus.Persistence] - Objeto "com.videoclub.pojo.Rental@3b35798" va a ser añadido a la tabla "`RENTAL`"
15:04:03,214 (main) DEBUG [DataNucleus.Connection] - ManagedConnection ABIERTO : "org.datanucleus.store.rdbms.ConnectionFactoryImpl$ManagedConnectionImpl@4702e7a5 [conn=org.datanucleus.store.rdbms.datasource.dbcp2.PoolingDataSource$PoolGuardConnectionWrapper@6a2d867d, commitOnRelease=false, closeOnRelease=false, closeOnTxnEnd=true]" en resource "tx" con isolación "read-committed" y auto-commit=false
15:04:03,214 (main) DEBUG [DataNucleus.Transaction] - Running enlist operation on resource: org.datanucleus.store.rdbms.ConnectionFactoryImpl$EmulatedXAResource@73bb1337, error code TMNOFLAGS and transaction [DataNucleus Transaction, ID=1792540124-20, enlisted resources=[]]
15:04:03,214 (main) DEBUG [DataNucleus.Datastore] - Utilizando PreparedStatement "com.mysql.cj.jdbc.ClientPreparedStatement: INSERT INTO `RENTAL` (`CODE`,`RENTALDATE`,`RETURNDATE`,`TITLE`,`ID`) VALUES (** NOT SPECIFIED **,** NOT SPECIFIED **,** NOT SPECIFIED **,** NOT SPECIFIED **,** NOT SPECIFIED **)" para la conneccion "org.datanucleus.store.rdbms.datasource.dbcp2.PoolingDataSource$PoolGuardConnectionWrapper@6a2d867d"
15:04:03,214 (main) DEBUG [DataNucleus.Datastore.Persist] - El statement "INSERT INTO `RENTAL` (`CODE`,`RENTALDATE`,`RETURNDATE`,`TITLE`,`ID`) VALUES (?,?,?,?,?)" ya es batchable
15:04:03,214 (main) DEBUG [DataNucleus.Persistence] - El objeto con identidad "com.videoclub.pojo.Rental:3" va a tener el valor en el campo "returnDate" cambiado por un SCO wrapper
15:04:03,214 (main) DEBUG [DataNucleus.Persistence] - El objeto con identidad "com.videoclub.pojo.Rental:3" va a tener el valor en el campo "rentalDate" cambiado por un SCO wrapper
15:04:03,214 (main) DEBUG [DataNucleus.Datastore.Persist] - Añadiendo statement "INSERT INTO `RENTAL` (`CODE`,`RENTALDATE`,`RETURNDATE`,`TITLE`,`ID`) VALUES (?,?,?,?,?)" al batch para procesar (tamaño de batch = 1)
15:04:03,214 (main) DEBUG [DataNucleus.Datastore.Native] - INSERT INTO `RENTAL` (`CODE`,`RENTALDATE`,`RETURNDATE`,`TITLE`,`ID`) VALUES (?,?,?,?,?)
15:04:03,214 (main) DEBUG [DataNucleus.Datastore] - SQL Tiempo de cumplir = 0 ms (numero de lineas cambiado = [1]) con el PreparedStatement "org.datanucleus.store.rdbms.datasource.dbcp2.DelegatingPreparedStatement@3e28d779"
15:04:03,214 (main) DEBUG [DataNucleus.Transaction] - Haciendo commit de la transaacción para el ExecutionContext org.datanucleus.ExecutionContextImpl@6680f714
15:04:03,214 (main) DEBUG [DataNucleus.Persistence] - ExecutionContext.internalFlush() empezado con flush ordenado - 1 objetos registrados
15:04:03,214 (main) DEBUG [DataNucleus.Persistence] - ExecutionContext.internalFlush() terminado
15:04:03,214 (main) DEBUG [DataNucleus.Persistence] - Persistence-By-Reachability (commit) : EMPIEZA
15:04:03,214 (main) DEBUG [DataNucleus.Persistence] - Haciendo la calculación de alcanzables con objeto con identidad "com.videoclub.pojo.Rental:3"
15:04:03,214 (main) DEBUG [DataNucleus.Cache] - Objeto con identidad "com.videoclub.pojo.Rental:3" obtenido de la Cache nivel 1 (loadedFlags="[YYYYY]")
15:04:03,214 (main) DEBUG [DataNucleus.Persistence] - Object con id "com.videoclub.pojo.Rental:3" y estado de vida "P_NEW" añadido a la lista de alcanzables al commit.
15:04:03,214 (main) DEBUG [DataNucleus.Persistence] - ExecutionContext.internalFlush() empezado con flush ordenado - 0 objetos registrados
15:04:03,214 (main) DEBUG [DataNucleus.Persistence] - ExecutionContext.internalFlush() terminado
15:04:03,214 (main) DEBUG [DataNucleus.Persistence] - Persistence-By-Reachability (commit) : TERMINADO
15:04:03,214 (main) DEBUG [DataNucleus.Cache] - Objeto con identidad "com.videoclub.pojo.Rental:3" añadido a la Cache de nivel 2 (campos="[0, 1, 2, 3, 4]", version="")
15:04:03,214 (main) DEBUG [DataNucleus.Cache] - El objeto con identidad "com.videoclub.pojo.Rental:3" va a tener los campos siguientes almacendados en el objeto de Level 2 cache : [0, 1, 2, 3, 4]
15:04:03,214 (main) DEBUG [DataNucleus.Transaction] - Committing [DataNucleus Transaction, ID=1792540124-20, enlisted resources=[org.datanucleus.store.rdbms.ConnectionFactoryImpl$EmulatedXAResource@73bb1337]]
15:04:03,214 (main) DEBUG [DataNucleus.Connection] - ManagedConnection VA A COMMIT : "org.datanucleus.store.rdbms.ConnectionFactoryImpl$ManagedConnectionImpl@4702e7a5 [conn=org.datanucleus.store.rdbms.datasource.dbcp2.PoolingDataSource$PoolGuardConnectionWrapper@6a2d867d, commitOnRelease=false, closeOnRelease=false, closeOnTxnEnd=true]"
15:04:03,230 (main) DEBUG [DataNucleus.Connection] - ManagedConnection CERRADO : "org.datanucleus.store.rdbms.ConnectionFactoryImpl$ManagedConnectionImpl@4702e7a5 [conn=org.datanucleus.store.rdbms.datasource.dbcp2.PoolingDataSource$PoolGuardConnectionWrapper@6a2d867d, commitOnRelease=false, closeOnRelease=false, closeOnTxnEnd=true]" 
15:04:03,230 (main) DEBUG [DataNucleus.Persistence] - Haciendo el objeto detachado : "com.videoclub.pojo.Rental@3b35798" (profundidad=0)
15:04:03,230 (main) DEBUG [DataNucleus.Persistence] - El objeto con identidad "com.videoclub.pojo.Rental:3" va a tener el SCO wrapper en el campo "rentalDate" cambiado por el valor
15:04:03,230 (main) DEBUG [DataNucleus.Persistence] - El objeto con identidad "com.videoclub.pojo.Rental:3" va a tener el SCO wrapper en el campo "returnDate" cambiado por el valor
15:04:03,230 (main) DEBUG [DataNucleus.Persistence] - Objeto con identidad "com.videoclub.pojo.Rental:3" tiene cambio de lifeycle : "P_NEW"->"DETACHED_CLEAN"
15:04:03,230 (main) DEBUG [DataNucleus.Transaction] - Objeto con identidad "com.videoclub.pojo.Rental:3" fue borrado de la cache transactional
15:04:03,230 (main) DEBUG [DataNucleus.Persistence] - Disconectando objeto con identidad "com.videoclub.pojo.Rental:3" de StateManager[pc=com.videoclub.pojo.Rental@3b35798, lifecycle=DETACHED_CLEAN]
15:04:03,230 (main) DEBUG [DataNucleus.Cache] - Objeto con identidad="com.videoclub.pojo.Rental:3" borrado de la Cache de nivel 1
15:04:03,230 (main) DEBUG [DataNucleus.Transaction] - Transacción committed en 16 ms
15:04:03,230 (main) DEBUG [DataNucleus.Persistence] - ExecutionContext "org.datanucleus.ExecutionContextImpl@6680f714" se cerró
15:04:03,230 (main) DEBUG [DataNucleus.Persistence] - ExecutionContext "org.datanucleus.ExecutionContextImpl@6680f714" se abrió para la base de datos "org.datanucleus.store.rdbms.RDBMSStoreManager@1084f78c" con transaccion="org.datanucleus.transaction.TransactionImpl@784d9bc"
15:04:03,230 (main) DEBUG [DataNucleus.Transaction] - Transaction created [DataNucleus Transaction, ID=1792540124-21, enlisted resources=[]]
15:04:03,230 (main) DEBUG [DataNucleus.Transaction] - Transacción empezada para el ExecutionContext org.datanucleus.ExecutionContextImpl@6680f714 (optimistic=false)
* Storing a class com.videoclub.pojo.Rental : Rental [id=0, title=Movie2, movie=Movie [title=Movie2, genre=DETECTIVE, duration=180, year=1989, director=luis, rentalPrice=5.74], code=11, customer=User [code=11, username=admin,type=ADMIN, password=8c6976e5b5410415bde908bd4dee15dfb167a9c873fc4bb8a81f6f2ab448a918, email=admin@email.com, name=AdminName, surname=AdminSurname], rentalDate=Mon May 22 15:04:03 CEST 2023, returnDate=Mon May 22 15:04:03 CEST 2023]
15:04:03,230 (main) DEBUG [DataNucleus.Persistence] - Haciendo el objeto persistente : "com.videoclub.pojo.Rental@426131d7"
15:04:03,230 (main) DEBUG [DataNucleus.ValueGeneration] - Valor generado para el campo "com.videoclub.pojo.Rental.id" con estrategia="increment" (Generador="org.datanucleus.store.rdbms.valuegenerator.TableGenerator") : valor=4
15:04:03,230 (main) DEBUG [DataNucleus.Cache] - Objeto con identidad "com.videoclub.pojo.Rental:4" añadido a la Cache de nivel 1 (loadedFlags="[YYYYY]")
15:04:03,230 (main) DEBUG [DataNucleus.Transaction] - Objeto con identidad "com.videoclub.pojo.Rental:4" ha sido puesto en la cache transaccional
15:04:03,230 (main) DEBUG [DataNucleus.Persistence] - Objeto "com.videoclub.pojo.Rental@426131d7" va a ser añadido a la tabla "`RENTAL`"
15:04:03,230 (main) DEBUG [DataNucleus.Connection] - ManagedConnection ABIERTO : "org.datanucleus.store.rdbms.ConnectionFactoryImpl$ManagedConnectionImpl@7c7e73c5 [conn=org.datanucleus.store.rdbms.datasource.dbcp2.PoolingDataSource$PoolGuardConnectionWrapper@13cc0b90, commitOnRelease=false, closeOnRelease=false, closeOnTxnEnd=true]" en resource "tx" con isolación "read-committed" y auto-commit=false
15:04:03,230 (main) DEBUG [DataNucleus.Transaction] - Running enlist operation on resource: org.datanucleus.store.rdbms.ConnectionFactoryImpl$EmulatedXAResource@58687fb7, error code TMNOFLAGS and transaction [DataNucleus Transaction, ID=1792540124-21, enlisted resources=[]]
15:04:03,230 (main) DEBUG [DataNucleus.Datastore] - Utilizando PreparedStatement "com.mysql.cj.jdbc.ClientPreparedStatement: INSERT INTO `RENTAL` (`CODE`,`RENTALDATE`,`RETURNDATE`,`TITLE`,`ID`) VALUES (** NOT SPECIFIED **,** NOT SPECIFIED **,** NOT SPECIFIED **,** NOT SPECIFIED **,** NOT SPECIFIED **)" para la conneccion "org.datanucleus.store.rdbms.datasource.dbcp2.PoolingDataSource$PoolGuardConnectionWrapper@13cc0b90"
15:04:03,230 (main) DEBUG [DataNucleus.Datastore.Persist] - El statement "INSERT INTO `RENTAL` (`CODE`,`RENTALDATE`,`RETURNDATE`,`TITLE`,`ID`) VALUES (?,?,?,?,?)" ya es batchable
15:04:03,230 (main) DEBUG [DataNucleus.Persistence] - El objeto con identidad "com.videoclub.pojo.Rental:4" va a tener el valor en el campo "returnDate" cambiado por un SCO wrapper
15:04:03,230 (main) DEBUG [DataNucleus.Persistence] - El objeto con identidad "com.videoclub.pojo.Rental:4" va a tener el valor en el campo "rentalDate" cambiado por un SCO wrapper
15:04:03,230 (main) DEBUG [DataNucleus.Datastore.Persist] - Añadiendo statement "INSERT INTO `RENTAL` (`CODE`,`RENTALDATE`,`RETURNDATE`,`TITLE`,`ID`) VALUES (?,?,?,?,?)" al batch para procesar (tamaño de batch = 1)
15:04:03,230 (main) DEBUG [DataNucleus.Datastore.Native] - INSERT INTO `RENTAL` (`CODE`,`RENTALDATE`,`RETURNDATE`,`TITLE`,`ID`) VALUES (?,?,?,?,?)
15:04:03,230 (main) DEBUG [DataNucleus.Datastore] - SQL Tiempo de cumplir = 0 ms (numero de lineas cambiado = [1]) con el PreparedStatement "org.datanucleus.store.rdbms.datasource.dbcp2.DelegatingPreparedStatement@49580ca8"
15:04:03,230 (main) DEBUG [DataNucleus.Transaction] - Haciendo commit de la transaacción para el ExecutionContext org.datanucleus.ExecutionContextImpl@6680f714
15:04:03,230 (main) DEBUG [DataNucleus.Persistence] - ExecutionContext.internalFlush() empezado con flush ordenado - 1 objetos registrados
15:04:03,230 (main) DEBUG [DataNucleus.Persistence] - ExecutionContext.internalFlush() terminado
15:04:03,230 (main) DEBUG [DataNucleus.Persistence] - Persistence-By-Reachability (commit) : EMPIEZA
15:04:03,230 (main) DEBUG [DataNucleus.Persistence] - Haciendo la calculación de alcanzables con objeto con identidad "com.videoclub.pojo.Rental:4"
15:04:03,230 (main) DEBUG [DataNucleus.Cache] - Objeto con identidad "com.videoclub.pojo.Rental:4" obtenido de la Cache nivel 1 (loadedFlags="[YYYYY]")
15:04:03,230 (main) DEBUG [DataNucleus.Persistence] - Object con id "com.videoclub.pojo.Rental:4" y estado de vida "P_NEW" añadido a la lista de alcanzables al commit.
15:04:03,230 (main) DEBUG [DataNucleus.Persistence] - ExecutionContext.internalFlush() empezado con flush ordenado - 0 objetos registrados
15:04:03,230 (main) DEBUG [DataNucleus.Persistence] - ExecutionContext.internalFlush() terminado
15:04:03,230 (main) DEBUG [DataNucleus.Persistence] - Persistence-By-Reachability (commit) : TERMINADO
15:04:03,230 (main) DEBUG [DataNucleus.Cache] - Objeto con identidad "com.videoclub.pojo.Rental:4" añadido a la Cache de nivel 2 (campos="[0, 1, 2, 3, 4]", version="")
15:04:03,230 (main) DEBUG [DataNucleus.Cache] - El objeto con identidad "com.videoclub.pojo.Rental:4" va a tener los campos siguientes almacendados en el objeto de Level 2 cache : [0, 1, 2, 3, 4]
15:04:03,230 (main) DEBUG [DataNucleus.Transaction] - Committing [DataNucleus Transaction, ID=1792540124-21, enlisted resources=[org.datanucleus.store.rdbms.ConnectionFactoryImpl$EmulatedXAResource@58687fb7]]
15:04:03,230 (main) DEBUG [DataNucleus.Connection] - ManagedConnection VA A COMMIT : "org.datanucleus.store.rdbms.ConnectionFactoryImpl$ManagedConnectionImpl@7c7e73c5 [conn=org.datanucleus.store.rdbms.datasource.dbcp2.PoolingDataSource$PoolGuardConnectionWrapper@13cc0b90, commitOnRelease=false, closeOnRelease=false, closeOnTxnEnd=true]"
15:04:03,230 (main) DEBUG [DataNucleus.Connection] - ManagedConnection CERRADO : "org.datanucleus.store.rdbms.ConnectionFactoryImpl$ManagedConnectionImpl@7c7e73c5 [conn=org.datanucleus.store.rdbms.datasource.dbcp2.PoolingDataSource$PoolGuardConnectionWrapper@13cc0b90, commitOnRelease=false, closeOnRelease=false, closeOnTxnEnd=true]" 
15:04:03,230 (main) DEBUG [DataNucleus.Persistence] - Haciendo el objeto detachado : "com.videoclub.pojo.Rental@426131d7" (profundidad=0)
15:04:03,230 (main) DEBUG [DataNucleus.Persistence] - El objeto con identidad "com.videoclub.pojo.Rental:4" va a tener el SCO wrapper en el campo "rentalDate" cambiado por el valor
15:04:03,230 (main) DEBUG [DataNucleus.Persistence] - El objeto con identidad "com.videoclub.pojo.Rental:4" va a tener el SCO wrapper en el campo "returnDate" cambiado por el valor
15:04:03,230 (main) DEBUG [DataNucleus.Persistence] - Objeto con identidad "com.videoclub.pojo.Rental:4" tiene cambio de lifeycle : "P_NEW"->"DETACHED_CLEAN"
15:04:03,230 (main) DEBUG [DataNucleus.Transaction] - Objeto con identidad "com.videoclub.pojo.Rental:4" fue borrado de la cache transactional
15:04:03,230 (main) DEBUG [DataNucleus.Persistence] - Disconectando objeto con identidad "com.videoclub.pojo.Rental:4" de StateManager[pc=com.videoclub.pojo.Rental@426131d7, lifecycle=DETACHED_CLEAN]
15:04:03,230 (main) DEBUG [DataNucleus.Cache] - Objeto con identidad="com.videoclub.pojo.Rental:4" borrado de la Cache de nivel 1
15:04:03,230 (main) DEBUG [DataNucleus.Transaction] - Transacción committed en 0 ms
15:04:03,230 (main) DEBUG [DataNucleus.Persistence] - ExecutionContext "org.datanucleus.ExecutionContextImpl@6680f714" se cerró
15:04:03,230 (main) DEBUG [DataNucleus.Persistence] - ExecutionContext "org.datanucleus.ExecutionContextImpl@6680f714" se abrió para la base de datos "org.datanucleus.store.rdbms.RDBMSStoreManager@1084f78c" con transaccion="org.datanucleus.transaction.TransactionImpl@42fc4ac4"
15:04:03,230 (main) DEBUG [DataNucleus.Transaction] - Transaction created [DataNucleus Transaction, ID=1792540124-22, enlisted resources=[]]
15:04:03,230 (main) DEBUG [DataNucleus.Transaction] - Transacción empezada para el ExecutionContext org.datanucleus.ExecutionContextImpl@6680f714 (optimistic=false)
* Storing a class com.videoclub.pojo.Rental : Rental [id=0, title=Movie1, movie=Movie [title=Movie1, genre=COMEDY, duration=90, year=2023, director=paco, rentalPrice=19.9], code=12, customer=User [code=12, username=assaz,type=CLIENT, password=3200a7486419e1efd8cbbad503fb0c6140ef7e7cf69807249fda25d59c215e5c, email=asier.account@email.com, name=Asier, surname=Belloso], rentalDate=Mon May 22 15:04:03 CEST 2023, returnDate=Mon May 22 15:04:03 CEST 2023]
15:04:03,230 (main) DEBUG [DataNucleus.Persistence] - Haciendo el objeto persistente : "com.videoclub.pojo.Rental@29962b2f"
15:04:03,230 (main) DEBUG [DataNucleus.ValueGeneration] - Valor generado para el campo "com.videoclub.pojo.Rental.id" con estrategia="increment" (Generador="org.datanucleus.store.rdbms.valuegenerator.TableGenerator") : valor=5
15:04:03,230 (main) DEBUG [DataNucleus.Cache] - Objeto con identidad "com.videoclub.pojo.Rental:5" añadido a la Cache de nivel 1 (loadedFlags="[YYYYY]")
15:04:03,230 (main) DEBUG [DataNucleus.Transaction] - Objeto con identidad "com.videoclub.pojo.Rental:5" ha sido puesto en la cache transaccional
15:04:03,230 (main) DEBUG [DataNucleus.Persistence] - Objeto "com.videoclub.pojo.Rental@29962b2f" va a ser añadido a la tabla "`RENTAL`"
15:04:03,246 (main) DEBUG [DataNucleus.Connection] - ManagedConnection ABIERTO : "org.datanucleus.store.rdbms.ConnectionFactoryImpl$ManagedConnectionImpl@691541bc [conn=org.datanucleus.store.rdbms.datasource.dbcp2.PoolingDataSource$PoolGuardConnectionWrapper@5b733ef7, commitOnRelease=false, closeOnRelease=false, closeOnTxnEnd=true]" en resource "tx" con isolación "read-committed" y auto-commit=false
15:04:03,246 (main) DEBUG [DataNucleus.Transaction] - Running enlist operation on resource: org.datanucleus.store.rdbms.ConnectionFactoryImpl$EmulatedXAResource@43a4a9e5, error code TMNOFLAGS and transaction [DataNucleus Transaction, ID=1792540124-22, enlisted resources=[]]
15:04:03,246 (main) DEBUG [DataNucleus.Datastore] - Utilizando PreparedStatement "com.mysql.cj.jdbc.ClientPreparedStatement: INSERT INTO `RENTAL` (`CODE`,`RENTALDATE`,`RETURNDATE`,`TITLE`,`ID`) VALUES (** NOT SPECIFIED **,** NOT SPECIFIED **,** NOT SPECIFIED **,** NOT SPECIFIED **,** NOT SPECIFIED **)" para la conneccion "org.datanucleus.store.rdbms.datasource.dbcp2.PoolingDataSource$PoolGuardConnectionWrapper@5b733ef7"
15:04:03,246 (main) DEBUG [DataNucleus.Datastore.Persist] - El statement "INSERT INTO `RENTAL` (`CODE`,`RENTALDATE`,`RETURNDATE`,`TITLE`,`ID`) VALUES (?,?,?,?,?)" ya es batchable
15:04:03,246 (main) DEBUG [DataNucleus.Persistence] - El objeto con identidad "com.videoclub.pojo.Rental:5" va a tener el valor en el campo "returnDate" cambiado por un SCO wrapper
15:04:03,246 (main) DEBUG [DataNucleus.Persistence] - El objeto con identidad "com.videoclub.pojo.Rental:5" va a tener el valor en el campo "rentalDate" cambiado por un SCO wrapper
15:04:03,246 (main) DEBUG [DataNucleus.Datastore.Persist] - Añadiendo statement "INSERT INTO `RENTAL` (`CODE`,`RENTALDATE`,`RETURNDATE`,`TITLE`,`ID`) VALUES (?,?,?,?,?)" al batch para procesar (tamaño de batch = 1)
15:04:03,246 (main) DEBUG [DataNucleus.Datastore.Native] - INSERT INTO `RENTAL` (`CODE`,`RENTALDATE`,`RETURNDATE`,`TITLE`,`ID`) VALUES (?,?,?,?,?)
15:04:03,246 (main) DEBUG [DataNucleus.Datastore] - SQL Tiempo de cumplir = 0 ms (numero de lineas cambiado = [1]) con el PreparedStatement "org.datanucleus.store.rdbms.datasource.dbcp2.DelegatingPreparedStatement@77524ca7"
15:04:03,246 (main) DEBUG [DataNucleus.Transaction] - Haciendo commit de la transaacción para el ExecutionContext org.datanucleus.ExecutionContextImpl@6680f714
15:04:03,246 (main) DEBUG [DataNucleus.Persistence] - ExecutionContext.internalFlush() empezado con flush ordenado - 1 objetos registrados
15:04:03,246 (main) DEBUG [DataNucleus.Persistence] - ExecutionContext.internalFlush() terminado
15:04:03,246 (main) DEBUG [DataNucleus.Persistence] - Persistence-By-Reachability (commit) : EMPIEZA
15:04:03,246 (main) DEBUG [DataNucleus.Persistence] - Haciendo la calculación de alcanzables con objeto con identidad "com.videoclub.pojo.Rental:5"
15:04:03,246 (main) DEBUG [DataNucleus.Cache] - Objeto con identidad "com.videoclub.pojo.Rental:5" obtenido de la Cache nivel 1 (loadedFlags="[YYYYY]")
15:04:03,246 (main) DEBUG [DataNucleus.Persistence] - Object con id "com.videoclub.pojo.Rental:5" y estado de vida "P_NEW" añadido a la lista de alcanzables al commit.
15:04:03,246 (main) DEBUG [DataNucleus.Persistence] - ExecutionContext.internalFlush() empezado con flush ordenado - 0 objetos registrados
15:04:03,246 (main) DEBUG [DataNucleus.Persistence] - ExecutionContext.internalFlush() terminado
15:04:03,246 (main) DEBUG [DataNucleus.Persistence] - Persistence-By-Reachability (commit) : TERMINADO
15:04:03,246 (main) DEBUG [DataNucleus.Cache] - Objeto con identidad "com.videoclub.pojo.Rental:5" añadido a la Cache de nivel 2 (campos="[0, 1, 2, 3, 4]", version="")
15:04:03,246 (main) DEBUG [DataNucleus.Cache] - El objeto con identidad "com.videoclub.pojo.Rental:5" va a tener los campos siguientes almacendados en el objeto de Level 2 cache : [0, 1, 2, 3, 4]
15:04:03,246 (main) DEBUG [DataNucleus.Transaction] - Committing [DataNucleus Transaction, ID=1792540124-22, enlisted resources=[org.datanucleus.store.rdbms.ConnectionFactoryImpl$EmulatedXAResource@43a4a9e5]]
15:04:03,246 (main) DEBUG [DataNucleus.Connection] - ManagedConnection VA A COMMIT : "org.datanucleus.store.rdbms.ConnectionFactoryImpl$ManagedConnectionImpl@691541bc [conn=org.datanucleus.store.rdbms.datasource.dbcp2.PoolingDataSource$PoolGuardConnectionWrapper@5b733ef7, commitOnRelease=false, closeOnRelease=false, closeOnTxnEnd=true]"
15:04:03,246 (main) DEBUG [DataNucleus.Connection] - ManagedConnection CERRADO : "org.datanucleus.store.rdbms.ConnectionFactoryImpl$ManagedConnectionImpl@691541bc [conn=org.datanucleus.store.rdbms.datasource.dbcp2.PoolingDataSource$PoolGuardConnectionWrapper@5b733ef7, commitOnRelease=false, closeOnRelease=false, closeOnTxnEnd=true]" 
15:04:03,246 (main) DEBUG [DataNucleus.Persistence] - Haciendo el objeto detachado : "com.videoclub.pojo.Rental@29962b2f" (profundidad=0)
15:04:03,246 (main) DEBUG [DataNucleus.Persistence] - El objeto con identidad "com.videoclub.pojo.Rental:5" va a tener el SCO wrapper en el campo "rentalDate" cambiado por el valor
15:04:03,246 (main) DEBUG [DataNucleus.Persistence] - El objeto con identidad "com.videoclub.pojo.Rental:5" va a tener el SCO wrapper en el campo "returnDate" cambiado por el valor
15:04:03,246 (main) DEBUG [DataNucleus.Persistence] - Objeto con identidad "com.videoclub.pojo.Rental:5" tiene cambio de lifeycle : "P_NEW"->"DETACHED_CLEAN"
15:04:03,246 (main) DEBUG [DataNucleus.Transaction] - Objeto con identidad "com.videoclub.pojo.Rental:5" fue borrado de la cache transactional
15:04:03,246 (main) DEBUG [DataNucleus.Persistence] - Disconectando objeto con identidad "com.videoclub.pojo.Rental:5" de StateManager[pc=com.videoclub.pojo.Rental@29962b2f, lifecycle=DETACHED_CLEAN]
15:04:03,246 (main) DEBUG [DataNucleus.Cache] - Objeto con identidad="com.videoclub.pojo.Rental:5" borrado de la Cache de nivel 1
15:04:03,246 (main) DEBUG [DataNucleus.Transaction] - Transacción committed en 0 ms
15:04:03,246 (main) DEBUG [DataNucleus.Persistence] - ExecutionContext "org.datanucleus.ExecutionContextImpl@6680f714" se cerró
15:04:03,246 (main) DEBUG [DataNucleus.Persistence] - ExecutionContext "org.datanucleus.ExecutionContextImpl@6680f714" se abrió para la base de datos "org.datanucleus.store.rdbms.RDBMSStoreManager@1084f78c" con transaccion="org.datanucleus.transaction.TransactionImpl@18e4674d"
15:04:03,246 (main) DEBUG [DataNucleus.Transaction] - Transaction created [DataNucleus Transaction, ID=1792540124-23, enlisted resources=[]]
15:04:03,246 (main) DEBUG [DataNucleus.Transaction] - Transacción empezada para el ExecutionContext org.datanucleus.ExecutionContextImpl@6680f714 (optimistic=false)
* Storing a class com.videoclub.pojo.Rental : Rental [id=0, title=Movie3, movie=Movie [title=Movie3, genre=DRAMA, duration=90, year=2012, director=luis, rentalPrice=4.25], code=13, customer=User [code=13, username=client,type=CLIENT, password=948fe603f61dc036b5c596dc09fe3ce3f3d30dc90f024c85f3c82db2ccab679d, email=client@email.com, name=ClientName, surname=ClientSurname], rentalDate=Mon May 22 15:04:03 CEST 2023, returnDate=Mon May 22 15:04:03 CEST 2023]
15:04:03,246 (main) DEBUG [DataNucleus.Persistence] - Haciendo el objeto persistente : "com.videoclub.pojo.Rental@6af609ea"
15:04:03,246 (main) DEBUG [DataNucleus.ValueGeneration] - Valor generado para el campo "com.videoclub.pojo.Rental.id" con estrategia="increment" (Generador="org.datanucleus.store.rdbms.valuegenerator.TableGenerator") : valor=6
15:04:03,246 (main) DEBUG [DataNucleus.Cache] - Objeto con identidad "com.videoclub.pojo.Rental:6" añadido a la Cache de nivel 1 (loadedFlags="[YYYYY]")
15:04:03,246 (main) DEBUG [DataNucleus.Transaction] - Objeto con identidad "com.videoclub.pojo.Rental:6" ha sido puesto en la cache transaccional
15:04:03,246 (main) DEBUG [DataNucleus.Persistence] - Objeto "com.videoclub.pojo.Rental@6af609ea" va a ser añadido a la tabla "`RENTAL`"
15:04:03,256 (main) DEBUG [DataNucleus.Connection] - ManagedConnection ABIERTO : "org.datanucleus.store.rdbms.ConnectionFactoryImpl$ManagedConnectionImpl@39e53bef [conn=org.datanucleus.store.rdbms.datasource.dbcp2.PoolingDataSource$PoolGuardConnectionWrapper@14b275bd, commitOnRelease=false, closeOnRelease=false, closeOnTxnEnd=true]" en resource "tx" con isolación "read-committed" y auto-commit=false
15:04:03,256 (main) DEBUG [DataNucleus.Transaction] - Running enlist operation on resource: org.datanucleus.store.rdbms.ConnectionFactoryImpl$EmulatedXAResource@4ed18798, error code TMNOFLAGS and transaction [DataNucleus Transaction, ID=1792540124-23, enlisted resources=[]]
15:04:03,256 (main) DEBUG [DataNucleus.Datastore] - Utilizando PreparedStatement "com.mysql.cj.jdbc.ClientPreparedStatement: INSERT INTO `RENTAL` (`CODE`,`RENTALDATE`,`RETURNDATE`,`TITLE`,`ID`) VALUES (** NOT SPECIFIED **,** NOT SPECIFIED **,** NOT SPECIFIED **,** NOT SPECIFIED **,** NOT SPECIFIED **)" para la conneccion "org.datanucleus.store.rdbms.datasource.dbcp2.PoolingDataSource$PoolGuardConnectionWrapper@14b275bd"
15:04:03,256 (main) DEBUG [DataNucleus.Datastore.Persist] - El statement "INSERT INTO `RENTAL` (`CODE`,`RENTALDATE`,`RETURNDATE`,`TITLE`,`ID`) VALUES (?,?,?,?,?)" ya es batchable
15:04:03,256 (main) DEBUG [DataNucleus.Persistence] - El objeto con identidad "com.videoclub.pojo.Rental:6" va a tener el valor en el campo "returnDate" cambiado por un SCO wrapper
15:04:03,256 (main) DEBUG [DataNucleus.Persistence] - El objeto con identidad "com.videoclub.pojo.Rental:6" va a tener el valor en el campo "rentalDate" cambiado por un SCO wrapper
15:04:03,256 (main) DEBUG [DataNucleus.Datastore.Persist] - Añadiendo statement "INSERT INTO `RENTAL` (`CODE`,`RENTALDATE`,`RETURNDATE`,`TITLE`,`ID`) VALUES (?,?,?,?,?)" al batch para procesar (tamaño de batch = 1)
15:04:03,256 (main) DEBUG [DataNucleus.Datastore.Native] - INSERT INTO `RENTAL` (`CODE`,`RENTALDATE`,`RETURNDATE`,`TITLE`,`ID`) VALUES (?,?,?,?,?)
15:04:03,256 (main) DEBUG [DataNucleus.Datastore] - SQL Tiempo de cumplir = 0 ms (numero de lineas cambiado = [1]) con el PreparedStatement "org.datanucleus.store.rdbms.datasource.dbcp2.DelegatingPreparedStatement@5c313224"
15:04:03,256 (main) DEBUG [DataNucleus.Transaction] - Haciendo commit de la transaacción para el ExecutionContext org.datanucleus.ExecutionContextImpl@6680f714
15:04:03,256 (main) DEBUG [DataNucleus.Persistence] - ExecutionContext.internalFlush() empezado con flush ordenado - 1 objetos registrados
15:04:03,256 (main) DEBUG [DataNucleus.Persistence] - ExecutionContext.internalFlush() terminado
15:04:03,256 (main) DEBUG [DataNucleus.Persistence] - Persistence-By-Reachability (commit) : EMPIEZA
15:04:03,256 (main) DEBUG [DataNucleus.Persistence] - Haciendo la calculación de alcanzables con objeto con identidad "com.videoclub.pojo.Rental:6"
15:04:03,256 (main) DEBUG [DataNucleus.Cache] - Objeto con identidad "com.videoclub.pojo.Rental:6" obtenido de la Cache nivel 1 (loadedFlags="[YYYYY]")
15:04:03,256 (main) DEBUG [DataNucleus.Persistence] - Object con id "com.videoclub.pojo.Rental:6" y estado de vida "P_NEW" añadido a la lista de alcanzables al commit.
15:04:03,256 (main) DEBUG [DataNucleus.Persistence] - ExecutionContext.internalFlush() empezado con flush ordenado - 0 objetos registrados
15:04:03,256 (main) DEBUG [DataNucleus.Persistence] - ExecutionContext.internalFlush() terminado
15:04:03,256 (main) DEBUG [DataNucleus.Persistence] - Persistence-By-Reachability (commit) : TERMINADO
15:04:03,256 (main) DEBUG [DataNucleus.Cache] - Objeto con identidad "com.videoclub.pojo.Rental:6" añadido a la Cache de nivel 2 (campos="[0, 1, 2, 3, 4]", version="")
15:04:03,256 (main) DEBUG [DataNucleus.Cache] - El objeto con identidad "com.videoclub.pojo.Rental:6" va a tener los campos siguientes almacendados en el objeto de Level 2 cache : [0, 1, 2, 3, 4]
15:04:03,256 (main) DEBUG [DataNucleus.Transaction] - Committing [DataNucleus Transaction, ID=1792540124-23, enlisted resources=[org.datanucleus.store.rdbms.ConnectionFactoryImpl$EmulatedXAResource@4ed18798]]
15:04:03,256 (main) DEBUG [DataNucleus.Connection] - ManagedConnection VA A COMMIT : "org.datanucleus.store.rdbms.ConnectionFactoryImpl$ManagedConnectionImpl@39e53bef [conn=org.datanucleus.store.rdbms.datasource.dbcp2.PoolingDataSource$PoolGuardConnectionWrapper@14b275bd, commitOnRelease=false, closeOnRelease=false, closeOnTxnEnd=true]"
15:04:03,262 (main) DEBUG [DataNucleus.Connection] - ManagedConnection CERRADO : "org.datanucleus.store.rdbms.ConnectionFactoryImpl$ManagedConnectionImpl@39e53bef [conn=org.datanucleus.store.rdbms.datasource.dbcp2.PoolingDataSource$PoolGuardConnectionWrapper@14b275bd, commitOnRelease=false, closeOnRelease=false, closeOnTxnEnd=true]" 
15:04:03,262 (main) DEBUG [DataNucleus.Persistence] - Haciendo el objeto detachado : "com.videoclub.pojo.Rental@6af609ea" (profundidad=0)
15:04:03,262 (main) DEBUG [DataNucleus.Persistence] - El objeto con identidad "com.videoclub.pojo.Rental:6" va a tener el SCO wrapper en el campo "rentalDate" cambiado por el valor
15:04:03,262 (main) DEBUG [DataNucleus.Persistence] - El objeto con identidad "com.videoclub.pojo.Rental:6" va a tener el SCO wrapper en el campo "returnDate" cambiado por el valor
15:04:03,262 (main) DEBUG [DataNucleus.Persistence] - Objeto con identidad "com.videoclub.pojo.Rental:6" tiene cambio de lifeycle : "P_NEW"->"DETACHED_CLEAN"
15:04:03,262 (main) DEBUG [DataNucleus.Transaction] - Objeto con identidad "com.videoclub.pojo.Rental:6" fue borrado de la cache transactional
15:04:03,262 (main) DEBUG [DataNucleus.Persistence] - Disconectando objeto con identidad "com.videoclub.pojo.Rental:6" de StateManager[pc=com.videoclub.pojo.Rental@6af609ea, lifecycle=DETACHED_CLEAN]
15:04:03,262 (main) DEBUG [DataNucleus.Cache] - Objeto con identidad="com.videoclub.pojo.Rental:6" borrado de la Cache de nivel 1
15:04:03,262 (main) DEBUG [DataNucleus.Transaction] - Transacción committed en 6 ms
15:04:03,262 (main) DEBUG [DataNucleus.Persistence] - ExecutionContext "org.datanucleus.ExecutionContextImpl@6680f714" se cerró
15:04:03,262 (main) DEBUG [DataNucleus.Persistence] - ExecutionContext "org.datanucleus.ExecutionContextImpl@6680f714" se abrió para la base de datos "org.datanucleus.store.rdbms.RDBMSStoreManager@1084f78c" con transaccion="org.datanucleus.transaction.TransactionImpl@4b957db0"
15:04:03,262 (main) DEBUG [DataNucleus.Transaction] - Transaction created [DataNucleus Transaction, ID=1792540124-24, enlisted resources=[]]
15:04:03,262 (main) DEBUG [DataNucleus.Transaction] - Transacción empezada para el ExecutionContext org.datanucleus.ExecutionContextImpl@6680f714 (optimistic=false)
* Storing a class com.videoclub.pojo.Rental : Rental [id=0, title=Movie4, movie=Movie [title=Movie4, genre=COMEDY, duration=160, year=2004, director=juana, rentalPrice=14.34], code=12, customer=User [code=12, username=assaz,type=CLIENT, password=3200a7486419e1efd8cbbad503fb0c6140ef7e7cf69807249fda25d59c215e5c, email=asier.account@email.com, name=Asier, surname=Belloso], rentalDate=Mon May 22 15:04:03 CEST 2023, returnDate=Mon May 22 15:04:03 CEST 2023]
15:04:03,262 (main) DEBUG [DataNucleus.Persistence] - Haciendo el objeto persistente : "com.videoclub.pojo.Rental@8840c98"
15:04:03,262 (main) DEBUG [DataNucleus.ValueGeneration] - Valor generado para el campo "com.videoclub.pojo.Rental.id" con estrategia="increment" (Generador="org.datanucleus.store.rdbms.valuegenerator.TableGenerator") : valor=7
15:04:03,262 (main) DEBUG [DataNucleus.Cache] - Objeto con identidad "com.videoclub.pojo.Rental:7" añadido a la Cache de nivel 1 (loadedFlags="[YYYYY]")
15:04:03,262 (main) DEBUG [DataNucleus.Transaction] - Objeto con identidad "com.videoclub.pojo.Rental:7" ha sido puesto en la cache transaccional
15:04:03,262 (main) DEBUG [DataNucleus.Persistence] - Objeto "com.videoclub.pojo.Rental@8840c98" va a ser añadido a la tabla "`RENTAL`"
15:04:03,262 (main) DEBUG [DataNucleus.Connection] - ManagedConnection ABIERTO : "org.datanucleus.store.rdbms.ConnectionFactoryImpl$ManagedConnectionImpl@273fa9e [conn=org.datanucleus.store.rdbms.datasource.dbcp2.PoolingDataSource$PoolGuardConnectionWrapper@527a8665, commitOnRelease=false, closeOnRelease=false, closeOnTxnEnd=true]" en resource "tx" con isolación "read-committed" y auto-commit=false
15:04:03,262 (main) DEBUG [DataNucleus.Transaction] - Running enlist operation on resource: org.datanucleus.store.rdbms.ConnectionFactoryImpl$EmulatedXAResource@7ab2a07e, error code TMNOFLAGS and transaction [DataNucleus Transaction, ID=1792540124-24, enlisted resources=[]]
15:04:03,262 (main) DEBUG [DataNucleus.Datastore] - Utilizando PreparedStatement "com.mysql.cj.jdbc.ClientPreparedStatement: INSERT INTO `RENTAL` (`CODE`,`RENTALDATE`,`RETURNDATE`,`TITLE`,`ID`) VALUES (** NOT SPECIFIED **,** NOT SPECIFIED **,** NOT SPECIFIED **,** NOT SPECIFIED **,** NOT SPECIFIED **)" para la conneccion "org.datanucleus.store.rdbms.datasource.dbcp2.PoolingDataSource$PoolGuardConnectionWrapper@527a8665"
15:04:03,262 (main) DEBUG [DataNucleus.Datastore.Persist] - El statement "INSERT INTO `RENTAL` (`CODE`,`RENTALDATE`,`RETURNDATE`,`TITLE`,`ID`) VALUES (?,?,?,?,?)" ya es batchable
15:04:03,262 (main) DEBUG [DataNucleus.Persistence] - El objeto con identidad "com.videoclub.pojo.Rental:7" va a tener el valor en el campo "returnDate" cambiado por un SCO wrapper
15:04:03,262 (main) DEBUG [DataNucleus.Persistence] - El objeto con identidad "com.videoclub.pojo.Rental:7" va a tener el valor en el campo "rentalDate" cambiado por un SCO wrapper
15:04:03,262 (main) DEBUG [DataNucleus.Datastore.Persist] - Añadiendo statement "INSERT INTO `RENTAL` (`CODE`,`RENTALDATE`,`RETURNDATE`,`TITLE`,`ID`) VALUES (?,?,?,?,?)" al batch para procesar (tamaño de batch = 1)
15:04:03,262 (main) DEBUG [DataNucleus.Datastore.Native] - INSERT INTO `RENTAL` (`CODE`,`RENTALDATE`,`RETURNDATE`,`TITLE`,`ID`) VALUES (?,?,?,?,?)
15:04:03,262 (main) DEBUG [DataNucleus.Datastore] - SQL Tiempo de cumplir = 0 ms (numero de lineas cambiado = [1]) con el PreparedStatement "org.datanucleus.store.rdbms.datasource.dbcp2.DelegatingPreparedStatement@580902cd"
15:04:03,262 (main) DEBUG [DataNucleus.Transaction] - Haciendo commit de la transaacción para el ExecutionContext org.datanucleus.ExecutionContextImpl@6680f714
15:04:03,262 (main) DEBUG [DataNucleus.Persistence] - ExecutionContext.internalFlush() empezado con flush ordenado - 1 objetos registrados
15:04:03,262 (main) DEBUG [DataNucleus.Persistence] - ExecutionContext.internalFlush() terminado
15:04:03,262 (main) DEBUG [DataNucleus.Persistence] - Persistence-By-Reachability (commit) : EMPIEZA
15:04:03,262 (main) DEBUG [DataNucleus.Persistence] - Haciendo la calculación de alcanzables con objeto con identidad "com.videoclub.pojo.Rental:7"
15:04:03,262 (main) DEBUG [DataNucleus.Cache] - Objeto con identidad "com.videoclub.pojo.Rental:7" obtenido de la Cache nivel 1 (loadedFlags="[YYYYY]")
15:04:03,262 (main) DEBUG [DataNucleus.Persistence] - Object con id "com.videoclub.pojo.Rental:7" y estado de vida "P_NEW" añadido a la lista de alcanzables al commit.
15:04:03,262 (main) DEBUG [DataNucleus.Persistence] - ExecutionContext.internalFlush() empezado con flush ordenado - 0 objetos registrados
15:04:03,262 (main) DEBUG [DataNucleus.Persistence] - ExecutionContext.internalFlush() terminado
15:04:03,262 (main) DEBUG [DataNucleus.Persistence] - Persistence-By-Reachability (commit) : TERMINADO
15:04:03,262 (main) DEBUG [DataNucleus.Cache] - Objeto con identidad "com.videoclub.pojo.Rental:7" añadido a la Cache de nivel 2 (campos="[0, 1, 2, 3, 4]", version="")
15:04:03,262 (main) DEBUG [DataNucleus.Cache] - El objeto con identidad "com.videoclub.pojo.Rental:7" va a tener los campos siguientes almacendados en el objeto de Level 2 cache : [0, 1, 2, 3, 4]
15:04:03,262 (main) DEBUG [DataNucleus.Transaction] - Committing [DataNucleus Transaction, ID=1792540124-24, enlisted resources=[org.datanucleus.store.rdbms.ConnectionFactoryImpl$EmulatedXAResource@7ab2a07e]]
15:04:03,262 (main) DEBUG [DataNucleus.Connection] - ManagedConnection VA A COMMIT : "org.datanucleus.store.rdbms.ConnectionFactoryImpl$ManagedConnectionImpl@273fa9e [conn=org.datanucleus.store.rdbms.datasource.dbcp2.PoolingDataSource$PoolGuardConnectionWrapper@527a8665, commitOnRelease=false, closeOnRelease=false, closeOnTxnEnd=true]"
15:04:03,262 (main) DEBUG [DataNucleus.Connection] - ManagedConnection CERRADO : "org.datanucleus.store.rdbms.ConnectionFactoryImpl$ManagedConnectionImpl@273fa9e [conn=org.datanucleus.store.rdbms.datasource.dbcp2.PoolingDataSource$PoolGuardConnectionWrapper@527a8665, commitOnRelease=false, closeOnRelease=false, closeOnTxnEnd=true]" 
15:04:03,278 (main) DEBUG [DataNucleus.Persistence] - Haciendo el objeto detachado : "com.videoclub.pojo.Rental@8840c98" (profundidad=0)
15:04:03,278 (main) DEBUG [DataNucleus.Persistence] - El objeto con identidad "com.videoclub.pojo.Rental:7" va a tener el SCO wrapper en el campo "rentalDate" cambiado por el valor
15:04:03,278 (main) DEBUG [DataNucleus.Persistence] - El objeto con identidad "com.videoclub.pojo.Rental:7" va a tener el SCO wrapper en el campo "returnDate" cambiado por el valor
15:04:03,278 (main) DEBUG [DataNucleus.Persistence] - Objeto con identidad "com.videoclub.pojo.Rental:7" tiene cambio de lifeycle : "P_NEW"->"DETACHED_CLEAN"
15:04:03,278 (main) DEBUG [DataNucleus.Transaction] - Objeto con identidad "com.videoclub.pojo.Rental:7" fue borrado de la cache transactional
15:04:03,278 (main) DEBUG [DataNucleus.Persistence] - Disconectando objeto con identidad "com.videoclub.pojo.Rental:7" de StateManager[pc=com.videoclub.pojo.Rental@8840c98, lifecycle=DETACHED_CLEAN]
15:04:03,278 (main) DEBUG [DataNucleus.Cache] - Objeto con identidad="com.videoclub.pojo.Rental:7" borrado de la Cache de nivel 1
15:04:03,278 (main) DEBUG [DataNucleus.Transaction] - Transacción committed en 16 ms
15:04:03,278 (main) DEBUG [DataNucleus.Persistence] - ExecutionContext "org.datanucleus.ExecutionContextImpl@6680f714" se cerró
15:04:03,278 (main) DEBUG [DataNucleus.Persistence] - ExecutionContext "org.datanucleus.ExecutionContextImpl@6680f714" se abrió para la base de datos "org.datanucleus.store.rdbms.RDBMSStoreManager@1084f78c" con transaccion="org.datanucleus.transaction.TransactionImpl@1653b84e"
15:04:03,278 (main) DEBUG [DataNucleus.Transaction] - Transaction created [DataNucleus Transaction, ID=1792540124-25, enlisted resources=[]]
15:04:03,278 (main) DEBUG [DataNucleus.Transaction] - Transacción empezada para el ExecutionContext org.datanucleus.ExecutionContextImpl@6680f714 (optimistic=false)
* Storing a class com.videoclub.pojo.Rental : Rental [id=0, title=Movie5, movie=Movie [title=Movie5, genre=MUSICAL, duration=90, year=1997, director=paco, rentalPrice=9.25], code=11, customer=User [code=11, username=admin,type=ADMIN, password=8c6976e5b5410415bde908bd4dee15dfb167a9c873fc4bb8a81f6f2ab448a918, email=admin@email.com, name=AdminName, surname=AdminSurname], rentalDate=Mon May 22 15:04:03 CEST 2023, returnDate=Mon May 22 15:04:03 CEST 2023]
15:04:03,278 (main) DEBUG [DataNucleus.Persistence] - Haciendo el objeto persistente : "com.videoclub.pojo.Rental@6f85ee02"
15:04:03,278 (main) DEBUG [DataNucleus.ValueGeneration] - Valor generado para el campo "com.videoclub.pojo.Rental.id" con estrategia="increment" (Generador="org.datanucleus.store.rdbms.valuegenerator.TableGenerator") : valor=8
15:04:03,278 (main) DEBUG [DataNucleus.Cache] - Objeto con identidad "com.videoclub.pojo.Rental:8" añadido a la Cache de nivel 1 (loadedFlags="[YYYYY]")
15:04:03,278 (main) DEBUG [DataNucleus.Transaction] - Objeto con identidad "com.videoclub.pojo.Rental:8" ha sido puesto en la cache transaccional
15:04:03,278 (main) DEBUG [DataNucleus.Persistence] - Objeto "com.videoclub.pojo.Rental@6f85ee02" va a ser añadido a la tabla "`RENTAL`"
15:04:03,278 (main) DEBUG [DataNucleus.Connection] - ManagedConnection ABIERTO : "org.datanucleus.store.rdbms.ConnectionFactoryImpl$ManagedConnectionImpl@6c075e9d [conn=org.datanucleus.store.rdbms.datasource.dbcp2.PoolingDataSource$PoolGuardConnectionWrapper@47044f7d, commitOnRelease=false, closeOnRelease=false, closeOnTxnEnd=true]" en resource "tx" con isolación "read-committed" y auto-commit=false
15:04:03,278 (main) DEBUG [DataNucleus.Transaction] - Running enlist operation on resource: org.datanucleus.store.rdbms.ConnectionFactoryImpl$EmulatedXAResource@7b14c61, error code TMNOFLAGS and transaction [DataNucleus Transaction, ID=1792540124-25, enlisted resources=[]]
15:04:03,278 (main) DEBUG [DataNucleus.Datastore] - Utilizando PreparedStatement "com.mysql.cj.jdbc.ClientPreparedStatement: INSERT INTO `RENTAL` (`CODE`,`RENTALDATE`,`RETURNDATE`,`TITLE`,`ID`) VALUES (** NOT SPECIFIED **,** NOT SPECIFIED **,** NOT SPECIFIED **,** NOT SPECIFIED **,** NOT SPECIFIED **)" para la conneccion "org.datanucleus.store.rdbms.datasource.dbcp2.PoolingDataSource$PoolGuardConnectionWrapper@47044f7d"
15:04:03,278 (main) DEBUG [DataNucleus.Datastore.Persist] - El statement "INSERT INTO `RENTAL` (`CODE`,`RENTALDATE`,`RETURNDATE`,`TITLE`,`ID`) VALUES (?,?,?,?,?)" ya es batchable
15:04:03,278 (main) DEBUG [DataNucleus.Persistence] - El objeto con identidad "com.videoclub.pojo.Rental:8" va a tener el valor en el campo "returnDate" cambiado por un SCO wrapper
15:04:03,278 (main) DEBUG [DataNucleus.Persistence] - El objeto con identidad "com.videoclub.pojo.Rental:8" va a tener el valor en el campo "rentalDate" cambiado por un SCO wrapper
15:04:03,278 (main) DEBUG [DataNucleus.Datastore.Persist] - Añadiendo statement "INSERT INTO `RENTAL` (`CODE`,`RENTALDATE`,`RETURNDATE`,`TITLE`,`ID`) VALUES (?,?,?,?,?)" al batch para procesar (tamaño de batch = 1)
15:04:03,278 (main) DEBUG [DataNucleus.Datastore.Native] - INSERT INTO `RENTAL` (`CODE`,`RENTALDATE`,`RETURNDATE`,`TITLE`,`ID`) VALUES (?,?,?,?,?)
15:04:03,278 (main) DEBUG [DataNucleus.Datastore] - SQL Tiempo de cumplir = 0 ms (numero de lineas cambiado = [1]) con el PreparedStatement "org.datanucleus.store.rdbms.datasource.dbcp2.DelegatingPreparedStatement@3b435211"
15:04:03,278 (main) DEBUG [DataNucleus.Transaction] - Haciendo commit de la transaacción para el ExecutionContext org.datanucleus.ExecutionContextImpl@6680f714
15:04:03,278 (main) DEBUG [DataNucleus.Persistence] - ExecutionContext.internalFlush() empezado con flush ordenado - 1 objetos registrados
15:04:03,278 (main) DEBUG [DataNucleus.Persistence] - ExecutionContext.internalFlush() terminado
15:04:03,278 (main) DEBUG [DataNucleus.Persistence] - Persistence-By-Reachability (commit) : EMPIEZA
15:04:03,278 (main) DEBUG [DataNucleus.Persistence] - Haciendo la calculación de alcanzables con objeto con identidad "com.videoclub.pojo.Rental:8"
15:04:03,278 (main) DEBUG [DataNucleus.Cache] - Objeto con identidad "com.videoclub.pojo.Rental:8" obtenido de la Cache nivel 1 (loadedFlags="[YYYYY]")
15:04:03,278 (main) DEBUG [DataNucleus.Persistence] - Object con id "com.videoclub.pojo.Rental:8" y estado de vida "P_NEW" añadido a la lista de alcanzables al commit.
15:04:03,278 (main) DEBUG [DataNucleus.Persistence] - ExecutionContext.internalFlush() empezado con flush ordenado - 0 objetos registrados
15:04:03,278 (main) DEBUG [DataNucleus.Persistence] - ExecutionContext.internalFlush() terminado
15:04:03,278 (main) DEBUG [DataNucleus.Persistence] - Persistence-By-Reachability (commit) : TERMINADO
15:04:03,278 (main) DEBUG [DataNucleus.Cache] - Objeto con identidad "com.videoclub.pojo.Rental:8" añadido a la Cache de nivel 2 (campos="[0, 1, 2, 3, 4]", version="")
15:04:03,278 (main) DEBUG [DataNucleus.Cache] - El objeto con identidad "com.videoclub.pojo.Rental:8" va a tener los campos siguientes almacendados en el objeto de Level 2 cache : [0, 1, 2, 3, 4]
15:04:03,278 (main) DEBUG [DataNucleus.Transaction] - Committing [DataNucleus Transaction, ID=1792540124-25, enlisted resources=[org.datanucleus.store.rdbms.ConnectionFactoryImpl$EmulatedXAResource@7b14c61]]
15:04:03,278 (main) DEBUG [DataNucleus.Connection] - ManagedConnection VA A COMMIT : "org.datanucleus.store.rdbms.ConnectionFactoryImpl$ManagedConnectionImpl@6c075e9d [conn=org.datanucleus.store.rdbms.datasource.dbcp2.PoolingDataSource$PoolGuardConnectionWrapper@47044f7d, commitOnRelease=false, closeOnRelease=false, closeOnTxnEnd=true]"
15:04:03,278 (main) DEBUG [DataNucleus.Connection] - ManagedConnection CERRADO : "org.datanucleus.store.rdbms.ConnectionFactoryImpl$ManagedConnectionImpl@6c075e9d [conn=org.datanucleus.store.rdbms.datasource.dbcp2.PoolingDataSource$PoolGuardConnectionWrapper@47044f7d, commitOnRelease=false, closeOnRelease=false, closeOnTxnEnd=true]" 
15:04:03,278 (main) DEBUG [DataNucleus.Persistence] - Haciendo el objeto detachado : "com.videoclub.pojo.Rental@6f85ee02" (profundidad=0)
15:04:03,278 (main) DEBUG [DataNucleus.Persistence] - El objeto con identidad "com.videoclub.pojo.Rental:8" va a tener el SCO wrapper en el campo "rentalDate" cambiado por el valor
15:04:03,278 (main) DEBUG [DataNucleus.Persistence] - El objeto con identidad "com.videoclub.pojo.Rental:8" va a tener el SCO wrapper en el campo "returnDate" cambiado por el valor
15:04:03,278 (main) DEBUG [DataNucleus.Persistence] - Objeto con identidad "com.videoclub.pojo.Rental:8" tiene cambio de lifeycle : "P_NEW"->"DETACHED_CLEAN"
15:04:03,278 (main) DEBUG [DataNucleus.Transaction] - Objeto con identidad "com.videoclub.pojo.Rental:8" fue borrado de la cache transactional
15:04:03,278 (main) DEBUG [DataNucleus.Persistence] - Disconectando objeto con identidad "com.videoclub.pojo.Rental:8" de StateManager[pc=com.videoclub.pojo.Rental@6f85ee02, lifecycle=DETACHED_CLEAN]
15:04:03,278 (main) DEBUG [DataNucleus.Cache] - Objeto con identidad="com.videoclub.pojo.Rental:8" borrado de la Cache de nivel 1
15:04:03,278 (main) DEBUG [DataNucleus.Transaction] - Transacción committed en 0 ms
15:04:03,278 (main) DEBUG [DataNucleus.Persistence] - ExecutionContext "org.datanucleus.ExecutionContextImpl@6680f714" se cerró
15:04:03,278 (main) DEBUG [DataNucleus.Persistence] - ExecutionContext "org.datanucleus.ExecutionContextImpl@6680f714" se abrió para la base de datos "org.datanucleus.store.rdbms.RDBMSStoreManager@1084f78c" con transaccion="org.datanucleus.transaction.TransactionImpl@58a765ce"
15:04:03,278 (main) DEBUG [DataNucleus.Transaction] - Transaction created [DataNucleus Transaction, ID=1792540124-26, enlisted resources=[]]
15:04:03,278 (main) DEBUG [DataNucleus.Transaction] - Transacción empezada para el ExecutionContext org.datanucleus.ExecutionContextImpl@6680f714 (optimistic=false)
* Storing a class com.videoclub.pojo.Rental : Rental [id=0, title=Movie6, movie=Movie [title=Movie6, genre=FANTASY, duration=120, year=2015, director=juana, rentalPrice=6.74], code=13, customer=User [code=13, username=client,type=CLIENT, password=948fe603f61dc036b5c596dc09fe3ce3f3d30dc90f024c85f3c82db2ccab679d, email=client@email.com, name=ClientName, surname=ClientSurname], rentalDate=Mon May 22 15:04:03 CEST 2023, returnDate=Mon May 22 15:04:03 CEST 2023]
15:04:03,278 (main) DEBUG [DataNucleus.Persistence] - Haciendo el objeto persistente : "com.videoclub.pojo.Rental@6b162ecc"
15:04:03,278 (main) DEBUG [DataNucleus.ValueGeneration] - Valor generado para el campo "com.videoclub.pojo.Rental.id" con estrategia="increment" (Generador="org.datanucleus.store.rdbms.valuegenerator.TableGenerator") : valor=9
15:04:03,278 (main) DEBUG [DataNucleus.Cache] - Objeto con identidad "com.videoclub.pojo.Rental:9" añadido a la Cache de nivel 1 (loadedFlags="[YYYYY]")
15:04:03,278 (main) DEBUG [DataNucleus.Transaction] - Objeto con identidad "com.videoclub.pojo.Rental:9" ha sido puesto en la cache transaccional
15:04:03,278 (main) DEBUG [DataNucleus.Persistence] - Objeto "com.videoclub.pojo.Rental@6b162ecc" va a ser añadido a la tabla "`RENTAL`"
15:04:03,278 (main) DEBUG [DataNucleus.Connection] - ManagedConnection ABIERTO : "org.datanucleus.store.rdbms.ConnectionFactoryImpl$ManagedConnectionImpl@58aa1d72 [conn=org.datanucleus.store.rdbms.datasource.dbcp2.PoolingDataSource$PoolGuardConnectionWrapper@33d7765a, commitOnRelease=false, closeOnRelease=false, closeOnTxnEnd=true]" en resource "tx" con isolación "read-committed" y auto-commit=false
15:04:03,278 (main) DEBUG [DataNucleus.Transaction] - Running enlist operation on resource: org.datanucleus.store.rdbms.ConnectionFactoryImpl$EmulatedXAResource@69ed5ea2, error code TMNOFLAGS and transaction [DataNucleus Transaction, ID=1792540124-26, enlisted resources=[]]
15:04:03,278 (main) DEBUG [DataNucleus.Datastore] - Utilizando PreparedStatement "com.mysql.cj.jdbc.ClientPreparedStatement: INSERT INTO `RENTAL` (`CODE`,`RENTALDATE`,`RETURNDATE`,`TITLE`,`ID`) VALUES (** NOT SPECIFIED **,** NOT SPECIFIED **,** NOT SPECIFIED **,** NOT SPECIFIED **,** NOT SPECIFIED **)" para la conneccion "org.datanucleus.store.rdbms.datasource.dbcp2.PoolingDataSource$PoolGuardConnectionWrapper@33d7765a"
15:04:03,278 (main) DEBUG [DataNucleus.Datastore.Persist] - El statement "INSERT INTO `RENTAL` (`CODE`,`RENTALDATE`,`RETURNDATE`,`TITLE`,`ID`) VALUES (?,?,?,?,?)" ya es batchable
15:04:03,278 (main) DEBUG [DataNucleus.Persistence] - El objeto con identidad "com.videoclub.pojo.Rental:9" va a tener el valor en el campo "returnDate" cambiado por un SCO wrapper
15:04:03,278 (main) DEBUG [DataNucleus.Persistence] - El objeto con identidad "com.videoclub.pojo.Rental:9" va a tener el valor en el campo "rentalDate" cambiado por un SCO wrapper
15:04:03,278 (main) DEBUG [DataNucleus.Datastore.Persist] - Añadiendo statement "INSERT INTO `RENTAL` (`CODE`,`RENTALDATE`,`RETURNDATE`,`TITLE`,`ID`) VALUES (?,?,?,?,?)" al batch para procesar (tamaño de batch = 1)
15:04:03,278 (main) DEBUG [DataNucleus.Datastore.Native] - INSERT INTO `RENTAL` (`CODE`,`RENTALDATE`,`RETURNDATE`,`TITLE`,`ID`) VALUES (?,?,?,?,?)
15:04:03,278 (main) DEBUG [DataNucleus.Datastore] - SQL Tiempo de cumplir = 0 ms (numero de lineas cambiado = [1]) con el PreparedStatement "org.datanucleus.store.rdbms.datasource.dbcp2.DelegatingPreparedStatement@5600a5da"
15:04:03,278 (main) DEBUG [DataNucleus.Transaction] - Haciendo commit de la transaacción para el ExecutionContext org.datanucleus.ExecutionContextImpl@6680f714
15:04:03,278 (main) DEBUG [DataNucleus.Persistence] - ExecutionContext.internalFlush() empezado con flush ordenado - 1 objetos registrados
15:04:03,278 (main) DEBUG [DataNucleus.Persistence] - ExecutionContext.internalFlush() terminado
15:04:03,278 (main) DEBUG [DataNucleus.Persistence] - Persistence-By-Reachability (commit) : EMPIEZA
15:04:03,278 (main) DEBUG [DataNucleus.Persistence] - Haciendo la calculación de alcanzables con objeto con identidad "com.videoclub.pojo.Rental:9"
15:04:03,278 (main) DEBUG [DataNucleus.Cache] - Objeto con identidad "com.videoclub.pojo.Rental:9" obtenido de la Cache nivel 1 (loadedFlags="[YYYYY]")
15:04:03,278 (main) DEBUG [DataNucleus.Persistence] - Object con id "com.videoclub.pojo.Rental:9" y estado de vida "P_NEW" añadido a la lista de alcanzables al commit.
15:04:03,278 (main) DEBUG [DataNucleus.Persistence] - ExecutionContext.internalFlush() empezado con flush ordenado - 0 objetos registrados
15:04:03,278 (main) DEBUG [DataNucleus.Persistence] - ExecutionContext.internalFlush() terminado
15:04:03,278 (main) DEBUG [DataNucleus.Persistence] - Persistence-By-Reachability (commit) : TERMINADO
15:04:03,278 (main) DEBUG [DataNucleus.Cache] - Objeto con identidad "com.videoclub.pojo.Rental:9" añadido a la Cache de nivel 2 (campos="[0, 1, 2, 3, 4]", version="")
15:04:03,278 (main) DEBUG [DataNucleus.Cache] - El objeto con identidad "com.videoclub.pojo.Rental:9" va a tener los campos siguientes almacendados en el objeto de Level 2 cache : [0, 1, 2, 3, 4]
15:04:03,278 (main) DEBUG [DataNucleus.Transaction] - Committing [DataNucleus Transaction, ID=1792540124-26, enlisted resources=[org.datanucleus.store.rdbms.ConnectionFactoryImpl$EmulatedXAResource@69ed5ea2]]
15:04:03,278 (main) DEBUG [DataNucleus.Connection] - ManagedConnection VA A COMMIT : "org.datanucleus.store.rdbms.ConnectionFactoryImpl$ManagedConnectionImpl@58aa1d72 [conn=org.datanucleus.store.rdbms.datasource.dbcp2.PoolingDataSource$PoolGuardConnectionWrapper@33d7765a, commitOnRelease=false, closeOnRelease=false, closeOnTxnEnd=true]"
15:04:03,294 (main) DEBUG [DataNucleus.Connection] - ManagedConnection CERRADO : "org.datanucleus.store.rdbms.ConnectionFactoryImpl$ManagedConnectionImpl@58aa1d72 [conn=org.datanucleus.store.rdbms.datasource.dbcp2.PoolingDataSource$PoolGuardConnectionWrapper@33d7765a, commitOnRelease=false, closeOnRelease=false, closeOnTxnEnd=true]" 
15:04:03,294 (main) DEBUG [DataNucleus.Persistence] - Haciendo el objeto detachado : "com.videoclub.pojo.Rental@6b162ecc" (profundidad=0)
15:04:03,294 (main) DEBUG [DataNucleus.Persistence] - El objeto con identidad "com.videoclub.pojo.Rental:9" va a tener el SCO wrapper en el campo "rentalDate" cambiado por el valor
15:04:03,294 (main) DEBUG [DataNucleus.Persistence] - El objeto con identidad "com.videoclub.pojo.Rental:9" va a tener el SCO wrapper en el campo "returnDate" cambiado por el valor
15:04:03,294 (main) DEBUG [DataNucleus.Persistence] - Objeto con identidad "com.videoclub.pojo.Rental:9" tiene cambio de lifeycle : "P_NEW"->"DETACHED_CLEAN"
15:04:03,294 (main) DEBUG [DataNucleus.Transaction] - Objeto con identidad "com.videoclub.pojo.Rental:9" fue borrado de la cache transactional
15:04:03,294 (main) DEBUG [DataNucleus.Persistence] - Disconectando objeto con identidad "com.videoclub.pojo.Rental:9" de StateManager[pc=com.videoclub.pojo.Rental@6b162ecc, lifecycle=DETACHED_CLEAN]
15:04:03,294 (main) DEBUG [DataNucleus.Cache] - Objeto con identidad="com.videoclub.pojo.Rental:9" borrado de la Cache de nivel 1
15:04:03,294 (main) DEBUG [DataNucleus.Transaction] - Transacción committed en 16 ms
15:04:03,294 (main) DEBUG [DataNucleus.Persistence] - ExecutionContext "org.datanucleus.ExecutionContextImpl@6680f714" se cerró
15:04:03,294 (main) DEBUG [DataNucleus.Persistence] - ExecutionContext "org.datanucleus.ExecutionContextImpl@6680f714" se abrió para la base de datos "org.datanucleus.store.rdbms.RDBMSStoreManager@1084f78c" con transaccion="org.datanucleus.transaction.TransactionImpl@269222ae"
15:04:03,294 (main) DEBUG [DataNucleus.Transaction] - Transaction created [DataNucleus Transaction, ID=1792540124-27, enlisted resources=[]]
15:04:03,294 (main) DEBUG [DataNucleus.Transaction] - Transacción empezada para el ExecutionContext org.datanucleus.ExecutionContextImpl@6680f714 (optimistic=false)
* Storing a class com.videoclub.pojo.Rental : Rental [id=0, title=Movie7, movie=Movie [title=Movie7, genre=THRILLER, duration=90, year=1990, director=paco, rentalPrice=6.75], code=12, customer=User [code=12, username=assaz,type=CLIENT, password=3200a7486419e1efd8cbbad503fb0c6140ef7e7cf69807249fda25d59c215e5c, email=asier.account@email.com, name=Asier, surname=Belloso], rentalDate=Mon May 22 15:04:03 CEST 2023, returnDate=Mon May 22 15:04:03 CEST 2023]
15:04:03,294 (main) DEBUG [DataNucleus.Persistence] - Haciendo el objeto persistente : "com.videoclub.pojo.Rental@40d848f9"
15:04:03,294 (main) DEBUG [DataNucleus.ValueGeneration] - Valor generado para el campo "com.videoclub.pojo.Rental.id" con estrategia="increment" (Generador="org.datanucleus.store.rdbms.valuegenerator.TableGenerator") : valor=10
15:04:03,294 (main) DEBUG [DataNucleus.Cache] - Objeto con identidad "com.videoclub.pojo.Rental:10" añadido a la Cache de nivel 1 (loadedFlags="[YYYYY]")
15:04:03,294 (main) DEBUG [DataNucleus.Transaction] - Objeto con identidad "com.videoclub.pojo.Rental:10" ha sido puesto en la cache transaccional
15:04:03,294 (main) DEBUG [DataNucleus.Persistence] - Objeto "com.videoclub.pojo.Rental@40d848f9" va a ser añadido a la tabla "`RENTAL`"
15:04:03,294 (main) DEBUG [DataNucleus.Connection] - ManagedConnection ABIERTO : "org.datanucleus.store.rdbms.ConnectionFactoryImpl$ManagedConnectionImpl@7d3691e1 [conn=org.datanucleus.store.rdbms.datasource.dbcp2.PoolingDataSource$PoolGuardConnectionWrapper@46a123e4, commitOnRelease=false, closeOnRelease=false, closeOnTxnEnd=true]" en resource "tx" con isolación "read-committed" y auto-commit=false
15:04:03,294 (main) DEBUG [DataNucleus.Transaction] - Running enlist operation on resource: org.datanucleus.store.rdbms.ConnectionFactoryImpl$EmulatedXAResource@44bc2449, error code TMNOFLAGS and transaction [DataNucleus Transaction, ID=1792540124-27, enlisted resources=[]]
15:04:03,294 (main) DEBUG [DataNucleus.Datastore] - Utilizando PreparedStatement "com.mysql.cj.jdbc.ClientPreparedStatement: INSERT INTO `RENTAL` (`CODE`,`RENTALDATE`,`RETURNDATE`,`TITLE`,`ID`) VALUES (** NOT SPECIFIED **,** NOT SPECIFIED **,** NOT SPECIFIED **,** NOT SPECIFIED **,** NOT SPECIFIED **)" para la conneccion "org.datanucleus.store.rdbms.datasource.dbcp2.PoolingDataSource$PoolGuardConnectionWrapper@46a123e4"
15:04:03,294 (main) DEBUG [DataNucleus.Datastore.Persist] - El statement "INSERT INTO `RENTAL` (`CODE`,`RENTALDATE`,`RETURNDATE`,`TITLE`,`ID`) VALUES (?,?,?,?,?)" ya es batchable
15:04:03,294 (main) DEBUG [DataNucleus.Persistence] - El objeto con identidad "com.videoclub.pojo.Rental:10" va a tener el valor en el campo "returnDate" cambiado por un SCO wrapper
15:04:03,294 (main) DEBUG [DataNucleus.Persistence] - El objeto con identidad "com.videoclub.pojo.Rental:10" va a tener el valor en el campo "rentalDate" cambiado por un SCO wrapper
15:04:03,294 (main) DEBUG [DataNucleus.Datastore.Persist] - Añadiendo statement "INSERT INTO `RENTAL` (`CODE`,`RENTALDATE`,`RETURNDATE`,`TITLE`,`ID`) VALUES (?,?,?,?,?)" al batch para procesar (tamaño de batch = 1)
15:04:03,294 (main) DEBUG [DataNucleus.Datastore.Native] - INSERT INTO `RENTAL` (`CODE`,`RENTALDATE`,`RETURNDATE`,`TITLE`,`ID`) VALUES (?,?,?,?,?)
15:04:03,300 (main) DEBUG [DataNucleus.Datastore] - SQL Tiempo de cumplir = 6 ms (numero de lineas cambiado = [1]) con el PreparedStatement "org.datanucleus.store.rdbms.datasource.dbcp2.DelegatingPreparedStatement@3a296107"
15:04:03,300 (main) DEBUG [DataNucleus.Transaction] - Haciendo commit de la transaacción para el ExecutionContext org.datanucleus.ExecutionContextImpl@6680f714
15:04:03,300 (main) DEBUG [DataNucleus.Persistence] - ExecutionContext.internalFlush() empezado con flush ordenado - 1 objetos registrados
15:04:03,300 (main) DEBUG [DataNucleus.Persistence] - ExecutionContext.internalFlush() terminado
15:04:03,300 (main) DEBUG [DataNucleus.Persistence] - Persistence-By-Reachability (commit) : EMPIEZA
15:04:03,300 (main) DEBUG [DataNucleus.Persistence] - Haciendo la calculación de alcanzables con objeto con identidad "com.videoclub.pojo.Rental:10"
15:04:03,300 (main) DEBUG [DataNucleus.Cache] - Objeto con identidad "com.videoclub.pojo.Rental:10" obtenido de la Cache nivel 1 (loadedFlags="[YYYYY]")
15:04:03,300 (main) DEBUG [DataNucleus.Persistence] - Object con id "com.videoclub.pojo.Rental:10" y estado de vida "P_NEW" añadido a la lista de alcanzables al commit.
15:04:03,300 (main) DEBUG [DataNucleus.Persistence] - ExecutionContext.internalFlush() empezado con flush ordenado - 0 objetos registrados
15:04:03,300 (main) DEBUG [DataNucleus.Persistence] - ExecutionContext.internalFlush() terminado
15:04:03,300 (main) DEBUG [DataNucleus.Persistence] - Persistence-By-Reachability (commit) : TERMINADO
15:04:03,300 (main) DEBUG [DataNucleus.Cache] - Objeto con identidad "com.videoclub.pojo.Rental:10" añadido a la Cache de nivel 2 (campos="[0, 1, 2, 3, 4]", version="")
15:04:03,300 (main) DEBUG [DataNucleus.Cache] - El objeto con identidad "com.videoclub.pojo.Rental:10" va a tener los campos siguientes almacendados en el objeto de Level 2 cache : [0, 1, 2, 3, 4]
15:04:03,300 (main) DEBUG [DataNucleus.Transaction] - Committing [DataNucleus Transaction, ID=1792540124-27, enlisted resources=[org.datanucleus.store.rdbms.ConnectionFactoryImpl$EmulatedXAResource@44bc2449]]
15:04:03,300 (main) DEBUG [DataNucleus.Connection] - ManagedConnection VA A COMMIT : "org.datanucleus.store.rdbms.ConnectionFactoryImpl$ManagedConnectionImpl@7d3691e1 [conn=org.datanucleus.store.rdbms.datasource.dbcp2.PoolingDataSource$PoolGuardConnectionWrapper@46a123e4, commitOnRelease=false, closeOnRelease=false, closeOnTxnEnd=true]"
15:04:03,300 (main) DEBUG [DataNucleus.Connection] - ManagedConnection CERRADO : "org.datanucleus.store.rdbms.ConnectionFactoryImpl$ManagedConnectionImpl@7d3691e1 [conn=org.datanucleus.store.rdbms.datasource.dbcp2.PoolingDataSource$PoolGuardConnectionWrapper@46a123e4, commitOnRelease=false, closeOnRelease=false, closeOnTxnEnd=true]" 
15:04:03,300 (main) DEBUG [DataNucleus.Persistence] - Haciendo el objeto detachado : "com.videoclub.pojo.Rental@40d848f9" (profundidad=0)
15:04:03,300 (main) DEBUG [DataNucleus.Persistence] - El objeto con identidad "com.videoclub.pojo.Rental:10" va a tener el SCO wrapper en el campo "rentalDate" cambiado por el valor
15:04:03,300 (main) DEBUG [DataNucleus.Persistence] - El objeto con identidad "com.videoclub.pojo.Rental:10" va a tener el SCO wrapper en el campo "returnDate" cambiado por el valor
15:04:03,300 (main) DEBUG [DataNucleus.Persistence] - Objeto con identidad "com.videoclub.pojo.Rental:10" tiene cambio de lifeycle : "P_NEW"->"DETACHED_CLEAN"
15:04:03,300 (main) DEBUG [DataNucleus.Transaction] - Objeto con identidad "com.videoclub.pojo.Rental:10" fue borrado de la cache transactional
15:04:03,300 (main) DEBUG [DataNucleus.Persistence] - Disconectando objeto con identidad "com.videoclub.pojo.Rental:10" de StateManager[pc=com.videoclub.pojo.Rental@40d848f9, lifecycle=DETACHED_CLEAN]
15:04:03,300 (main) DEBUG [DataNucleus.Cache] - Objeto con identidad="com.videoclub.pojo.Rental:10" borrado de la Cache de nivel 1
15:04:03,300 (main) DEBUG [DataNucleus.Transaction] - Transacción committed en 6 ms
15:04:03,300 (main) DEBUG [DataNucleus.Persistence] - ExecutionContext "org.datanucleus.ExecutionContextImpl@6680f714" se cerró
15:04:03,300 (main) DEBUG [DataNucleus.Persistence] - ExecutionContext "org.datanucleus.ExecutionContextImpl@6680f714" se abrió para la base de datos "org.datanucleus.store.rdbms.RDBMSStoreManager@1084f78c" con transaccion="org.datanucleus.transaction.TransactionImpl@646cd766"
15:04:03,300 (main) DEBUG [DataNucleus.Transaction] - Transaction created [DataNucleus Transaction, ID=1792540124-28, enlisted resources=[]]
15:04:03,300 (main) DEBUG [DataNucleus.Transaction] - Transacción empezada para el ExecutionContext org.datanucleus.ExecutionContextImpl@6680f714 (optimistic=false)
* Storing a class com.videoclub.pojo.Rental : Rental [id=0, title=Movie3, movie=Movie [title=Movie3, genre=DRAMA, duration=90, year=2012, director=luis, rentalPrice=4.25], code=11, customer=User [code=11, username=admin,type=ADMIN, password=8c6976e5b5410415bde908bd4dee15dfb167a9c873fc4bb8a81f6f2ab448a918, email=admin@email.com, name=AdminName, surname=AdminSurname], rentalDate=Mon May 22 15:04:03 CEST 2023, returnDate=Mon May 22 15:04:03 CEST 2023]
15:04:03,300 (main) DEBUG [DataNucleus.Persistence] - Haciendo el objeto persistente : "com.videoclub.pojo.Rental@26457986"
15:04:03,300 (main) DEBUG [DataNucleus.Connection] - ManagedConnection ABIERTO : "org.datanucleus.store.rdbms.ConnectionFactoryImpl$ManagedConnectionImpl@2dff7085 [conn=org.datanucleus.store.rdbms.datasource.dbcp2.PoolingDataSource$PoolGuardConnectionWrapper@2faa55bb, commitOnRelease=true, closeOnRelease=true, closeOnTxnEnd=true]" en resource "nontx" con isolación "read-committed" y auto-commit=false
15:04:03,300 (main) DEBUG [DataNucleus.Datastore] - Utilizando PreparedStatement "com.mysql.cj.jdbc.ClientPreparedStatement: SELECT `NEXT_VAL` FROM videoclubdb.`SEQUENCE_TABLE` WHERE `SEQUENCE_NAME`=** NOT SPECIFIED ** FOR UPDATE" para la conneccion "org.datanucleus.store.rdbms.datasource.dbcp2.PoolingDataSource$PoolGuardConnectionWrapper@2faa55bb"
15:04:03,300 (main) DEBUG [DataNucleus.Datastore.Native] - SELECT `NEXT_VAL` FROM videoclubdb.`SEQUENCE_TABLE` WHERE `SEQUENCE_NAME`=? FOR UPDATE
15:04:03,300 (main) DEBUG [DataNucleus.Datastore.Retrieve] - SQL Tiempo de cumplir = 0 ms
15:04:03,300 (main) DEBUG [DataNucleus.Datastore] - Utilizando PreparedStatement "com.mysql.cj.jdbc.ClientPreparedStatement: UPDATE videoclubdb.`SEQUENCE_TABLE` SET `NEXT_VAL`=(`NEXT_VAL`+** NOT SPECIFIED **) WHERE `SEQUENCE_NAME`=** NOT SPECIFIED **" para la conneccion "org.datanucleus.store.rdbms.datasource.dbcp2.PoolingDataSource$PoolGuardConnectionWrapper@2faa55bb"
15:04:03,300 (main) DEBUG [DataNucleus.Datastore.Native] - UPDATE videoclubdb.`SEQUENCE_TABLE` SET `NEXT_VAL`=(`NEXT_VAL`+?) WHERE `SEQUENCE_NAME`=?
15:04:03,310 (main) DEBUG [DataNucleus.Datastore.Persist] - SQL Tiempo de cumplir = 10 ms (numero de lineas cambiado = 1) con el PreparedStatement "org.datanucleus.store.rdbms.datasource.dbcp2.DelegatingPreparedStatement@501957bf"
15:04:03,310 (main) DEBUG [DataNucleus.Datastore] - Cerrando PreparedStatement "org.datanucleus.store.rdbms.datasource.dbcp2.DelegatingPreparedStatement@501957bf"
15:04:03,310 (main) DEBUG [DataNucleus.Datastore] - Cerrando PreparedStatement "org.datanucleus.store.rdbms.datasource.dbcp2.DelegatingPreparedStatement@764a3e5d"
15:04:03,310 (main) DEBUG [DataNucleus.ValueGeneration] - Hemos reservado un bloque de 10 valores
15:04:03,310 (main) DEBUG [DataNucleus.Connection] - ManagedConnection VA A COMMIT : "org.datanucleus.store.rdbms.ConnectionFactoryImpl$ManagedConnectionImpl@2dff7085 [conn=org.datanucleus.store.rdbms.datasource.dbcp2.PoolingDataSource$PoolGuardConnectionWrapper@2faa55bb, commitOnRelease=true, closeOnRelease=true, closeOnTxnEnd=true]"
15:04:03,310 (main) DEBUG [DataNucleus.Connection] - ManagedConnection CERRADO : "org.datanucleus.store.rdbms.ConnectionFactoryImpl$ManagedConnectionImpl@2dff7085 [conn=org.datanucleus.store.rdbms.datasource.dbcp2.PoolingDataSource$PoolGuardConnectionWrapper@2faa55bb, commitOnRelease=true, closeOnRelease=true, closeOnTxnEnd=true]" 
15:04:03,310 (main) DEBUG [DataNucleus.ValueGeneration] - Valor generado para el campo "com.videoclub.pojo.Rental.id" con estrategia="increment" (Generador="org.datanucleus.store.rdbms.valuegenerator.TableGenerator") : valor=11
15:04:03,310 (main) DEBUG [DataNucleus.Cache] - Objeto con identidad "com.videoclub.pojo.Rental:11" añadido a la Cache de nivel 1 (loadedFlags="[YYYYY]")
15:04:03,310 (main) DEBUG [DataNucleus.Transaction] - Objeto con identidad "com.videoclub.pojo.Rental:11" ha sido puesto en la cache transaccional
15:04:03,310 (main) DEBUG [DataNucleus.Persistence] - Objeto "com.videoclub.pojo.Rental@26457986" va a ser añadido a la tabla "`RENTAL`"
15:04:03,310 (main) DEBUG [DataNucleus.Connection] - ManagedConnection ABIERTO : "org.datanucleus.store.rdbms.ConnectionFactoryImpl$ManagedConnectionImpl@5db3d57c [conn=org.datanucleus.store.rdbms.datasource.dbcp2.PoolingDataSource$PoolGuardConnectionWrapper@53a50b0a, commitOnRelease=false, closeOnRelease=false, closeOnTxnEnd=true]" en resource "tx" con isolación "read-committed" y auto-commit=false
15:04:03,310 (main) DEBUG [DataNucleus.Transaction] - Running enlist operation on resource: org.datanucleus.store.rdbms.ConnectionFactoryImpl$EmulatedXAResource@74ba6ff5, error code TMNOFLAGS and transaction [DataNucleus Transaction, ID=1792540124-28, enlisted resources=[]]
15:04:03,310 (main) DEBUG [DataNucleus.Datastore] - Utilizando PreparedStatement "com.mysql.cj.jdbc.ClientPreparedStatement: INSERT INTO `RENTAL` (`CODE`,`RENTALDATE`,`RETURNDATE`,`TITLE`,`ID`) VALUES (** NOT SPECIFIED **,** NOT SPECIFIED **,** NOT SPECIFIED **,** NOT SPECIFIED **,** NOT SPECIFIED **)" para la conneccion "org.datanucleus.store.rdbms.datasource.dbcp2.PoolingDataSource$PoolGuardConnectionWrapper@53a50b0a"
15:04:03,310 (main) DEBUG [DataNucleus.Datastore.Persist] - El statement "INSERT INTO `RENTAL` (`CODE`,`RENTALDATE`,`RETURNDATE`,`TITLE`,`ID`) VALUES (?,?,?,?,?)" ya es batchable
15:04:03,310 (main) DEBUG [DataNucleus.Persistence] - El objeto con identidad "com.videoclub.pojo.Rental:11" va a tener el valor en el campo "returnDate" cambiado por un SCO wrapper
15:04:03,310 (main) DEBUG [DataNucleus.Persistence] - El objeto con identidad "com.videoclub.pojo.Rental:11" va a tener el valor en el campo "rentalDate" cambiado por un SCO wrapper
15:04:03,310 (main) DEBUG [DataNucleus.Datastore.Persist] - Añadiendo statement "INSERT INTO `RENTAL` (`CODE`,`RENTALDATE`,`RETURNDATE`,`TITLE`,`ID`) VALUES (?,?,?,?,?)" al batch para procesar (tamaño de batch = 1)
15:04:03,310 (main) DEBUG [DataNucleus.Datastore.Native] - INSERT INTO `RENTAL` (`CODE`,`RENTALDATE`,`RETURNDATE`,`TITLE`,`ID`) VALUES (?,?,?,?,?)
15:04:03,319 (main) DEBUG [DataNucleus.Datastore] - SQL Tiempo de cumplir = 9 ms (numero de lineas cambiado = [1]) con el PreparedStatement "org.datanucleus.store.rdbms.datasource.dbcp2.DelegatingPreparedStatement@102c18e"
15:04:03,319 (main) DEBUG [DataNucleus.Transaction] - Haciendo commit de la transaacción para el ExecutionContext org.datanucleus.ExecutionContextImpl@6680f714
15:04:03,319 (main) DEBUG [DataNucleus.Persistence] - ExecutionContext.internalFlush() empezado con flush ordenado - 1 objetos registrados
15:04:03,319 (main) DEBUG [DataNucleus.Persistence] - ExecutionContext.internalFlush() terminado
15:04:03,319 (main) DEBUG [DataNucleus.Persistence] - Persistence-By-Reachability (commit) : EMPIEZA
15:04:03,319 (main) DEBUG [DataNucleus.Persistence] - Haciendo la calculación de alcanzables con objeto con identidad "com.videoclub.pojo.Rental:11"
15:04:03,319 (main) DEBUG [DataNucleus.Cache] - Objeto con identidad "com.videoclub.pojo.Rental:11" obtenido de la Cache nivel 1 (loadedFlags="[YYYYY]")
15:04:03,319 (main) DEBUG [DataNucleus.Persistence] - Object con id "com.videoclub.pojo.Rental:11" y estado de vida "P_NEW" añadido a la lista de alcanzables al commit.
15:04:03,319 (main) DEBUG [DataNucleus.Persistence] - ExecutionContext.internalFlush() empezado con flush ordenado - 0 objetos registrados
15:04:03,319 (main) DEBUG [DataNucleus.Persistence] - ExecutionContext.internalFlush() terminado
15:04:03,319 (main) DEBUG [DataNucleus.Persistence] - Persistence-By-Reachability (commit) : TERMINADO
15:04:03,319 (main) DEBUG [DataNucleus.Cache] - Objeto con identidad "com.videoclub.pojo.Rental:11" añadido a la Cache de nivel 2 (campos="[0, 1, 2, 3, 4]", version="")
15:04:03,319 (main) DEBUG [DataNucleus.Cache] - El objeto con identidad "com.videoclub.pojo.Rental:11" va a tener los campos siguientes almacendados en el objeto de Level 2 cache : [0, 1, 2, 3, 4]
15:04:03,319 (main) DEBUG [DataNucleus.Transaction] - Committing [DataNucleus Transaction, ID=1792540124-28, enlisted resources=[org.datanucleus.store.rdbms.ConnectionFactoryImpl$EmulatedXAResource@74ba6ff5]]
15:04:03,319 (main) DEBUG [DataNucleus.Connection] - ManagedConnection VA A COMMIT : "org.datanucleus.store.rdbms.ConnectionFactoryImpl$ManagedConnectionImpl@5db3d57c [conn=org.datanucleus.store.rdbms.datasource.dbcp2.PoolingDataSource$PoolGuardConnectionWrapper@53a50b0a, commitOnRelease=false, closeOnRelease=false, closeOnTxnEnd=true]"
15:04:03,319 (main) DEBUG [DataNucleus.Connection] - ManagedConnection CERRADO : "org.datanucleus.store.rdbms.ConnectionFactoryImpl$ManagedConnectionImpl@5db3d57c [conn=org.datanucleus.store.rdbms.datasource.dbcp2.PoolingDataSource$PoolGuardConnectionWrapper@53a50b0a, commitOnRelease=false, closeOnRelease=false, closeOnTxnEnd=true]" 
15:04:03,319 (main) DEBUG [DataNucleus.Persistence] - Haciendo el objeto detachado : "com.videoclub.pojo.Rental@26457986" (profundidad=0)
15:04:03,319 (main) DEBUG [DataNucleus.Persistence] - El objeto con identidad "com.videoclub.pojo.Rental:11" va a tener el SCO wrapper en el campo "rentalDate" cambiado por el valor
15:04:03,319 (main) DEBUG [DataNucleus.Persistence] - El objeto con identidad "com.videoclub.pojo.Rental:11" va a tener el SCO wrapper en el campo "returnDate" cambiado por el valor
15:04:03,319 (main) DEBUG [DataNucleus.Persistence] - Objeto con identidad "com.videoclub.pojo.Rental:11" tiene cambio de lifeycle : "P_NEW"->"DETACHED_CLEAN"
15:04:03,319 (main) DEBUG [DataNucleus.Transaction] - Objeto con identidad "com.videoclub.pojo.Rental:11" fue borrado de la cache transactional
15:04:03,319 (main) DEBUG [DataNucleus.Persistence] - Disconectando objeto con identidad "com.videoclub.pojo.Rental:11" de StateManager[pc=com.videoclub.pojo.Rental@26457986, lifecycle=DETACHED_CLEAN]
15:04:03,319 (main) DEBUG [DataNucleus.Cache] - Objeto con identidad="com.videoclub.pojo.Rental:11" borrado de la Cache de nivel 1
15:04:03,319 (main) DEBUG [DataNucleus.Transaction] - Transacción committed en 9 ms
15:04:03,319 (main) DEBUG [DataNucleus.Persistence] - ExecutionContext "org.datanucleus.ExecutionContextImpl@6680f714" se cerró
15:04:03,319 (main) DEBUG [DataNucleus.Persistence] - ExecutionContext "org.datanucleus.ExecutionContextImpl@6680f714" se abrió para la base de datos "org.datanucleus.store.rdbms.RDBMSStoreManager@1084f78c" con transaccion="org.datanucleus.transaction.TransactionImpl@65eb3597"
15:04:03,319 (main) DEBUG [DataNucleus.Transaction] - Transaction created [DataNucleus Transaction, ID=1792540124-29, enlisted resources=[]]
15:04:03,319 (main) DEBUG [DataNucleus.Transaction] - Transacción empezada para el ExecutionContext org.datanucleus.ExecutionContextImpl@6680f714 (optimistic=false)
* Storing a class com.videoclub.pojo.Rental : Rental [id=0, title=Movie4, movie=Movie [title=Movie4, genre=COMEDY, duration=160, year=2004, director=juana, rentalPrice=14.34], code=13, customer=User [code=13, username=client,type=CLIENT, password=948fe603f61dc036b5c596dc09fe3ce3f3d30dc90f024c85f3c82db2ccab679d, email=client@email.com, name=ClientName, surname=ClientSurname], rentalDate=Mon May 22 15:04:03 CEST 2023, returnDate=Mon May 22 15:04:03 CEST 2023]
15:04:03,319 (main) DEBUG [DataNucleus.Persistence] - Haciendo el objeto persistente : "com.videoclub.pojo.Rental@2bebd114"
15:04:03,319 (main) DEBUG [DataNucleus.ValueGeneration] - Valor generado para el campo "com.videoclub.pojo.Rental.id" con estrategia="increment" (Generador="org.datanucleus.store.rdbms.valuegenerator.TableGenerator") : valor=12
15:04:03,319 (main) DEBUG [DataNucleus.Cache] - Objeto con identidad "com.videoclub.pojo.Rental:12" añadido a la Cache de nivel 1 (loadedFlags="[YYYYY]")
15:04:03,319 (main) DEBUG [DataNucleus.Transaction] - Objeto con identidad "com.videoclub.pojo.Rental:12" ha sido puesto en la cache transaccional
15:04:03,319 (main) DEBUG [DataNucleus.Persistence] - Objeto "com.videoclub.pojo.Rental@2bebd114" va a ser añadido a la tabla "`RENTAL`"
15:04:03,319 (main) DEBUG [DataNucleus.Connection] - ManagedConnection ABIERTO : "org.datanucleus.store.rdbms.ConnectionFactoryImpl$ManagedConnectionImpl@374c40ba [conn=org.datanucleus.store.rdbms.datasource.dbcp2.PoolingDataSource$PoolGuardConnectionWrapper@18dcb8a7, commitOnRelease=false, closeOnRelease=false, closeOnTxnEnd=true]" en resource "tx" con isolación "read-committed" y auto-commit=false
15:04:03,319 (main) DEBUG [DataNucleus.Transaction] - Running enlist operation on resource: org.datanucleus.store.rdbms.ConnectionFactoryImpl$EmulatedXAResource@6dcab9d9, error code TMNOFLAGS and transaction [DataNucleus Transaction, ID=1792540124-29, enlisted resources=[]]
15:04:03,319 (main) DEBUG [DataNucleus.Datastore] - Utilizando PreparedStatement "com.mysql.cj.jdbc.ClientPreparedStatement: INSERT INTO `RENTAL` (`CODE`,`RENTALDATE`,`RETURNDATE`,`TITLE`,`ID`) VALUES (** NOT SPECIFIED **,** NOT SPECIFIED **,** NOT SPECIFIED **,** NOT SPECIFIED **,** NOT SPECIFIED **)" para la conneccion "org.datanucleus.store.rdbms.datasource.dbcp2.PoolingDataSource$PoolGuardConnectionWrapper@18dcb8a7"
15:04:03,319 (main) DEBUG [DataNucleus.Datastore.Persist] - El statement "INSERT INTO `RENTAL` (`CODE`,`RENTALDATE`,`RETURNDATE`,`TITLE`,`ID`) VALUES (?,?,?,?,?)" ya es batchable
15:04:03,319 (main) DEBUG [DataNucleus.Persistence] - El objeto con identidad "com.videoclub.pojo.Rental:12" va a tener el valor en el campo "returnDate" cambiado por un SCO wrapper
15:04:03,319 (main) DEBUG [DataNucleus.Persistence] - El objeto con identidad "com.videoclub.pojo.Rental:12" va a tener el valor en el campo "rentalDate" cambiado por un SCO wrapper
15:04:03,319 (main) DEBUG [DataNucleus.Datastore.Persist] - Añadiendo statement "INSERT INTO `RENTAL` (`CODE`,`RENTALDATE`,`RETURNDATE`,`TITLE`,`ID`) VALUES (?,?,?,?,?)" al batch para procesar (tamaño de batch = 1)
15:04:03,319 (main) DEBUG [DataNucleus.Datastore.Native] - INSERT INTO `RENTAL` (`CODE`,`RENTALDATE`,`RETURNDATE`,`TITLE`,`ID`) VALUES (?,?,?,?,?)
15:04:03,326 (main) DEBUG [DataNucleus.Datastore] - SQL Tiempo de cumplir = 7 ms (numero de lineas cambiado = [1]) con el PreparedStatement "org.datanucleus.store.rdbms.datasource.dbcp2.DelegatingPreparedStatement@72ecbcb3"
15:04:03,326 (main) DEBUG [DataNucleus.Transaction] - Haciendo commit de la transaacción para el ExecutionContext org.datanucleus.ExecutionContextImpl@6680f714
15:04:03,326 (main) DEBUG [DataNucleus.Persistence] - ExecutionContext.internalFlush() empezado con flush ordenado - 1 objetos registrados
15:04:03,326 (main) DEBUG [DataNucleus.Persistence] - ExecutionContext.internalFlush() terminado
15:04:03,326 (main) DEBUG [DataNucleus.Persistence] - Persistence-By-Reachability (commit) : EMPIEZA
15:04:03,326 (main) DEBUG [DataNucleus.Persistence] - Haciendo la calculación de alcanzables con objeto con identidad "com.videoclub.pojo.Rental:12"
15:04:03,326 (main) DEBUG [DataNucleus.Cache] - Objeto con identidad "com.videoclub.pojo.Rental:12" obtenido de la Cache nivel 1 (loadedFlags="[YYYYY]")
15:04:03,326 (main) DEBUG [DataNucleus.Persistence] - Object con id "com.videoclub.pojo.Rental:12" y estado de vida "P_NEW" añadido a la lista de alcanzables al commit.
15:04:03,326 (main) DEBUG [DataNucleus.Persistence] - ExecutionContext.internalFlush() empezado con flush ordenado - 0 objetos registrados
15:04:03,326 (main) DEBUG [DataNucleus.Persistence] - ExecutionContext.internalFlush() terminado
15:04:03,326 (main) DEBUG [DataNucleus.Persistence] - Persistence-By-Reachability (commit) : TERMINADO
15:04:03,326 (main) DEBUG [DataNucleus.Cache] - Objeto con identidad "com.videoclub.pojo.Rental:12" añadido a la Cache de nivel 2 (campos="[0, 1, 2, 3, 4]", version="")
15:04:03,326 (main) DEBUG [DataNucleus.Cache] - El objeto con identidad "com.videoclub.pojo.Rental:12" va a tener los campos siguientes almacendados en el objeto de Level 2 cache : [0, 1, 2, 3, 4]
15:04:03,326 (main) DEBUG [DataNucleus.Transaction] - Committing [DataNucleus Transaction, ID=1792540124-29, enlisted resources=[org.datanucleus.store.rdbms.ConnectionFactoryImpl$EmulatedXAResource@6dcab9d9]]
15:04:03,326 (main) DEBUG [DataNucleus.Connection] - ManagedConnection VA A COMMIT : "org.datanucleus.store.rdbms.ConnectionFactoryImpl$ManagedConnectionImpl@374c40ba [conn=org.datanucleus.store.rdbms.datasource.dbcp2.PoolingDataSource$PoolGuardConnectionWrapper@18dcb8a7, commitOnRelease=false, closeOnRelease=false, closeOnTxnEnd=true]"
15:04:03,326 (main) DEBUG [DataNucleus.Connection] - ManagedConnection CERRADO : "org.datanucleus.store.rdbms.ConnectionFactoryImpl$ManagedConnectionImpl@374c40ba [conn=org.datanucleus.store.rdbms.datasource.dbcp2.PoolingDataSource$PoolGuardConnectionWrapper@18dcb8a7, commitOnRelease=false, closeOnRelease=false, closeOnTxnEnd=true]" 
15:04:03,326 (main) DEBUG [DataNucleus.Persistence] - Haciendo el objeto detachado : "com.videoclub.pojo.Rental@2bebd114" (profundidad=0)
15:04:03,326 (main) DEBUG [DataNucleus.Persistence] - El objeto con identidad "com.videoclub.pojo.Rental:12" va a tener el SCO wrapper en el campo "rentalDate" cambiado por el valor
15:04:03,326 (main) DEBUG [DataNucleus.Persistence] - El objeto con identidad "com.videoclub.pojo.Rental:12" va a tener el SCO wrapper en el campo "returnDate" cambiado por el valor
15:04:03,326 (main) DEBUG [DataNucleus.Persistence] - Objeto con identidad "com.videoclub.pojo.Rental:12" tiene cambio de lifeycle : "P_NEW"->"DETACHED_CLEAN"
15:04:03,326 (main) DEBUG [DataNucleus.Transaction] - Objeto con identidad "com.videoclub.pojo.Rental:12" fue borrado de la cache transactional
15:04:03,326 (main) DEBUG [DataNucleus.Persistence] - Disconectando objeto con identidad "com.videoclub.pojo.Rental:12" de StateManager[pc=com.videoclub.pojo.Rental@2bebd114, lifecycle=DETACHED_CLEAN]
15:04:03,326 (main) DEBUG [DataNucleus.Cache] - Objeto con identidad="com.videoclub.pojo.Rental:12" borrado de la Cache de nivel 1
15:04:03,326 (main) DEBUG [DataNucleus.Transaction] - Transacción committed en 7 ms
15:04:03,326 (main) DEBUG [DataNucleus.Persistence] - ExecutionContext "org.datanucleus.ExecutionContextImpl@6680f714" se cerró
15:04:03,326 (main) DEBUG [DataNucleus.Persistence] - ExecutionContext "org.datanucleus.ExecutionContextImpl@6680f714" se abrió para la base de datos "org.datanucleus.store.rdbms.RDBMSStoreManager@1084f78c" con transaccion="org.datanucleus.transaction.TransactionImpl@3709748f"
15:04:03,326 (main) DEBUG [DataNucleus.Transaction] - Transaction created [DataNucleus Transaction, ID=1792540124-30, enlisted resources=[]]
15:04:03,326 (main) DEBUG [DataNucleus.Transaction] - Transacción empezada para el ExecutionContext org.datanucleus.ExecutionContextImpl@6680f714 (optimistic=false)
* Storing a class com.videoclub.pojo.Rental : Rental [id=0, title=Movie5, movie=Movie [title=Movie5, genre=MUSICAL, duration=90, year=1997, director=paco, rentalPrice=9.25], code=12, customer=User [code=12, username=assaz,type=CLIENT, password=3200a7486419e1efd8cbbad503fb0c6140ef7e7cf69807249fda25d59c215e5c, email=asier.account@email.com, name=Asier, surname=Belloso], rentalDate=Mon May 22 15:04:03 CEST 2023, returnDate=Mon May 22 15:04:03 CEST 2023]
15:04:03,326 (main) DEBUG [DataNucleus.Persistence] - Haciendo el objeto persistente : "com.videoclub.pojo.Rental@6ef2f7ad"
15:04:03,326 (main) DEBUG [DataNucleus.ValueGeneration] - Valor generado para el campo "com.videoclub.pojo.Rental.id" con estrategia="increment" (Generador="org.datanucleus.store.rdbms.valuegenerator.TableGenerator") : valor=13
15:04:03,326 (main) DEBUG [DataNucleus.Cache] - Objeto con identidad "com.videoclub.pojo.Rental:13" añadido a la Cache de nivel 1 (loadedFlags="[YYYYY]")
15:04:03,326 (main) DEBUG [DataNucleus.Transaction] - Objeto con identidad "com.videoclub.pojo.Rental:13" ha sido puesto en la cache transaccional
15:04:03,326 (main) DEBUG [DataNucleus.Persistence] - Objeto "com.videoclub.pojo.Rental@6ef2f7ad" va a ser añadido a la tabla "`RENTAL`"
15:04:03,326 (main) DEBUG [DataNucleus.Connection] - ManagedConnection ABIERTO : "org.datanucleus.store.rdbms.ConnectionFactoryImpl$ManagedConnectionImpl@5e85c21b [conn=org.datanucleus.store.rdbms.datasource.dbcp2.PoolingDataSource$PoolGuardConnectionWrapper@41def031, commitOnRelease=false, closeOnRelease=false, closeOnTxnEnd=true]" en resource "tx" con isolación "read-committed" y auto-commit=false
15:04:03,326 (main) DEBUG [DataNucleus.Transaction] - Running enlist operation on resource: org.datanucleus.store.rdbms.ConnectionFactoryImpl$EmulatedXAResource@38e83838, error code TMNOFLAGS and transaction [DataNucleus Transaction, ID=1792540124-30, enlisted resources=[]]
15:04:03,326 (main) DEBUG [DataNucleus.Datastore] - Utilizando PreparedStatement "com.mysql.cj.jdbc.ClientPreparedStatement: INSERT INTO `RENTAL` (`CODE`,`RENTALDATE`,`RETURNDATE`,`TITLE`,`ID`) VALUES (** NOT SPECIFIED **,** NOT SPECIFIED **,** NOT SPECIFIED **,** NOT SPECIFIED **,** NOT SPECIFIED **)" para la conneccion "org.datanucleus.store.rdbms.datasource.dbcp2.PoolingDataSource$PoolGuardConnectionWrapper@41def031"
15:04:03,326 (main) DEBUG [DataNucleus.Datastore.Persist] - El statement "INSERT INTO `RENTAL` (`CODE`,`RENTALDATE`,`RETURNDATE`,`TITLE`,`ID`) VALUES (?,?,?,?,?)" ya es batchable
15:04:03,326 (main) DEBUG [DataNucleus.Persistence] - El objeto con identidad "com.videoclub.pojo.Rental:13" va a tener el valor en el campo "returnDate" cambiado por un SCO wrapper
15:04:03,326 (main) DEBUG [DataNucleus.Persistence] - El objeto con identidad "com.videoclub.pojo.Rental:13" va a tener el valor en el campo "rentalDate" cambiado por un SCO wrapper
15:04:03,326 (main) DEBUG [DataNucleus.Datastore.Persist] - Añadiendo statement "INSERT INTO `RENTAL` (`CODE`,`RENTALDATE`,`RETURNDATE`,`TITLE`,`ID`) VALUES (?,?,?,?,?)" al batch para procesar (tamaño de batch = 1)
15:04:03,326 (main) DEBUG [DataNucleus.Datastore.Native] - INSERT INTO `RENTAL` (`CODE`,`RENTALDATE`,`RETURNDATE`,`TITLE`,`ID`) VALUES (?,?,?,?,?)
15:04:03,326 (main) DEBUG [DataNucleus.Datastore] - SQL Tiempo de cumplir = 0 ms (numero de lineas cambiado = [1]) con el PreparedStatement "org.datanucleus.store.rdbms.datasource.dbcp2.DelegatingPreparedStatement@7f0f84d4"
15:04:03,326 (main) DEBUG [DataNucleus.Transaction] - Haciendo commit de la transaacción para el ExecutionContext org.datanucleus.ExecutionContextImpl@6680f714
15:04:03,326 (main) DEBUG [DataNucleus.Persistence] - ExecutionContext.internalFlush() empezado con flush ordenado - 1 objetos registrados
15:04:03,326 (main) DEBUG [DataNucleus.Persistence] - ExecutionContext.internalFlush() terminado
15:04:03,326 (main) DEBUG [DataNucleus.Persistence] - Persistence-By-Reachability (commit) : EMPIEZA
15:04:03,326 (main) DEBUG [DataNucleus.Persistence] - Haciendo la calculación de alcanzables con objeto con identidad "com.videoclub.pojo.Rental:13"
15:04:03,326 (main) DEBUG [DataNucleus.Cache] - Objeto con identidad "com.videoclub.pojo.Rental:13" obtenido de la Cache nivel 1 (loadedFlags="[YYYYY]")
15:04:03,326 (main) DEBUG [DataNucleus.Persistence] - Object con id "com.videoclub.pojo.Rental:13" y estado de vida "P_NEW" añadido a la lista de alcanzables al commit.
15:04:03,326 (main) DEBUG [DataNucleus.Persistence] - ExecutionContext.internalFlush() empezado con flush ordenado - 0 objetos registrados
15:04:03,326 (main) DEBUG [DataNucleus.Persistence] - ExecutionContext.internalFlush() terminado
15:04:03,326 (main) DEBUG [DataNucleus.Persistence] - Persistence-By-Reachability (commit) : TERMINADO
15:04:03,326 (main) DEBUG [DataNucleus.Cache] - Objeto con identidad "com.videoclub.pojo.Rental:13" añadido a la Cache de nivel 2 (campos="[0, 1, 2, 3, 4]", version="")
15:04:03,326 (main) DEBUG [DataNucleus.Cache] - El objeto con identidad "com.videoclub.pojo.Rental:13" va a tener los campos siguientes almacendados en el objeto de Level 2 cache : [0, 1, 2, 3, 4]
15:04:03,326 (main) DEBUG [DataNucleus.Transaction] - Committing [DataNucleus Transaction, ID=1792540124-30, enlisted resources=[org.datanucleus.store.rdbms.ConnectionFactoryImpl$EmulatedXAResource@38e83838]]
15:04:03,326 (main) DEBUG [DataNucleus.Connection] - ManagedConnection VA A COMMIT : "org.datanucleus.store.rdbms.ConnectionFactoryImpl$ManagedConnectionImpl@5e85c21b [conn=org.datanucleus.store.rdbms.datasource.dbcp2.PoolingDataSource$PoolGuardConnectionWrapper@41def031, commitOnRelease=false, closeOnRelease=false, closeOnTxnEnd=true]"
15:04:03,326 (main) DEBUG [DataNucleus.Connection] - ManagedConnection CERRADO : "org.datanucleus.store.rdbms.ConnectionFactoryImpl$ManagedConnectionImpl@5e85c21b [conn=org.datanucleus.store.rdbms.datasource.dbcp2.PoolingDataSource$PoolGuardConnectionWrapper@41def031, commitOnRelease=false, closeOnRelease=false, closeOnTxnEnd=true]" 
15:04:03,326 (main) DEBUG [DataNucleus.Persistence] - Haciendo el objeto detachado : "com.videoclub.pojo.Rental@6ef2f7ad" (profundidad=0)
15:04:03,326 (main) DEBUG [DataNucleus.Persistence] - El objeto con identidad "com.videoclub.pojo.Rental:13" va a tener el SCO wrapper en el campo "rentalDate" cambiado por el valor
15:04:03,326 (main) DEBUG [DataNucleus.Persistence] - El objeto con identidad "com.videoclub.pojo.Rental:13" va a tener el SCO wrapper en el campo "returnDate" cambiado por el valor
15:04:03,326 (main) DEBUG [DataNucleus.Persistence] - Objeto con identidad "com.videoclub.pojo.Rental:13" tiene cambio de lifeycle : "P_NEW"->"DETACHED_CLEAN"
15:04:03,326 (main) DEBUG [DataNucleus.Transaction] - Objeto con identidad "com.videoclub.pojo.Rental:13" fue borrado de la cache transactional
15:04:03,326 (main) DEBUG [DataNucleus.Persistence] - Disconectando objeto con identidad "com.videoclub.pojo.Rental:13" de StateManager[pc=com.videoclub.pojo.Rental@6ef2f7ad, lifecycle=DETACHED_CLEAN]
15:04:03,326 (main) DEBUG [DataNucleus.Cache] - Objeto con identidad="com.videoclub.pojo.Rental:13" borrado de la Cache de nivel 1
15:04:03,326 (main) DEBUG [DataNucleus.Transaction] - Transacción committed en 0 ms
15:04:03,326 (main) DEBUG [DataNucleus.Persistence] - ExecutionContext "org.datanucleus.ExecutionContextImpl@6680f714" se cerró
15:04:03,326 (main) DEBUG [DataNucleus.Persistence] - ExecutionContext "org.datanucleus.ExecutionContextImpl@6680f714" se abrió para la base de datos "org.datanucleus.store.rdbms.RDBMSStoreManager@1084f78c" con transaccion="org.datanucleus.transaction.TransactionImpl@26e8ff8c"
15:04:03,326 (main) DEBUG [DataNucleus.Transaction] - Transaction created [DataNucleus Transaction, ID=1792540124-31, enlisted resources=[]]
15:04:03,326 (main) DEBUG [DataNucleus.Transaction] - Transacción empezada para el ExecutionContext org.datanucleus.ExecutionContextImpl@6680f714 (optimistic=false)
* Storing a class com.videoclub.pojo.Rental : Rental [id=0, title=Movie6, movie=Movie [title=Movie6, genre=FANTASY, duration=120, year=2015, director=juana, rentalPrice=6.74], code=11, customer=User [code=11, username=admin,type=ADMIN, password=8c6976e5b5410415bde908bd4dee15dfb167a9c873fc4bb8a81f6f2ab448a918, email=admin@email.com, name=AdminName, surname=AdminSurname], rentalDate=Mon May 22 15:04:03 CEST 2023, returnDate=Mon May 22 15:04:03 CEST 2023]
15:04:03,326 (main) DEBUG [DataNucleus.Persistence] - Haciendo el objeto persistente : "com.videoclub.pojo.Rental@590d6c76"
15:04:03,326 (main) DEBUG [DataNucleus.ValueGeneration] - Valor generado para el campo "com.videoclub.pojo.Rental.id" con estrategia="increment" (Generador="org.datanucleus.store.rdbms.valuegenerator.TableGenerator") : valor=14
15:04:03,326 (main) DEBUG [DataNucleus.Cache] - Objeto con identidad "com.videoclub.pojo.Rental:14" añadido a la Cache de nivel 1 (loadedFlags="[YYYYY]")
15:04:03,326 (main) DEBUG [DataNucleus.Transaction] - Objeto con identidad "com.videoclub.pojo.Rental:14" ha sido puesto en la cache transaccional
15:04:03,326 (main) DEBUG [DataNucleus.Persistence] - Objeto "com.videoclub.pojo.Rental@590d6c76" va a ser añadido a la tabla "`RENTAL`"
15:04:03,326 (main) DEBUG [DataNucleus.Connection] - ManagedConnection ABIERTO : "org.datanucleus.store.rdbms.ConnectionFactoryImpl$ManagedConnectionImpl@448c92fc [conn=org.datanucleus.store.rdbms.datasource.dbcp2.PoolingDataSource$PoolGuardConnectionWrapper@251c8145, commitOnRelease=false, closeOnRelease=false, closeOnTxnEnd=true]" en resource "tx" con isolación "read-committed" y auto-commit=false
15:04:03,326 (main) DEBUG [DataNucleus.Transaction] - Running enlist operation on resource: org.datanucleus.store.rdbms.ConnectionFactoryImpl$EmulatedXAResource@17c0274c, error code TMNOFLAGS and transaction [DataNucleus Transaction, ID=1792540124-31, enlisted resources=[]]
15:04:03,326 (main) DEBUG [DataNucleus.Datastore] - Utilizando PreparedStatement "com.mysql.cj.jdbc.ClientPreparedStatement: INSERT INTO `RENTAL` (`CODE`,`RENTALDATE`,`RETURNDATE`,`TITLE`,`ID`) VALUES (** NOT SPECIFIED **,** NOT SPECIFIED **,** NOT SPECIFIED **,** NOT SPECIFIED **,** NOT SPECIFIED **)" para la conneccion "org.datanucleus.store.rdbms.datasource.dbcp2.PoolingDataSource$PoolGuardConnectionWrapper@251c8145"
15:04:03,326 (main) DEBUG [DataNucleus.Datastore.Persist] - El statement "INSERT INTO `RENTAL` (`CODE`,`RENTALDATE`,`RETURNDATE`,`TITLE`,`ID`) VALUES (?,?,?,?,?)" ya es batchable
15:04:03,326 (main) DEBUG [DataNucleus.Persistence] - El objeto con identidad "com.videoclub.pojo.Rental:14" va a tener el valor en el campo "returnDate" cambiado por un SCO wrapper
15:04:03,326 (main) DEBUG [DataNucleus.Persistence] - El objeto con identidad "com.videoclub.pojo.Rental:14" va a tener el valor en el campo "rentalDate" cambiado por un SCO wrapper
15:04:03,326 (main) DEBUG [DataNucleus.Datastore.Persist] - Añadiendo statement "INSERT INTO `RENTAL` (`CODE`,`RENTALDATE`,`RETURNDATE`,`TITLE`,`ID`) VALUES (?,?,?,?,?)" al batch para procesar (tamaño de batch = 1)
15:04:03,326 (main) DEBUG [DataNucleus.Datastore.Native] - INSERT INTO `RENTAL` (`CODE`,`RENTALDATE`,`RETURNDATE`,`TITLE`,`ID`) VALUES (?,?,?,?,?)
15:04:03,326 (main) DEBUG [DataNucleus.Datastore] - SQL Tiempo de cumplir = 0 ms (numero de lineas cambiado = [1]) con el PreparedStatement "org.datanucleus.store.rdbms.datasource.dbcp2.DelegatingPreparedStatement@1b52699c"
15:04:03,326 (main) DEBUG [DataNucleus.Transaction] - Haciendo commit de la transaacción para el ExecutionContext org.datanucleus.ExecutionContextImpl@6680f714
15:04:03,326 (main) DEBUG [DataNucleus.Persistence] - ExecutionContext.internalFlush() empezado con flush ordenado - 1 objetos registrados
15:04:03,326 (main) DEBUG [DataNucleus.Persistence] - ExecutionContext.internalFlush() terminado
15:04:03,326 (main) DEBUG [DataNucleus.Persistence] - Persistence-By-Reachability (commit) : EMPIEZA
15:04:03,326 (main) DEBUG [DataNucleus.Persistence] - Haciendo la calculación de alcanzables con objeto con identidad "com.videoclub.pojo.Rental:14"
15:04:03,326 (main) DEBUG [DataNucleus.Cache] - Objeto con identidad "com.videoclub.pojo.Rental:14" obtenido de la Cache nivel 1 (loadedFlags="[YYYYY]")
15:04:03,326 (main) DEBUG [DataNucleus.Persistence] - Object con id "com.videoclub.pojo.Rental:14" y estado de vida "P_NEW" añadido a la lista de alcanzables al commit.
15:04:03,326 (main) DEBUG [DataNucleus.Persistence] - ExecutionContext.internalFlush() empezado con flush ordenado - 0 objetos registrados
15:04:03,326 (main) DEBUG [DataNucleus.Persistence] - ExecutionContext.internalFlush() terminado
15:04:03,326 (main) DEBUG [DataNucleus.Persistence] - Persistence-By-Reachability (commit) : TERMINADO
15:04:03,326 (main) DEBUG [DataNucleus.Cache] - Objeto con identidad "com.videoclub.pojo.Rental:14" añadido a la Cache de nivel 2 (campos="[0, 1, 2, 3, 4]", version="")
15:04:03,326 (main) DEBUG [DataNucleus.Cache] - El objeto con identidad "com.videoclub.pojo.Rental:14" va a tener los campos siguientes almacendados en el objeto de Level 2 cache : [0, 1, 2, 3, 4]
15:04:03,326 (main) DEBUG [DataNucleus.Transaction] - Committing [DataNucleus Transaction, ID=1792540124-31, enlisted resources=[org.datanucleus.store.rdbms.ConnectionFactoryImpl$EmulatedXAResource@17c0274c]]
15:04:03,326 (main) DEBUG [DataNucleus.Connection] - ManagedConnection VA A COMMIT : "org.datanucleus.store.rdbms.ConnectionFactoryImpl$ManagedConnectionImpl@448c92fc [conn=org.datanucleus.store.rdbms.datasource.dbcp2.PoolingDataSource$PoolGuardConnectionWrapper@251c8145, commitOnRelease=false, closeOnRelease=false, closeOnTxnEnd=true]"
15:04:03,342 (main) DEBUG [DataNucleus.Connection] - ManagedConnection CERRADO : "org.datanucleus.store.rdbms.ConnectionFactoryImpl$ManagedConnectionImpl@448c92fc [conn=org.datanucleus.store.rdbms.datasource.dbcp2.PoolingDataSource$PoolGuardConnectionWrapper@251c8145, commitOnRelease=false, closeOnRelease=false, closeOnTxnEnd=true]" 
15:04:03,342 (main) DEBUG [DataNucleus.Persistence] - Haciendo el objeto detachado : "com.videoclub.pojo.Rental@590d6c76" (profundidad=0)
15:04:03,342 (main) DEBUG [DataNucleus.Persistence] - El objeto con identidad "com.videoclub.pojo.Rental:14" va a tener el SCO wrapper en el campo "rentalDate" cambiado por el valor
15:04:03,342 (main) DEBUG [DataNucleus.Persistence] - El objeto con identidad "com.videoclub.pojo.Rental:14" va a tener el SCO wrapper en el campo "returnDate" cambiado por el valor
15:04:03,342 (main) DEBUG [DataNucleus.Persistence] - Objeto con identidad "com.videoclub.pojo.Rental:14" tiene cambio de lifeycle : "P_NEW"->"DETACHED_CLEAN"
15:04:03,342 (main) DEBUG [DataNucleus.Transaction] - Objeto con identidad "com.videoclub.pojo.Rental:14" fue borrado de la cache transactional
15:04:03,342 (main) DEBUG [DataNucleus.Persistence] - Disconectando objeto con identidad "com.videoclub.pojo.Rental:14" de StateManager[pc=com.videoclub.pojo.Rental@590d6c76, lifecycle=DETACHED_CLEAN]
15:04:03,342 (main) DEBUG [DataNucleus.Cache] - Objeto con identidad="com.videoclub.pojo.Rental:14" borrado de la Cache de nivel 1
15:04:03,342 (main) DEBUG [DataNucleus.Transaction] - Transacción committed en 16 ms
15:04:03,342 (main) DEBUG [DataNucleus.Persistence] - ExecutionContext "org.datanucleus.ExecutionContextImpl@6680f714" se cerró
15:04:03,342 (main) DEBUG [DataNucleus.Persistence] - ExecutionContext "org.datanucleus.ExecutionContextImpl@6680f714" se abrió para la base de datos "org.datanucleus.store.rdbms.RDBMSStoreManager@1084f78c" con transaccion="org.datanucleus.transaction.TransactionImpl@250d440"
15:04:03,342 (main) DEBUG [DataNucleus.Transaction] - Transaction created [DataNucleus Transaction, ID=1792540124-32, enlisted resources=[]]
15:04:03,342 (main) DEBUG [DataNucleus.Transaction] - Transacción empezada para el ExecutionContext org.datanucleus.ExecutionContextImpl@6680f714 (optimistic=false)
* Storing a class com.videoclub.pojo.Rental : Rental [id=0, title=Movie7, movie=Movie [title=Movie7, genre=THRILLER, duration=90, year=1990, director=paco, rentalPrice=6.75], code=13, customer=User [code=13, username=client,type=CLIENT, password=948fe603f61dc036b5c596dc09fe3ce3f3d30dc90f024c85f3c82db2ccab679d, email=client@email.com, name=ClientName, surname=ClientSurname], rentalDate=Mon May 22 15:04:03 CEST 2023, returnDate=Mon May 22 15:04:03 CEST 2023]
15:04:03,342 (main) DEBUG [DataNucleus.Persistence] - Haciendo el objeto persistente : "com.videoclub.pojo.Rental@7e5efcab"
15:04:03,342 (main) DEBUG [DataNucleus.ValueGeneration] - Valor generado para el campo "com.videoclub.pojo.Rental.id" con estrategia="increment" (Generador="org.datanucleus.store.rdbms.valuegenerator.TableGenerator") : valor=15
15:04:03,342 (main) DEBUG [DataNucleus.Cache] - Objeto con identidad "com.videoclub.pojo.Rental:15" añadido a la Cache de nivel 1 (loadedFlags="[YYYYY]")
15:04:03,342 (main) DEBUG [DataNucleus.Transaction] - Objeto con identidad "com.videoclub.pojo.Rental:15" ha sido puesto en la cache transaccional
15:04:03,342 (main) DEBUG [DataNucleus.Persistence] - Objeto "com.videoclub.pojo.Rental@7e5efcab" va a ser añadido a la tabla "`RENTAL`"
15:04:03,342 (main) DEBUG [DataNucleus.Connection] - ManagedConnection ABIERTO : "org.datanucleus.store.rdbms.ConnectionFactoryImpl$ManagedConnectionImpl@1d2fb82 [conn=org.datanucleus.store.rdbms.datasource.dbcp2.PoolingDataSource$PoolGuardConnectionWrapper@34045582, commitOnRelease=false, closeOnRelease=false, closeOnTxnEnd=true]" en resource "tx" con isolación "read-committed" y auto-commit=false
15:04:03,342 (main) DEBUG [DataNucleus.Transaction] - Running enlist operation on resource: org.datanucleus.store.rdbms.ConnectionFactoryImpl$EmulatedXAResource@3db65c0d, error code TMNOFLAGS and transaction [DataNucleus Transaction, ID=1792540124-32, enlisted resources=[]]
15:04:03,342 (main) DEBUG [DataNucleus.Datastore] - Utilizando PreparedStatement "com.mysql.cj.jdbc.ClientPreparedStatement: INSERT INTO `RENTAL` (`CODE`,`RENTALDATE`,`RETURNDATE`,`TITLE`,`ID`) VALUES (** NOT SPECIFIED **,** NOT SPECIFIED **,** NOT SPECIFIED **,** NOT SPECIFIED **,** NOT SPECIFIED **)" para la conneccion "org.datanucleus.store.rdbms.datasource.dbcp2.PoolingDataSource$PoolGuardConnectionWrapper@34045582"
15:04:03,342 (main) DEBUG [DataNucleus.Datastore.Persist] - El statement "INSERT INTO `RENTAL` (`CODE`,`RENTALDATE`,`RETURNDATE`,`TITLE`,`ID`) VALUES (?,?,?,?,?)" ya es batchable
15:04:03,342 (main) DEBUG [DataNucleus.Persistence] - El objeto con identidad "com.videoclub.pojo.Rental:15" va a tener el valor en el campo "returnDate" cambiado por un SCO wrapper
15:04:03,342 (main) DEBUG [DataNucleus.Persistence] - El objeto con identidad "com.videoclub.pojo.Rental:15" va a tener el valor en el campo "rentalDate" cambiado por un SCO wrapper
15:04:03,342 (main) DEBUG [DataNucleus.Datastore.Persist] - Añadiendo statement "INSERT INTO `RENTAL` (`CODE`,`RENTALDATE`,`RETURNDATE`,`TITLE`,`ID`) VALUES (?,?,?,?,?)" al batch para procesar (tamaño de batch = 1)
15:04:03,342 (main) DEBUG [DataNucleus.Datastore.Native] - INSERT INTO `RENTAL` (`CODE`,`RENTALDATE`,`RETURNDATE`,`TITLE`,`ID`) VALUES (?,?,?,?,?)
15:04:03,342 (main) DEBUG [DataNucleus.Datastore] - SQL Tiempo de cumplir = 0 ms (numero de lineas cambiado = [1]) con el PreparedStatement "org.datanucleus.store.rdbms.datasource.dbcp2.DelegatingPreparedStatement@1efac5b9"
15:04:03,342 (main) DEBUG [DataNucleus.Transaction] - Haciendo commit de la transaacción para el ExecutionContext org.datanucleus.ExecutionContextImpl@6680f714
15:04:03,342 (main) DEBUG [DataNucleus.Persistence] - ExecutionContext.internalFlush() empezado con flush ordenado - 1 objetos registrados
15:04:03,342 (main) DEBUG [DataNucleus.Persistence] - ExecutionContext.internalFlush() terminado
15:04:03,342 (main) DEBUG [DataNucleus.Persistence] - Persistence-By-Reachability (commit) : EMPIEZA
15:04:03,342 (main) DEBUG [DataNucleus.Persistence] - Haciendo la calculación de alcanzables con objeto con identidad "com.videoclub.pojo.Rental:15"
15:04:03,342 (main) DEBUG [DataNucleus.Cache] - Objeto con identidad "com.videoclub.pojo.Rental:15" obtenido de la Cache nivel 1 (loadedFlags="[YYYYY]")
15:04:03,342 (main) DEBUG [DataNucleus.Persistence] - Object con id "com.videoclub.pojo.Rental:15" y estado de vida "P_NEW" añadido a la lista de alcanzables al commit.
15:04:03,342 (main) DEBUG [DataNucleus.Persistence] - ExecutionContext.internalFlush() empezado con flush ordenado - 0 objetos registrados
15:04:03,342 (main) DEBUG [DataNucleus.Persistence] - ExecutionContext.internalFlush() terminado
15:04:03,342 (main) DEBUG [DataNucleus.Persistence] - Persistence-By-Reachability (commit) : TERMINADO
15:04:03,342 (main) DEBUG [DataNucleus.Cache] - Objeto con identidad "com.videoclub.pojo.Rental:15" añadido a la Cache de nivel 2 (campos="[0, 1, 2, 3, 4]", version="")
15:04:03,342 (main) DEBUG [DataNucleus.Cache] - El objeto con identidad "com.videoclub.pojo.Rental:15" va a tener los campos siguientes almacendados en el objeto de Level 2 cache : [0, 1, 2, 3, 4]
15:04:03,342 (main) DEBUG [DataNucleus.Transaction] - Committing [DataNucleus Transaction, ID=1792540124-32, enlisted resources=[org.datanucleus.store.rdbms.ConnectionFactoryImpl$EmulatedXAResource@3db65c0d]]
15:04:03,342 (main) DEBUG [DataNucleus.Connection] - ManagedConnection VA A COMMIT : "org.datanucleus.store.rdbms.ConnectionFactoryImpl$ManagedConnectionImpl@1d2fb82 [conn=org.datanucleus.store.rdbms.datasource.dbcp2.PoolingDataSource$PoolGuardConnectionWrapper@34045582, commitOnRelease=false, closeOnRelease=false, closeOnTxnEnd=true]"
15:04:03,342 (main) DEBUG [DataNucleus.Connection] - ManagedConnection CERRADO : "org.datanucleus.store.rdbms.ConnectionFactoryImpl$ManagedConnectionImpl@1d2fb82 [conn=org.datanucleus.store.rdbms.datasource.dbcp2.PoolingDataSource$PoolGuardConnectionWrapper@34045582, commitOnRelease=false, closeOnRelease=false, closeOnTxnEnd=true]" 
15:04:03,342 (main) DEBUG [DataNucleus.Persistence] - Haciendo el objeto detachado : "com.videoclub.pojo.Rental@7e5efcab" (profundidad=0)
15:04:03,342 (main) DEBUG [DataNucleus.Persistence] - El objeto con identidad "com.videoclub.pojo.Rental:15" va a tener el SCO wrapper en el campo "rentalDate" cambiado por el valor
15:04:03,342 (main) DEBUG [DataNucleus.Persistence] - El objeto con identidad "com.videoclub.pojo.Rental:15" va a tener el SCO wrapper en el campo "returnDate" cambiado por el valor
15:04:03,342 (main) DEBUG [DataNucleus.Persistence] - Objeto con identidad "com.videoclub.pojo.Rental:15" tiene cambio de lifeycle : "P_NEW"->"DETACHED_CLEAN"
15:04:03,342 (main) DEBUG [DataNucleus.Transaction] - Objeto con identidad "com.videoclub.pojo.Rental:15" fue borrado de la cache transactional
15:04:03,342 (main) DEBUG [DataNucleus.Persistence] - Disconectando objeto con identidad "com.videoclub.pojo.Rental:15" de StateManager[pc=com.videoclub.pojo.Rental@7e5efcab, lifecycle=DETACHED_CLEAN]
15:04:03,342 (main) DEBUG [DataNucleus.Cache] - Objeto con identidad="com.videoclub.pojo.Rental:15" borrado de la Cache de nivel 1
15:04:03,342 (main) DEBUG [DataNucleus.Transaction] - Transacción committed en 0 ms
15:04:03,342 (main) DEBUG [DataNucleus.Persistence] - ExecutionContext "org.datanucleus.ExecutionContextImpl@6680f714" se cerró
15:04:03,342 (main) DEBUG [DataNucleus.Persistence] - ExecutionContext "org.datanucleus.ExecutionContextImpl@6680f714" se abrió para la base de datos "org.datanucleus.store.rdbms.RDBMSStoreManager@1084f78c" con transaccion="org.datanucleus.transaction.TransactionImpl@69796bd0"
15:04:03,342 (main) DEBUG [DataNucleus.Transaction] - Transaction created [DataNucleus Transaction, ID=1792540124-33, enlisted resources=[]]
15:04:03,342 (main) DEBUG [DataNucleus.Transaction] - Transacción empezada para el ExecutionContext org.datanucleus.ExecutionContextImpl@6680f714 (optimistic=false)
* Storing a class com.videoclub.pojo.Rental : Rental [id=0, title=Movie3, movie=Movie [title=Movie3, genre=DRAMA, duration=90, year=2012, director=luis, rentalPrice=4.25], code=12, customer=User [code=12, username=assaz,type=CLIENT, password=3200a7486419e1efd8cbbad503fb0c6140ef7e7cf69807249fda25d59c215e5c, email=asier.account@email.com, name=Asier, surname=Belloso], rentalDate=Mon May 22 15:04:03 CEST 2023, returnDate=Mon May 22 15:04:03 CEST 2023]
15:04:03,342 (main) DEBUG [DataNucleus.Persistence] - Haciendo el objeto persistente : "com.videoclub.pojo.Rental@8c0a23f"
15:04:03,342 (main) DEBUG [DataNucleus.ValueGeneration] - Valor generado para el campo "com.videoclub.pojo.Rental.id" con estrategia="increment" (Generador="org.datanucleus.store.rdbms.valuegenerator.TableGenerator") : valor=16
15:04:03,342 (main) DEBUG [DataNucleus.Cache] - Objeto con identidad "com.videoclub.pojo.Rental:16" añadido a la Cache de nivel 1 (loadedFlags="[YYYYY]")
15:04:03,342 (main) DEBUG [DataNucleus.Transaction] - Objeto con identidad "com.videoclub.pojo.Rental:16" ha sido puesto en la cache transaccional
15:04:03,342 (main) DEBUG [DataNucleus.Persistence] - Objeto "com.videoclub.pojo.Rental@8c0a23f" va a ser añadido a la tabla "`RENTAL`"
15:04:03,342 (main) DEBUG [DataNucleus.Connection] - ManagedConnection ABIERTO : "org.datanucleus.store.rdbms.ConnectionFactoryImpl$ManagedConnectionImpl@26c8b296 [conn=org.datanucleus.store.rdbms.datasource.dbcp2.PoolingDataSource$PoolGuardConnectionWrapper@1d289d3f, commitOnRelease=false, closeOnRelease=false, closeOnTxnEnd=true]" en resource "tx" con isolación "read-committed" y auto-commit=false
15:04:03,342 (main) DEBUG [DataNucleus.Transaction] - Running enlist operation on resource: org.datanucleus.store.rdbms.ConnectionFactoryImpl$EmulatedXAResource@10f405ff, error code TMNOFLAGS and transaction [DataNucleus Transaction, ID=1792540124-33, enlisted resources=[]]
15:04:03,342 (main) DEBUG [DataNucleus.Datastore] - Utilizando PreparedStatement "com.mysql.cj.jdbc.ClientPreparedStatement: INSERT INTO `RENTAL` (`CODE`,`RENTALDATE`,`RETURNDATE`,`TITLE`,`ID`) VALUES (** NOT SPECIFIED **,** NOT SPECIFIED **,** NOT SPECIFIED **,** NOT SPECIFIED **,** NOT SPECIFIED **)" para la conneccion "org.datanucleus.store.rdbms.datasource.dbcp2.PoolingDataSource$PoolGuardConnectionWrapper@1d289d3f"
15:04:03,342 (main) DEBUG [DataNucleus.Datastore.Persist] - El statement "INSERT INTO `RENTAL` (`CODE`,`RENTALDATE`,`RETURNDATE`,`TITLE`,`ID`) VALUES (?,?,?,?,?)" ya es batchable
15:04:03,342 (main) DEBUG [DataNucleus.Persistence] - El objeto con identidad "com.videoclub.pojo.Rental:16" va a tener el valor en el campo "returnDate" cambiado por un SCO wrapper
15:04:03,342 (main) DEBUG [DataNucleus.Persistence] - El objeto con identidad "com.videoclub.pojo.Rental:16" va a tener el valor en el campo "rentalDate" cambiado por un SCO wrapper
15:04:03,342 (main) DEBUG [DataNucleus.Datastore.Persist] - Añadiendo statement "INSERT INTO `RENTAL` (`CODE`,`RENTALDATE`,`RETURNDATE`,`TITLE`,`ID`) VALUES (?,?,?,?,?)" al batch para procesar (tamaño de batch = 1)
15:04:03,342 (main) DEBUG [DataNucleus.Datastore.Native] - INSERT INTO `RENTAL` (`CODE`,`RENTALDATE`,`RETURNDATE`,`TITLE`,`ID`) VALUES (?,?,?,?,?)
15:04:03,342 (main) DEBUG [DataNucleus.Datastore] - SQL Tiempo de cumplir = 0 ms (numero de lineas cambiado = [1]) con el PreparedStatement "org.datanucleus.store.rdbms.datasource.dbcp2.DelegatingPreparedStatement@45801322"
15:04:03,342 (main) DEBUG [DataNucleus.Transaction] - Haciendo commit de la transaacción para el ExecutionContext org.datanucleus.ExecutionContextImpl@6680f714
15:04:03,342 (main) DEBUG [DataNucleus.Persistence] - ExecutionContext.internalFlush() empezado con flush ordenado - 1 objetos registrados
15:04:03,358 (main) DEBUG [DataNucleus.Persistence] - ExecutionContext.internalFlush() terminado
15:04:03,358 (main) DEBUG [DataNucleus.Persistence] - Persistence-By-Reachability (commit) : EMPIEZA
15:04:03,358 (main) DEBUG [DataNucleus.Persistence] - Haciendo la calculación de alcanzables con objeto con identidad "com.videoclub.pojo.Rental:16"
15:04:03,358 (main) DEBUG [DataNucleus.Cache] - Objeto con identidad "com.videoclub.pojo.Rental:16" obtenido de la Cache nivel 1 (loadedFlags="[YYYYY]")
15:04:03,358 (main) DEBUG [DataNucleus.Persistence] - Object con id "com.videoclub.pojo.Rental:16" y estado de vida "P_NEW" añadido a la lista de alcanzables al commit.
15:04:03,358 (main) DEBUG [DataNucleus.Persistence] - ExecutionContext.internalFlush() empezado con flush ordenado - 0 objetos registrados
15:04:03,358 (main) DEBUG [DataNucleus.Persistence] - ExecutionContext.internalFlush() terminado
15:04:03,358 (main) DEBUG [DataNucleus.Persistence] - Persistence-By-Reachability (commit) : TERMINADO
15:04:03,358 (main) DEBUG [DataNucleus.Cache] - Objeto con identidad "com.videoclub.pojo.Rental:16" añadido a la Cache de nivel 2 (campos="[0, 1, 2, 3, 4]", version="")
15:04:03,358 (main) DEBUG [DataNucleus.Cache] - El objeto con identidad "com.videoclub.pojo.Rental:16" va a tener los campos siguientes almacendados en el objeto de Level 2 cache : [0, 1, 2, 3, 4]
15:04:03,358 (main) DEBUG [DataNucleus.Transaction] - Committing [DataNucleus Transaction, ID=1792540124-33, enlisted resources=[org.datanucleus.store.rdbms.ConnectionFactoryImpl$EmulatedXAResource@10f405ff]]
15:04:03,358 (main) DEBUG [DataNucleus.Connection] - ManagedConnection VA A COMMIT : "org.datanucleus.store.rdbms.ConnectionFactoryImpl$ManagedConnectionImpl@26c8b296 [conn=org.datanucleus.store.rdbms.datasource.dbcp2.PoolingDataSource$PoolGuardConnectionWrapper@1d289d3f, commitOnRelease=false, closeOnRelease=false, closeOnTxnEnd=true]"
15:04:03,358 (main) DEBUG [DataNucleus.Connection] - ManagedConnection CERRADO : "org.datanucleus.store.rdbms.ConnectionFactoryImpl$ManagedConnectionImpl@26c8b296 [conn=org.datanucleus.store.rdbms.datasource.dbcp2.PoolingDataSource$PoolGuardConnectionWrapper@1d289d3f, commitOnRelease=false, closeOnRelease=false, closeOnTxnEnd=true]" 
15:04:03,358 (main) DEBUG [DataNucleus.Persistence] - Haciendo el objeto detachado : "com.videoclub.pojo.Rental@8c0a23f" (profundidad=0)
15:04:03,358 (main) DEBUG [DataNucleus.Persistence] - El objeto con identidad "com.videoclub.pojo.Rental:16" va a tener el SCO wrapper en el campo "rentalDate" cambiado por el valor
15:04:03,358 (main) DEBUG [DataNucleus.Persistence] - El objeto con identidad "com.videoclub.pojo.Rental:16" va a tener el SCO wrapper en el campo "returnDate" cambiado por el valor
15:04:03,358 (main) DEBUG [DataNucleus.Persistence] - Objeto con identidad "com.videoclub.pojo.Rental:16" tiene cambio de lifeycle : "P_NEW"->"DETACHED_CLEAN"
15:04:03,358 (main) DEBUG [DataNucleus.Transaction] - Objeto con identidad "com.videoclub.pojo.Rental:16" fue borrado de la cache transactional
15:04:03,358 (main) DEBUG [DataNucleus.Persistence] - Disconectando objeto con identidad "com.videoclub.pojo.Rental:16" de StateManager[pc=com.videoclub.pojo.Rental@8c0a23f, lifecycle=DETACHED_CLEAN]
15:04:03,358 (main) DEBUG [DataNucleus.Cache] - Objeto con identidad="com.videoclub.pojo.Rental:16" borrado de la Cache de nivel 1
15:04:03,358 (main) DEBUG [DataNucleus.Transaction] - Transacción committed en 16 ms
15:04:03,358 (main) DEBUG [DataNucleus.Persistence] - ExecutionContext "org.datanucleus.ExecutionContextImpl@6680f714" se cerró
15:04:03,358 (main) DEBUG [DataNucleus.Persistence] - ExecutionContext "org.datanucleus.ExecutionContextImpl@6680f714" se abrió para la base de datos "org.datanucleus.store.rdbms.RDBMSStoreManager@1084f78c" con transaccion="org.datanucleus.transaction.TransactionImpl@3520958b"
15:04:03,358 (main) DEBUG [DataNucleus.Transaction] - Transaction created [DataNucleus Transaction, ID=1792540124-34, enlisted resources=[]]
15:04:03,358 (main) DEBUG [DataNucleus.Transaction] - Transacción empezada para el ExecutionContext org.datanucleus.ExecutionContextImpl@6680f714 (optimistic=false)
* Storing a class com.videoclub.pojo.Rental : Rental [id=0, title=Movie4, movie=Movie [title=Movie4, genre=COMEDY, duration=160, year=2004, director=juana, rentalPrice=14.34], code=11, customer=User [code=11, username=admin,type=ADMIN, password=8c6976e5b5410415bde908bd4dee15dfb167a9c873fc4bb8a81f6f2ab448a918, email=admin@email.com, name=AdminName, surname=AdminSurname], rentalDate=Mon May 22 15:04:03 CEST 2023, returnDate=Mon May 22 15:04:03 CEST 2023]
15:04:03,358 (main) DEBUG [DataNucleus.Persistence] - Haciendo el objeto persistente : "com.videoclub.pojo.Rental@291a4791"
15:04:03,358 (main) DEBUG [DataNucleus.ValueGeneration] - Valor generado para el campo "com.videoclub.pojo.Rental.id" con estrategia="increment" (Generador="org.datanucleus.store.rdbms.valuegenerator.TableGenerator") : valor=17
15:04:03,358 (main) DEBUG [DataNucleus.Cache] - Objeto con identidad "com.videoclub.pojo.Rental:17" añadido a la Cache de nivel 1 (loadedFlags="[YYYYY]")
15:04:03,358 (main) DEBUG [DataNucleus.Transaction] - Objeto con identidad "com.videoclub.pojo.Rental:17" ha sido puesto en la cache transaccional
15:04:03,358 (main) DEBUG [DataNucleus.Persistence] - Objeto "com.videoclub.pojo.Rental@291a4791" va a ser añadido a la tabla "`RENTAL`"
15:04:03,358 (main) DEBUG [DataNucleus.Connection] - ManagedConnection ABIERTO : "org.datanucleus.store.rdbms.ConnectionFactoryImpl$ManagedConnectionImpl@340cb97f [conn=org.datanucleus.store.rdbms.datasource.dbcp2.PoolingDataSource$PoolGuardConnectionWrapper@6a1568d6, commitOnRelease=false, closeOnRelease=false, closeOnTxnEnd=true]" en resource "tx" con isolación "read-committed" y auto-commit=false
15:04:03,358 (main) DEBUG [DataNucleus.Transaction] - Running enlist operation on resource: org.datanucleus.store.rdbms.ConnectionFactoryImpl$EmulatedXAResource@11c88cca, error code TMNOFLAGS and transaction [DataNucleus Transaction, ID=1792540124-34, enlisted resources=[]]
15:04:03,358 (main) DEBUG [DataNucleus.Datastore] - Utilizando PreparedStatement "com.mysql.cj.jdbc.ClientPreparedStatement: INSERT INTO `RENTAL` (`CODE`,`RENTALDATE`,`RETURNDATE`,`TITLE`,`ID`) VALUES (** NOT SPECIFIED **,** NOT SPECIFIED **,** NOT SPECIFIED **,** NOT SPECIFIED **,** NOT SPECIFIED **)" para la conneccion "org.datanucleus.store.rdbms.datasource.dbcp2.PoolingDataSource$PoolGuardConnectionWrapper@6a1568d6"
15:04:03,358 (main) DEBUG [DataNucleus.Datastore.Persist] - El statement "INSERT INTO `RENTAL` (`CODE`,`RENTALDATE`,`RETURNDATE`,`TITLE`,`ID`) VALUES (?,?,?,?,?)" ya es batchable
15:04:03,358 (main) DEBUG [DataNucleus.Persistence] - El objeto con identidad "com.videoclub.pojo.Rental:17" va a tener el valor en el campo "returnDate" cambiado por un SCO wrapper
15:04:03,358 (main) DEBUG [DataNucleus.Persistence] - El objeto con identidad "com.videoclub.pojo.Rental:17" va a tener el valor en el campo "rentalDate" cambiado por un SCO wrapper
15:04:03,358 (main) DEBUG [DataNucleus.Datastore.Persist] - Añadiendo statement "INSERT INTO `RENTAL` (`CODE`,`RENTALDATE`,`RETURNDATE`,`TITLE`,`ID`) VALUES (?,?,?,?,?)" al batch para procesar (tamaño de batch = 1)
15:04:03,358 (main) DEBUG [DataNucleus.Datastore.Native] - INSERT INTO `RENTAL` (`CODE`,`RENTALDATE`,`RETURNDATE`,`TITLE`,`ID`) VALUES (?,?,?,?,?)
15:04:03,358 (main) DEBUG [DataNucleus.Datastore] - SQL Tiempo de cumplir = 0 ms (numero de lineas cambiado = [1]) con el PreparedStatement "org.datanucleus.store.rdbms.datasource.dbcp2.DelegatingPreparedStatement@bb3ecfe"
15:04:03,358 (main) DEBUG [DataNucleus.Transaction] - Haciendo commit de la transaacción para el ExecutionContext org.datanucleus.ExecutionContextImpl@6680f714
15:04:03,358 (main) DEBUG [DataNucleus.Persistence] - ExecutionContext.internalFlush() empezado con flush ordenado - 1 objetos registrados
15:04:03,358 (main) DEBUG [DataNucleus.Persistence] - ExecutionContext.internalFlush() terminado
15:04:03,358 (main) DEBUG [DataNucleus.Persistence] - Persistence-By-Reachability (commit) : EMPIEZA
15:04:03,358 (main) DEBUG [DataNucleus.Persistence] - Haciendo la calculación de alcanzables con objeto con identidad "com.videoclub.pojo.Rental:17"
15:04:03,358 (main) DEBUG [DataNucleus.Cache] - Objeto con identidad "com.videoclub.pojo.Rental:17" obtenido de la Cache nivel 1 (loadedFlags="[YYYYY]")
15:04:03,358 (main) DEBUG [DataNucleus.Persistence] - Object con id "com.videoclub.pojo.Rental:17" y estado de vida "P_NEW" añadido a la lista de alcanzables al commit.
15:04:03,358 (main) DEBUG [DataNucleus.Persistence] - ExecutionContext.internalFlush() empezado con flush ordenado - 0 objetos registrados
15:04:03,358 (main) DEBUG [DataNucleus.Persistence] - ExecutionContext.internalFlush() terminado
15:04:03,358 (main) DEBUG [DataNucleus.Persistence] - Persistence-By-Reachability (commit) : TERMINADO
15:04:03,358 (main) DEBUG [DataNucleus.Cache] - Objeto con identidad "com.videoclub.pojo.Rental:17" añadido a la Cache de nivel 2 (campos="[0, 1, 2, 3, 4]", version="")
15:04:03,358 (main) DEBUG [DataNucleus.Cache] - El objeto con identidad "com.videoclub.pojo.Rental:17" va a tener los campos siguientes almacendados en el objeto de Level 2 cache : [0, 1, 2, 3, 4]
15:04:03,358 (main) DEBUG [DataNucleus.Transaction] - Committing [DataNucleus Transaction, ID=1792540124-34, enlisted resources=[org.datanucleus.store.rdbms.ConnectionFactoryImpl$EmulatedXAResource@11c88cca]]
15:04:03,358 (main) DEBUG [DataNucleus.Connection] - ManagedConnection VA A COMMIT : "org.datanucleus.store.rdbms.ConnectionFactoryImpl$ManagedConnectionImpl@340cb97f [conn=org.datanucleus.store.rdbms.datasource.dbcp2.PoolingDataSource$PoolGuardConnectionWrapper@6a1568d6, commitOnRelease=false, closeOnRelease=false, closeOnTxnEnd=true]"
15:04:03,358 (main) DEBUG [DataNucleus.Connection] - ManagedConnection CERRADO : "org.datanucleus.store.rdbms.ConnectionFactoryImpl$ManagedConnectionImpl@340cb97f [conn=org.datanucleus.store.rdbms.datasource.dbcp2.PoolingDataSource$PoolGuardConnectionWrapper@6a1568d6, commitOnRelease=false, closeOnRelease=false, closeOnTxnEnd=true]" 
15:04:03,358 (main) DEBUG [DataNucleus.Persistence] - Haciendo el objeto detachado : "com.videoclub.pojo.Rental@291a4791" (profundidad=0)
15:04:03,358 (main) DEBUG [DataNucleus.Persistence] - El objeto con identidad "com.videoclub.pojo.Rental:17" va a tener el SCO wrapper en el campo "rentalDate" cambiado por el valor
15:04:03,358 (main) DEBUG [DataNucleus.Persistence] - El objeto con identidad "com.videoclub.pojo.Rental:17" va a tener el SCO wrapper en el campo "returnDate" cambiado por el valor
15:04:03,358 (main) DEBUG [DataNucleus.Persistence] - Objeto con identidad "com.videoclub.pojo.Rental:17" tiene cambio de lifeycle : "P_NEW"->"DETACHED_CLEAN"
15:04:03,358 (main) DEBUG [DataNucleus.Transaction] - Objeto con identidad "com.videoclub.pojo.Rental:17" fue borrado de la cache transactional
15:04:03,358 (main) DEBUG [DataNucleus.Persistence] - Disconectando objeto con identidad "com.videoclub.pojo.Rental:17" de StateManager[pc=com.videoclub.pojo.Rental@291a4791, lifecycle=DETACHED_CLEAN]
15:04:03,358 (main) DEBUG [DataNucleus.Cache] - Objeto con identidad="com.videoclub.pojo.Rental:17" borrado de la Cache de nivel 1
15:04:03,358 (main) DEBUG [DataNucleus.Transaction] - Transacción committed en 0 ms
15:04:03,358 (main) DEBUG [DataNucleus.Persistence] - ExecutionContext "org.datanucleus.ExecutionContextImpl@6680f714" se cerró
15:04:03,358 (main) DEBUG [DataNucleus.Persistence] - ExecutionContext "org.datanucleus.ExecutionContextImpl@6680f714" se abrió para la base de datos "org.datanucleus.store.rdbms.RDBMSStoreManager@1084f78c" con transaccion="org.datanucleus.transaction.TransactionImpl@7a04f730"
15:04:03,358 (main) DEBUG [DataNucleus.Transaction] - Transaction created [DataNucleus Transaction, ID=1792540124-35, enlisted resources=[]]
15:04:03,358 (main) DEBUG [DataNucleus.Transaction] - Transacción empezada para el ExecutionContext org.datanucleus.ExecutionContextImpl@6680f714 (optimistic=false)
* Storing a class com.videoclub.pojo.Rental : Rental [id=0, title=Movie5, movie=Movie [title=Movie5, genre=MUSICAL, duration=90, year=1997, director=paco, rentalPrice=9.25], code=13, customer=User [code=13, username=client,type=CLIENT, password=948fe603f61dc036b5c596dc09fe3ce3f3d30dc90f024c85f3c82db2ccab679d, email=client@email.com, name=ClientName, surname=ClientSurname], rentalDate=Mon May 22 15:04:03 CEST 2023, returnDate=Mon May 22 15:04:03 CEST 2023]
15:04:03,358 (main) DEBUG [DataNucleus.Persistence] - Haciendo el objeto persistente : "com.videoclub.pojo.Rental@2fd1ad8a"
15:04:03,358 (main) DEBUG [DataNucleus.ValueGeneration] - Valor generado para el campo "com.videoclub.pojo.Rental.id" con estrategia="increment" (Generador="org.datanucleus.store.rdbms.valuegenerator.TableGenerator") : valor=18
15:04:03,358 (main) DEBUG [DataNucleus.Cache] - Objeto con identidad "com.videoclub.pojo.Rental:18" añadido a la Cache de nivel 1 (loadedFlags="[YYYYY]")
15:04:03,358 (main) DEBUG [DataNucleus.Transaction] - Objeto con identidad "com.videoclub.pojo.Rental:18" ha sido puesto en la cache transaccional
15:04:03,358 (main) DEBUG [DataNucleus.Persistence] - Objeto "com.videoclub.pojo.Rental@2fd1ad8a" va a ser añadido a la tabla "`RENTAL`"
15:04:03,358 (main) DEBUG [DataNucleus.Connection] - ManagedConnection ABIERTO : "org.datanucleus.store.rdbms.ConnectionFactoryImpl$ManagedConnectionImpl@689faf79 [conn=org.datanucleus.store.rdbms.datasource.dbcp2.PoolingDataSource$PoolGuardConnectionWrapper@582e9152, commitOnRelease=false, closeOnRelease=false, closeOnTxnEnd=true]" en resource "tx" con isolación "read-committed" y auto-commit=false
15:04:03,358 (main) DEBUG [DataNucleus.Transaction] - Running enlist operation on resource: org.datanucleus.store.rdbms.ConnectionFactoryImpl$EmulatedXAResource@7a31ca20, error code TMNOFLAGS and transaction [DataNucleus Transaction, ID=1792540124-35, enlisted resources=[]]
15:04:03,358 (main) DEBUG [DataNucleus.Datastore] - Utilizando PreparedStatement "com.mysql.cj.jdbc.ClientPreparedStatement: INSERT INTO `RENTAL` (`CODE`,`RENTALDATE`,`RETURNDATE`,`TITLE`,`ID`) VALUES (** NOT SPECIFIED **,** NOT SPECIFIED **,** NOT SPECIFIED **,** NOT SPECIFIED **,** NOT SPECIFIED **)" para la conneccion "org.datanucleus.store.rdbms.datasource.dbcp2.PoolingDataSource$PoolGuardConnectionWrapper@582e9152"
15:04:03,358 (main) DEBUG [DataNucleus.Datastore.Persist] - El statement "INSERT INTO `RENTAL` (`CODE`,`RENTALDATE`,`RETURNDATE`,`TITLE`,`ID`) VALUES (?,?,?,?,?)" ya es batchable
15:04:03,358 (main) DEBUG [DataNucleus.Persistence] - El objeto con identidad "com.videoclub.pojo.Rental:18" va a tener el valor en el campo "returnDate" cambiado por un SCO wrapper
15:04:03,358 (main) DEBUG [DataNucleus.Persistence] - El objeto con identidad "com.videoclub.pojo.Rental:18" va a tener el valor en el campo "rentalDate" cambiado por un SCO wrapper
15:04:03,358 (main) DEBUG [DataNucleus.Datastore.Persist] - Añadiendo statement "INSERT INTO `RENTAL` (`CODE`,`RENTALDATE`,`RETURNDATE`,`TITLE`,`ID`) VALUES (?,?,?,?,?)" al batch para procesar (tamaño de batch = 1)
15:04:03,358 (main) DEBUG [DataNucleus.Datastore.Native] - INSERT INTO `RENTAL` (`CODE`,`RENTALDATE`,`RETURNDATE`,`TITLE`,`ID`) VALUES (?,?,?,?,?)
15:04:03,374 (main) DEBUG [DataNucleus.Datastore] - SQL Tiempo de cumplir = 16 ms (numero de lineas cambiado = [1]) con el PreparedStatement "org.datanucleus.store.rdbms.datasource.dbcp2.DelegatingPreparedStatement@de579ff"
15:04:03,374 (main) DEBUG [DataNucleus.Transaction] - Haciendo commit de la transaacción para el ExecutionContext org.datanucleus.ExecutionContextImpl@6680f714
15:04:03,374 (main) DEBUG [DataNucleus.Persistence] - ExecutionContext.internalFlush() empezado con flush ordenado - 1 objetos registrados
15:04:03,374 (main) DEBUG [DataNucleus.Persistence] - ExecutionContext.internalFlush() terminado
15:04:03,374 (main) DEBUG [DataNucleus.Persistence] - Persistence-By-Reachability (commit) : EMPIEZA
15:04:03,374 (main) DEBUG [DataNucleus.Persistence] - Haciendo la calculación de alcanzables con objeto con identidad "com.videoclub.pojo.Rental:18"
15:04:03,374 (main) DEBUG [DataNucleus.Cache] - Objeto con identidad "com.videoclub.pojo.Rental:18" obtenido de la Cache nivel 1 (loadedFlags="[YYYYY]")
15:04:03,374 (main) DEBUG [DataNucleus.Persistence] - Object con id "com.videoclub.pojo.Rental:18" y estado de vida "P_NEW" añadido a la lista de alcanzables al commit.
15:04:03,374 (main) DEBUG [DataNucleus.Persistence] - ExecutionContext.internalFlush() empezado con flush ordenado - 0 objetos registrados
15:04:03,374 (main) DEBUG [DataNucleus.Persistence] - ExecutionContext.internalFlush() terminado
15:04:03,374 (main) DEBUG [DataNucleus.Persistence] - Persistence-By-Reachability (commit) : TERMINADO
15:04:03,374 (main) DEBUG [DataNucleus.Cache] - Objeto con identidad "com.videoclub.pojo.Rental:18" añadido a la Cache de nivel 2 (campos="[0, 1, 2, 3, 4]", version="")
15:04:03,374 (main) DEBUG [DataNucleus.Cache] - El objeto con identidad "com.videoclub.pojo.Rental:18" va a tener los campos siguientes almacendados en el objeto de Level 2 cache : [0, 1, 2, 3, 4]
15:04:03,374 (main) DEBUG [DataNucleus.Transaction] - Committing [DataNucleus Transaction, ID=1792540124-35, enlisted resources=[org.datanucleus.store.rdbms.ConnectionFactoryImpl$EmulatedXAResource@7a31ca20]]
15:04:03,374 (main) DEBUG [DataNucleus.Connection] - ManagedConnection VA A COMMIT : "org.datanucleus.store.rdbms.ConnectionFactoryImpl$ManagedConnectionImpl@689faf79 [conn=org.datanucleus.store.rdbms.datasource.dbcp2.PoolingDataSource$PoolGuardConnectionWrapper@582e9152, commitOnRelease=false, closeOnRelease=false, closeOnTxnEnd=true]"
15:04:03,374 (main) DEBUG [DataNucleus.Connection] - ManagedConnection CERRADO : "org.datanucleus.store.rdbms.ConnectionFactoryImpl$ManagedConnectionImpl@689faf79 [conn=org.datanucleus.store.rdbms.datasource.dbcp2.PoolingDataSource$PoolGuardConnectionWrapper@582e9152, commitOnRelease=false, closeOnRelease=false, closeOnTxnEnd=true]" 
15:04:03,374 (main) DEBUG [DataNucleus.Persistence] - Haciendo el objeto detachado : "com.videoclub.pojo.Rental@2fd1ad8a" (profundidad=0)
15:04:03,374 (main) DEBUG [DataNucleus.Persistence] - El objeto con identidad "com.videoclub.pojo.Rental:18" va a tener el SCO wrapper en el campo "rentalDate" cambiado por el valor
15:04:03,374 (main) DEBUG [DataNucleus.Persistence] - El objeto con identidad "com.videoclub.pojo.Rental:18" va a tener el SCO wrapper en el campo "returnDate" cambiado por el valor
15:04:03,374 (main) DEBUG [DataNucleus.Persistence] - Objeto con identidad "com.videoclub.pojo.Rental:18" tiene cambio de lifeycle : "P_NEW"->"DETACHED_CLEAN"
15:04:03,374 (main) DEBUG [DataNucleus.Transaction] - Objeto con identidad "com.videoclub.pojo.Rental:18" fue borrado de la cache transactional
15:04:03,374 (main) DEBUG [DataNucleus.Persistence] - Disconectando objeto con identidad "com.videoclub.pojo.Rental:18" de StateManager[pc=com.videoclub.pojo.Rental@2fd1ad8a, lifecycle=DETACHED_CLEAN]
15:04:03,374 (main) DEBUG [DataNucleus.Cache] - Objeto con identidad="com.videoclub.pojo.Rental:18" borrado de la Cache de nivel 1
15:04:03,374 (main) DEBUG [DataNucleus.Transaction] - Transacción committed en 16 ms
15:04:03,374 (main) DEBUG [DataNucleus.Persistence] - ExecutionContext "org.datanucleus.ExecutionContextImpl@6680f714" se cerró
15:04:03,374 (main) DEBUG [DataNucleus.Persistence] - ExecutionContext "org.datanucleus.ExecutionContextImpl@6680f714" se abrió para la base de datos "org.datanucleus.store.rdbms.RDBMSStoreManager@1084f78c" con transaccion="org.datanucleus.transaction.TransactionImpl@2fd39436"
15:04:03,374 (main) DEBUG [DataNucleus.Transaction] - Transaction created [DataNucleus Transaction, ID=1792540124-36, enlisted resources=[]]
15:04:03,374 (main) DEBUG [DataNucleus.Transaction] - Transacción empezada para el ExecutionContext org.datanucleus.ExecutionContextImpl@6680f714 (optimistic=false)
* Storing a class com.videoclub.pojo.Rental : Rental [id=0, title=Movie6, movie=Movie [title=Movie6, genre=FANTASY, duration=120, year=2015, director=juana, rentalPrice=6.74], code=12, customer=User [code=12, username=assaz,type=CLIENT, password=3200a7486419e1efd8cbbad503fb0c6140ef7e7cf69807249fda25d59c215e5c, email=asier.account@email.com, name=Asier, surname=Belloso], rentalDate=Mon May 22 15:04:03 CEST 2023, returnDate=Mon May 22 15:04:03 CEST 2023]
15:04:03,374 (main) DEBUG [DataNucleus.Persistence] - Haciendo el objeto persistente : "com.videoclub.pojo.Rental@46394f65"
15:04:03,374 (main) DEBUG [DataNucleus.ValueGeneration] - Valor generado para el campo "com.videoclub.pojo.Rental.id" con estrategia="increment" (Generador="org.datanucleus.store.rdbms.valuegenerator.TableGenerator") : valor=19
15:04:03,374 (main) DEBUG [DataNucleus.Cache] - Objeto con identidad "com.videoclub.pojo.Rental:19" añadido a la Cache de nivel 1 (loadedFlags="[YYYYY]")
15:04:03,374 (main) DEBUG [DataNucleus.Transaction] - Objeto con identidad "com.videoclub.pojo.Rental:19" ha sido puesto en la cache transaccional
15:04:03,374 (main) DEBUG [DataNucleus.Persistence] - Objeto "com.videoclub.pojo.Rental@46394f65" va a ser añadido a la tabla "`RENTAL`"
15:04:03,374 (main) DEBUG [DataNucleus.Connection] - ManagedConnection ABIERTO : "org.datanucleus.store.rdbms.ConnectionFactoryImpl$ManagedConnectionImpl@26be9a6 [conn=org.datanucleus.store.rdbms.datasource.dbcp2.PoolingDataSource$PoolGuardConnectionWrapper@4d518c66, commitOnRelease=false, closeOnRelease=false, closeOnTxnEnd=true]" en resource "tx" con isolación "read-committed" y auto-commit=false
15:04:03,374 (main) DEBUG [DataNucleus.Transaction] - Running enlist operation on resource: org.datanucleus.store.rdbms.ConnectionFactoryImpl$EmulatedXAResource@411fa0ce, error code TMNOFLAGS and transaction [DataNucleus Transaction, ID=1792540124-36, enlisted resources=[]]
15:04:03,374 (main) DEBUG [DataNucleus.Datastore] - Utilizando PreparedStatement "com.mysql.cj.jdbc.ClientPreparedStatement: INSERT INTO `RENTAL` (`CODE`,`RENTALDATE`,`RETURNDATE`,`TITLE`,`ID`) VALUES (** NOT SPECIFIED **,** NOT SPECIFIED **,** NOT SPECIFIED **,** NOT SPECIFIED **,** NOT SPECIFIED **)" para la conneccion "org.datanucleus.store.rdbms.datasource.dbcp2.PoolingDataSource$PoolGuardConnectionWrapper@4d518c66"
15:04:03,374 (main) DEBUG [DataNucleus.Datastore.Persist] - El statement "INSERT INTO `RENTAL` (`CODE`,`RENTALDATE`,`RETURNDATE`,`TITLE`,`ID`) VALUES (?,?,?,?,?)" ya es batchable
15:04:03,374 (main) DEBUG [DataNucleus.Persistence] - El objeto con identidad "com.videoclub.pojo.Rental:19" va a tener el valor en el campo "returnDate" cambiado por un SCO wrapper
15:04:03,374 (main) DEBUG [DataNucleus.Persistence] - El objeto con identidad "com.videoclub.pojo.Rental:19" va a tener el valor en el campo "rentalDate" cambiado por un SCO wrapper
15:04:03,374 (main) DEBUG [DataNucleus.Datastore.Persist] - Añadiendo statement "INSERT INTO `RENTAL` (`CODE`,`RENTALDATE`,`RETURNDATE`,`TITLE`,`ID`) VALUES (?,?,?,?,?)" al batch para procesar (tamaño de batch = 1)
15:04:03,374 (main) DEBUG [DataNucleus.Datastore.Native] - INSERT INTO `RENTAL` (`CODE`,`RENTALDATE`,`RETURNDATE`,`TITLE`,`ID`) VALUES (?,?,?,?,?)
15:04:03,374 (main) DEBUG [DataNucleus.Datastore] - SQL Tiempo de cumplir = 0 ms (numero de lineas cambiado = [1]) con el PreparedStatement "org.datanucleus.store.rdbms.datasource.dbcp2.DelegatingPreparedStatement@391515c7"
15:04:03,374 (main) DEBUG [DataNucleus.Transaction] - Haciendo commit de la transaacción para el ExecutionContext org.datanucleus.ExecutionContextImpl@6680f714
15:04:03,374 (main) DEBUG [DataNucleus.Persistence] - ExecutionContext.internalFlush() empezado con flush ordenado - 1 objetos registrados
15:04:03,374 (main) DEBUG [DataNucleus.Persistence] - ExecutionContext.internalFlush() terminado
15:04:03,374 (main) DEBUG [DataNucleus.Persistence] - Persistence-By-Reachability (commit) : EMPIEZA
15:04:03,374 (main) DEBUG [DataNucleus.Persistence] - Haciendo la calculación de alcanzables con objeto con identidad "com.videoclub.pojo.Rental:19"
15:04:03,374 (main) DEBUG [DataNucleus.Cache] - Objeto con identidad "com.videoclub.pojo.Rental:19" obtenido de la Cache nivel 1 (loadedFlags="[YYYYY]")
15:04:03,374 (main) DEBUG [DataNucleus.Persistence] - Object con id "com.videoclub.pojo.Rental:19" y estado de vida "P_NEW" añadido a la lista de alcanzables al commit.
15:04:03,374 (main) DEBUG [DataNucleus.Persistence] - ExecutionContext.internalFlush() empezado con flush ordenado - 0 objetos registrados
15:04:03,374 (main) DEBUG [DataNucleus.Persistence] - ExecutionContext.internalFlush() terminado
15:04:03,374 (main) DEBUG [DataNucleus.Persistence] - Persistence-By-Reachability (commit) : TERMINADO
15:04:03,374 (main) DEBUG [DataNucleus.Cache] - Objeto con identidad "com.videoclub.pojo.Rental:19" añadido a la Cache de nivel 2 (campos="[0, 1, 2, 3, 4]", version="")
15:04:03,374 (main) DEBUG [DataNucleus.Cache] - El objeto con identidad "com.videoclub.pojo.Rental:19" va a tener los campos siguientes almacendados en el objeto de Level 2 cache : [0, 1, 2, 3, 4]
15:04:03,374 (main) DEBUG [DataNucleus.Transaction] - Committing [DataNucleus Transaction, ID=1792540124-36, enlisted resources=[org.datanucleus.store.rdbms.ConnectionFactoryImpl$EmulatedXAResource@411fa0ce]]
15:04:03,374 (main) DEBUG [DataNucleus.Connection] - ManagedConnection VA A COMMIT : "org.datanucleus.store.rdbms.ConnectionFactoryImpl$ManagedConnectionImpl@26be9a6 [conn=org.datanucleus.store.rdbms.datasource.dbcp2.PoolingDataSource$PoolGuardConnectionWrapper@4d518c66, commitOnRelease=false, closeOnRelease=false, closeOnTxnEnd=true]"
15:04:03,374 (main) DEBUG [DataNucleus.Connection] - ManagedConnection CERRADO : "org.datanucleus.store.rdbms.ConnectionFactoryImpl$ManagedConnectionImpl@26be9a6 [conn=org.datanucleus.store.rdbms.datasource.dbcp2.PoolingDataSource$PoolGuardConnectionWrapper@4d518c66, commitOnRelease=false, closeOnRelease=false, closeOnTxnEnd=true]" 
15:04:03,374 (main) DEBUG [DataNucleus.Persistence] - Haciendo el objeto detachado : "com.videoclub.pojo.Rental@46394f65" (profundidad=0)
15:04:03,374 (main) DEBUG [DataNucleus.Persistence] - El objeto con identidad "com.videoclub.pojo.Rental:19" va a tener el SCO wrapper en el campo "rentalDate" cambiado por el valor
15:04:03,374 (main) DEBUG [DataNucleus.Persistence] - El objeto con identidad "com.videoclub.pojo.Rental:19" va a tener el SCO wrapper en el campo "returnDate" cambiado por el valor
15:04:03,374 (main) DEBUG [DataNucleus.Persistence] - Objeto con identidad "com.videoclub.pojo.Rental:19" tiene cambio de lifeycle : "P_NEW"->"DETACHED_CLEAN"
15:04:03,374 (main) DEBUG [DataNucleus.Transaction] - Objeto con identidad "com.videoclub.pojo.Rental:19" fue borrado de la cache transactional
15:04:03,374 (main) DEBUG [DataNucleus.Persistence] - Disconectando objeto con identidad "com.videoclub.pojo.Rental:19" de StateManager[pc=com.videoclub.pojo.Rental@46394f65, lifecycle=DETACHED_CLEAN]
15:04:03,374 (main) DEBUG [DataNucleus.Cache] - Objeto con identidad="com.videoclub.pojo.Rental:19" borrado de la Cache de nivel 1
15:04:03,374 (main) DEBUG [DataNucleus.Transaction] - Transacción committed en 0 ms
15:04:03,374 (main) DEBUG [DataNucleus.Persistence] - ExecutionContext "org.datanucleus.ExecutionContextImpl@6680f714" se cerró
15:04:03,374 (main) DEBUG [DataNucleus.Persistence] - ExecutionContext "org.datanucleus.ExecutionContextImpl@6680f714" se abrió para la base de datos "org.datanucleus.store.rdbms.RDBMSStoreManager@1084f78c" con transaccion="org.datanucleus.transaction.TransactionImpl@4b9dbf07"
15:04:03,374 (main) DEBUG [DataNucleus.Transaction] - Transaction created [DataNucleus Transaction, ID=1792540124-37, enlisted resources=[]]
15:04:03,374 (main) DEBUG [DataNucleus.Transaction] - Transacción empezada para el ExecutionContext org.datanucleus.ExecutionContextImpl@6680f714 (optimistic=false)
* Storing a class com.videoclub.pojo.Rental : Rental [id=0, title=Movie7, movie=Movie [title=Movie7, genre=THRILLER, duration=90, year=1990, director=paco, rentalPrice=6.75], code=11, customer=User [code=11, username=admin,type=ADMIN, password=8c6976e5b5410415bde908bd4dee15dfb167a9c873fc4bb8a81f6f2ab448a918, email=admin@email.com, name=AdminName, surname=AdminSurname], rentalDate=Mon May 22 15:04:03 CEST 2023, returnDate=Mon May 22 15:04:03 CEST 2023]
15:04:03,374 (main) DEBUG [DataNucleus.Persistence] - Haciendo el objeto persistente : "com.videoclub.pojo.Rental@16bd7ae1"
15:04:03,374 (main) DEBUG [DataNucleus.ValueGeneration] - Valor generado para el campo "com.videoclub.pojo.Rental.id" con estrategia="increment" (Generador="org.datanucleus.store.rdbms.valuegenerator.TableGenerator") : valor=20
15:04:03,374 (main) DEBUG [DataNucleus.Cache] - Objeto con identidad "com.videoclub.pojo.Rental:20" añadido a la Cache de nivel 1 (loadedFlags="[YYYYY]")
15:04:03,374 (main) DEBUG [DataNucleus.Transaction] - Objeto con identidad "com.videoclub.pojo.Rental:20" ha sido puesto en la cache transaccional
15:04:03,374 (main) DEBUG [DataNucleus.Persistence] - Objeto "com.videoclub.pojo.Rental@16bd7ae1" va a ser añadido a la tabla "`RENTAL`"
15:04:03,374 (main) DEBUG [DataNucleus.Connection] - ManagedConnection ABIERTO : "org.datanucleus.store.rdbms.ConnectionFactoryImpl$ManagedConnectionImpl@3312f4f4 [conn=org.datanucleus.store.rdbms.datasource.dbcp2.PoolingDataSource$PoolGuardConnectionWrapper@b5aa65b, commitOnRelease=false, closeOnRelease=false, closeOnTxnEnd=true]" en resource "tx" con isolación "read-committed" y auto-commit=false
15:04:03,374 (main) DEBUG [DataNucleus.Transaction] - Running enlist operation on resource: org.datanucleus.store.rdbms.ConnectionFactoryImpl$EmulatedXAResource@76cdafa3, error code TMNOFLAGS and transaction [DataNucleus Transaction, ID=1792540124-37, enlisted resources=[]]
15:04:03,374 (main) DEBUG [DataNucleus.Datastore] - Utilizando PreparedStatement "com.mysql.cj.jdbc.ClientPreparedStatement: INSERT INTO `RENTAL` (`CODE`,`RENTALDATE`,`RETURNDATE`,`TITLE`,`ID`) VALUES (** NOT SPECIFIED **,** NOT SPECIFIED **,** NOT SPECIFIED **,** NOT SPECIFIED **,** NOT SPECIFIED **)" para la conneccion "org.datanucleus.store.rdbms.datasource.dbcp2.PoolingDataSource$PoolGuardConnectionWrapper@b5aa65b"
15:04:03,374 (main) DEBUG [DataNucleus.Datastore.Persist] - El statement "INSERT INTO `RENTAL` (`CODE`,`RENTALDATE`,`RETURNDATE`,`TITLE`,`ID`) VALUES (?,?,?,?,?)" ya es batchable
15:04:03,374 (main) DEBUG [DataNucleus.Persistence] - El objeto con identidad "com.videoclub.pojo.Rental:20" va a tener el valor en el campo "returnDate" cambiado por un SCO wrapper
15:04:03,374 (main) DEBUG [DataNucleus.Persistence] - El objeto con identidad "com.videoclub.pojo.Rental:20" va a tener el valor en el campo "rentalDate" cambiado por un SCO wrapper
15:04:03,374 (main) DEBUG [DataNucleus.Datastore.Persist] - Añadiendo statement "INSERT INTO `RENTAL` (`CODE`,`RENTALDATE`,`RETURNDATE`,`TITLE`,`ID`) VALUES (?,?,?,?,?)" al batch para procesar (tamaño de batch = 1)
15:04:03,374 (main) DEBUG [DataNucleus.Datastore.Native] - INSERT INTO `RENTAL` (`CODE`,`RENTALDATE`,`RETURNDATE`,`TITLE`,`ID`) VALUES (?,?,?,?,?)
15:04:03,374 (main) DEBUG [DataNucleus.Datastore] - SQL Tiempo de cumplir = 0 ms (numero de lineas cambiado = [1]) con el PreparedStatement "org.datanucleus.store.rdbms.datasource.dbcp2.DelegatingPreparedStatement@118041c7"
15:04:03,374 (main) DEBUG [DataNucleus.Transaction] - Haciendo commit de la transaacción para el ExecutionContext org.datanucleus.ExecutionContextImpl@6680f714
15:04:03,390 (main) DEBUG [DataNucleus.Persistence] - ExecutionContext.internalFlush() empezado con flush ordenado - 1 objetos registrados
15:04:03,390 (main) DEBUG [DataNucleus.Persistence] - ExecutionContext.internalFlush() terminado
15:04:03,390 (main) DEBUG [DataNucleus.Persistence] - Persistence-By-Reachability (commit) : EMPIEZA
15:04:03,390 (main) DEBUG [DataNucleus.Persistence] - Haciendo la calculación de alcanzables con objeto con identidad "com.videoclub.pojo.Rental:20"
15:04:03,390 (main) DEBUG [DataNucleus.Cache] - Objeto con identidad "com.videoclub.pojo.Rental:20" obtenido de la Cache nivel 1 (loadedFlags="[YYYYY]")
15:04:03,390 (main) DEBUG [DataNucleus.Persistence] - Object con id "com.videoclub.pojo.Rental:20" y estado de vida "P_NEW" añadido a la lista de alcanzables al commit.
15:04:03,390 (main) DEBUG [DataNucleus.Persistence] - ExecutionContext.internalFlush() empezado con flush ordenado - 0 objetos registrados
15:04:03,390 (main) DEBUG [DataNucleus.Persistence] - ExecutionContext.internalFlush() terminado
15:04:03,390 (main) DEBUG [DataNucleus.Persistence] - Persistence-By-Reachability (commit) : TERMINADO
15:04:03,390 (main) DEBUG [DataNucleus.Cache] - Objeto con identidad "com.videoclub.pojo.Rental:20" añadido a la Cache de nivel 2 (campos="[0, 1, 2, 3, 4]", version="")
15:04:03,390 (main) DEBUG [DataNucleus.Cache] - El objeto con identidad "com.videoclub.pojo.Rental:20" va a tener los campos siguientes almacendados en el objeto de Level 2 cache : [0, 1, 2, 3, 4]
15:04:03,390 (main) DEBUG [DataNucleus.Transaction] - Committing [DataNucleus Transaction, ID=1792540124-37, enlisted resources=[org.datanucleus.store.rdbms.ConnectionFactoryImpl$EmulatedXAResource@76cdafa3]]
15:04:03,390 (main) DEBUG [DataNucleus.Connection] - ManagedConnection VA A COMMIT : "org.datanucleus.store.rdbms.ConnectionFactoryImpl$ManagedConnectionImpl@3312f4f4 [conn=org.datanucleus.store.rdbms.datasource.dbcp2.PoolingDataSource$PoolGuardConnectionWrapper@b5aa65b, commitOnRelease=false, closeOnRelease=false, closeOnTxnEnd=true]"
15:04:03,391 (main) DEBUG [DataNucleus.Connection] - ManagedConnection CERRADO : "org.datanucleus.store.rdbms.ConnectionFactoryImpl$ManagedConnectionImpl@3312f4f4 [conn=org.datanucleus.store.rdbms.datasource.dbcp2.PoolingDataSource$PoolGuardConnectionWrapper@b5aa65b, commitOnRelease=false, closeOnRelease=false, closeOnTxnEnd=true]" 
15:04:03,391 (main) DEBUG [DataNucleus.Persistence] - Haciendo el objeto detachado : "com.videoclub.pojo.Rental@16bd7ae1" (profundidad=0)
15:04:03,391 (main) DEBUG [DataNucleus.Persistence] - El objeto con identidad "com.videoclub.pojo.Rental:20" va a tener el SCO wrapper en el campo "rentalDate" cambiado por el valor
15:04:03,391 (main) DEBUG [DataNucleus.Persistence] - El objeto con identidad "com.videoclub.pojo.Rental:20" va a tener el SCO wrapper en el campo "returnDate" cambiado por el valor
15:04:03,391 (main) DEBUG [DataNucleus.Persistence] - Objeto con identidad "com.videoclub.pojo.Rental:20" tiene cambio de lifeycle : "P_NEW"->"DETACHED_CLEAN"
15:04:03,391 (main) DEBUG [DataNucleus.Transaction] - Objeto con identidad "com.videoclub.pojo.Rental:20" fue borrado de la cache transactional
15:04:03,391 (main) DEBUG [DataNucleus.Persistence] - Disconectando objeto con identidad "com.videoclub.pojo.Rental:20" de StateManager[pc=com.videoclub.pojo.Rental@16bd7ae1, lifecycle=DETACHED_CLEAN]
15:04:03,391 (main) DEBUG [DataNucleus.Cache] - Objeto con identidad="com.videoclub.pojo.Rental:20" borrado de la Cache de nivel 1
15:04:03,391 (main) DEBUG [DataNucleus.Transaction] - Transacción committed en 17 ms
15:04:03,391 (main) DEBUG [DataNucleus.Persistence] - ExecutionContext "org.datanucleus.ExecutionContextImpl@6680f714" se cerró
15:04:03,391 (main) DEBUG [DataNucleus.Persistence] - ExecutionContext "org.datanucleus.ExecutionContextImpl@6680f714" se abrió para la base de datos "org.datanucleus.store.rdbms.RDBMSStoreManager@1084f78c" con transaccion="org.datanucleus.transaction.TransactionImpl@32ea16b7"
15:04:03,391 (main) DEBUG [DataNucleus.Transaction] - Transaction created [DataNucleus Transaction, ID=1792540124-38, enlisted resources=[]]
15:04:03,391 (main) DEBUG [DataNucleus.Transaction] - Transacción empezada para el ExecutionContext org.datanucleus.ExecutionContextImpl@6680f714 (optimistic=false)
15:04:03,391 (main) DEBUG [DataNucleus.Query] - JDOQL Single-String de "SELECT FROM com.videoclub.pojo.Rental WHERE id == 1"
15:04:03,391 (main) DEBUG [DataNucleus.Query] - Query de JDOQL : Compilación (generic) de "SELECT UNIQUE FROM com.videoclub.pojo.Rental WHERE id == 1"
15:04:03,405 (main) DEBUG [DataNucleus.Query] - Query de JDOQL : Tiempo de compilar (generic) = 14 ms
15:04:03,405 (main) DEBUG [DataNucleus.Query] - QueryCompilation:
  [filter:DyadicExpression{PrimaryExpression{id}  =  Literal{1}}]
  [symbols: this type=com.videoclub.pojo.Rental]
15:04:03,405 (main) DEBUG [DataNucleus.Query] - Query de JDOQL : Compilación (base de datos) de "SELECT UNIQUE FROM com.videoclub.pojo.Rental WHERE id == 1"
15:04:03,405 (main) DEBUG [DataNucleus.Query] - Compile of JDOQL into SQL - JoinType : navigation(default=(using nullability), filter=(using nullability))
15:04:03,405 (main) DEBUG [DataNucleus.Query] - Query de JDOQL : Tiempo de compilar (base de datos) = 0
15:04:03,405 (main) DEBUG [DataNucleus.Connection] - ManagedConnection ABIERTO : "org.datanucleus.store.rdbms.ConnectionFactoryImpl$ManagedConnectionImpl@39023dbf [conn=org.datanucleus.store.rdbms.datasource.dbcp2.PoolingDataSource$PoolGuardConnectionWrapper@1a2ac487, commitOnRelease=false, closeOnRelease=false, closeOnTxnEnd=true]" en resource "tx" con isolación "read-committed" y auto-commit=false
15:04:03,405 (main) DEBUG [DataNucleus.Transaction] - Running enlist operation on resource: org.datanucleus.store.rdbms.ConnectionFactoryImpl$EmulatedXAResource@570a62a5, error code TMNOFLAGS and transaction [DataNucleus Transaction, ID=1792540124-38, enlisted resources=[]]
15:04:03,405 (main) DEBUG [DataNucleus.Query] - Query de JDOQL : Ejecucion de "SELECT UNIQUE FROM com.videoclub.pojo.Rental WHERE id == 1" ...
15:04:03,405 (main) DEBUG [DataNucleus.Datastore] - Utilizando PreparedStatement "com.mysql.cj.jdbc.ClientPreparedStatement: SELECT 'com.videoclub.pojo.Rental' AS `DN_TYPE`,`A0`.`CODE`,`A0`.`ID`,`A0`.`RENTALDATE`,`A0`.`RETURNDATE`,`A0`.`TITLE` FROM `RENTAL` `A0` WHERE `A0`.`ID` = 1" para la conneccion "org.datanucleus.store.rdbms.datasource.dbcp2.PoolingDataSource$PoolGuardConnectionWrapper@1a2ac487"
15:04:03,405 (main) DEBUG [DataNucleus.Datastore.Native] - SELECT 'com.videoclub.pojo.Rental' AS `DN_TYPE`,`A0`.`CODE`,`A0`.`ID`,`A0`.`RENTALDATE`,`A0`.`RETURNDATE`,`A0`.`TITLE` FROM `RENTAL` `A0` WHERE `A0`.`ID` = 1
15:04:03,405 (main) DEBUG [DataNucleus.Datastore.Retrieve] - SQL Tiempo de cumplir = 0 ms
15:04:03,405 (main) DEBUG [DataNucleus.Query] - Query de JDOQL : Tiempo de ejecutar = 0 ms
15:04:03,405 (main) DEBUG [DataNucleus.Cache] - Objeto con identidad "com.videoclub.pojo.Rental:1" no esta en la Cache de nivel 1
15:04:03,405 (main) DEBUG [DataNucleus.Cache] - Objeto con identidad "com.videoclub.pojo.Rental:1" añadido a la Cache de nivel 1 (loadedFlags="[NYNNN]")
15:04:03,405 (main) DEBUG [DataNucleus.Persistence] - El objeto con identidad "com.videoclub.pojo.Rental:1" va a tener el valor en el campo "rentalDate" cambiado por un SCO wrapper
15:04:03,405 (main) DEBUG [DataNucleus.Persistence] - El objeto con identidad "com.videoclub.pojo.Rental:1" va a tener el valor en el campo "returnDate" cambiado por un SCO wrapper
15:04:03,405 (main) DEBUG [DataNucleus.Transaction] - Objeto con identidad "com.videoclub.pojo.Rental:1" ha sido puesto en la cache transaccional
15:04:03,405 (main) DEBUG [DataNucleus.Cache] - Objeto con identidad "com.videoclub.pojo.Rental:1" obtenido de la Cache nivel 2 (campos="[0, 1, 2, 3, 4]", version="") - representado como "com.videoclub.pojo.Rental@72465eb2"
15:04:03,405 (main) DEBUG [DataNucleus.Persistence] - Detachando una copia del objeto "com.videoclub.pojo.Rental@72465eb2" (profundidad=0) como "com.videoclub.pojo.Rental@585513a8" - campos-detachados=[0, 1, 2, 3, 4], campos-para-obtener=null
15:04:03,405 (main) DEBUG [DataNucleus.Transaction] - Haciendo commit de la transaacción para el ExecutionContext org.datanucleus.ExecutionContextImpl@6680f714
15:04:03,405 (main) DEBUG [DataNucleus.Persistence] - ExecutionContext.internalFlush() empezado con flush ordenado - 0 objetos registrados
15:04:03,405 (main) DEBUG [DataNucleus.Persistence] - ExecutionContext.internalFlush() terminado
15:04:03,405 (main) DEBUG [DataNucleus.Persistence] - Persistence-By-Reachability (commit) : EMPIEZA
15:04:03,405 (main) DEBUG [DataNucleus.Persistence] - Persistence-By-Reachability (commit) : TERMINADO
15:04:03,405 (main) DEBUG [DataNucleus.Cache] - El objeto con identidad "com.videoclub.pojo.Rental:1" va a tener los campos siguientes almacendados en el objeto de Level 2 cache : [0, 1, 2, 3, 4]
15:04:03,405 (main) DEBUG [DataNucleus.Transaction] - Committing [DataNucleus Transaction, ID=1792540124-38, enlisted resources=[org.datanucleus.store.rdbms.ConnectionFactoryImpl$EmulatedXAResource@570a62a5]]
15:04:03,405 (main) DEBUG [DataNucleus.Connection] - ManagedConnection VA A COMMIT : "org.datanucleus.store.rdbms.ConnectionFactoryImpl$ManagedConnectionImpl@39023dbf [conn=org.datanucleus.store.rdbms.datasource.dbcp2.PoolingDataSource$PoolGuardConnectionWrapper@1a2ac487, commitOnRelease=false, closeOnRelease=false, closeOnTxnEnd=true]"
15:04:03,405 (main) DEBUG [DataNucleus.Connection] - ManagedConnection CERRADO : "org.datanucleus.store.rdbms.ConnectionFactoryImpl$ManagedConnectionImpl@39023dbf [conn=org.datanucleus.store.rdbms.datasource.dbcp2.PoolingDataSource$PoolGuardConnectionWrapper@1a2ac487, commitOnRelease=false, closeOnRelease=false, closeOnTxnEnd=true]" 
15:04:03,405 (main) DEBUG [DataNucleus.Persistence] - Haciendo el objeto detachado : "com.videoclub.pojo.Rental@72465eb2" (profundidad=0)
15:04:03,405 (main) DEBUG [DataNucleus.Persistence] - El objeto con identidad "com.videoclub.pojo.Rental:1" va a tener el SCO wrapper en el campo "rentalDate" cambiado por el valor
15:04:03,405 (main) DEBUG [DataNucleus.Persistence] - El objeto con identidad "com.videoclub.pojo.Rental:1" va a tener el SCO wrapper en el campo "returnDate" cambiado por el valor
15:04:03,405 (main) DEBUG [DataNucleus.Persistence] - Objeto con identidad "com.videoclub.pojo.Rental:1" tiene cambio de lifeycle : "P_CLEAN"->"DETACHED_CLEAN"
15:04:03,405 (main) DEBUG [DataNucleus.Transaction] - Objeto con identidad "com.videoclub.pojo.Rental:1" fue borrado de la cache transactional
15:04:03,405 (main) DEBUG [DataNucleus.Persistence] - Disconectando objeto con identidad "com.videoclub.pojo.Rental:1" de StateManager[pc=com.videoclub.pojo.Rental@72465eb2, lifecycle=DETACHED_CLEAN]
15:04:03,405 (main) DEBUG [DataNucleus.Cache] - Objeto con identidad="com.videoclub.pojo.Rental:1" borrado de la Cache de nivel 1
15:04:03,405 (main) DEBUG [DataNucleus.Transaction] - Transacción committed en 0 ms
15:04:03,405 (main) DEBUG [DataNucleus.Persistence] - ExecutionContext "org.datanucleus.ExecutionContextImpl@6680f714" se cerró
15:04:03,405 (main) DEBUG [DataNucleus.Persistence] - ExecutionContext "org.datanucleus.ExecutionContextImpl@6680f714" se abrió para la base de datos "org.datanucleus.store.rdbms.RDBMSStoreManager@1084f78c" con transaccion="org.datanucleus.transaction.TransactionImpl@30f28b5"
15:04:03,405 (main) DEBUG [DataNucleus.Transaction] - Transaction created [DataNucleus Transaction, ID=1792540124-39, enlisted resources=[]]
15:04:03,405 (main) DEBUG [DataNucleus.Transaction] - Transacción empezada para el ExecutionContext org.datanucleus.ExecutionContextImpl@6680f714 (optimistic=false)
15:04:03,405 (main) DEBUG [DataNucleus.Query] - JDOQL Single-String de "SELECT FROM com.videoclub.pojo.Rental WHERE id == 2"
15:04:03,405 (main) DEBUG [DataNucleus.Query] - Query de JDOQL : Compilación (generic) de "SELECT UNIQUE FROM com.videoclub.pojo.Rental WHERE id == 2"
15:04:03,405 (main) DEBUG [DataNucleus.Query] - Query de JDOQL : Tiempo de compilar (generic) = 0 ms
15:04:03,405 (main) DEBUG [DataNucleus.Query] - QueryCompilation:
  [filter:DyadicExpression{PrimaryExpression{id}  =  Literal{2}}]
  [symbols: this type=com.videoclub.pojo.Rental]
15:04:03,405 (main) DEBUG [DataNucleus.Query] - Query de JDOQL : Compilación (base de datos) de "SELECT UNIQUE FROM com.videoclub.pojo.Rental WHERE id == 2"
15:04:03,405 (main) DEBUG [DataNucleus.Query] - Compile of JDOQL into SQL - JoinType : navigation(default=(using nullability), filter=(using nullability))
15:04:03,405 (main) DEBUG [DataNucleus.Query] - Query de JDOQL : Tiempo de compilar (base de datos) = 0
15:04:03,405 (main) DEBUG [DataNucleus.Connection] - ManagedConnection ABIERTO : "org.datanucleus.store.rdbms.ConnectionFactoryImpl$ManagedConnectionImpl@52abed9d [conn=org.datanucleus.store.rdbms.datasource.dbcp2.PoolingDataSource$PoolGuardConnectionWrapper@281b2dfd, commitOnRelease=false, closeOnRelease=false, closeOnTxnEnd=true]" en resource "tx" con isolación "read-committed" y auto-commit=false
15:04:03,405 (main) DEBUG [DataNucleus.Transaction] - Running enlist operation on resource: org.datanucleus.store.rdbms.ConnectionFactoryImpl$EmulatedXAResource@492be039, error code TMNOFLAGS and transaction [DataNucleus Transaction, ID=1792540124-39, enlisted resources=[]]
15:04:03,405 (main) DEBUG [DataNucleus.Query] - Query de JDOQL : Ejecucion de "SELECT UNIQUE FROM com.videoclub.pojo.Rental WHERE id == 2" ...
15:04:03,405 (main) DEBUG [DataNucleus.Datastore] - Utilizando PreparedStatement "com.mysql.cj.jdbc.ClientPreparedStatement: SELECT 'com.videoclub.pojo.Rental' AS `DN_TYPE`,`A0`.`CODE`,`A0`.`ID`,`A0`.`RENTALDATE`,`A0`.`RETURNDATE`,`A0`.`TITLE` FROM `RENTAL` `A0` WHERE `A0`.`ID` = 2" para la conneccion "org.datanucleus.store.rdbms.datasource.dbcp2.PoolingDataSource$PoolGuardConnectionWrapper@281b2dfd"
15:04:03,405 (main) DEBUG [DataNucleus.Datastore.Native] - SELECT 'com.videoclub.pojo.Rental' AS `DN_TYPE`,`A0`.`CODE`,`A0`.`ID`,`A0`.`RENTALDATE`,`A0`.`RETURNDATE`,`A0`.`TITLE` FROM `RENTAL` `A0` WHERE `A0`.`ID` = 2
15:04:03,405 (main) DEBUG [DataNucleus.Datastore.Retrieve] - SQL Tiempo de cumplir = 0 ms
15:04:03,421 (main) DEBUG [DataNucleus.Query] - Query de JDOQL : Tiempo de ejecutar = 16 ms
15:04:03,421 (main) DEBUG [DataNucleus.Cache] - Objeto con identidad "com.videoclub.pojo.Rental:2" no esta en la Cache de nivel 1
15:04:03,421 (main) DEBUG [DataNucleus.Cache] - Objeto con identidad "com.videoclub.pojo.Rental:2" añadido a la Cache de nivel 1 (loadedFlags="[NYNNN]")
15:04:03,421 (main) DEBUG [DataNucleus.Persistence] - El objeto con identidad "com.videoclub.pojo.Rental:2" va a tener el valor en el campo "rentalDate" cambiado por un SCO wrapper
15:04:03,421 (main) DEBUG [DataNucleus.Persistence] - El objeto con identidad "com.videoclub.pojo.Rental:2" va a tener el valor en el campo "returnDate" cambiado por un SCO wrapper
15:04:03,421 (main) DEBUG [DataNucleus.Transaction] - Objeto con identidad "com.videoclub.pojo.Rental:2" ha sido puesto en la cache transaccional
15:04:03,421 (main) DEBUG [DataNucleus.Cache] - Objeto con identidad "com.videoclub.pojo.Rental:2" obtenido de la Cache nivel 2 (campos="[0, 1, 2, 3, 4]", version="") - representado como "com.videoclub.pojo.Rental@1118d539"
15:04:03,421 (main) DEBUG [DataNucleus.Persistence] - Detachando una copia del objeto "com.videoclub.pojo.Rental@1118d539" (profundidad=0) como "com.videoclub.pojo.Rental@7aded903" - campos-detachados=[0, 1, 2, 3, 4], campos-para-obtener=null
15:04:03,421 (main) DEBUG [DataNucleus.Transaction] - Haciendo commit de la transaacción para el ExecutionContext org.datanucleus.ExecutionContextImpl@6680f714
15:04:03,421 (main) DEBUG [DataNucleus.Persistence] - ExecutionContext.internalFlush() empezado con flush ordenado - 0 objetos registrados
15:04:03,421 (main) DEBUG [DataNucleus.Persistence] - ExecutionContext.internalFlush() terminado
15:04:03,421 (main) DEBUG [DataNucleus.Persistence] - Persistence-By-Reachability (commit) : EMPIEZA
15:04:03,421 (main) DEBUG [DataNucleus.Persistence] - Persistence-By-Reachability (commit) : TERMINADO
15:04:03,421 (main) DEBUG [DataNucleus.Cache] - El objeto con identidad "com.videoclub.pojo.Rental:2" va a tener los campos siguientes almacendados en el objeto de Level 2 cache : [0, 1, 2, 3, 4]
15:04:03,421 (main) DEBUG [DataNucleus.Transaction] - Committing [DataNucleus Transaction, ID=1792540124-39, enlisted resources=[org.datanucleus.store.rdbms.ConnectionFactoryImpl$EmulatedXAResource@492be039]]
15:04:03,421 (main) DEBUG [DataNucleus.Connection] - ManagedConnection VA A COMMIT : "org.datanucleus.store.rdbms.ConnectionFactoryImpl$ManagedConnectionImpl@52abed9d [conn=org.datanucleus.store.rdbms.datasource.dbcp2.PoolingDataSource$PoolGuardConnectionWrapper@281b2dfd, commitOnRelease=false, closeOnRelease=false, closeOnTxnEnd=true]"
15:04:03,421 (main) DEBUG [DataNucleus.Connection] - ManagedConnection CERRADO : "org.datanucleus.store.rdbms.ConnectionFactoryImpl$ManagedConnectionImpl@52abed9d [conn=org.datanucleus.store.rdbms.datasource.dbcp2.PoolingDataSource$PoolGuardConnectionWrapper@281b2dfd, commitOnRelease=false, closeOnRelease=false, closeOnTxnEnd=true]" 
15:04:03,421 (main) DEBUG [DataNucleus.Persistence] - Haciendo el objeto detachado : "com.videoclub.pojo.Rental@1118d539" (profundidad=0)
15:04:03,421 (main) DEBUG [DataNucleus.Persistence] - El objeto con identidad "com.videoclub.pojo.Rental:2" va a tener el SCO wrapper en el campo "rentalDate" cambiado por el valor
15:04:03,421 (main) DEBUG [DataNucleus.Persistence] - El objeto con identidad "com.videoclub.pojo.Rental:2" va a tener el SCO wrapper en el campo "returnDate" cambiado por el valor
15:04:03,421 (main) DEBUG [DataNucleus.Persistence] - Objeto con identidad "com.videoclub.pojo.Rental:2" tiene cambio de lifeycle : "P_CLEAN"->"DETACHED_CLEAN"
15:04:03,421 (main) DEBUG [DataNucleus.Transaction] - Objeto con identidad "com.videoclub.pojo.Rental:2" fue borrado de la cache transactional
15:04:03,421 (main) DEBUG [DataNucleus.Persistence] - Disconectando objeto con identidad "com.videoclub.pojo.Rental:2" de StateManager[pc=com.videoclub.pojo.Rental@1118d539, lifecycle=DETACHED_CLEAN]
15:04:03,421 (main) DEBUG [DataNucleus.Cache] - Objeto con identidad="com.videoclub.pojo.Rental:2" borrado de la Cache de nivel 1
15:04:03,421 (main) DEBUG [DataNucleus.Transaction] - Transacción committed en 0 ms
15:04:03,421 (main) DEBUG [DataNucleus.Persistence] - ExecutionContext "org.datanucleus.ExecutionContextImpl@6680f714" se cerró
15:04:03,421 (main) DEBUG [DataNucleus.Persistence] - ExecutionContext "org.datanucleus.ExecutionContextImpl@6680f714" se abrió para la base de datos "org.datanucleus.store.rdbms.RDBMSStoreManager@1084f78c" con transaccion="org.datanucleus.transaction.TransactionImpl@261f359f"
15:04:03,421 (main) DEBUG [DataNucleus.Transaction] - Transaction created [DataNucleus Transaction, ID=1792540124-40, enlisted resources=[]]
15:04:03,421 (main) DEBUG [DataNucleus.Transaction] - Transacción empezada para el ExecutionContext org.datanucleus.ExecutionContextImpl@6680f714 (optimistic=false)
15:04:03,421 (main) DEBUG [DataNucleus.Query] - JDOQL Single-String de "SELECT FROM com.videoclub.pojo.Rental WHERE id == 3"
15:04:03,421 (main) DEBUG [DataNucleus.Query] - Query de JDOQL : Compilación (generic) de "SELECT UNIQUE FROM com.videoclub.pojo.Rental WHERE id == 3"
15:04:03,421 (main) DEBUG [DataNucleus.Query] - Query de JDOQL : Tiempo de compilar (generic) = 0 ms
15:04:03,421 (main) DEBUG [DataNucleus.Query] - QueryCompilation:
  [filter:DyadicExpression{PrimaryExpression{id}  =  Literal{3}}]
  [symbols: this type=com.videoclub.pojo.Rental]
15:04:03,421 (main) DEBUG [DataNucleus.Query] - Query de JDOQL : Compilación (base de datos) de "SELECT UNIQUE FROM com.videoclub.pojo.Rental WHERE id == 3"
15:04:03,421 (main) DEBUG [DataNucleus.Query] - Compile of JDOQL into SQL - JoinType : navigation(default=(using nullability), filter=(using nullability))
15:04:03,421 (main) DEBUG [DataNucleus.Query] - Query de JDOQL : Tiempo de compilar (base de datos) = 0
15:04:03,421 (main) DEBUG [DataNucleus.Connection] - ManagedConnection ABIERTO : "org.datanucleus.store.rdbms.ConnectionFactoryImpl$ManagedConnectionImpl@391d1e33 [conn=org.datanucleus.store.rdbms.datasource.dbcp2.PoolingDataSource$PoolGuardConnectionWrapper@66f16742, commitOnRelease=false, closeOnRelease=false, closeOnTxnEnd=true]" en resource "tx" con isolación "read-committed" y auto-commit=false
15:04:03,421 (main) DEBUG [DataNucleus.Transaction] - Running enlist operation on resource: org.datanucleus.store.rdbms.ConnectionFactoryImpl$EmulatedXAResource@2871ac91, error code TMNOFLAGS and transaction [DataNucleus Transaction, ID=1792540124-40, enlisted resources=[]]
15:04:03,421 (main) DEBUG [DataNucleus.Query] - Query de JDOQL : Ejecucion de "SELECT UNIQUE FROM com.videoclub.pojo.Rental WHERE id == 3" ...
15:04:03,421 (main) DEBUG [DataNucleus.Datastore] - Utilizando PreparedStatement "com.mysql.cj.jdbc.ClientPreparedStatement: SELECT 'com.videoclub.pojo.Rental' AS `DN_TYPE`,`A0`.`CODE`,`A0`.`ID`,`A0`.`RENTALDATE`,`A0`.`RETURNDATE`,`A0`.`TITLE` FROM `RENTAL` `A0` WHERE `A0`.`ID` = 3" para la conneccion "org.datanucleus.store.rdbms.datasource.dbcp2.PoolingDataSource$PoolGuardConnectionWrapper@66f16742"
15:04:03,421 (main) DEBUG [DataNucleus.Datastore.Native] - SELECT 'com.videoclub.pojo.Rental' AS `DN_TYPE`,`A0`.`CODE`,`A0`.`ID`,`A0`.`RENTALDATE`,`A0`.`RETURNDATE`,`A0`.`TITLE` FROM `RENTAL` `A0` WHERE `A0`.`ID` = 3
15:04:03,421 (main) DEBUG [DataNucleus.Datastore.Retrieve] - SQL Tiempo de cumplir = 0 ms
15:04:03,421 (main) DEBUG [DataNucleus.Query] - Query de JDOQL : Tiempo de ejecutar = 0 ms
15:04:03,421 (main) DEBUG [DataNucleus.Cache] - Objeto con identidad "com.videoclub.pojo.Rental:3" no esta en la Cache de nivel 1
15:04:03,421 (main) DEBUG [DataNucleus.Cache] - Objeto con identidad "com.videoclub.pojo.Rental:3" añadido a la Cache de nivel 1 (loadedFlags="[NYNNN]")
15:04:03,421 (main) DEBUG [DataNucleus.Persistence] - El objeto con identidad "com.videoclub.pojo.Rental:3" va a tener el valor en el campo "rentalDate" cambiado por un SCO wrapper
15:04:03,421 (main) DEBUG [DataNucleus.Persistence] - El objeto con identidad "com.videoclub.pojo.Rental:3" va a tener el valor en el campo "returnDate" cambiado por un SCO wrapper
15:04:03,421 (main) DEBUG [DataNucleus.Transaction] - Objeto con identidad "com.videoclub.pojo.Rental:3" ha sido puesto en la cache transaccional
15:04:03,421 (main) DEBUG [DataNucleus.Cache] - Objeto con identidad "com.videoclub.pojo.Rental:3" obtenido de la Cache nivel 2 (campos="[0, 1, 2, 3, 4]", version="") - representado como "com.videoclub.pojo.Rental@6d69a0d3"
15:04:03,421 (main) DEBUG [DataNucleus.Persistence] - Detachando una copia del objeto "com.videoclub.pojo.Rental@6d69a0d3" (profundidad=0) como "com.videoclub.pojo.Rental@3fde2209" - campos-detachados=[0, 1, 2, 3, 4], campos-para-obtener=null
15:04:03,421 (main) DEBUG [DataNucleus.Transaction] - Haciendo commit de la transaacción para el ExecutionContext org.datanucleus.ExecutionContextImpl@6680f714
15:04:03,421 (main) DEBUG [DataNucleus.Persistence] - ExecutionContext.internalFlush() empezado con flush ordenado - 0 objetos registrados
15:04:03,421 (main) DEBUG [DataNucleus.Persistence] - ExecutionContext.internalFlush() terminado
15:04:03,421 (main) DEBUG [DataNucleus.Persistence] - Persistence-By-Reachability (commit) : EMPIEZA
15:04:03,421 (main) DEBUG [DataNucleus.Persistence] - Persistence-By-Reachability (commit) : TERMINADO
15:04:03,421 (main) DEBUG [DataNucleus.Cache] - El objeto con identidad "com.videoclub.pojo.Rental:3" va a tener los campos siguientes almacendados en el objeto de Level 2 cache : [0, 1, 2, 3, 4]
15:04:03,421 (main) DEBUG [DataNucleus.Transaction] - Committing [DataNucleus Transaction, ID=1792540124-40, enlisted resources=[org.datanucleus.store.rdbms.ConnectionFactoryImpl$EmulatedXAResource@2871ac91]]
15:04:03,421 (main) DEBUG [DataNucleus.Connection] - ManagedConnection VA A COMMIT : "org.datanucleus.store.rdbms.ConnectionFactoryImpl$ManagedConnectionImpl@391d1e33 [conn=org.datanucleus.store.rdbms.datasource.dbcp2.PoolingDataSource$PoolGuardConnectionWrapper@66f16742, commitOnRelease=false, closeOnRelease=false, closeOnTxnEnd=true]"
15:04:03,421 (main) DEBUG [DataNucleus.Connection] - ManagedConnection CERRADO : "org.datanucleus.store.rdbms.ConnectionFactoryImpl$ManagedConnectionImpl@391d1e33 [conn=org.datanucleus.store.rdbms.datasource.dbcp2.PoolingDataSource$PoolGuardConnectionWrapper@66f16742, commitOnRelease=false, closeOnRelease=false, closeOnTxnEnd=true]" 
15:04:03,421 (main) DEBUG [DataNucleus.Persistence] - Haciendo el objeto detachado : "com.videoclub.pojo.Rental@6d69a0d3" (profundidad=0)
15:04:03,421 (main) DEBUG [DataNucleus.Persistence] - El objeto con identidad "com.videoclub.pojo.Rental:3" va a tener el SCO wrapper en el campo "rentalDate" cambiado por el valor
15:04:03,421 (main) DEBUG [DataNucleus.Persistence] - El objeto con identidad "com.videoclub.pojo.Rental:3" va a tener el SCO wrapper en el campo "returnDate" cambiado por el valor
15:04:03,421 (main) DEBUG [DataNucleus.Persistence] - Objeto con identidad "com.videoclub.pojo.Rental:3" tiene cambio de lifeycle : "P_CLEAN"->"DETACHED_CLEAN"
15:04:03,421 (main) DEBUG [DataNucleus.Transaction] - Objeto con identidad "com.videoclub.pojo.Rental:3" fue borrado de la cache transactional
15:04:03,421 (main) DEBUG [DataNucleus.Persistence] - Disconectando objeto con identidad "com.videoclub.pojo.Rental:3" de StateManager[pc=com.videoclub.pojo.Rental@6d69a0d3, lifecycle=DETACHED_CLEAN]
15:04:03,421 (main) DEBUG [DataNucleus.Cache] - Objeto con identidad="com.videoclub.pojo.Rental:3" borrado de la Cache de nivel 1
15:04:03,421 (main) DEBUG [DataNucleus.Transaction] - Transacción committed en 0 ms
15:04:03,421 (main) DEBUG [DataNucleus.Persistence] - ExecutionContext "org.datanucleus.ExecutionContextImpl@6680f714" se cerró
15:04:03,421 (main) DEBUG [DataNucleus.Persistence] - ExecutionContext "org.datanucleus.ExecutionContextImpl@6680f714" se abrió para la base de datos "org.datanucleus.store.rdbms.RDBMSStoreManager@1084f78c" con transaccion="org.datanucleus.transaction.TransactionImpl@67acfde9"
15:04:03,421 (main) DEBUG [DataNucleus.Transaction] - Transaction created [DataNucleus Transaction, ID=1792540124-41, enlisted resources=[]]
15:04:03,421 (main) DEBUG [DataNucleus.Transaction] - Transacción empezada para el ExecutionContext org.datanucleus.ExecutionContextImpl@6680f714 (optimistic=false)
15:04:03,421 (main) DEBUG [DataNucleus.Query] - JDOQL Single-String de "SELECT FROM com.videoclub.pojo.Rental WHERE id == 4"
15:04:03,421 (main) DEBUG [DataNucleus.Query] - Query de JDOQL : Compilación (generic) de "SELECT UNIQUE FROM com.videoclub.pojo.Rental WHERE id == 4"
15:04:03,421 (main) DEBUG [DataNucleus.Query] - Query de JDOQL : Tiempo de compilar (generic) = 0 ms
15:04:03,421 (main) DEBUG [DataNucleus.Query] - QueryCompilation:
  [filter:DyadicExpression{PrimaryExpression{id}  =  Literal{4}}]
  [symbols: this type=com.videoclub.pojo.Rental]
15:04:03,421 (main) DEBUG [DataNucleus.Query] - Query de JDOQL : Compilación (base de datos) de "SELECT UNIQUE FROM com.videoclub.pojo.Rental WHERE id == 4"
15:04:03,421 (main) DEBUG [DataNucleus.Query] - Compile of JDOQL into SQL - JoinType : navigation(default=(using nullability), filter=(using nullability))
15:04:03,421 (main) DEBUG [DataNucleus.Query] - Query de JDOQL : Tiempo de compilar (base de datos) = 0
15:04:03,421 (main) DEBUG [DataNucleus.Connection] - ManagedConnection ABIERTO : "org.datanucleus.store.rdbms.ConnectionFactoryImpl$ManagedConnectionImpl@611d0763 [conn=org.datanucleus.store.rdbms.datasource.dbcp2.PoolingDataSource$PoolGuardConnectionWrapper@615efd1c, commitOnRelease=false, closeOnRelease=false, closeOnTxnEnd=true]" en resource "tx" con isolación "read-committed" y auto-commit=false
15:04:03,421 (main) DEBUG [DataNucleus.Transaction] - Running enlist operation on resource: org.datanucleus.store.rdbms.ConnectionFactoryImpl$EmulatedXAResource@1e226bcd, error code TMNOFLAGS and transaction [DataNucleus Transaction, ID=1792540124-41, enlisted resources=[]]
15:04:03,421 (main) DEBUG [DataNucleus.Query] - Query de JDOQL : Ejecucion de "SELECT UNIQUE FROM com.videoclub.pojo.Rental WHERE id == 4" ...
15:04:03,421 (main) DEBUG [DataNucleus.Datastore] - Utilizando PreparedStatement "com.mysql.cj.jdbc.ClientPreparedStatement: SELECT 'com.videoclub.pojo.Rental' AS `DN_TYPE`,`A0`.`CODE`,`A0`.`ID`,`A0`.`RENTALDATE`,`A0`.`RETURNDATE`,`A0`.`TITLE` FROM `RENTAL` `A0` WHERE `A0`.`ID` = 4" para la conneccion "org.datanucleus.store.rdbms.datasource.dbcp2.PoolingDataSource$PoolGuardConnectionWrapper@615efd1c"
15:04:03,421 (main) DEBUG [DataNucleus.Datastore.Native] - SELECT 'com.videoclub.pojo.Rental' AS `DN_TYPE`,`A0`.`CODE`,`A0`.`ID`,`A0`.`RENTALDATE`,`A0`.`RETURNDATE`,`A0`.`TITLE` FROM `RENTAL` `A0` WHERE `A0`.`ID` = 4
15:04:03,421 (main) DEBUG [DataNucleus.Datastore.Retrieve] - SQL Tiempo de cumplir = 0 ms
15:04:03,421 (main) DEBUG [DataNucleus.Query] - Query de JDOQL : Tiempo de ejecutar = 0 ms
15:04:03,421 (main) DEBUG [DataNucleus.Cache] - Objeto con identidad "com.videoclub.pojo.Rental:4" no esta en la Cache de nivel 1
15:04:03,421 (main) DEBUG [DataNucleus.Cache] - Objeto con identidad "com.videoclub.pojo.Rental:4" añadido a la Cache de nivel 1 (loadedFlags="[NYNNN]")
15:04:03,421 (main) DEBUG [DataNucleus.Persistence] - El objeto con identidad "com.videoclub.pojo.Rental:4" va a tener el valor en el campo "rentalDate" cambiado por un SCO wrapper
15:04:03,421 (main) DEBUG [DataNucleus.Persistence] - El objeto con identidad "com.videoclub.pojo.Rental:4" va a tener el valor en el campo "returnDate" cambiado por un SCO wrapper
15:04:03,421 (main) DEBUG [DataNucleus.Transaction] - Objeto con identidad "com.videoclub.pojo.Rental:4" ha sido puesto en la cache transaccional
15:04:03,421 (main) DEBUG [DataNucleus.Cache] - Objeto con identidad "com.videoclub.pojo.Rental:4" obtenido de la Cache nivel 2 (campos="[0, 1, 2, 3, 4]", version="") - representado como "com.videoclub.pojo.Rental@2322e56f"
15:04:03,421 (main) DEBUG [DataNucleus.Persistence] - Detachando una copia del objeto "com.videoclub.pojo.Rental@2322e56f" (profundidad=0) como "com.videoclub.pojo.Rental@7c70aae1" - campos-detachados=[0, 1, 2, 3, 4], campos-para-obtener=null
15:04:03,421 (main) DEBUG [DataNucleus.Transaction] - Haciendo commit de la transaacción para el ExecutionContext org.datanucleus.ExecutionContextImpl@6680f714
15:04:03,421 (main) DEBUG [DataNucleus.Persistence] - ExecutionContext.internalFlush() empezado con flush ordenado - 0 objetos registrados
15:04:03,421 (main) DEBUG [DataNucleus.Persistence] - ExecutionContext.internalFlush() terminado
15:04:03,421 (main) DEBUG [DataNucleus.Persistence] - Persistence-By-Reachability (commit) : EMPIEZA
15:04:03,421 (main) DEBUG [DataNucleus.Persistence] - Persistence-By-Reachability (commit) : TERMINADO
15:04:03,421 (main) DEBUG [DataNucleus.Cache] - El objeto con identidad "com.videoclub.pojo.Rental:4" va a tener los campos siguientes almacendados en el objeto de Level 2 cache : [0, 1, 2, 3, 4]
15:04:03,421 (main) DEBUG [DataNucleus.Transaction] - Committing [DataNucleus Transaction, ID=1792540124-41, enlisted resources=[org.datanucleus.store.rdbms.ConnectionFactoryImpl$EmulatedXAResource@1e226bcd]]
15:04:03,421 (main) DEBUG [DataNucleus.Connection] - ManagedConnection VA A COMMIT : "org.datanucleus.store.rdbms.ConnectionFactoryImpl$ManagedConnectionImpl@611d0763 [conn=org.datanucleus.store.rdbms.datasource.dbcp2.PoolingDataSource$PoolGuardConnectionWrapper@615efd1c, commitOnRelease=false, closeOnRelease=false, closeOnTxnEnd=true]"
15:04:03,421 (main) DEBUG [DataNucleus.Connection] - ManagedConnection CERRADO : "org.datanucleus.store.rdbms.ConnectionFactoryImpl$ManagedConnectionImpl@611d0763 [conn=org.datanucleus.store.rdbms.datasource.dbcp2.PoolingDataSource$PoolGuardConnectionWrapper@615efd1c, commitOnRelease=false, closeOnRelease=false, closeOnTxnEnd=true]" 
15:04:03,421 (main) DEBUG [DataNucleus.Persistence] - Haciendo el objeto detachado : "com.videoclub.pojo.Rental@2322e56f" (profundidad=0)
15:04:03,421 (main) DEBUG [DataNucleus.Persistence] - El objeto con identidad "com.videoclub.pojo.Rental:4" va a tener el SCO wrapper en el campo "rentalDate" cambiado por el valor
15:04:03,421 (main) DEBUG [DataNucleus.Persistence] - El objeto con identidad "com.videoclub.pojo.Rental:4" va a tener el SCO wrapper en el campo "returnDate" cambiado por el valor
15:04:03,421 (main) DEBUG [DataNucleus.Persistence] - Objeto con identidad "com.videoclub.pojo.Rental:4" tiene cambio de lifeycle : "P_CLEAN"->"DETACHED_CLEAN"
15:04:03,421 (main) DEBUG [DataNucleus.Transaction] - Objeto con identidad "com.videoclub.pojo.Rental:4" fue borrado de la cache transactional
15:04:03,421 (main) DEBUG [DataNucleus.Persistence] - Disconectando objeto con identidad "com.videoclub.pojo.Rental:4" de StateManager[pc=com.videoclub.pojo.Rental@2322e56f, lifecycle=DETACHED_CLEAN]
15:04:03,421 (main) DEBUG [DataNucleus.Cache] - Objeto con identidad="com.videoclub.pojo.Rental:4" borrado de la Cache de nivel 1
15:04:03,421 (main) DEBUG [DataNucleus.Transaction] - Transacción committed en 0 ms
15:04:03,421 (main) DEBUG [DataNucleus.Persistence] - ExecutionContext "org.datanucleus.ExecutionContextImpl@6680f714" se cerró
15:04:03,421 (main) DEBUG [DataNucleus.Persistence] - ExecutionContext "org.datanucleus.ExecutionContextImpl@6680f714" se abrió para la base de datos "org.datanucleus.store.rdbms.RDBMSStoreManager@1084f78c" con transaccion="org.datanucleus.transaction.TransactionImpl@6f38f084"
15:04:03,421 (main) DEBUG [DataNucleus.Transaction] - Transaction created [DataNucleus Transaction, ID=1792540124-42, enlisted resources=[]]
15:04:03,421 (main) DEBUG [DataNucleus.Transaction] - Transacción empezada para el ExecutionContext org.datanucleus.ExecutionContextImpl@6680f714 (optimistic=false)
15:04:03,421 (main) DEBUG [DataNucleus.Query] - JDOQL Single-String de "SELECT FROM com.videoclub.pojo.Rental WHERE id == 5"
15:04:03,421 (main) DEBUG [DataNucleus.Query] - Query de JDOQL : Compilación (generic) de "SELECT UNIQUE FROM com.videoclub.pojo.Rental WHERE id == 5"
15:04:03,421 (main) DEBUG [DataNucleus.Query] - Query de JDOQL : Tiempo de compilar (generic) = 0 ms
15:04:03,421 (main) DEBUG [DataNucleus.Query] - QueryCompilation:
  [filter:DyadicExpression{PrimaryExpression{id}  =  Literal{5}}]
  [symbols: this type=com.videoclub.pojo.Rental]
15:04:03,421 (main) DEBUG [DataNucleus.Query] - Query de JDOQL : Compilación (base de datos) de "SELECT UNIQUE FROM com.videoclub.pojo.Rental WHERE id == 5"
15:04:03,421 (main) DEBUG [DataNucleus.Query] - Compile of JDOQL into SQL - JoinType : navigation(default=(using nullability), filter=(using nullability))
15:04:03,421 (main) DEBUG [DataNucleus.Query] - Query de JDOQL : Tiempo de compilar (base de datos) = 0
15:04:03,421 (main) DEBUG [DataNucleus.Connection] - ManagedConnection ABIERTO : "org.datanucleus.store.rdbms.ConnectionFactoryImpl$ManagedConnectionImpl@16cf8438 [conn=org.datanucleus.store.rdbms.datasource.dbcp2.PoolingDataSource$PoolGuardConnectionWrapper@3e5beab5, commitOnRelease=false, closeOnRelease=false, closeOnTxnEnd=true]" en resource "tx" con isolación "read-committed" y auto-commit=false
15:04:03,421 (main) DEBUG [DataNucleus.Transaction] - Running enlist operation on resource: org.datanucleus.store.rdbms.ConnectionFactoryImpl$EmulatedXAResource@7c588adc, error code TMNOFLAGS and transaction [DataNucleus Transaction, ID=1792540124-42, enlisted resources=[]]
15:04:03,421 (main) DEBUG [DataNucleus.Query] - Query de JDOQL : Ejecucion de "SELECT UNIQUE FROM com.videoclub.pojo.Rental WHERE id == 5" ...
15:04:03,421 (main) DEBUG [DataNucleus.Datastore] - Utilizando PreparedStatement "com.mysql.cj.jdbc.ClientPreparedStatement: SELECT 'com.videoclub.pojo.Rental' AS `DN_TYPE`,`A0`.`CODE`,`A0`.`ID`,`A0`.`RENTALDATE`,`A0`.`RETURNDATE`,`A0`.`TITLE` FROM `RENTAL` `A0` WHERE `A0`.`ID` = 5" para la conneccion "org.datanucleus.store.rdbms.datasource.dbcp2.PoolingDataSource$PoolGuardConnectionWrapper@3e5beab5"
15:04:03,421 (main) DEBUG [DataNucleus.Datastore.Native] - SELECT 'com.videoclub.pojo.Rental' AS `DN_TYPE`,`A0`.`CODE`,`A0`.`ID`,`A0`.`RENTALDATE`,`A0`.`RETURNDATE`,`A0`.`TITLE` FROM `RENTAL` `A0` WHERE `A0`.`ID` = 5
15:04:03,421 (main) DEBUG [DataNucleus.Datastore.Retrieve] - SQL Tiempo de cumplir = 0 ms
15:04:03,421 (main) DEBUG [DataNucleus.Query] - Query de JDOQL : Tiempo de ejecutar = 0 ms
15:04:03,421 (main) DEBUG [DataNucleus.Cache] - Objeto con identidad "com.videoclub.pojo.Rental:5" no esta en la Cache de nivel 1
15:04:03,421 (main) DEBUG [DataNucleus.Cache] - Objeto con identidad "com.videoclub.pojo.Rental:5" añadido a la Cache de nivel 1 (loadedFlags="[NYNNN]")
15:04:03,421 (main) DEBUG [DataNucleus.Persistence] - El objeto con identidad "com.videoclub.pojo.Rental:5" va a tener el valor en el campo "rentalDate" cambiado por un SCO wrapper
15:04:03,421 (main) DEBUG [DataNucleus.Persistence] - El objeto con identidad "com.videoclub.pojo.Rental:5" va a tener el valor en el campo "returnDate" cambiado por un SCO wrapper
15:04:03,421 (main) DEBUG [DataNucleus.Transaction] - Objeto con identidad "com.videoclub.pojo.Rental:5" ha sido puesto en la cache transaccional
15:04:03,421 (main) DEBUG [DataNucleus.Cache] - Objeto con identidad "com.videoclub.pojo.Rental:5" obtenido de la Cache nivel 2 (campos="[0, 1, 2, 3, 4]", version="") - representado como "com.videoclub.pojo.Rental@5968800d"
15:04:03,421 (main) DEBUG [DataNucleus.Persistence] - Detachando una copia del objeto "com.videoclub.pojo.Rental@5968800d" (profundidad=0) como "com.videoclub.pojo.Rental@526f6427" - campos-detachados=[0, 1, 2, 3, 4], campos-para-obtener=null
15:04:03,421 (main) DEBUG [DataNucleus.Transaction] - Haciendo commit de la transaacción para el ExecutionContext org.datanucleus.ExecutionContextImpl@6680f714
15:04:03,421 (main) DEBUG [DataNucleus.Persistence] - ExecutionContext.internalFlush() empezado con flush ordenado - 0 objetos registrados
15:04:03,421 (main) DEBUG [DataNucleus.Persistence] - ExecutionContext.internalFlush() terminado
15:04:03,421 (main) DEBUG [DataNucleus.Persistence] - Persistence-By-Reachability (commit) : EMPIEZA
15:04:03,421 (main) DEBUG [DataNucleus.Persistence] - Persistence-By-Reachability (commit) : TERMINADO
15:04:03,421 (main) DEBUG [DataNucleus.Cache] - El objeto con identidad "com.videoclub.pojo.Rental:5" va a tener los campos siguientes almacendados en el objeto de Level 2 cache : [0, 1, 2, 3, 4]
15:04:03,421 (main) DEBUG [DataNucleus.Transaction] - Committing [DataNucleus Transaction, ID=1792540124-42, enlisted resources=[org.datanucleus.store.rdbms.ConnectionFactoryImpl$EmulatedXAResource@7c588adc]]
15:04:03,421 (main) DEBUG [DataNucleus.Connection] - ManagedConnection VA A COMMIT : "org.datanucleus.store.rdbms.ConnectionFactoryImpl$ManagedConnectionImpl@16cf8438 [conn=org.datanucleus.store.rdbms.datasource.dbcp2.PoolingDataSource$PoolGuardConnectionWrapper@3e5beab5, commitOnRelease=false, closeOnRelease=false, closeOnTxnEnd=true]"
15:04:03,421 (main) DEBUG [DataNucleus.Connection] - ManagedConnection CERRADO : "org.datanucleus.store.rdbms.ConnectionFactoryImpl$ManagedConnectionImpl@16cf8438 [conn=org.datanucleus.store.rdbms.datasource.dbcp2.PoolingDataSource$PoolGuardConnectionWrapper@3e5beab5, commitOnRelease=false, closeOnRelease=false, closeOnTxnEnd=true]" 
15:04:03,421 (main) DEBUG [DataNucleus.Persistence] - Haciendo el objeto detachado : "com.videoclub.pojo.Rental@5968800d" (profundidad=0)
15:04:03,421 (main) DEBUG [DataNucleus.Persistence] - El objeto con identidad "com.videoclub.pojo.Rental:5" va a tener el SCO wrapper en el campo "rentalDate" cambiado por el valor
15:04:03,421 (main) DEBUG [DataNucleus.Persistence] - El objeto con identidad "com.videoclub.pojo.Rental:5" va a tener el SCO wrapper en el campo "returnDate" cambiado por el valor
15:04:03,421 (main) DEBUG [DataNucleus.Persistence] - Objeto con identidad "com.videoclub.pojo.Rental:5" tiene cambio de lifeycle : "P_CLEAN"->"DETACHED_CLEAN"
15:04:03,421 (main) DEBUG [DataNucleus.Transaction] - Objeto con identidad "com.videoclub.pojo.Rental:5" fue borrado de la cache transactional
15:04:03,421 (main) DEBUG [DataNucleus.Persistence] - Disconectando objeto con identidad "com.videoclub.pojo.Rental:5" de StateManager[pc=com.videoclub.pojo.Rental@5968800d, lifecycle=DETACHED_CLEAN]
15:04:03,421 (main) DEBUG [DataNucleus.Cache] - Objeto con identidad="com.videoclub.pojo.Rental:5" borrado de la Cache de nivel 1
15:04:03,421 (main) DEBUG [DataNucleus.Transaction] - Transacción committed en 0 ms
15:04:03,421 (main) DEBUG [DataNucleus.Persistence] - ExecutionContext "org.datanucleus.ExecutionContextImpl@6680f714" se cerró
]]></system-out>
  </testcase>
  <testcase name="databaseMovieChecking" classname="com.videoclub.testing.TestVideoclub" time="0">
    <system-out><![CDATA[15:04:03,421 (main) DEBUG [DataNucleus.Persistence] - ExecutionContext "org.datanucleus.ExecutionContextImpl@6680f714" se abrió para la base de datos "org.datanucleus.store.rdbms.RDBMSStoreManager@1084f78c" con transaccion="org.datanucleus.transaction.TransactionImpl@443a06ad"
15:04:03,421 (main) DEBUG [DataNucleus.Transaction] - Transaction created [DataNucleus Transaction, ID=1792540124-43, enlisted resources=[]]
15:04:03,421 (main) DEBUG [DataNucleus.Transaction] - Transacción empezada para el ExecutionContext org.datanucleus.ExecutionContextImpl@6680f714 (optimistic=false)
15:04:03,421 (main) DEBUG [DataNucleus.Query] - JDOQL Single-String de "SELECT FROM com.videoclub.pojo.Movie WHERE title == 'Movie1'"
15:04:03,421 (main) DEBUG [DataNucleus.Query] - Query de JDOQL : Compilación (generic) de "SELECT UNIQUE FROM com.videoclub.pojo.Movie WHERE title == 'Movie1'"
15:04:03,421 (main) DEBUG [DataNucleus.Query] - Query de JDOQL : Tiempo de compilar (generic) = 0 ms
15:04:03,421 (main) DEBUG [DataNucleus.Query] - QueryCompilation:
  [filter:DyadicExpression{PrimaryExpression{title}  =  Literal{Movie1}}]
  [symbols: this type=com.videoclub.pojo.Movie]
15:04:03,421 (main) DEBUG [DataNucleus.Query] - Query de JDOQL : Compilación (base de datos) de "SELECT UNIQUE FROM com.videoclub.pojo.Movie WHERE title == 'Movie1'"
15:04:03,421 (main) DEBUG [DataNucleus.Query] - Compile of JDOQL into SQL - JoinType : navigation(default=(using nullability), filter=(using nullability))
15:04:03,421 (main) DEBUG [DataNucleus.Query] - Query de JDOQL : Tiempo de compilar (base de datos) = 0
15:04:03,421 (main) DEBUG [DataNucleus.Connection] - ManagedConnection ABIERTO : "org.datanucleus.store.rdbms.ConnectionFactoryImpl$ManagedConnectionImpl@1fb2eec [conn=org.datanucleus.store.rdbms.datasource.dbcp2.PoolingDataSource$PoolGuardConnectionWrapper@4c18516, commitOnRelease=false, closeOnRelease=false, closeOnTxnEnd=true]" en resource "tx" con isolación "read-committed" y auto-commit=false
15:04:03,421 (main) DEBUG [DataNucleus.Transaction] - Running enlist operation on resource: org.datanucleus.store.rdbms.ConnectionFactoryImpl$EmulatedXAResource@2a0b901c, error code TMNOFLAGS and transaction [DataNucleus Transaction, ID=1792540124-43, enlisted resources=[]]
15:04:03,421 (main) DEBUG [DataNucleus.Query] - Query de JDOQL : Ejecucion de "SELECT UNIQUE FROM com.videoclub.pojo.Movie WHERE title == 'Movie1'" ...
15:04:03,421 (main) DEBUG [DataNucleus.Datastore] - Utilizando PreparedStatement "com.mysql.cj.jdbc.ClientPreparedStatement: SELECT 'com.videoclub.pojo.Movie' AS `DN_TYPE`,`A0`.`CODE`,`A0`.`DIRECTOR`,`A0`.`DURATION`,`A0`.`GENRE`,`A0`.`RENTALPRICE`,`A0`.`TITLE`,`A0`.`YEAR` FROM `MOVIE` `A0` WHERE `A0`.`TITLE` = 'Movie1'" para la conneccion "org.datanucleus.store.rdbms.datasource.dbcp2.PoolingDataSource$PoolGuardConnectionWrapper@4c18516"
15:04:03,421 (main) DEBUG [DataNucleus.Datastore.Native] - SELECT 'com.videoclub.pojo.Movie' AS `DN_TYPE`,`A0`.`CODE`,`A0`.`DIRECTOR`,`A0`.`DURATION`,`A0`.`GENRE`,`A0`.`RENTALPRICE`,`A0`.`TITLE`,`A0`.`YEAR` FROM `MOVIE` `A0` WHERE `A0`.`TITLE` = 'Movie1'
15:04:03,437 (main) DEBUG [DataNucleus.Datastore.Retrieve] - SQL Tiempo de cumplir = 16 ms
15:04:03,437 (main) DEBUG [DataNucleus.Query] - Query de JDOQL : Tiempo de ejecutar = 16 ms
15:04:03,437 (main) DEBUG [DataNucleus.Cache] - Objeto con identidad "com.videoclub.pojo.Movie:11" no esta en la Cache de nivel 1
15:04:03,437 (main) DEBUG [DataNucleus.Cache] - Objeto con identidad "com.videoclub.pojo.Movie:11" añadido a la Cache de nivel 1 (loadedFlags="[YNNNNNN]")
15:04:03,437 (main) DEBUG [DataNucleus.Transaction] - Objeto con identidad "com.videoclub.pojo.Movie:11" ha sido puesto en la cache transaccional
15:04:03,437 (main) DEBUG [DataNucleus.Cache] - Objeto con identidad "com.videoclub.pojo.Movie:11" obtenido de la Cache nivel 2 (campos="[0, 1, 2, 3, 4, 5, 6]", version="") - representado como "com.videoclub.pojo.Movie@6544899b"
15:04:03,437 (main) DEBUG [DataNucleus.Persistence] - Detachando una copia del objeto "com.videoclub.pojo.Movie@6544899b" (profundidad=0) como "com.videoclub.pojo.Movie@24134cbc" - campos-detachados=[0, 1, 2, 3, 4, 5, 6], campos-para-obtener=null
15:04:03,437 (main) DEBUG [DataNucleus.Transaction] - Haciendo commit de la transaacción para el ExecutionContext org.datanucleus.ExecutionContextImpl@6680f714
15:04:03,437 (main) DEBUG [DataNucleus.Persistence] - ExecutionContext.internalFlush() empezado con flush ordenado - 0 objetos registrados
15:04:03,437 (main) DEBUG [DataNucleus.Persistence] - ExecutionContext.internalFlush() terminado
15:04:03,437 (main) DEBUG [DataNucleus.Persistence] - Persistence-By-Reachability (commit) : EMPIEZA
15:04:03,437 (main) DEBUG [DataNucleus.Persistence] - Persistence-By-Reachability (commit) : TERMINADO
15:04:03,437 (main) DEBUG [DataNucleus.Cache] - El objeto con identidad "com.videoclub.pojo.Movie:11" va a tener los campos siguientes almacendados en el objeto de Level 2 cache : [0, 1, 2, 3, 4, 5, 6]
15:04:03,437 (main) DEBUG [DataNucleus.Transaction] - Committing [DataNucleus Transaction, ID=1792540124-43, enlisted resources=[org.datanucleus.store.rdbms.ConnectionFactoryImpl$EmulatedXAResource@2a0b901c]]
15:04:03,437 (main) DEBUG [DataNucleus.Connection] - ManagedConnection VA A COMMIT : "org.datanucleus.store.rdbms.ConnectionFactoryImpl$ManagedConnectionImpl@1fb2eec [conn=org.datanucleus.store.rdbms.datasource.dbcp2.PoolingDataSource$PoolGuardConnectionWrapper@4c18516, commitOnRelease=false, closeOnRelease=false, closeOnTxnEnd=true]"
15:04:03,437 (main) DEBUG [DataNucleus.Connection] - ManagedConnection CERRADO : "org.datanucleus.store.rdbms.ConnectionFactoryImpl$ManagedConnectionImpl@1fb2eec [conn=org.datanucleus.store.rdbms.datasource.dbcp2.PoolingDataSource$PoolGuardConnectionWrapper@4c18516, commitOnRelease=false, closeOnRelease=false, closeOnTxnEnd=true]" 
15:04:03,437 (main) DEBUG [DataNucleus.Persistence] - Haciendo el objeto detachado : "com.videoclub.pojo.Movie@6544899b" (profundidad=0)
15:04:03,437 (main) DEBUG [DataNucleus.Persistence] - Objeto con identidad "com.videoclub.pojo.Movie:11" tiene cambio de lifeycle : "P_CLEAN"->"DETACHED_CLEAN"
15:04:03,437 (main) DEBUG [DataNucleus.Transaction] - Objeto con identidad "com.videoclub.pojo.Movie:11" fue borrado de la cache transactional
15:04:03,437 (main) DEBUG [DataNucleus.Persistence] - Disconectando objeto con identidad "com.videoclub.pojo.Movie:11" de StateManager[pc=com.videoclub.pojo.Movie@6544899b, lifecycle=DETACHED_CLEAN]
15:04:03,437 (main) DEBUG [DataNucleus.Cache] - Objeto con identidad="com.videoclub.pojo.Movie:11" borrado de la Cache de nivel 1
15:04:03,437 (main) DEBUG [DataNucleus.Transaction] - Transacción committed en 0 ms
15:04:03,437 (main) DEBUG [DataNucleus.Persistence] - ExecutionContext "org.datanucleus.ExecutionContextImpl@6680f714" se cerró
15:04:03,437 (main) DEBUG [DataNucleus.Persistence] - ExecutionContext "org.datanucleus.ExecutionContextImpl@6680f714" se abrió para la base de datos "org.datanucleus.store.rdbms.RDBMSStoreManager@1084f78c" con transaccion="org.datanucleus.transaction.TransactionImpl@22f02996"
15:04:03,437 (main) DEBUG [DataNucleus.Transaction] - Transaction created [DataNucleus Transaction, ID=1792540124-44, enlisted resources=[]]
15:04:03,437 (main) DEBUG [DataNucleus.Transaction] - Transacción empezada para el ExecutionContext org.datanucleus.ExecutionContextImpl@6680f714 (optimistic=false)
15:04:03,437 (main) DEBUG [DataNucleus.Query] - JDOQL Single-String de "SELECT FROM com.videoclub.pojo.Movie WHERE title == 'Movie2'"
15:04:03,437 (main) DEBUG [DataNucleus.Query] - Query de JDOQL : Compilación (generic) de "SELECT UNIQUE FROM com.videoclub.pojo.Movie WHERE title == 'Movie2'"
15:04:03,437 (main) DEBUG [DataNucleus.Query] - Query de JDOQL : Tiempo de compilar (generic) = 0 ms
15:04:03,437 (main) DEBUG [DataNucleus.Query] - QueryCompilation:
  [filter:DyadicExpression{PrimaryExpression{title}  =  Literal{Movie2}}]
  [symbols: this type=com.videoclub.pojo.Movie]
15:04:03,437 (main) DEBUG [DataNucleus.Query] - Query de JDOQL : Compilación (base de datos) de "SELECT UNIQUE FROM com.videoclub.pojo.Movie WHERE title == 'Movie2'"
15:04:03,437 (main) DEBUG [DataNucleus.Query] - Compile of JDOQL into SQL - JoinType : navigation(default=(using nullability), filter=(using nullability))
15:04:03,437 (main) DEBUG [DataNucleus.Query] - Query de JDOQL : Tiempo de compilar (base de datos) = 0
15:04:03,437 (main) DEBUG [DataNucleus.Connection] - ManagedConnection ABIERTO : "org.datanucleus.store.rdbms.ConnectionFactoryImpl$ManagedConnectionImpl@77a0dd63 [conn=org.datanucleus.store.rdbms.datasource.dbcp2.PoolingDataSource$PoolGuardConnectionWrapper@543fe698, commitOnRelease=false, closeOnRelease=false, closeOnTxnEnd=true]" en resource "tx" con isolación "read-committed" y auto-commit=false
15:04:03,437 (main) DEBUG [DataNucleus.Transaction] - Running enlist operation on resource: org.datanucleus.store.rdbms.ConnectionFactoryImpl$EmulatedXAResource@6b2fdffc, error code TMNOFLAGS and transaction [DataNucleus Transaction, ID=1792540124-44, enlisted resources=[]]
15:04:03,437 (main) DEBUG [DataNucleus.Query] - Query de JDOQL : Ejecucion de "SELECT UNIQUE FROM com.videoclub.pojo.Movie WHERE title == 'Movie2'" ...
15:04:03,437 (main) DEBUG [DataNucleus.Datastore] - Utilizando PreparedStatement "com.mysql.cj.jdbc.ClientPreparedStatement: SELECT 'com.videoclub.pojo.Movie' AS `DN_TYPE`,`A0`.`CODE`,`A0`.`DIRECTOR`,`A0`.`DURATION`,`A0`.`GENRE`,`A0`.`RENTALPRICE`,`A0`.`TITLE`,`A0`.`YEAR` FROM `MOVIE` `A0` WHERE `A0`.`TITLE` = 'Movie2'" para la conneccion "org.datanucleus.store.rdbms.datasource.dbcp2.PoolingDataSource$PoolGuardConnectionWrapper@543fe698"
15:04:03,437 (main) DEBUG [DataNucleus.Datastore.Native] - SELECT 'com.videoclub.pojo.Movie' AS `DN_TYPE`,`A0`.`CODE`,`A0`.`DIRECTOR`,`A0`.`DURATION`,`A0`.`GENRE`,`A0`.`RENTALPRICE`,`A0`.`TITLE`,`A0`.`YEAR` FROM `MOVIE` `A0` WHERE `A0`.`TITLE` = 'Movie2'
15:04:03,437 (main) DEBUG [DataNucleus.Datastore.Retrieve] - SQL Tiempo de cumplir = 0 ms
15:04:03,437 (main) DEBUG [DataNucleus.Query] - Query de JDOQL : Tiempo de ejecutar = 0 ms
15:04:03,437 (main) DEBUG [DataNucleus.Cache] - Objeto con identidad "com.videoclub.pojo.Movie:12" no esta en la Cache de nivel 1
15:04:03,437 (main) DEBUG [DataNucleus.Cache] - Objeto con identidad "com.videoclub.pojo.Movie:12" añadido a la Cache de nivel 1 (loadedFlags="[YNNNNNN]")
15:04:03,437 (main) DEBUG [DataNucleus.Transaction] - Objeto con identidad "com.videoclub.pojo.Movie:12" ha sido puesto en la cache transaccional
15:04:03,437 (main) DEBUG [DataNucleus.Cache] - Objeto con identidad "com.videoclub.pojo.Movie:12" obtenido de la Cache nivel 2 (campos="[0, 1, 2, 3, 4, 5, 6]", version="") - representado como "com.videoclub.pojo.Movie@5d194314"
15:04:03,437 (main) DEBUG [DataNucleus.Persistence] - Detachando una copia del objeto "com.videoclub.pojo.Movie@5d194314" (profundidad=0) como "com.videoclub.pojo.Movie@51ac12ac" - campos-detachados=[0, 1, 2, 3, 4, 5, 6], campos-para-obtener=null
15:04:03,437 (main) DEBUG [DataNucleus.Transaction] - Haciendo commit de la transaacción para el ExecutionContext org.datanucleus.ExecutionContextImpl@6680f714
15:04:03,437 (main) DEBUG [DataNucleus.Persistence] - ExecutionContext.internalFlush() empezado con flush ordenado - 0 objetos registrados
15:04:03,437 (main) DEBUG [DataNucleus.Persistence] - ExecutionContext.internalFlush() terminado
15:04:03,437 (main) DEBUG [DataNucleus.Persistence] - Persistence-By-Reachability (commit) : EMPIEZA
15:04:03,437 (main) DEBUG [DataNucleus.Persistence] - Persistence-By-Reachability (commit) : TERMINADO
15:04:03,437 (main) DEBUG [DataNucleus.Cache] - El objeto con identidad "com.videoclub.pojo.Movie:12" va a tener los campos siguientes almacendados en el objeto de Level 2 cache : [0, 1, 2, 3, 4, 5, 6]
15:04:03,437 (main) DEBUG [DataNucleus.Transaction] - Committing [DataNucleus Transaction, ID=1792540124-44, enlisted resources=[org.datanucleus.store.rdbms.ConnectionFactoryImpl$EmulatedXAResource@6b2fdffc]]
15:04:03,437 (main) DEBUG [DataNucleus.Connection] - ManagedConnection VA A COMMIT : "org.datanucleus.store.rdbms.ConnectionFactoryImpl$ManagedConnectionImpl@77a0dd63 [conn=org.datanucleus.store.rdbms.datasource.dbcp2.PoolingDataSource$PoolGuardConnectionWrapper@543fe698, commitOnRelease=false, closeOnRelease=false, closeOnTxnEnd=true]"
15:04:03,437 (main) DEBUG [DataNucleus.Connection] - ManagedConnection CERRADO : "org.datanucleus.store.rdbms.ConnectionFactoryImpl$ManagedConnectionImpl@77a0dd63 [conn=org.datanucleus.store.rdbms.datasource.dbcp2.PoolingDataSource$PoolGuardConnectionWrapper@543fe698, commitOnRelease=false, closeOnRelease=false, closeOnTxnEnd=true]" 
15:04:03,437 (main) DEBUG [DataNucleus.Persistence] - Haciendo el objeto detachado : "com.videoclub.pojo.Movie@5d194314" (profundidad=0)
15:04:03,437 (main) DEBUG [DataNucleus.Persistence] - Objeto con identidad "com.videoclub.pojo.Movie:12" tiene cambio de lifeycle : "P_CLEAN"->"DETACHED_CLEAN"
15:04:03,437 (main) DEBUG [DataNucleus.Transaction] - Objeto con identidad "com.videoclub.pojo.Movie:12" fue borrado de la cache transactional
15:04:03,437 (main) DEBUG [DataNucleus.Persistence] - Disconectando objeto con identidad "com.videoclub.pojo.Movie:12" de StateManager[pc=com.videoclub.pojo.Movie@5d194314, lifecycle=DETACHED_CLEAN]
15:04:03,437 (main) DEBUG [DataNucleus.Cache] - Objeto con identidad="com.videoclub.pojo.Movie:12" borrado de la Cache de nivel 1
15:04:03,437 (main) DEBUG [DataNucleus.Transaction] - Transacción committed en 0 ms
15:04:03,437 (main) DEBUG [DataNucleus.Persistence] - ExecutionContext "org.datanucleus.ExecutionContextImpl@6680f714" se cerró
]]></system-out>
  </testcase>
  <testcase name="databaseUserChecking" classname="com.videoclub.testing.TestVideoclub" time="0.017">
    <system-out><![CDATA[15:04:03,437 (main) DEBUG [DataNucleus.Persistence] - ExecutionContext "org.datanucleus.ExecutionContextImpl@6680f714" se abrió para la base de datos "org.datanucleus.store.rdbms.RDBMSStoreManager@1084f78c" con transaccion="org.datanucleus.transaction.TransactionImpl@7ccd611e"
15:04:03,437 (main) DEBUG [DataNucleus.Transaction] - Transaction created [DataNucleus Transaction, ID=1792540124-45, enlisted resources=[]]
15:04:03,437 (main) DEBUG [DataNucleus.Transaction] - Transacción empezada para el ExecutionContext org.datanucleus.ExecutionContextImpl@6680f714 (optimistic=false)
15:04:03,437 (main) DEBUG [DataNucleus.Query] - JDOQL Single-String de "SELECT FROM com.videoclub.pojo.User WHERE email == 'admin@email.com'"
15:04:03,437 (main) DEBUG [DataNucleus.Query] - Query de JDOQL : Compilación (generic) de "SELECT UNIQUE FROM com.videoclub.pojo.User WHERE email == 'admin@email.com'"
15:04:03,437 (main) DEBUG [DataNucleus.Query] - Query de JDOQL : Tiempo de compilar (generic) = 0 ms
15:04:03,437 (main) DEBUG [DataNucleus.Query] - QueryCompilation:
  [filter:DyadicExpression{PrimaryExpression{email}  =  Literal{admin@email.com}}]
  [symbols: this type=com.videoclub.pojo.User]
15:04:03,437 (main) DEBUG [DataNucleus.Query] - Query de JDOQL : Compilación (base de datos) de "SELECT UNIQUE FROM com.videoclub.pojo.User WHERE email == 'admin@email.com'"
15:04:03,437 (main) DEBUG [DataNucleus.Query] - Compile of JDOQL into SQL - JoinType : navigation(default=(using nullability), filter=(using nullability))
15:04:03,437 (main) DEBUG [DataNucleus.Query] - Query de JDOQL : Tiempo de compilar (base de datos) = 0
15:04:03,437 (main) DEBUG [DataNucleus.Connection] - ManagedConnection ABIERTO : "org.datanucleus.store.rdbms.ConnectionFactoryImpl$ManagedConnectionImpl@119290b9 [conn=org.datanucleus.store.rdbms.datasource.dbcp2.PoolingDataSource$PoolGuardConnectionWrapper@640d604, commitOnRelease=false, closeOnRelease=false, closeOnTxnEnd=true]" en resource "tx" con isolación "read-committed" y auto-commit=false
15:04:03,437 (main) DEBUG [DataNucleus.Transaction] - Running enlist operation on resource: org.datanucleus.store.rdbms.ConnectionFactoryImpl$EmulatedXAResource@62cbc478, error code TMNOFLAGS and transaction [DataNucleus Transaction, ID=1792540124-45, enlisted resources=[]]
15:04:03,437 (main) DEBUG [DataNucleus.Query] - Query de JDOQL : Ejecucion de "SELECT UNIQUE FROM com.videoclub.pojo.User WHERE email == 'admin@email.com'" ...
15:04:03,437 (main) DEBUG [DataNucleus.Datastore] - Utilizando PreparedStatement "com.mysql.cj.jdbc.ClientPreparedStatement: SELECT 'com.videoclub.pojo.User' AS `DN_TYPE`,`A0`.`CODE`,`A0`.`EMAIL`,`A0`.`NAME`,`A0`.`PASSWORD`,`A0`.`SURNAME`,`A0`.`TYPE`,`A0`.`USERNAME` FROM `USER` `A0` WHERE `A0`.`EMAIL` = 'admin@email.com'" para la conneccion "org.datanucleus.store.rdbms.datasource.dbcp2.PoolingDataSource$PoolGuardConnectionWrapper@640d604"
15:04:03,437 (main) DEBUG [DataNucleus.Datastore.Native] - SELECT 'com.videoclub.pojo.User' AS `DN_TYPE`,`A0`.`CODE`,`A0`.`EMAIL`,`A0`.`NAME`,`A0`.`PASSWORD`,`A0`.`SURNAME`,`A0`.`TYPE`,`A0`.`USERNAME` FROM `USER` `A0` WHERE `A0`.`EMAIL` = 'admin@email.com'
15:04:03,437 (main) DEBUG [DataNucleus.Datastore.Retrieve] - SQL Tiempo de cumplir = 0 ms
15:04:03,437 (main) DEBUG [DataNucleus.Query] - Query de JDOQL : Tiempo de ejecutar = 0 ms
15:04:03,437 (main) DEBUG [DataNucleus.Cache] - Objeto con identidad "com.videoclub.pojo.User:11" no esta en la Cache de nivel 1
15:04:03,437 (main) DEBUG [DataNucleus.Cache] - Objeto con identidad "com.videoclub.pojo.User:11" añadido a la Cache de nivel 1 (loadedFlags="[YNNNNNN]")
15:04:03,437 (main) DEBUG [DataNucleus.Transaction] - Objeto con identidad "com.videoclub.pojo.User:11" ha sido puesto en la cache transaccional
15:04:03,437 (main) DEBUG [DataNucleus.Cache] - Objeto con identidad "com.videoclub.pojo.User:11" obtenido de la Cache nivel 2 (campos="[0, 1, 2, 3, 4, 5, 6]", version="") - representado como "com.videoclub.pojo.User@512abf25"
15:04:03,437 (main) DEBUG [DataNucleus.Persistence] - Detachando una copia del objeto "com.videoclub.pojo.User@512abf25" (profundidad=0) como "com.videoclub.pojo.User@7e7740a5" - campos-detachados=[0, 1, 2, 3, 4, 5, 6], campos-para-obtener=null
15:04:03,437 (main) DEBUG [DataNucleus.Transaction] - Haciendo commit de la transaacción para el ExecutionContext org.datanucleus.ExecutionContextImpl@6680f714
15:04:03,437 (main) DEBUG [DataNucleus.Persistence] - ExecutionContext.internalFlush() empezado con flush ordenado - 0 objetos registrados
15:04:03,437 (main) DEBUG [DataNucleus.Persistence] - ExecutionContext.internalFlush() terminado
15:04:03,437 (main) DEBUG [DataNucleus.Persistence] - Persistence-By-Reachability (commit) : EMPIEZA
15:04:03,437 (main) DEBUG [DataNucleus.Persistence] - Persistence-By-Reachability (commit) : TERMINADO
15:04:03,437 (main) DEBUG [DataNucleus.Cache] - El objeto con identidad "com.videoclub.pojo.User:11" va a tener los campos siguientes almacendados en el objeto de Level 2 cache : [0, 1, 2, 3, 4, 5, 6]
15:04:03,437 (main) DEBUG [DataNucleus.Transaction] - Committing [DataNucleus Transaction, ID=1792540124-45, enlisted resources=[org.datanucleus.store.rdbms.ConnectionFactoryImpl$EmulatedXAResource@62cbc478]]
15:04:03,437 (main) DEBUG [DataNucleus.Connection] - ManagedConnection VA A COMMIT : "org.datanucleus.store.rdbms.ConnectionFactoryImpl$ManagedConnectionImpl@119290b9 [conn=org.datanucleus.store.rdbms.datasource.dbcp2.PoolingDataSource$PoolGuardConnectionWrapper@640d604, commitOnRelease=false, closeOnRelease=false, closeOnTxnEnd=true]"
15:04:03,437 (main) DEBUG [DataNucleus.Connection] - ManagedConnection CERRADO : "org.datanucleus.store.rdbms.ConnectionFactoryImpl$ManagedConnectionImpl@119290b9 [conn=org.datanucleus.store.rdbms.datasource.dbcp2.PoolingDataSource$PoolGuardConnectionWrapper@640d604, commitOnRelease=false, closeOnRelease=false, closeOnTxnEnd=true]" 
15:04:03,437 (main) DEBUG [DataNucleus.Persistence] - Haciendo el objeto detachado : "com.videoclub.pojo.User@512abf25" (profundidad=0)
15:04:03,437 (main) DEBUG [DataNucleus.Persistence] - Objeto con identidad "com.videoclub.pojo.User:11" tiene cambio de lifeycle : "P_CLEAN"->"DETACHED_CLEAN"
15:04:03,437 (main) DEBUG [DataNucleus.Transaction] - Objeto con identidad "com.videoclub.pojo.User:11" fue borrado de la cache transactional
15:04:03,437 (main) DEBUG [DataNucleus.Persistence] - Disconectando objeto con identidad "com.videoclub.pojo.User:11" de StateManager[pc=com.videoclub.pojo.User@512abf25, lifecycle=DETACHED_CLEAN]
15:04:03,437 (main) DEBUG [DataNucleus.Cache] - Objeto con identidad="com.videoclub.pojo.User:11" borrado de la Cache de nivel 1
15:04:03,437 (main) DEBUG [DataNucleus.Transaction] - Transacción committed en 0 ms
15:04:03,437 (main) DEBUG [DataNucleus.Persistence] - ExecutionContext "org.datanucleus.ExecutionContextImpl@6680f714" se cerró
15:04:03,437 (main) DEBUG [DataNucleus.Persistence] - ExecutionContext "org.datanucleus.ExecutionContextImpl@6680f714" se abrió para la base de datos "org.datanucleus.store.rdbms.RDBMSStoreManager@1084f78c" con transaccion="org.datanucleus.transaction.TransactionImpl@7e61e25c"
15:04:03,437 (main) DEBUG [DataNucleus.Transaction] - Transaction created [DataNucleus Transaction, ID=1792540124-46, enlisted resources=[]]
15:04:03,437 (main) DEBUG [DataNucleus.Transaction] - Transacción empezada para el ExecutionContext org.datanucleus.ExecutionContextImpl@6680f714 (optimistic=false)
15:04:03,437 (main) DEBUG [DataNucleus.Query] - JDOQL Single-String de "SELECT FROM com.videoclub.pojo.User WHERE email == 'asier.account@email.com'"
15:04:03,437 (main) DEBUG [DataNucleus.Query] - Query de JDOQL : Compilación (generic) de "SELECT UNIQUE FROM com.videoclub.pojo.User WHERE email == 'asier.account@email.com'"
15:04:03,437 (main) DEBUG [DataNucleus.Query] - Query de JDOQL : Tiempo de compilar (generic) = 0 ms
15:04:03,437 (main) DEBUG [DataNucleus.Query] - QueryCompilation:
  [filter:DyadicExpression{PrimaryExpression{email}  =  Literal{asier.account@email.com}}]
  [symbols: this type=com.videoclub.pojo.User]
15:04:03,437 (main) DEBUG [DataNucleus.Query] - Query de JDOQL : Compilación (base de datos) de "SELECT UNIQUE FROM com.videoclub.pojo.User WHERE email == 'asier.account@email.com'"
15:04:03,437 (main) DEBUG [DataNucleus.Query] - Compile of JDOQL into SQL - JoinType : navigation(default=(using nullability), filter=(using nullability))
15:04:03,437 (main) DEBUG [DataNucleus.Query] - Query de JDOQL : Tiempo de compilar (base de datos) = 0
15:04:03,437 (main) DEBUG [DataNucleus.Connection] - ManagedConnection ABIERTO : "org.datanucleus.store.rdbms.ConnectionFactoryImpl$ManagedConnectionImpl@5fef0c19 [conn=org.datanucleus.store.rdbms.datasource.dbcp2.PoolingDataSource$PoolGuardConnectionWrapper@2e6d76ba, commitOnRelease=false, closeOnRelease=false, closeOnTxnEnd=true]" en resource "tx" con isolación "read-committed" y auto-commit=false
15:04:03,437 (main) DEBUG [DataNucleus.Transaction] - Running enlist operation on resource: org.datanucleus.store.rdbms.ConnectionFactoryImpl$EmulatedXAResource@22a6d75c, error code TMNOFLAGS and transaction [DataNucleus Transaction, ID=1792540124-46, enlisted resources=[]]
15:04:03,437 (main) DEBUG [DataNucleus.Query] - Query de JDOQL : Ejecucion de "SELECT UNIQUE FROM com.videoclub.pojo.User WHERE email == 'asier.account@email.com'" ...
15:04:03,437 (main) DEBUG [DataNucleus.Datastore] - Utilizando PreparedStatement "com.mysql.cj.jdbc.ClientPreparedStatement: SELECT 'com.videoclub.pojo.User' AS `DN_TYPE`,`A0`.`CODE`,`A0`.`EMAIL`,`A0`.`NAME`,`A0`.`PASSWORD`,`A0`.`SURNAME`,`A0`.`TYPE`,`A0`.`USERNAME` FROM `USER` `A0` WHERE `A0`.`EMAIL` = 'asier.account@email.com'" para la conneccion "org.datanucleus.store.rdbms.datasource.dbcp2.PoolingDataSource$PoolGuardConnectionWrapper@2e6d76ba"
15:04:03,437 (main) DEBUG [DataNucleus.Datastore.Native] - SELECT 'com.videoclub.pojo.User' AS `DN_TYPE`,`A0`.`CODE`,`A0`.`EMAIL`,`A0`.`NAME`,`A0`.`PASSWORD`,`A0`.`SURNAME`,`A0`.`TYPE`,`A0`.`USERNAME` FROM `USER` `A0` WHERE `A0`.`EMAIL` = 'asier.account@email.com'
15:04:03,454 (main) DEBUG [DataNucleus.Datastore.Retrieve] - SQL Tiempo de cumplir = 17 ms
15:04:03,454 (main) DEBUG [DataNucleus.Query] - Query de JDOQL : Tiempo de ejecutar = 17 ms
15:04:03,454 (main) DEBUG [DataNucleus.Cache] - Objeto con identidad "com.videoclub.pojo.User:12" no esta en la Cache de nivel 1
15:04:03,454 (main) DEBUG [DataNucleus.Cache] - Objeto con identidad "com.videoclub.pojo.User:12" añadido a la Cache de nivel 1 (loadedFlags="[YNNNNNN]")
15:04:03,454 (main) DEBUG [DataNucleus.Transaction] - Objeto con identidad "com.videoclub.pojo.User:12" ha sido puesto en la cache transaccional
15:04:03,454 (main) DEBUG [DataNucleus.Cache] - Objeto con identidad "com.videoclub.pojo.User:12" obtenido de la Cache nivel 2 (campos="[0, 1, 2, 3, 4, 5, 6]", version="") - representado como "com.videoclub.pojo.User@7d30007d"
15:04:03,454 (main) DEBUG [DataNucleus.Persistence] - Detachando una copia del objeto "com.videoclub.pojo.User@7d30007d" (profundidad=0) como "com.videoclub.pojo.User@34a20f16" - campos-detachados=[0, 1, 2, 3, 4, 5, 6], campos-para-obtener=null
15:04:03,454 (main) DEBUG [DataNucleus.Transaction] - Haciendo commit de la transaacción para el ExecutionContext org.datanucleus.ExecutionContextImpl@6680f714
15:04:03,454 (main) DEBUG [DataNucleus.Persistence] - ExecutionContext.internalFlush() empezado con flush ordenado - 0 objetos registrados
15:04:03,454 (main) DEBUG [DataNucleus.Persistence] - ExecutionContext.internalFlush() terminado
15:04:03,454 (main) DEBUG [DataNucleus.Persistence] - Persistence-By-Reachability (commit) : EMPIEZA
15:04:03,454 (main) DEBUG [DataNucleus.Persistence] - Persistence-By-Reachability (commit) : TERMINADO
15:04:03,454 (main) DEBUG [DataNucleus.Cache] - El objeto con identidad "com.videoclub.pojo.User:12" va a tener los campos siguientes almacendados en el objeto de Level 2 cache : [0, 1, 2, 3, 4, 5, 6]
15:04:03,454 (main) DEBUG [DataNucleus.Transaction] - Committing [DataNucleus Transaction, ID=1792540124-46, enlisted resources=[org.datanucleus.store.rdbms.ConnectionFactoryImpl$EmulatedXAResource@22a6d75c]]
15:04:03,454 (main) DEBUG [DataNucleus.Connection] - ManagedConnection VA A COMMIT : "org.datanucleus.store.rdbms.ConnectionFactoryImpl$ManagedConnectionImpl@5fef0c19 [conn=org.datanucleus.store.rdbms.datasource.dbcp2.PoolingDataSource$PoolGuardConnectionWrapper@2e6d76ba, commitOnRelease=false, closeOnRelease=false, closeOnTxnEnd=true]"
15:04:03,454 (main) DEBUG [DataNucleus.Connection] - ManagedConnection CERRADO : "org.datanucleus.store.rdbms.ConnectionFactoryImpl$ManagedConnectionImpl@5fef0c19 [conn=org.datanucleus.store.rdbms.datasource.dbcp2.PoolingDataSource$PoolGuardConnectionWrapper@2e6d76ba, commitOnRelease=false, closeOnRelease=false, closeOnTxnEnd=true]" 
15:04:03,454 (main) DEBUG [DataNucleus.Persistence] - Haciendo el objeto detachado : "com.videoclub.pojo.User@7d30007d" (profundidad=0)
15:04:03,454 (main) DEBUG [DataNucleus.Persistence] - Objeto con identidad "com.videoclub.pojo.User:12" tiene cambio de lifeycle : "P_CLEAN"->"DETACHED_CLEAN"
15:04:03,454 (main) DEBUG [DataNucleus.Transaction] - Objeto con identidad "com.videoclub.pojo.User:12" fue borrado de la cache transactional
15:04:03,454 (main) DEBUG [DataNucleus.Persistence] - Disconectando objeto con identidad "com.videoclub.pojo.User:12" de StateManager[pc=com.videoclub.pojo.User@7d30007d, lifecycle=DETACHED_CLEAN]
15:04:03,454 (main) DEBUG [DataNucleus.Cache] - Objeto con identidad="com.videoclub.pojo.User:12" borrado de la Cache de nivel 1
15:04:03,454 (main) DEBUG [DataNucleus.Transaction] - Transacción committed en 0 ms
15:04:03,454 (main) DEBUG [DataNucleus.Persistence] - ExecutionContext "org.datanucleus.ExecutionContextImpl@6680f714" se cerró
15:04:03,454 (main) DEBUG [DataNucleus.Persistence] - ExecutionContext "org.datanucleus.ExecutionContextImpl@6680f714" se abrió para la base de datos "org.datanucleus.store.rdbms.RDBMSStoreManager@1084f78c" con transaccion="org.datanucleus.transaction.TransactionImpl@1a1c21b4"
15:04:03,454 (main) DEBUG [DataNucleus.Transaction] - Transaction created [DataNucleus Transaction, ID=1792540124-47, enlisted resources=[]]
15:04:03,454 (main) DEBUG [DataNucleus.Transaction] - Transacción empezada para el ExecutionContext org.datanucleus.ExecutionContextImpl@6680f714 (optimistic=false)
15:04:03,454 (main) DEBUG [DataNucleus.Query] - JDOQL Single-String de "SELECT FROM com.videoclub.pojo.User WHERE email == 'client@email.com'"
15:04:03,454 (main) DEBUG [DataNucleus.Query] - Query de JDOQL : Compilación (generic) de "SELECT UNIQUE FROM com.videoclub.pojo.User WHERE email == 'client@email.com'"
15:04:03,454 (main) DEBUG [DataNucleus.Query] - Query de JDOQL : Tiempo de compilar (generic) = 0 ms
15:04:03,454 (main) DEBUG [DataNucleus.Query] - QueryCompilation:
  [filter:DyadicExpression{PrimaryExpression{email}  =  Literal{client@email.com}}]
  [symbols: this type=com.videoclub.pojo.User]
15:04:03,454 (main) DEBUG [DataNucleus.Query] - Query de JDOQL : Compilación (base de datos) de "SELECT UNIQUE FROM com.videoclub.pojo.User WHERE email == 'client@email.com'"
15:04:03,454 (main) DEBUG [DataNucleus.Query] - Compile of JDOQL into SQL - JoinType : navigation(default=(using nullability), filter=(using nullability))
15:04:03,454 (main) DEBUG [DataNucleus.Query] - Query de JDOQL : Tiempo de compilar (base de datos) = 0
15:04:03,454 (main) DEBUG [DataNucleus.Connection] - ManagedConnection ABIERTO : "org.datanucleus.store.rdbms.ConnectionFactoryImpl$ManagedConnectionImpl@17ff8810 [conn=org.datanucleus.store.rdbms.datasource.dbcp2.PoolingDataSource$PoolGuardConnectionWrapper@6c951ada, commitOnRelease=false, closeOnRelease=false, closeOnTxnEnd=true]" en resource "tx" con isolación "read-committed" y auto-commit=false
15:04:03,454 (main) DEBUG [DataNucleus.Transaction] - Running enlist operation on resource: org.datanucleus.store.rdbms.ConnectionFactoryImpl$EmulatedXAResource@67b61834, error code TMNOFLAGS and transaction [DataNucleus Transaction, ID=1792540124-47, enlisted resources=[]]
15:04:03,454 (main) DEBUG [DataNucleus.Query] - Query de JDOQL : Ejecucion de "SELECT UNIQUE FROM com.videoclub.pojo.User WHERE email == 'client@email.com'" ...
15:04:03,454 (main) DEBUG [DataNucleus.Datastore] - Utilizando PreparedStatement "com.mysql.cj.jdbc.ClientPreparedStatement: SELECT 'com.videoclub.pojo.User' AS `DN_TYPE`,`A0`.`CODE`,`A0`.`EMAIL`,`A0`.`NAME`,`A0`.`PASSWORD`,`A0`.`SURNAME`,`A0`.`TYPE`,`A0`.`USERNAME` FROM `USER` `A0` WHERE `A0`.`EMAIL` = 'client@email.com'" para la conneccion "org.datanucleus.store.rdbms.datasource.dbcp2.PoolingDataSource$PoolGuardConnectionWrapper@6c951ada"
15:04:03,454 (main) DEBUG [DataNucleus.Datastore.Native] - SELECT 'com.videoclub.pojo.User' AS `DN_TYPE`,`A0`.`CODE`,`A0`.`EMAIL`,`A0`.`NAME`,`A0`.`PASSWORD`,`A0`.`SURNAME`,`A0`.`TYPE`,`A0`.`USERNAME` FROM `USER` `A0` WHERE `A0`.`EMAIL` = 'client@email.com'
15:04:03,454 (main) DEBUG [DataNucleus.Datastore.Retrieve] - SQL Tiempo de cumplir = 0 ms
15:04:03,454 (main) DEBUG [DataNucleus.Query] - Query de JDOQL : Tiempo de ejecutar = 0 ms
15:04:03,454 (main) DEBUG [DataNucleus.Cache] - Objeto con identidad "com.videoclub.pojo.User:13" no esta en la Cache de nivel 1
15:04:03,454 (main) DEBUG [DataNucleus.Cache] - Objeto con identidad "com.videoclub.pojo.User:13" añadido a la Cache de nivel 1 (loadedFlags="[YNNNNNN]")
15:04:03,454 (main) DEBUG [DataNucleus.Transaction] - Objeto con identidad "com.videoclub.pojo.User:13" ha sido puesto en la cache transaccional
15:04:03,454 (main) DEBUG [DataNucleus.Cache] - Objeto con identidad "com.videoclub.pojo.User:13" obtenido de la Cache nivel 2 (campos="[0, 1, 2, 3, 4, 5, 6]", version="") - representado como "com.videoclub.pojo.User@50598a1a"
15:04:03,454 (main) DEBUG [DataNucleus.Persistence] - Detachando una copia del objeto "com.videoclub.pojo.User@50598a1a" (profundidad=0) como "com.videoclub.pojo.User@11f23038" - campos-detachados=[0, 1, 2, 3, 4, 5, 6], campos-para-obtener=null
15:04:03,454 (main) DEBUG [DataNucleus.Transaction] - Haciendo commit de la transaacción para el ExecutionContext org.datanucleus.ExecutionContextImpl@6680f714
15:04:03,454 (main) DEBUG [DataNucleus.Persistence] - ExecutionContext.internalFlush() empezado con flush ordenado - 0 objetos registrados
15:04:03,454 (main) DEBUG [DataNucleus.Persistence] - ExecutionContext.internalFlush() terminado
15:04:03,454 (main) DEBUG [DataNucleus.Persistence] - Persistence-By-Reachability (commit) : EMPIEZA
15:04:03,454 (main) DEBUG [DataNucleus.Persistence] - Persistence-By-Reachability (commit) : TERMINADO
15:04:03,454 (main) DEBUG [DataNucleus.Cache] - El objeto con identidad "com.videoclub.pojo.User:13" va a tener los campos siguientes almacendados en el objeto de Level 2 cache : [0, 1, 2, 3, 4, 5, 6]
15:04:03,454 (main) DEBUG [DataNucleus.Transaction] - Committing [DataNucleus Transaction, ID=1792540124-47, enlisted resources=[org.datanucleus.store.rdbms.ConnectionFactoryImpl$EmulatedXAResource@67b61834]]
15:04:03,454 (main) DEBUG [DataNucleus.Connection] - ManagedConnection VA A COMMIT : "org.datanucleus.store.rdbms.ConnectionFactoryImpl$ManagedConnectionImpl@17ff8810 [conn=org.datanucleus.store.rdbms.datasource.dbcp2.PoolingDataSource$PoolGuardConnectionWrapper@6c951ada, commitOnRelease=false, closeOnRelease=false, closeOnTxnEnd=true]"
15:04:03,454 (main) DEBUG [DataNucleus.Connection] - ManagedConnection CERRADO : "org.datanucleus.store.rdbms.ConnectionFactoryImpl$ManagedConnectionImpl@17ff8810 [conn=org.datanucleus.store.rdbms.datasource.dbcp2.PoolingDataSource$PoolGuardConnectionWrapper@6c951ada, commitOnRelease=false, closeOnRelease=false, closeOnTxnEnd=true]" 
15:04:03,454 (main) DEBUG [DataNucleus.Persistence] - Haciendo el objeto detachado : "com.videoclub.pojo.User@50598a1a" (profundidad=0)
15:04:03,454 (main) DEBUG [DataNucleus.Persistence] - Objeto con identidad "com.videoclub.pojo.User:13" tiene cambio de lifeycle : "P_CLEAN"->"DETACHED_CLEAN"
15:04:03,454 (main) DEBUG [DataNucleus.Transaction] - Objeto con identidad "com.videoclub.pojo.User:13" fue borrado de la cache transactional
15:04:03,454 (main) DEBUG [DataNucleus.Persistence] - Disconectando objeto con identidad "com.videoclub.pojo.User:13" de StateManager[pc=com.videoclub.pojo.User@50598a1a, lifecycle=DETACHED_CLEAN]
15:04:03,454 (main) DEBUG [DataNucleus.Cache] - Objeto con identidad="com.videoclub.pojo.User:13" borrado de la Cache de nivel 1
15:04:03,454 (main) DEBUG [DataNucleus.Transaction] - Transacción committed en 0 ms
15:04:03,454 (main) DEBUG [DataNucleus.Persistence] - ExecutionContext "org.datanucleus.ExecutionContextImpl@6680f714" se cerró
User [code=11, username=admin,type=ADMIN, password=8c6976e5b5410415bde908bd4dee15dfb167a9c873fc4bb8a81f6f2ab448a918, email=admin@email.com, name=AdminName, surname=AdminSurname] - User [code=11, username=admin,type=ADMIN, password=8c6976e5b5410415bde908bd4dee15dfb167a9c873fc4bb8a81f6f2ab448a918, email=admin@email.com, name=AdminName, surname=AdminSurname]
]]></system-out>
  </testcase>
</testsuite>