<?xml version="1.0" encoding="UTF-8"?>
<testsuite xmlns:xsi="http://www.w3.org/2001/XMLSchema-instance" xsi:noNamespaceSchemaLocation="https://maven.apache.org/surefire/maven-surefire-plugin/xsd/surefire-test-report-3.0.xsd" version="3.0" name="com.videoclub.testing.IntegrationIT" time="1.33" tests="9" errors="0" skipped="0" failures="0">
  <properties>
    <property name="java.specification.version" value="20"/>
    <property name="sun.jnu.encoding" value="UTF-8"/>
    <property name="java.class.path" value="/Users/alarencinas/Documents/GitHub/BSPQ23-E1/target/test-classes:/Users/alarencinas/Documents/GitHub/BSPQ23-E1/target/classes:/Users/alarencinas/.m2/repository/org/glassfish/jersey/containers/jersey-container-servlet-core/2.35/jersey-container-servlet-core-2.35.jar:/Users/alarencinas/.m2/repository/org/glassfish/hk2/external/jakarta.inject/2.6.1/jakarta.inject-2.6.1.jar:/Users/alarencinas/.m2/repository/org/glassfish/jersey/core/jersey-common/2.35/jersey-common-2.35.jar:/Users/alarencinas/.m2/repository/jakarta/annotation/jakarta.annotation-api/1.3.5/jakarta.annotation-api-1.3.5.jar:/Users/alarencinas/.m2/repository/org/glassfish/hk2/osgi-resource-locator/1.0.3/osgi-resource-locator-1.0.3.jar:/Users/alarencinas/.m2/repository/org/glassfish/jersey/core/jersey-server/2.35/jersey-server-2.35.jar:/Users/alarencinas/.m2/repository/org/glassfish/jersey/core/jersey-client/2.35/jersey-client-2.35.jar:/Users/alarencinas/.m2/repository/jakarta/validation/jakarta.validation-api/2.0.2/jakarta.validation-api-2.0.2.jar:/Users/alarencinas/.m2/repository/jakarta/ws/rs/jakarta.ws.rs-api/2.1.6/jakarta.ws.rs-api-2.1.6.jar:/Users/alarencinas/.m2/repository/com/github/noconnor/junitperf/1.22.1/junitperf-1.22.1.jar:/Users/alarencinas/.m2/repository/com/github/noconnor/junitperf-core/1.22.1/junitperf-core-1.22.1.jar:/Users/alarencinas/.m2/repository/org/projectlombok/lombok/1.18.24/lombok-1.18.24.jar:/Users/alarencinas/.m2/repository/org/apache/commons/commons-lang3/3.11/commons-lang3-3.11.jar:/Users/alarencinas/.m2/repository/ch/qos/logback/logback-classic/1.3.0/logback-classic-1.3.0.jar:/Users/alarencinas/.m2/repository/ch/qos/logback/logback-core/1.3.0/logback-core-1.3.0.jar:/Users/alarencinas/.m2/repository/org/slf4j/slf4j-api/2.0.0/slf4j-api-2.0.0.jar:/Users/alarencinas/.m2/repository/com/google/guava/guava/30.1-jre/guava-30.1-jre.jar:/Users/alarencinas/.m2/repository/com/google/guava/failureaccess/1.0.1/failureaccess-1.0.1.jar:/Users/alarencinas/.m2/repository/com/google/guava/listenablefuture/9999.0-empty-to-avoid-conflict-with-guava/listenablefuture-9999.0-empty-to-avoid-conflict-with-guava.jar:/Users/alarencinas/.m2/repository/com/google/code/findbugs/jsr305/3.0.2/jsr305-3.0.2.jar:/Users/alarencinas/.m2/repository/org/checkerframework/checker-qual/3.5.0/checker-qual-3.5.0.jar:/Users/alarencinas/.m2/repository/com/google/errorprone/error_prone_annotations/2.3.4/error_prone_annotations-2.3.4.jar:/Users/alarencinas/.m2/repository/com/google/j2objc/j2objc-annotations/1.3/j2objc-annotations-1.3.jar:/Users/alarencinas/.m2/repository/commons-collections/commons-collections/3.2.2/commons-collections-3.2.2.jar:/Users/alarencinas/.m2/repository/org/apache/commons/commons-math3/3.6.1/commons-math3-3.6.1.jar:/Users/alarencinas/.m2/repository/org/jtwig/jtwig-core/5.86.1.RELEASE/jtwig-core-5.86.1.RELEASE.jar:/Users/alarencinas/.m2/repository/org/jtwig/jtwig-reflection/5.86.1.RELEASE/jtwig-reflection-5.86.1.RELEASE.jar:/Users/alarencinas/.m2/repository/org/parboiled/parboiled-java/1.1.7/parboiled-java-1.1.7.jar:/Users/alarencinas/.m2/repository/org/parboiled/parboiled-core/1.1.7/parboiled-core-1.1.7.jar:/Users/alarencinas/.m2/repository/org/ow2/asm/asm/5.0.3/asm-5.0.3.jar:/Users/alarencinas/.m2/repository/org/ow2/asm/asm-tree/5.0.3/asm-tree-5.0.3.jar:/Users/alarencinas/.m2/repository/org/ow2/asm/asm-analysis/5.0.3/asm-analysis-5.0.3.jar:/Users/alarencinas/.m2/repository/org/ow2/asm/asm-util/5.0.3/asm-util-5.0.3.jar:/Users/alarencinas/.m2/repository/com/googlecode/concurrentlinkedhashmap/concurrentlinkedhashmap-lru/1.4.2/concurrentlinkedhashmap-lru-1.4.2.jar:/Users/alarencinas/.m2/repository/org/glassfish/jersey/inject/jersey-hk2/2.35/jersey-hk2-2.35.jar:/Users/alarencinas/.m2/repository/org/glassfish/hk2/hk2-locator/2.6.1/hk2-locator-2.6.1.jar:/Users/alarencinas/.m2/repository/org/glassfish/hk2/external/aopalliance-repackaged/2.6.1/aopalliance-repackaged-2.6.1.jar:/Users/alarencinas/.m2/repository/org/glassfish/hk2/hk2-api/2.6.1/hk2-api-2.6.1.jar:/Users/alarencinas/.m2/repository/org/glassfish/hk2/hk2-utils/2.6.1/hk2-utils-2.6.1.jar:/Users/alarencinas/.m2/repository/org/javassist/javassist/3.25.0-GA/javassist-3.25.0-GA.jar:/Users/alarencinas/.m2/repository/org/glassfish/jersey/media/jersey-media-json-jackson/2.35/jersey-media-json-jackson-2.35.jar:/Users/alarencinas/.m2/repository/org/glassfish/jersey/ext/jersey-entity-filtering/2.35/jersey-entity-filtering-2.35.jar:/Users/alarencinas/.m2/repository/com/fasterxml/jackson/core/jackson-annotations/2.12.2/jackson-annotations-2.12.2.jar:/Users/alarencinas/.m2/repository/com/fasterxml/jackson/core/jackson-databind/2.12.2/jackson-databind-2.12.2.jar:/Users/alarencinas/.m2/repository/com/fasterxml/jackson/core/jackson-core/2.12.2/jackson-core-2.12.2.jar:/Users/alarencinas/.m2/repository/com/fasterxml/jackson/module/jackson-module-jaxb-annotations/2.12.2/jackson-module-jaxb-annotations-2.12.2.jar:/Users/alarencinas/.m2/repository/jakarta/xml/bind/jakarta.xml.bind-api/2.3.2/jakarta.xml.bind-api-2.3.2.jar:/Users/alarencinas/.m2/repository/jakarta/activation/jakarta.activation-api/1.2.1/jakarta.activation-api-1.2.1.jar:/Users/alarencinas/.m2/repository/junit/junit/4.13.2/junit-4.13.2.jar:/Users/alarencinas/.m2/repository/org/hamcrest/hamcrest-core/1.3/hamcrest-core-1.3.jar:/Users/alarencinas/.m2/repository/org/apache/logging/log4j/log4j-api/2.20.0/log4j-api-2.20.0.jar:/Users/alarencinas/.m2/repository/org/apache/logging/log4j/log4j-core/2.20.0/log4j-core-2.20.0.jar:/Users/alarencinas/.m2/repository/org/datanucleus/javax.jdo/3.2.1/javax.jdo-3.2.1.jar:/Users/alarencinas/.m2/repository/javax/transaction/javax.transaction-api/1.3/javax.transaction-api-1.3.jar:/Users/alarencinas/.m2/repository/org/glassfish/corba/glassfish-corba-omgapi/4.2.2/glassfish-corba-omgapi-4.2.2.jar:/Users/alarencinas/.m2/repository/org/datanucleus/datanucleus-core/6.0.4/datanucleus-core-6.0.4.jar:/Users/alarencinas/.m2/repository/org/datanucleus/datanucleus-api-jdo/6.0.1/datanucleus-api-jdo-6.0.1.jar:/Users/alarencinas/.m2/repository/org/datanucleus/datanucleus-rdbms/6.0.4/datanucleus-rdbms-6.0.4.jar:/Users/alarencinas/.m2/repository/mysql/mysql-connector-java/8.0.29/mysql-connector-java-8.0.29.jar:/Users/alarencinas/.m2/repository/com/google/protobuf/protobuf-java/3.19.4/protobuf-java-3.19.4.jar:/Users/alarencinas/.m2/repository/org/datanucleus/datanucleus-maven-plugin/5.0.1/datanucleus-maven-plugin-5.0.1.jar:/Users/alarencinas/.m2/repository/org/codehaus/plexus/plexus-utils/3.0.8/plexus-utils-3.0.8.jar:/Users/alarencinas/.m2/repository/org/apache/maven/maven-artifact/3.0.4/maven-artifact-3.0.4.jar:/Users/alarencinas/.m2/repository/org/apache/maven/maven-plugin-api/3.0.4/maven-plugin-api-3.0.4.jar:/Users/alarencinas/.m2/repository/org/apache/maven/maven-model/3.0.4/maven-model-3.0.4.jar:/Users/alarencinas/.m2/repository/org/sonatype/sisu/sisu-inject-plexus/2.3.0/sisu-inject-plexus-2.3.0.jar:/Users/alarencinas/.m2/repository/org/codehaus/plexus/plexus-component-annotations/1.5.5/plexus-component-annotations-1.5.5.jar:/Users/alarencinas/.m2/repository/org/sonatype/sisu/sisu-inject-bean/2.3.0/sisu-inject-bean-2.3.0.jar:/Users/alarencinas/.m2/repository/org/sonatype/sisu/sisu-guice/3.1.0/sisu-guice-3.1.0-no_aop.jar:/Users/alarencinas/.m2/repository/org/sonatype/sisu/sisu-guava/0.9.9/sisu-guava-0.9.9.jar:/Users/alarencinas/.m2/repository/org/codehaus/plexus/plexus-container-default/1.5.5/plexus-container-default-1.5.5.jar:/Users/alarencinas/.m2/repository/org/codehaus/plexus/plexus-classworlds/2.2.2/plexus-classworlds-2.2.2.jar:/Users/alarencinas/.m2/repository/org/apache/xbean/xbean-reflect/3.4/xbean-reflect-3.4.jar:/Users/alarencinas/.m2/repository/log4j/log4j/1.2.12/log4j-1.2.12.jar:/Users/alarencinas/.m2/repository/commons-logging/commons-logging-api/1.1/commons-logging-api-1.1.jar:/Users/alarencinas/.m2/repository/com/google/collections/google-collections/1.0/google-collections-1.0.jar:/Users/alarencinas/.m2/repository/com/itextpdf/itextpdf/5.5.9/itextpdf-5.5.9.jar:/Users/alarencinas/.m2/repository/com/sun/mail/javax.mail/1.6.2/javax.mail-1.6.2.jar:/Users/alarencinas/.m2/repository/javax/activation/activation/1.1.1/activation-1.1.1.jar:/Users/alarencinas/.m2/repository/com/google/zxing/core/3.4.1/core-3.4.1.jar:/Users/alarencinas/.m2/repository/com/google/zxing/javase/3.4.1/javase-3.4.1.jar:/Users/alarencinas/.m2/repository/com/beust/jcommander/1.78/jcommander-1.78.jar:/Users/alarencinas/.m2/repository/com/github/jai-imageio/jai-imageio-core/1.4.0/jai-imageio-core-1.4.0.jar:"/>
    <property name="java.vm.vendor" value="Oracle Corporation"/>
    <property name="sun.arch.data.model" value="64"/>
    <property name="java.vendor.url" value="https://java.oracle.com/"/>
    <property name="user.timezone" value="Europe/Madrid"/>
    <property name="os.name" value="Mac OS X"/>
    <property name="java.vm.specification.version" value="20"/>
    <property name="sun.java.launcher" value="SUN_STANDARD"/>
    <property name="user.country" value="ES"/>
    <property name="sun.boot.library.path" value="/Library/Java/JavaVirtualMachines/jdk-20.jdk/Contents/Home/lib"/>
    <property name="sun.java.command" value="/Users/alarencinas/Documents/GitHub/BSPQ23-E1/target/surefire/surefirebooter9262827115646338384.jar /Users/alarencinas/Documents/GitHub/BSPQ23-E1/target/surefire 2023-05-22T17-28-00_161-jvmRun1 surefire1685450481403207410tmp surefire_08631069605013906860tmp"/>
    <property name="jdk.debug" value="release"/>
    <property name="surefire.test.class.path" value="/Users/alarencinas/Documents/GitHub/BSPQ23-E1/target/test-classes:/Users/alarencinas/Documents/GitHub/BSPQ23-E1/target/classes:/Users/alarencinas/.m2/repository/org/glassfish/jersey/containers/jersey-container-servlet-core/2.35/jersey-container-servlet-core-2.35.jar:/Users/alarencinas/.m2/repository/org/glassfish/hk2/external/jakarta.inject/2.6.1/jakarta.inject-2.6.1.jar:/Users/alarencinas/.m2/repository/org/glassfish/jersey/core/jersey-common/2.35/jersey-common-2.35.jar:/Users/alarencinas/.m2/repository/jakarta/annotation/jakarta.annotation-api/1.3.5/jakarta.annotation-api-1.3.5.jar:/Users/alarencinas/.m2/repository/org/glassfish/hk2/osgi-resource-locator/1.0.3/osgi-resource-locator-1.0.3.jar:/Users/alarencinas/.m2/repository/org/glassfish/jersey/core/jersey-server/2.35/jersey-server-2.35.jar:/Users/alarencinas/.m2/repository/org/glassfish/jersey/core/jersey-client/2.35/jersey-client-2.35.jar:/Users/alarencinas/.m2/repository/jakarta/validation/jakarta.validation-api/2.0.2/jakarta.validation-api-2.0.2.jar:/Users/alarencinas/.m2/repository/jakarta/ws/rs/jakarta.ws.rs-api/2.1.6/jakarta.ws.rs-api-2.1.6.jar:/Users/alarencinas/.m2/repository/com/github/noconnor/junitperf/1.22.1/junitperf-1.22.1.jar:/Users/alarencinas/.m2/repository/com/github/noconnor/junitperf-core/1.22.1/junitperf-core-1.22.1.jar:/Users/alarencinas/.m2/repository/org/projectlombok/lombok/1.18.24/lombok-1.18.24.jar:/Users/alarencinas/.m2/repository/org/apache/commons/commons-lang3/3.11/commons-lang3-3.11.jar:/Users/alarencinas/.m2/repository/ch/qos/logback/logback-classic/1.3.0/logback-classic-1.3.0.jar:/Users/alarencinas/.m2/repository/ch/qos/logback/logback-core/1.3.0/logback-core-1.3.0.jar:/Users/alarencinas/.m2/repository/org/slf4j/slf4j-api/2.0.0/slf4j-api-2.0.0.jar:/Users/alarencinas/.m2/repository/com/google/guava/guava/30.1-jre/guava-30.1-jre.jar:/Users/alarencinas/.m2/repository/com/google/guava/failureaccess/1.0.1/failureaccess-1.0.1.jar:/Users/alarencinas/.m2/repository/com/google/guava/listenablefuture/9999.0-empty-to-avoid-conflict-with-guava/listenablefuture-9999.0-empty-to-avoid-conflict-with-guava.jar:/Users/alarencinas/.m2/repository/com/google/code/findbugs/jsr305/3.0.2/jsr305-3.0.2.jar:/Users/alarencinas/.m2/repository/org/checkerframework/checker-qual/3.5.0/checker-qual-3.5.0.jar:/Users/alarencinas/.m2/repository/com/google/errorprone/error_prone_annotations/2.3.4/error_prone_annotations-2.3.4.jar:/Users/alarencinas/.m2/repository/com/google/j2objc/j2objc-annotations/1.3/j2objc-annotations-1.3.jar:/Users/alarencinas/.m2/repository/commons-collections/commons-collections/3.2.2/commons-collections-3.2.2.jar:/Users/alarencinas/.m2/repository/org/apache/commons/commons-math3/3.6.1/commons-math3-3.6.1.jar:/Users/alarencinas/.m2/repository/org/jtwig/jtwig-core/5.86.1.RELEASE/jtwig-core-5.86.1.RELEASE.jar:/Users/alarencinas/.m2/repository/org/jtwig/jtwig-reflection/5.86.1.RELEASE/jtwig-reflection-5.86.1.RELEASE.jar:/Users/alarencinas/.m2/repository/org/parboiled/parboiled-java/1.1.7/parboiled-java-1.1.7.jar:/Users/alarencinas/.m2/repository/org/parboiled/parboiled-core/1.1.7/parboiled-core-1.1.7.jar:/Users/alarencinas/.m2/repository/org/ow2/asm/asm/5.0.3/asm-5.0.3.jar:/Users/alarencinas/.m2/repository/org/ow2/asm/asm-tree/5.0.3/asm-tree-5.0.3.jar:/Users/alarencinas/.m2/repository/org/ow2/asm/asm-analysis/5.0.3/asm-analysis-5.0.3.jar:/Users/alarencinas/.m2/repository/org/ow2/asm/asm-util/5.0.3/asm-util-5.0.3.jar:/Users/alarencinas/.m2/repository/com/googlecode/concurrentlinkedhashmap/concurrentlinkedhashmap-lru/1.4.2/concurrentlinkedhashmap-lru-1.4.2.jar:/Users/alarencinas/.m2/repository/org/glassfish/jersey/inject/jersey-hk2/2.35/jersey-hk2-2.35.jar:/Users/alarencinas/.m2/repository/org/glassfish/hk2/hk2-locator/2.6.1/hk2-locator-2.6.1.jar:/Users/alarencinas/.m2/repository/org/glassfish/hk2/external/aopalliance-repackaged/2.6.1/aopalliance-repackaged-2.6.1.jar:/Users/alarencinas/.m2/repository/org/glassfish/hk2/hk2-api/2.6.1/hk2-api-2.6.1.jar:/Users/alarencinas/.m2/repository/org/glassfish/hk2/hk2-utils/2.6.1/hk2-utils-2.6.1.jar:/Users/alarencinas/.m2/repository/org/javassist/javassist/3.25.0-GA/javassist-3.25.0-GA.jar:/Users/alarencinas/.m2/repository/org/glassfish/jersey/media/jersey-media-json-jackson/2.35/jersey-media-json-jackson-2.35.jar:/Users/alarencinas/.m2/repository/org/glassfish/jersey/ext/jersey-entity-filtering/2.35/jersey-entity-filtering-2.35.jar:/Users/alarencinas/.m2/repository/com/fasterxml/jackson/core/jackson-annotations/2.12.2/jackson-annotations-2.12.2.jar:/Users/alarencinas/.m2/repository/com/fasterxml/jackson/core/jackson-databind/2.12.2/jackson-databind-2.12.2.jar:/Users/alarencinas/.m2/repository/com/fasterxml/jackson/core/jackson-core/2.12.2/jackson-core-2.12.2.jar:/Users/alarencinas/.m2/repository/com/fasterxml/jackson/module/jackson-module-jaxb-annotations/2.12.2/jackson-module-jaxb-annotations-2.12.2.jar:/Users/alarencinas/.m2/repository/jakarta/xml/bind/jakarta.xml.bind-api/2.3.2/jakarta.xml.bind-api-2.3.2.jar:/Users/alarencinas/.m2/repository/jakarta/activation/jakarta.activation-api/1.2.1/jakarta.activation-api-1.2.1.jar:/Users/alarencinas/.m2/repository/junit/junit/4.13.2/junit-4.13.2.jar:/Users/alarencinas/.m2/repository/org/hamcrest/hamcrest-core/1.3/hamcrest-core-1.3.jar:/Users/alarencinas/.m2/repository/org/apache/logging/log4j/log4j-api/2.20.0/log4j-api-2.20.0.jar:/Users/alarencinas/.m2/repository/org/apache/logging/log4j/log4j-core/2.20.0/log4j-core-2.20.0.jar:/Users/alarencinas/.m2/repository/org/datanucleus/javax.jdo/3.2.1/javax.jdo-3.2.1.jar:/Users/alarencinas/.m2/repository/javax/transaction/javax.transaction-api/1.3/javax.transaction-api-1.3.jar:/Users/alarencinas/.m2/repository/org/glassfish/corba/glassfish-corba-omgapi/4.2.2/glassfish-corba-omgapi-4.2.2.jar:/Users/alarencinas/.m2/repository/org/datanucleus/datanucleus-core/6.0.4/datanucleus-core-6.0.4.jar:/Users/alarencinas/.m2/repository/org/datanucleus/datanucleus-api-jdo/6.0.1/datanucleus-api-jdo-6.0.1.jar:/Users/alarencinas/.m2/repository/org/datanucleus/datanucleus-rdbms/6.0.4/datanucleus-rdbms-6.0.4.jar:/Users/alarencinas/.m2/repository/mysql/mysql-connector-java/8.0.29/mysql-connector-java-8.0.29.jar:/Users/alarencinas/.m2/repository/com/google/protobuf/protobuf-java/3.19.4/protobuf-java-3.19.4.jar:/Users/alarencinas/.m2/repository/org/datanucleus/datanucleus-maven-plugin/5.0.1/datanucleus-maven-plugin-5.0.1.jar:/Users/alarencinas/.m2/repository/org/codehaus/plexus/plexus-utils/3.0.8/plexus-utils-3.0.8.jar:/Users/alarencinas/.m2/repository/org/apache/maven/maven-artifact/3.0.4/maven-artifact-3.0.4.jar:/Users/alarencinas/.m2/repository/org/apache/maven/maven-plugin-api/3.0.4/maven-plugin-api-3.0.4.jar:/Users/alarencinas/.m2/repository/org/apache/maven/maven-model/3.0.4/maven-model-3.0.4.jar:/Users/alarencinas/.m2/repository/org/sonatype/sisu/sisu-inject-plexus/2.3.0/sisu-inject-plexus-2.3.0.jar:/Users/alarencinas/.m2/repository/org/codehaus/plexus/plexus-component-annotations/1.5.5/plexus-component-annotations-1.5.5.jar:/Users/alarencinas/.m2/repository/org/sonatype/sisu/sisu-inject-bean/2.3.0/sisu-inject-bean-2.3.0.jar:/Users/alarencinas/.m2/repository/org/sonatype/sisu/sisu-guice/3.1.0/sisu-guice-3.1.0-no_aop.jar:/Users/alarencinas/.m2/repository/org/sonatype/sisu/sisu-guava/0.9.9/sisu-guava-0.9.9.jar:/Users/alarencinas/.m2/repository/org/codehaus/plexus/plexus-container-default/1.5.5/plexus-container-default-1.5.5.jar:/Users/alarencinas/.m2/repository/org/codehaus/plexus/plexus-classworlds/2.2.2/plexus-classworlds-2.2.2.jar:/Users/alarencinas/.m2/repository/org/apache/xbean/xbean-reflect/3.4/xbean-reflect-3.4.jar:/Users/alarencinas/.m2/repository/log4j/log4j/1.2.12/log4j-1.2.12.jar:/Users/alarencinas/.m2/repository/commons-logging/commons-logging-api/1.1/commons-logging-api-1.1.jar:/Users/alarencinas/.m2/repository/com/google/collections/google-collections/1.0/google-collections-1.0.jar:/Users/alarencinas/.m2/repository/com/itextpdf/itextpdf/5.5.9/itextpdf-5.5.9.jar:/Users/alarencinas/.m2/repository/com/sun/mail/javax.mail/1.6.2/javax.mail-1.6.2.jar:/Users/alarencinas/.m2/repository/javax/activation/activation/1.1.1/activation-1.1.1.jar:/Users/alarencinas/.m2/repository/com/google/zxing/core/3.4.1/core-3.4.1.jar:/Users/alarencinas/.m2/repository/com/google/zxing/javase/3.4.1/javase-3.4.1.jar:/Users/alarencinas/.m2/repository/com/beust/jcommander/1.78/jcommander-1.78.jar:/Users/alarencinas/.m2/repository/com/github/jai-imageio/jai-imageio-core/1.4.0/jai-imageio-core-1.4.0.jar:"/>
    <property name="sun.cpu.endian" value="little"/>
    <property name="user.home" value="/Users/alarencinas"/>
    <property name="user.language" value="es"/>
    <property name="java.specification.vendor" value="Oracle Corporation"/>
    <property name="java.version.date" value="2023-03-21"/>
    <property name="java.home" value="/Library/Java/JavaVirtualMachines/jdk-20.jdk/Contents/Home"/>
    <property name="file.separator" value="/"/>
    <property name="basedir" value="/Users/alarencinas/Documents/GitHub/BSPQ23-E1"/>
    <property name="java.vm.compressedOopsMode" value="Zero based"/>
    <property name="line.separator" value="&#10;"/>
    <property name="java.specification.name" value="Java Platform API Specification"/>
    <property name="java.vm.specification.vendor" value="Oracle Corporation"/>
    <property name="apple.awt.application.name" value="ForkedBooter"/>
    <property name="surefire.real.class.path" value="/Users/alarencinas/Documents/GitHub/BSPQ23-E1/target/surefire/surefirebooter9262827115646338384.jar"/>
    <property name="sun.management.compiler" value="HotSpot 64-Bit Tiered Compilers"/>
    <property name="java.runtime.version" value="20+36-2344"/>
    <property name="user.name" value="alarencinas"/>
    <property name="stdout.encoding" value="UTF-8"/>
    <property name="path.separator" value=":"/>
    <property name="os.version" value="13.3.1"/>
    <property name="java.runtime.name" value="Java(TM) SE Runtime Environment"/>
    <property name="file.encoding" value="UTF-8"/>
    <property name="java.vm.name" value="Java HotSpot(TM) 64-Bit Server VM"/>
    <property name="localRepository" value="/Users/alarencinas/.m2/repository"/>
    <property name="java.vendor.url.bug" value="https://bugreport.java.com/bugreport/"/>
    <property name="java.io.tmpdir" value="/var/folders/n8/t59bx4gj1l7bpmqkjfntk2gw0000gn/T/"/>
    <property name="java.version" value="20"/>
    <property name="user.dir" value="/Users/alarencinas/Documents/GitHub/BSPQ23-E1"/>
    <property name="os.arch" value="aarch64"/>
    <property name="java.vm.specification.name" value="Java Virtual Machine Specification"/>
    <property name="native.encoding" value="UTF-8"/>
    <property name="java.library.path" value="/Users/alarencinas/Library/Java/Extensions:/Library/Java/Extensions:/Network/Library/Java/Extensions:/System/Library/Java/Extensions:/usr/lib/java:."/>
    <property name="java.vm.info" value="mixed mode, sharing"/>
    <property name="stderr.encoding" value="UTF-8"/>
    <property name="java.vendor" value="Oracle Corporation"/>
    <property name="java.vm.version" value="20+36-2344"/>
    <property name="sun.io.unicode.encoding" value="UnicodeBig"/>
    <property name="java.class.version" value="64.0"/>
  </properties>
  <testcase name="UserListResource" classname="com.videoclub.testing.IntegrationIT" time="0.818">
    <system-out><![CDATA[17:28:02,233 (main) DEBUG [DataNucleus.Persistence] - ExecutionContext "org.datanucleus.ExecutionContextImpl@34dc85a" se abrió para la base de datos "org.datanucleus.store.rdbms.RDBMSStoreManager@6d4a65c6" con transaccion="org.datanucleus.transaction.TransactionImpl@6f5d0190"
17:28:02,233 (main) DEBUG [DataNucleus.Transaction] - Transaction created [DataNucleus Transaction, ID=1418522280-41, enlisted resources=[]]
17:28:02,233 (main) DEBUG [DataNucleus.Transaction] - Transacción empezada para el ExecutionContext org.datanucleus.ExecutionContextImpl@34dc85a (optimistic=false)
17:28:02,233 (main) DEBUG [DataNucleus.Query] - Query de JDOQL : Compilación (generic) de "SELECT FROM com.videoclub.pojo.User"
17:28:02,233 (main) DEBUG [DataNucleus.Query] - Query de JDOQL : Tiempo de compilar (generic) = 0 ms
17:28:02,233 (main) DEBUG [DataNucleus.Query] - QueryCompilation:
  [symbols: this type=com.videoclub.pojo.User]
17:28:02,233 (main) DEBUG [DataNucleus.Query] - Query de JDOQL : Compilación (base de datos) de "SELECT FROM com.videoclub.pojo.User"
17:28:02,233 (main) DEBUG [DataNucleus.Query] - Compile of JDOQL into SQL - JoinType : navigation(default=(using nullability), filter=(using nullability))
17:28:02,233 (main) DEBUG [DataNucleus.Query] - Query de JDOQL : Tiempo de compilar (base de datos) = 0
17:28:02,234 (main) DEBUG [DataNucleus.Connection] - ManagedConnection ABIERTO : "org.datanucleus.store.rdbms.ConnectionFactoryImpl$ManagedConnectionImpl@679dd234 [conn=org.datanucleus.store.rdbms.datasource.dbcp2.PoolingDataSource$PoolGuardConnectionWrapper@60cb1ed6, commitOnRelease=false, closeOnRelease=false, closeOnTxnEnd=true]" en resource "tx" con isolación "read-committed" y auto-commit=false
17:28:02,234 (main) DEBUG [DataNucleus.Transaction] - Running enlist operation on resource: org.datanucleus.store.rdbms.ConnectionFactoryImpl$EmulatedXAResource@1e5eb20a, error code TMNOFLAGS and transaction [DataNucleus Transaction, ID=1418522280-41, enlisted resources=[]]
17:28:02,234 (main) DEBUG [DataNucleus.Query] - Query de JDOQL : Ejecucion de "SELECT FROM com.videoclub.pojo.User" ...
17:28:02,235 (main) DEBUG [DataNucleus.Datastore] - Utilizando PreparedStatement "com.mysql.cj.jdbc.ClientPreparedStatement: SELECT 'com.videoclub.pojo.User' AS `DN_TYPE`,`A0`.`CODE`,`A0`.`EMAIL`,`A0`.`NAME`,`A0`.`PASSWORD`,`A0`.`SURNAME`,`A0`.`TYPE`,`A0`.`USERNAME` FROM `USER` `A0`" para la conneccion "org.datanucleus.store.rdbms.datasource.dbcp2.PoolingDataSource$PoolGuardConnectionWrapper@60cb1ed6"
17:28:02,235 (main) DEBUG [DataNucleus.Datastore.Native] - SELECT 'com.videoclub.pojo.User' AS `DN_TYPE`,`A0`.`CODE`,`A0`.`EMAIL`,`A0`.`NAME`,`A0`.`PASSWORD`,`A0`.`SURNAME`,`A0`.`TYPE`,`A0`.`USERNAME` FROM `USER` `A0`
17:28:02,235 (main) DEBUG [DataNucleus.Datastore.Retrieve] - SQL Tiempo de cumplir = 0 ms
17:28:02,235 (main) DEBUG [DataNucleus.Query] - Query de JDOQL : Tiempo de ejecutar = 1 ms
17:28:02,235 (main) DEBUG [DataNucleus.Transaction] - Haciendo commit de la transaacción para el ExecutionContext org.datanucleus.ExecutionContextImpl@34dc85a
17:28:02,235 (main) DEBUG [DataNucleus.Query] - Leyendo los resultados del query "SELECT FROM com.videoclub.pojo.User" como la conneccion va a cerrar o cometer
17:28:02,235 (main) DEBUG [DataNucleus.Cache] - Objeto con identidad "com.videoclub.pojo.User:1" no esta en la Cache de nivel 1
17:28:02,235 (main) DEBUG [DataNucleus.Cache] - Objeto con identidad "com.videoclub.pojo.User:1" añadido a la Cache de nivel 1 (loadedFlags="[YNNNNNN]")
17:28:02,235 (main) DEBUG [DataNucleus.Transaction] - Objeto con identidad "com.videoclub.pojo.User:1" ha sido puesto en la cache transaccional
17:28:02,236 (main) DEBUG [DataNucleus.Cache] - Objeto con identidad "com.videoclub.pojo.User:1" obtenido de la Cache nivel 2 (campos="[0, 1, 2, 3, 4, 5, 6]", version="") - representado como "com.videoclub.pojo.User@74b86971"
17:28:02,236 (main) DEBUG [DataNucleus.Cache] - Objeto con identidad "com.videoclub.pojo.User:2" no esta en la Cache de nivel 1
17:28:02,236 (main) DEBUG [DataNucleus.Cache] - Objeto con identidad "com.videoclub.pojo.User:2" añadido a la Cache de nivel 1 (loadedFlags="[YNNNNNN]")
17:28:02,236 (main) DEBUG [DataNucleus.Transaction] - Objeto con identidad "com.videoclub.pojo.User:2" ha sido puesto en la cache transaccional
17:28:02,236 (main) DEBUG [DataNucleus.Cache] - Objeto con identidad "com.videoclub.pojo.User:2" obtenido de la Cache nivel 2 (campos="[0, 1, 2, 3, 4, 5, 6]", version="") - representado como "com.videoclub.pojo.User@1f9d4b0e"
17:28:02,236 (main) DEBUG [DataNucleus.Cache] - Objeto con identidad "com.videoclub.pojo.User:3" no esta en la Cache de nivel 1
17:28:02,236 (main) DEBUG [DataNucleus.Cache] - Objeto con identidad "com.videoclub.pojo.User:3" añadido a la Cache de nivel 1 (loadedFlags="[YNNNNNN]")
17:28:02,236 (main) DEBUG [DataNucleus.Transaction] - Objeto con identidad "com.videoclub.pojo.User:3" ha sido puesto en la cache transaccional
17:28:02,236 (main) DEBUG [DataNucleus.Cache] - Objeto con identidad "com.videoclub.pojo.User:3" obtenido de la Cache nivel 2 (campos="[0, 1, 2, 3, 4, 5, 6]", version="") - representado como "com.videoclub.pojo.User@1e8fb66f"
17:28:02,236 (main) DEBUG [DataNucleus.Persistence] - ExecutionContext.internalFlush() empezado con flush ordenado - 0 objetos registrados
17:28:02,236 (main) DEBUG [DataNucleus.Persistence] - ExecutionContext.internalFlush() terminado
17:28:02,236 (main) DEBUG [DataNucleus.Persistence] - Persistence-By-Reachability (commit) : EMPIEZA
17:28:02,236 (main) DEBUG [DataNucleus.Persistence] - Persistence-By-Reachability (commit) : TERMINADO
17:28:02,236 (main) DEBUG [DataNucleus.Cache] - El objeto con identidad "com.videoclub.pojo.User:3" va a tener los campos siguientes almacendados en el objeto de Level 2 cache : [0, 1, 2, 3, 4, 5, 6]
17:28:02,236 (main) DEBUG [DataNucleus.Cache] - El objeto con identidad "com.videoclub.pojo.User:2" va a tener los campos siguientes almacendados en el objeto de Level 2 cache : [0, 1, 2, 3, 4, 5, 6]
17:28:02,236 (main) DEBUG [DataNucleus.Cache] - El objeto con identidad "com.videoclub.pojo.User:1" va a tener los campos siguientes almacendados en el objeto de Level 2 cache : [0, 1, 2, 3, 4, 5, 6]
17:28:02,236 (main) DEBUG [DataNucleus.Transaction] - Committing [DataNucleus Transaction, ID=1418522280-41, enlisted resources=[org.datanucleus.store.rdbms.ConnectionFactoryImpl$EmulatedXAResource@1e5eb20a]]
17:28:02,236 (main) DEBUG [DataNucleus.Connection] - ManagedConnection VA A COMMIT : "org.datanucleus.store.rdbms.ConnectionFactoryImpl$ManagedConnectionImpl@679dd234 [conn=org.datanucleus.store.rdbms.datasource.dbcp2.PoolingDataSource$PoolGuardConnectionWrapper@60cb1ed6, commitOnRelease=false, closeOnRelease=false, closeOnTxnEnd=true]"
17:28:02,236 (main) DEBUG [DataNucleus.Connection] - ManagedConnection CERRADO : "org.datanucleus.store.rdbms.ConnectionFactoryImpl$ManagedConnectionImpl@679dd234 [conn=org.datanucleus.store.rdbms.datasource.dbcp2.PoolingDataSource$PoolGuardConnectionWrapper@60cb1ed6, commitOnRelease=false, closeOnRelease=false, closeOnTxnEnd=true]" 
17:28:02,237 (main) DEBUG [DataNucleus.Persistence] - Haciendo el objeto detachado : "com.videoclub.pojo.User@1e8fb66f" (profundidad=0)
17:28:02,237 (main) DEBUG [DataNucleus.Persistence] - Objeto con identidad "com.videoclub.pojo.User:3" tiene cambio de lifeycle : "P_CLEAN"->"DETACHED_CLEAN"
17:28:02,237 (main) DEBUG [DataNucleus.Transaction] - Objeto con identidad "com.videoclub.pojo.User:3" fue borrado de la cache transactional
17:28:02,237 (main) DEBUG [DataNucleus.Persistence] - Disconectando objeto con identidad "com.videoclub.pojo.User:3" de StateManager[pc=com.videoclub.pojo.User@1e8fb66f, lifecycle=DETACHED_CLEAN]
17:28:02,237 (main) DEBUG [DataNucleus.Cache] - Objeto con identidad="com.videoclub.pojo.User:3" borrado de la Cache de nivel 1
17:28:02,237 (main) DEBUG [DataNucleus.Persistence] - Haciendo el objeto detachado : "com.videoclub.pojo.User@1f9d4b0e" (profundidad=0)
17:28:02,237 (main) DEBUG [DataNucleus.Persistence] - Objeto con identidad "com.videoclub.pojo.User:2" tiene cambio de lifeycle : "P_CLEAN"->"DETACHED_CLEAN"
17:28:02,237 (main) DEBUG [DataNucleus.Transaction] - Objeto con identidad "com.videoclub.pojo.User:2" fue borrado de la cache transactional
17:28:02,237 (main) DEBUG [DataNucleus.Persistence] - Disconectando objeto con identidad "com.videoclub.pojo.User:2" de StateManager[pc=com.videoclub.pojo.User@1f9d4b0e, lifecycle=DETACHED_CLEAN]
17:28:02,237 (main) DEBUG [DataNucleus.Cache] - Objeto con identidad="com.videoclub.pojo.User:2" borrado de la Cache de nivel 1
17:28:02,237 (main) DEBUG [DataNucleus.Persistence] - Haciendo el objeto detachado : "com.videoclub.pojo.User@74b86971" (profundidad=0)
17:28:02,237 (main) DEBUG [DataNucleus.Persistence] - Objeto con identidad "com.videoclub.pojo.User:1" tiene cambio de lifeycle : "P_CLEAN"->"DETACHED_CLEAN"
17:28:02,237 (main) DEBUG [DataNucleus.Transaction] - Objeto con identidad "com.videoclub.pojo.User:1" fue borrado de la cache transactional
17:28:02,237 (main) DEBUG [DataNucleus.Persistence] - Disconectando objeto con identidad "com.videoclub.pojo.User:1" de StateManager[pc=com.videoclub.pojo.User@74b86971, lifecycle=DETACHED_CLEAN]
17:28:02,237 (main) DEBUG [DataNucleus.Cache] - Objeto con identidad="com.videoclub.pojo.User:1" borrado de la Cache de nivel 1
17:28:02,237 (main) DEBUG [DataNucleus.Transaction] - Transacción committed en 2 ms
17:28:02,237 (main) DEBUG [DataNucleus.Persistence] - ExecutionContext "org.datanucleus.ExecutionContextImpl@34dc85a" se cerró
]]></system-out>
  </testcase>
  <testcase name="RentalListResource" classname="com.videoclub.testing.IntegrationIT" time="0.224">
    <system-out><![CDATA[17:28:02,454 (main) DEBUG [DataNucleus.Persistence] - ExecutionContext "org.datanucleus.ExecutionContextImpl@34dc85a" se abrió para la base de datos "org.datanucleus.store.rdbms.RDBMSStoreManager@6d4a65c6" con transaccion="org.datanucleus.transaction.TransactionImpl@2b53840a"
17:28:02,454 (main) DEBUG [DataNucleus.Transaction] - Transaction created [DataNucleus Transaction, ID=1418522280-42, enlisted resources=[]]
17:28:02,454 (main) DEBUG [DataNucleus.Transaction] - Transacción empezada para el ExecutionContext org.datanucleus.ExecutionContextImpl@34dc85a (optimistic=false)
17:28:02,454 (main) DEBUG [DataNucleus.Query] - Query de JDOQL : Compilación (generic) de "SELECT FROM com.videoclub.pojo.Rental"
17:28:02,454 (main) DEBUG [DataNucleus.Query] - Query de JDOQL : Tiempo de compilar (generic) = 0 ms
17:28:02,454 (main) DEBUG [DataNucleus.Query] - QueryCompilation:
  [symbols: this type=com.videoclub.pojo.Rental]
17:28:02,454 (main) DEBUG [DataNucleus.Query] - Query de JDOQL : Compilación (base de datos) de "SELECT FROM com.videoclub.pojo.Rental"
17:28:02,454 (main) DEBUG [DataNucleus.Query] - Compile of JDOQL into SQL - JoinType : navigation(default=(using nullability), filter=(using nullability))
17:28:02,454 (main) DEBUG [DataNucleus.Query] - Query de JDOQL : Tiempo de compilar (base de datos) = 0
17:28:02,455 (main) DEBUG [DataNucleus.Connection] - ManagedConnection ABIERTO : "org.datanucleus.store.rdbms.ConnectionFactoryImpl$ManagedConnectionImpl@53747c4a [conn=org.datanucleus.store.rdbms.datasource.dbcp2.PoolingDataSource$PoolGuardConnectionWrapper@64b0d1fa, commitOnRelease=false, closeOnRelease=false, closeOnTxnEnd=true]" en resource "tx" con isolación "read-committed" y auto-commit=false
17:28:02,455 (main) DEBUG [DataNucleus.Transaction] - Running enlist operation on resource: org.datanucleus.store.rdbms.ConnectionFactoryImpl$EmulatedXAResource@f2276c9, error code TMNOFLAGS and transaction [DataNucleus Transaction, ID=1418522280-42, enlisted resources=[]]
17:28:02,455 (main) DEBUG [DataNucleus.Query] - Query de JDOQL : Ejecucion de "SELECT FROM com.videoclub.pojo.Rental" ...
17:28:02,455 (main) DEBUG [DataNucleus.Datastore] - Utilizando PreparedStatement "com.mysql.cj.jdbc.ClientPreparedStatement: SELECT 'com.videoclub.pojo.Rental' AS `DN_TYPE`,`A0`.`CODE`,`A0`.`ID`,`A0`.`RENTALDATE`,`A0`.`RETURNDATE`,`A0`.`TITLE` FROM `RENTAL` `A0`" para la conneccion "org.datanucleus.store.rdbms.datasource.dbcp2.PoolingDataSource$PoolGuardConnectionWrapper@64b0d1fa"
17:28:02,455 (main) DEBUG [DataNucleus.Datastore.Native] - SELECT 'com.videoclub.pojo.Rental' AS `DN_TYPE`,`A0`.`CODE`,`A0`.`ID`,`A0`.`RENTALDATE`,`A0`.`RETURNDATE`,`A0`.`TITLE` FROM `RENTAL` `A0`
17:28:02,456 (main) DEBUG [DataNucleus.Datastore.Retrieve] - SQL Tiempo de cumplir = 1 ms
17:28:02,456 (main) DEBUG [DataNucleus.Query] - Query de JDOQL : Tiempo de ejecutar = 1 ms
17:28:02,456 (main) DEBUG [DataNucleus.Transaction] - Haciendo commit de la transaacción para el ExecutionContext org.datanucleus.ExecutionContextImpl@34dc85a
17:28:02,456 (main) DEBUG [DataNucleus.Query] - Leyendo los resultados del query "SELECT FROM com.videoclub.pojo.Rental" como la conneccion va a cerrar o cometer
17:28:02,456 (main) DEBUG [DataNucleus.Cache] - Objeto con identidad "com.videoclub.pojo.Rental:1" no esta en la Cache de nivel 1
17:28:02,456 (main) DEBUG [DataNucleus.Cache] - Objeto con identidad "com.videoclub.pojo.Rental:1" añadido a la Cache de nivel 1 (loadedFlags="[NYNNN]")
17:28:02,456 (main) DEBUG [DataNucleus.Persistence] - El objeto con identidad "com.videoclub.pojo.Rental:1" va a tener el valor en el campo "rentalDate" cambiado por un SCO wrapper
17:28:02,456 (main) DEBUG [DataNucleus.Persistence] - El objeto con identidad "com.videoclub.pojo.Rental:1" va a tener el valor en el campo "returnDate" cambiado por un SCO wrapper
17:28:02,456 (main) DEBUG [DataNucleus.Transaction] - Objeto con identidad "com.videoclub.pojo.Rental:1" ha sido puesto en la cache transaccional
17:28:02,456 (main) DEBUG [DataNucleus.Cache] - Objeto con identidad "com.videoclub.pojo.Rental:1" obtenido de la Cache nivel 2 (campos="[0, 1, 2, 3, 4]", version="") - representado como "com.videoclub.pojo.Rental@e9474f"
17:28:02,456 (main) DEBUG [DataNucleus.Cache] - Objeto con identidad "com.videoclub.pojo.Rental:2" no esta en la Cache de nivel 1
17:28:02,456 (main) DEBUG [DataNucleus.Cache] - Objeto con identidad "com.videoclub.pojo.Rental:2" añadido a la Cache de nivel 1 (loadedFlags="[NYNNN]")
17:28:02,456 (main) DEBUG [DataNucleus.Persistence] - El objeto con identidad "com.videoclub.pojo.Rental:2" va a tener el valor en el campo "rentalDate" cambiado por un SCO wrapper
17:28:02,456 (main) DEBUG [DataNucleus.Persistence] - El objeto con identidad "com.videoclub.pojo.Rental:2" va a tener el valor en el campo "returnDate" cambiado por un SCO wrapper
17:28:02,456 (main) DEBUG [DataNucleus.Transaction] - Objeto con identidad "com.videoclub.pojo.Rental:2" ha sido puesto en la cache transaccional
17:28:02,456 (main) DEBUG [DataNucleus.Cache] - Objeto con identidad "com.videoclub.pojo.Rental:2" obtenido de la Cache nivel 2 (campos="[0, 1, 2, 3, 4]", version="") - representado como "com.videoclub.pojo.Rental@1c61eda5"
17:28:02,456 (main) DEBUG [DataNucleus.Cache] - Objeto con identidad "com.videoclub.pojo.Rental:3" no esta en la Cache de nivel 1
17:28:02,456 (main) DEBUG [DataNucleus.Cache] - Objeto con identidad "com.videoclub.pojo.Rental:3" añadido a la Cache de nivel 1 (loadedFlags="[NYNNN]")
17:28:02,456 (main) DEBUG [DataNucleus.Persistence] - El objeto con identidad "com.videoclub.pojo.Rental:3" va a tener el valor en el campo "rentalDate" cambiado por un SCO wrapper
17:28:02,456 (main) DEBUG [DataNucleus.Persistence] - El objeto con identidad "com.videoclub.pojo.Rental:3" va a tener el valor en el campo "returnDate" cambiado por un SCO wrapper
17:28:02,456 (main) DEBUG [DataNucleus.Transaction] - Objeto con identidad "com.videoclub.pojo.Rental:3" ha sido puesto en la cache transaccional
17:28:02,456 (main) DEBUG [DataNucleus.Cache] - Objeto con identidad "com.videoclub.pojo.Rental:3" obtenido de la Cache nivel 2 (campos="[0, 1, 2, 3, 4]", version="") - representado como "com.videoclub.pojo.Rental@1859ffda"
17:28:02,456 (main) DEBUG [DataNucleus.Cache] - Objeto con identidad "com.videoclub.pojo.Rental:4" no esta en la Cache de nivel 1
17:28:02,456 (main) DEBUG [DataNucleus.Cache] - Objeto con identidad "com.videoclub.pojo.Rental:4" añadido a la Cache de nivel 1 (loadedFlags="[NYNNN]")
17:28:02,456 (main) DEBUG [DataNucleus.Persistence] - El objeto con identidad "com.videoclub.pojo.Rental:4" va a tener el valor en el campo "rentalDate" cambiado por un SCO wrapper
17:28:02,456 (main) DEBUG [DataNucleus.Persistence] - El objeto con identidad "com.videoclub.pojo.Rental:4" va a tener el valor en el campo "returnDate" cambiado por un SCO wrapper
17:28:02,456 (main) DEBUG [DataNucleus.Transaction] - Objeto con identidad "com.videoclub.pojo.Rental:4" ha sido puesto en la cache transaccional
17:28:02,456 (main) DEBUG [DataNucleus.Cache] - Objeto con identidad "com.videoclub.pojo.Rental:4" obtenido de la Cache nivel 2 (campos="[0, 1, 2, 3, 4]", version="") - representado como "com.videoclub.pojo.Rental@59838256"
17:28:02,456 (main) DEBUG [DataNucleus.Cache] - Objeto con identidad "com.videoclub.pojo.Rental:5" no esta en la Cache de nivel 1
17:28:02,456 (main) DEBUG [DataNucleus.Cache] - Objeto con identidad "com.videoclub.pojo.Rental:5" añadido a la Cache de nivel 1 (loadedFlags="[NYNNN]")
17:28:02,456 (main) DEBUG [DataNucleus.Persistence] - El objeto con identidad "com.videoclub.pojo.Rental:5" va a tener el valor en el campo "rentalDate" cambiado por un SCO wrapper
17:28:02,456 (main) DEBUG [DataNucleus.Persistence] - El objeto con identidad "com.videoclub.pojo.Rental:5" va a tener el valor en el campo "returnDate" cambiado por un SCO wrapper
17:28:02,456 (main) DEBUG [DataNucleus.Transaction] - Objeto con identidad "com.videoclub.pojo.Rental:5" ha sido puesto en la cache transaccional
17:28:02,456 (main) DEBUG [DataNucleus.Cache] - Objeto con identidad "com.videoclub.pojo.Rental:5" obtenido de la Cache nivel 2 (campos="[0, 1, 2, 3, 4]", version="") - representado como "com.videoclub.pojo.Rental@131a7516"
17:28:02,456 (main) DEBUG [DataNucleus.Cache] - Objeto con identidad "com.videoclub.pojo.Rental:6" no esta en la Cache de nivel 1
17:28:02,457 (main) DEBUG [DataNucleus.Cache] - Objeto con identidad "com.videoclub.pojo.Rental:6" añadido a la Cache de nivel 1 (loadedFlags="[NYNNN]")
17:28:02,457 (main) DEBUG [DataNucleus.Persistence] - El objeto con identidad "com.videoclub.pojo.Rental:6" va a tener el valor en el campo "rentalDate" cambiado por un SCO wrapper
17:28:02,457 (main) DEBUG [DataNucleus.Persistence] - El objeto con identidad "com.videoclub.pojo.Rental:6" va a tener el valor en el campo "returnDate" cambiado por un SCO wrapper
17:28:02,457 (main) DEBUG [DataNucleus.Transaction] - Objeto con identidad "com.videoclub.pojo.Rental:6" ha sido puesto en la cache transaccional
17:28:02,457 (main) DEBUG [DataNucleus.Cache] - Objeto con identidad "com.videoclub.pojo.Rental:6" obtenido de la Cache nivel 2 (campos="[0, 1, 2, 3, 4]", version="") - representado como "com.videoclub.pojo.Rental@5ae15"
17:28:02,457 (main) DEBUG [DataNucleus.Cache] - Objeto con identidad "com.videoclub.pojo.Rental:7" no esta en la Cache de nivel 1
17:28:02,457 (main) DEBUG [DataNucleus.Cache] - Objeto con identidad "com.videoclub.pojo.Rental:7" añadido a la Cache de nivel 1 (loadedFlags="[NYNNN]")
17:28:02,457 (main) DEBUG [DataNucleus.Persistence] - El objeto con identidad "com.videoclub.pojo.Rental:7" va a tener el valor en el campo "rentalDate" cambiado por un SCO wrapper
17:28:02,457 (main) DEBUG [DataNucleus.Persistence] - El objeto con identidad "com.videoclub.pojo.Rental:7" va a tener el valor en el campo "returnDate" cambiado por un SCO wrapper
17:28:02,457 (main) DEBUG [DataNucleus.Transaction] - Objeto con identidad "com.videoclub.pojo.Rental:7" ha sido puesto en la cache transaccional
17:28:02,457 (main) DEBUG [DataNucleus.Cache] - Objeto con identidad "com.videoclub.pojo.Rental:7" obtenido de la Cache nivel 2 (campos="[0, 1, 2, 3, 4]", version="") - representado como "com.videoclub.pojo.Rental@577536e0"
17:28:02,457 (main) DEBUG [DataNucleus.Cache] - Objeto con identidad "com.videoclub.pojo.Rental:8" no esta en la Cache de nivel 1
17:28:02,457 (main) DEBUG [DataNucleus.Cache] - Objeto con identidad "com.videoclub.pojo.Rental:8" añadido a la Cache de nivel 1 (loadedFlags="[NYNNN]")
17:28:02,457 (main) DEBUG [DataNucleus.Persistence] - El objeto con identidad "com.videoclub.pojo.Rental:8" va a tener el valor en el campo "rentalDate" cambiado por un SCO wrapper
17:28:02,457 (main) DEBUG [DataNucleus.Persistence] - El objeto con identidad "com.videoclub.pojo.Rental:8" va a tener el valor en el campo "returnDate" cambiado por un SCO wrapper
17:28:02,457 (main) DEBUG [DataNucleus.Transaction] - Objeto con identidad "com.videoclub.pojo.Rental:8" ha sido puesto en la cache transaccional
17:28:02,457 (main) DEBUG [DataNucleus.Cache] - Objeto con identidad "com.videoclub.pojo.Rental:8" obtenido de la Cache nivel 2 (campos="[0, 1, 2, 3, 4]", version="") - representado como "com.videoclub.pojo.Rental@12219f6a"
17:28:02,457 (main) DEBUG [DataNucleus.Cache] - Objeto con identidad "com.videoclub.pojo.Rental:9" no esta en la Cache de nivel 1
17:28:02,457 (main) DEBUG [DataNucleus.Cache] - Objeto con identidad "com.videoclub.pojo.Rental:9" añadido a la Cache de nivel 1 (loadedFlags="[NYNNN]")
17:28:02,457 (main) DEBUG [DataNucleus.Persistence] - El objeto con identidad "com.videoclub.pojo.Rental:9" va a tener el valor en el campo "rentalDate" cambiado por un SCO wrapper
17:28:02,457 (main) DEBUG [DataNucleus.Persistence] - El objeto con identidad "com.videoclub.pojo.Rental:9" va a tener el valor en el campo "returnDate" cambiado por un SCO wrapper
17:28:02,457 (main) DEBUG [DataNucleus.Transaction] - Objeto con identidad "com.videoclub.pojo.Rental:9" ha sido puesto en la cache transaccional
17:28:02,457 (main) DEBUG [DataNucleus.Cache] - Objeto con identidad "com.videoclub.pojo.Rental:9" obtenido de la Cache nivel 2 (campos="[0, 1, 2, 3, 4]", version="") - representado como "com.videoclub.pojo.Rental@52d3fafd"
17:28:02,457 (main) DEBUG [DataNucleus.Cache] - Objeto con identidad "com.videoclub.pojo.Rental:10" no esta en la Cache de nivel 1
17:28:02,457 (main) DEBUG [DataNucleus.Cache] - Objeto con identidad "com.videoclub.pojo.Rental:10" añadido a la Cache de nivel 1 (loadedFlags="[NYNNN]")
17:28:02,457 (main) DEBUG [DataNucleus.Persistence] - El objeto con identidad "com.videoclub.pojo.Rental:10" va a tener el valor en el campo "rentalDate" cambiado por un SCO wrapper
17:28:02,457 (main) DEBUG [DataNucleus.Persistence] - El objeto con identidad "com.videoclub.pojo.Rental:10" va a tener el valor en el campo "returnDate" cambiado por un SCO wrapper
17:28:02,457 (main) DEBUG [DataNucleus.Transaction] - Objeto con identidad "com.videoclub.pojo.Rental:10" ha sido puesto en la cache transaccional
17:28:02,457 (main) DEBUG [DataNucleus.Cache] - Objeto con identidad "com.videoclub.pojo.Rental:10" obtenido de la Cache nivel 2 (campos="[0, 1, 2, 3, 4]", version="") - representado como "com.videoclub.pojo.Rental@7f0b93b4"
17:28:02,457 (main) DEBUG [DataNucleus.Cache] - Objeto con identidad "com.videoclub.pojo.Rental:11" no esta en la Cache de nivel 1
17:28:02,457 (main) DEBUG [DataNucleus.Cache] - Objeto con identidad "com.videoclub.pojo.Rental:11" añadido a la Cache de nivel 1 (loadedFlags="[NYNNN]")
17:28:02,457 (main) DEBUG [DataNucleus.Persistence] - El objeto con identidad "com.videoclub.pojo.Rental:11" va a tener el valor en el campo "rentalDate" cambiado por un SCO wrapper
17:28:02,457 (main) DEBUG [DataNucleus.Persistence] - El objeto con identidad "com.videoclub.pojo.Rental:11" va a tener el valor en el campo "returnDate" cambiado por un SCO wrapper
17:28:02,457 (main) DEBUG [DataNucleus.Transaction] - Objeto con identidad "com.videoclub.pojo.Rental:11" ha sido puesto en la cache transaccional
17:28:02,457 (main) DEBUG [DataNucleus.Cache] - Objeto con identidad "com.videoclub.pojo.Rental:11" obtenido de la Cache nivel 2 (campos="[0, 1, 2, 3, 4]", version="") - representado como "com.videoclub.pojo.Rental@1376883"
17:28:02,457 (main) DEBUG [DataNucleus.Cache] - Objeto con identidad "com.videoclub.pojo.Rental:12" no esta en la Cache de nivel 1
17:28:02,457 (main) DEBUG [DataNucleus.Cache] - Objeto con identidad "com.videoclub.pojo.Rental:12" añadido a la Cache de nivel 1 (loadedFlags="[NYNNN]")
17:28:02,457 (main) DEBUG [DataNucleus.Persistence] - El objeto con identidad "com.videoclub.pojo.Rental:12" va a tener el valor en el campo "rentalDate" cambiado por un SCO wrapper
17:28:02,457 (main) DEBUG [DataNucleus.Persistence] - El objeto con identidad "com.videoclub.pojo.Rental:12" va a tener el valor en el campo "returnDate" cambiado por un SCO wrapper
17:28:02,457 (main) DEBUG [DataNucleus.Transaction] - Objeto con identidad "com.videoclub.pojo.Rental:12" ha sido puesto en la cache transaccional
17:28:02,457 (main) DEBUG [DataNucleus.Cache] - Objeto con identidad "com.videoclub.pojo.Rental:12" obtenido de la Cache nivel 2 (campos="[0, 1, 2, 3, 4]", version="") - representado como "com.videoclub.pojo.Rental@1f736d00"
17:28:02,457 (main) DEBUG [DataNucleus.Cache] - Objeto con identidad "com.videoclub.pojo.Rental:13" no esta en la Cache de nivel 1
17:28:02,457 (main) DEBUG [DataNucleus.Cache] - Objeto con identidad "com.videoclub.pojo.Rental:13" añadido a la Cache de nivel 1 (loadedFlags="[NYNNN]")
17:28:02,457 (main) DEBUG [DataNucleus.Persistence] - El objeto con identidad "com.videoclub.pojo.Rental:13" va a tener el valor en el campo "rentalDate" cambiado por un SCO wrapper
17:28:02,457 (main) DEBUG [DataNucleus.Persistence] - El objeto con identidad "com.videoclub.pojo.Rental:13" va a tener el valor en el campo "returnDate" cambiado por un SCO wrapper
17:28:02,457 (main) DEBUG [DataNucleus.Transaction] - Objeto con identidad "com.videoclub.pojo.Rental:13" ha sido puesto en la cache transaccional
17:28:02,457 (main) DEBUG [DataNucleus.Cache] - Objeto con identidad "com.videoclub.pojo.Rental:13" obtenido de la Cache nivel 2 (campos="[0, 1, 2, 3, 4]", version="") - representado como "com.videoclub.pojo.Rental@523a7801"
17:28:02,457 (main) DEBUG [DataNucleus.Cache] - Objeto con identidad "com.videoclub.pojo.Rental:14" no esta en la Cache de nivel 1
17:28:02,457 (main) DEBUG [DataNucleus.Cache] - Objeto con identidad "com.videoclub.pojo.Rental:14" añadido a la Cache de nivel 1 (loadedFlags="[NYNNN]")
17:28:02,457 (main) DEBUG [DataNucleus.Persistence] - El objeto con identidad "com.videoclub.pojo.Rental:14" va a tener el valor en el campo "rentalDate" cambiado por un SCO wrapper
17:28:02,457 (main) DEBUG [DataNucleus.Persistence] - El objeto con identidad "com.videoclub.pojo.Rental:14" va a tener el valor en el campo "returnDate" cambiado por un SCO wrapper
17:28:02,457 (main) DEBUG [DataNucleus.Transaction] - Objeto con identidad "com.videoclub.pojo.Rental:14" ha sido puesto en la cache transaccional
17:28:02,457 (main) DEBUG [DataNucleus.Cache] - Objeto con identidad "com.videoclub.pojo.Rental:14" obtenido de la Cache nivel 2 (campos="[0, 1, 2, 3, 4]", version="") - representado como "com.videoclub.pojo.Rental@718fd7c1"
17:28:02,457 (main) DEBUG [DataNucleus.Cache] - Objeto con identidad "com.videoclub.pojo.Rental:15" no esta en la Cache de nivel 1
17:28:02,457 (main) DEBUG [DataNucleus.Cache] - Objeto con identidad "com.videoclub.pojo.Rental:15" añadido a la Cache de nivel 1 (loadedFlags="[NYNNN]")
17:28:02,457 (main) DEBUG [DataNucleus.Persistence] - El objeto con identidad "com.videoclub.pojo.Rental:15" va a tener el valor en el campo "rentalDate" cambiado por un SCO wrapper
17:28:02,457 (main) DEBUG [DataNucleus.Persistence] - El objeto con identidad "com.videoclub.pojo.Rental:15" va a tener el valor en el campo "returnDate" cambiado por un SCO wrapper
17:28:02,457 (main) DEBUG [DataNucleus.Transaction] - Objeto con identidad "com.videoclub.pojo.Rental:15" ha sido puesto en la cache transaccional
17:28:02,457 (main) DEBUG [DataNucleus.Cache] - Objeto con identidad "com.videoclub.pojo.Rental:15" obtenido de la Cache nivel 2 (campos="[0, 1, 2, 3, 4]", version="") - representado como "com.videoclub.pojo.Rental@4bc6da03"
17:28:02,457 (main) DEBUG [DataNucleus.Cache] - Objeto con identidad "com.videoclub.pojo.Rental:16" no esta en la Cache de nivel 1
17:28:02,458 (main) DEBUG [DataNucleus.Cache] - Objeto con identidad "com.videoclub.pojo.Rental:16" añadido a la Cache de nivel 1 (loadedFlags="[NYNNN]")
17:28:02,458 (main) DEBUG [DataNucleus.Persistence] - El objeto con identidad "com.videoclub.pojo.Rental:16" va a tener el valor en el campo "rentalDate" cambiado por un SCO wrapper
17:28:02,458 (main) DEBUG [DataNucleus.Persistence] - El objeto con identidad "com.videoclub.pojo.Rental:16" va a tener el valor en el campo "returnDate" cambiado por un SCO wrapper
17:28:02,458 (main) DEBUG [DataNucleus.Transaction] - Objeto con identidad "com.videoclub.pojo.Rental:16" ha sido puesto en la cache transaccional
17:28:02,458 (main) DEBUG [DataNucleus.Cache] - Objeto con identidad "com.videoclub.pojo.Rental:16" obtenido de la Cache nivel 2 (campos="[0, 1, 2, 3, 4]", version="") - representado como "com.videoclub.pojo.Rental@4f59a516"
17:28:02,458 (main) DEBUG [DataNucleus.Cache] - Objeto con identidad "com.videoclub.pojo.Rental:17" no esta en la Cache de nivel 1
17:28:02,458 (main) DEBUG [DataNucleus.Cache] - Objeto con identidad "com.videoclub.pojo.Rental:17" añadido a la Cache de nivel 1 (loadedFlags="[NYNNN]")
17:28:02,458 (main) DEBUG [DataNucleus.Persistence] - El objeto con identidad "com.videoclub.pojo.Rental:17" va a tener el valor en el campo "rentalDate" cambiado por un SCO wrapper
17:28:02,458 (main) DEBUG [DataNucleus.Persistence] - El objeto con identidad "com.videoclub.pojo.Rental:17" va a tener el valor en el campo "returnDate" cambiado por un SCO wrapper
17:28:02,458 (main) DEBUG [DataNucleus.Transaction] - Objeto con identidad "com.videoclub.pojo.Rental:17" ha sido puesto en la cache transaccional
17:28:02,458 (main) DEBUG [DataNucleus.Cache] - Objeto con identidad "com.videoclub.pojo.Rental:17" obtenido de la Cache nivel 2 (campos="[0, 1, 2, 3, 4]", version="") - representado como "com.videoclub.pojo.Rental@4e22368c"
17:28:02,458 (main) DEBUG [DataNucleus.Cache] - Objeto con identidad "com.videoclub.pojo.Rental:18" no esta en la Cache de nivel 1
17:28:02,458 (main) DEBUG [DataNucleus.Cache] - Objeto con identidad "com.videoclub.pojo.Rental:18" añadido a la Cache de nivel 1 (loadedFlags="[NYNNN]")
17:28:02,458 (main) DEBUG [DataNucleus.Persistence] - El objeto con identidad "com.videoclub.pojo.Rental:18" va a tener el valor en el campo "rentalDate" cambiado por un SCO wrapper
17:28:02,458 (main) DEBUG [DataNucleus.Persistence] - El objeto con identidad "com.videoclub.pojo.Rental:18" va a tener el valor en el campo "returnDate" cambiado por un SCO wrapper
17:28:02,458 (main) DEBUG [DataNucleus.Transaction] - Objeto con identidad "com.videoclub.pojo.Rental:18" ha sido puesto en la cache transaccional
17:28:02,458 (main) DEBUG [DataNucleus.Cache] - Objeto con identidad "com.videoclub.pojo.Rental:18" obtenido de la Cache nivel 2 (campos="[0, 1, 2, 3, 4]", version="") - representado como "com.videoclub.pojo.Rental@411cd156"
17:28:02,458 (main) DEBUG [DataNucleus.Cache] - Objeto con identidad "com.videoclub.pojo.Rental:19" no esta en la Cache de nivel 1
17:28:02,458 (main) DEBUG [DataNucleus.Cache] - Objeto con identidad "com.videoclub.pojo.Rental:19" añadido a la Cache de nivel 1 (loadedFlags="[NYNNN]")
17:28:02,458 (main) DEBUG [DataNucleus.Persistence] - El objeto con identidad "com.videoclub.pojo.Rental:19" va a tener el valor en el campo "rentalDate" cambiado por un SCO wrapper
17:28:02,458 (main) DEBUG [DataNucleus.Persistence] - El objeto con identidad "com.videoclub.pojo.Rental:19" va a tener el valor en el campo "returnDate" cambiado por un SCO wrapper
17:28:02,458 (main) DEBUG [DataNucleus.Transaction] - Objeto con identidad "com.videoclub.pojo.Rental:19" ha sido puesto en la cache transaccional
17:28:02,458 (main) DEBUG [DataNucleus.Cache] - Objeto con identidad "com.videoclub.pojo.Rental:19" obtenido de la Cache nivel 2 (campos="[0, 1, 2, 3, 4]", version="") - representado como "com.videoclub.pojo.Rental@3c770db4"
17:28:02,458 (main) DEBUG [DataNucleus.Cache] - Objeto con identidad "com.videoclub.pojo.Rental:20" no esta en la Cache de nivel 1
17:28:02,458 (main) DEBUG [DataNucleus.Cache] - Objeto con identidad "com.videoclub.pojo.Rental:20" añadido a la Cache de nivel 1 (loadedFlags="[NYNNN]")
17:28:02,458 (main) DEBUG [DataNucleus.Persistence] - El objeto con identidad "com.videoclub.pojo.Rental:20" va a tener el valor en el campo "rentalDate" cambiado por un SCO wrapper
17:28:02,458 (main) DEBUG [DataNucleus.Persistence] - El objeto con identidad "com.videoclub.pojo.Rental:20" va a tener el valor en el campo "returnDate" cambiado por un SCO wrapper
17:28:02,458 (main) DEBUG [DataNucleus.Transaction] - Objeto con identidad "com.videoclub.pojo.Rental:20" ha sido puesto en la cache transaccional
17:28:02,458 (main) DEBUG [DataNucleus.Cache] - Objeto con identidad "com.videoclub.pojo.Rental:20" obtenido de la Cache nivel 2 (campos="[0, 1, 2, 3, 4]", version="") - representado como "com.videoclub.pojo.Rental@3e046e39"
17:28:02,458 (main) DEBUG [DataNucleus.Persistence] - ExecutionContext.internalFlush() empezado con flush ordenado - 0 objetos registrados
17:28:02,458 (main) DEBUG [DataNucleus.Persistence] - ExecutionContext.internalFlush() terminado
17:28:02,458 (main) DEBUG [DataNucleus.Persistence] - Persistence-By-Reachability (commit) : EMPIEZA
17:28:02,458 (main) DEBUG [DataNucleus.Persistence] - Persistence-By-Reachability (commit) : TERMINADO
17:28:02,458 (main) DEBUG [DataNucleus.Cache] - El objeto con identidad "com.videoclub.pojo.Rental:8" va a tener los campos siguientes almacendados en el objeto de Level 2 cache : [0, 1, 2, 3, 4]
17:28:02,458 (main) DEBUG [DataNucleus.Cache] - El objeto con identidad "com.videoclub.pojo.Rental:7" va a tener los campos siguientes almacendados en el objeto de Level 2 cache : [0, 1, 2, 3, 4]
17:28:02,458 (main) DEBUG [DataNucleus.Cache] - El objeto con identidad "com.videoclub.pojo.Rental:14" va a tener los campos siguientes almacendados en el objeto de Level 2 cache : [0, 1, 2, 3, 4]
17:28:02,458 (main) DEBUG [DataNucleus.Cache] - El objeto con identidad "com.videoclub.pojo.Rental:1" va a tener los campos siguientes almacendados en el objeto de Level 2 cache : [0, 1, 2, 3, 4]
17:28:02,458 (main) DEBUG [DataNucleus.Cache] - El objeto con identidad "com.videoclub.pojo.Rental:11" va a tener los campos siguientes almacendados en el objeto de Level 2 cache : [0, 1, 2, 3, 4]
17:28:02,458 (main) DEBUG [DataNucleus.Cache] - El objeto con identidad "com.videoclub.pojo.Rental:2" va a tener los campos siguientes almacendados en el objeto de Level 2 cache : [0, 1, 2, 3, 4]
17:28:02,458 (main) DEBUG [DataNucleus.Cache] - El objeto con identidad "com.videoclub.pojo.Rental:20" va a tener los campos siguientes almacendados en el objeto de Level 2 cache : [0, 1, 2, 3, 4]
17:28:02,458 (main) DEBUG [DataNucleus.Cache] - El objeto con identidad "com.videoclub.pojo.Rental:19" va a tener los campos siguientes almacendados en el objeto de Level 2 cache : [0, 1, 2, 3, 4]
17:28:02,458 (main) DEBUG [DataNucleus.Cache] - El objeto con identidad "com.videoclub.pojo.Rental:9" va a tener los campos siguientes almacendados en el objeto de Level 2 cache : [0, 1, 2, 3, 4]
17:28:02,458 (main) DEBUG [DataNucleus.Cache] - El objeto con identidad "com.videoclub.pojo.Rental:12" va a tener los campos siguientes almacendados en el objeto de Level 2 cache : [0, 1, 2, 3, 4]
17:28:02,458 (main) DEBUG [DataNucleus.Cache] - El objeto con identidad "com.videoclub.pojo.Rental:18" va a tener los campos siguientes almacendados en el objeto de Level 2 cache : [0, 1, 2, 3, 4]
17:28:02,458 (main) DEBUG [DataNucleus.Cache] - El objeto con identidad "com.videoclub.pojo.Rental:17" va a tener los campos siguientes almacendados en el objeto de Level 2 cache : [0, 1, 2, 3, 4]
17:28:02,458 (main) DEBUG [DataNucleus.Cache] - El objeto con identidad "com.videoclub.pojo.Rental:4" va a tener los campos siguientes almacendados en el objeto de Level 2 cache : [0, 1, 2, 3, 4]
17:28:02,458 (main) DEBUG [DataNucleus.Cache] - El objeto con identidad "com.videoclub.pojo.Rental:10" va a tener los campos siguientes almacendados en el objeto de Level 2 cache : [0, 1, 2, 3, 4]
17:28:02,458 (main) DEBUG [DataNucleus.Cache] - El objeto con identidad "com.videoclub.pojo.Rental:3" va a tener los campos siguientes almacendados en el objeto de Level 2 cache : [0, 1, 2, 3, 4]
17:28:02,458 (main) DEBUG [DataNucleus.Cache] - El objeto con identidad "com.videoclub.pojo.Rental:5" va a tener los campos siguientes almacendados en el objeto de Level 2 cache : [0, 1, 2, 3, 4]
17:28:02,458 (main) DEBUG [DataNucleus.Cache] - El objeto con identidad "com.videoclub.pojo.Rental:15" va a tener los campos siguientes almacendados en el objeto de Level 2 cache : [0, 1, 2, 3, 4]
17:28:02,458 (main) DEBUG [DataNucleus.Cache] - El objeto con identidad "com.videoclub.pojo.Rental:6" va a tener los campos siguientes almacendados en el objeto de Level 2 cache : [0, 1, 2, 3, 4]
17:28:02,459 (main) DEBUG [DataNucleus.Cache] - El objeto con identidad "com.videoclub.pojo.Rental:16" va a tener los campos siguientes almacendados en el objeto de Level 2 cache : [0, 1, 2, 3, 4]
17:28:02,459 (main) DEBUG [DataNucleus.Cache] - El objeto con identidad "com.videoclub.pojo.Rental:13" va a tener los campos siguientes almacendados en el objeto de Level 2 cache : [0, 1, 2, 3, 4]
17:28:02,459 (main) DEBUG [DataNucleus.Transaction] - Committing [DataNucleus Transaction, ID=1418522280-42, enlisted resources=[org.datanucleus.store.rdbms.ConnectionFactoryImpl$EmulatedXAResource@f2276c9]]
17:28:02,459 (main) DEBUG [DataNucleus.Connection] - ManagedConnection VA A COMMIT : "org.datanucleus.store.rdbms.ConnectionFactoryImpl$ManagedConnectionImpl@53747c4a [conn=org.datanucleus.store.rdbms.datasource.dbcp2.PoolingDataSource$PoolGuardConnectionWrapper@64b0d1fa, commitOnRelease=false, closeOnRelease=false, closeOnTxnEnd=true]"
17:28:02,459 (main) DEBUG [DataNucleus.Connection] - ManagedConnection CERRADO : "org.datanucleus.store.rdbms.ConnectionFactoryImpl$ManagedConnectionImpl@53747c4a [conn=org.datanucleus.store.rdbms.datasource.dbcp2.PoolingDataSource$PoolGuardConnectionWrapper@64b0d1fa, commitOnRelease=false, closeOnRelease=false, closeOnTxnEnd=true]" 
17:28:02,459 (main) DEBUG [DataNucleus.Persistence] - Haciendo el objeto detachado : "com.videoclub.pojo.Rental@12219f6a" (profundidad=0)
17:28:02,459 (main) DEBUG [DataNucleus.Persistence] - El objeto con identidad "com.videoclub.pojo.Rental:8" va a tener el SCO wrapper en el campo "rentalDate" cambiado por el valor
17:28:02,459 (main) DEBUG [DataNucleus.Persistence] - El objeto con identidad "com.videoclub.pojo.Rental:8" va a tener el SCO wrapper en el campo "returnDate" cambiado por el valor
17:28:02,460 (main) DEBUG [DataNucleus.Persistence] - Objeto con identidad "com.videoclub.pojo.Rental:8" tiene cambio de lifeycle : "P_CLEAN"->"DETACHED_CLEAN"
17:28:02,460 (main) DEBUG [DataNucleus.Transaction] - Objeto con identidad "com.videoclub.pojo.Rental:8" fue borrado de la cache transactional
17:28:02,460 (main) DEBUG [DataNucleus.Persistence] - Disconectando objeto con identidad "com.videoclub.pojo.Rental:8" de StateManager[pc=com.videoclub.pojo.Rental@12219f6a, lifecycle=DETACHED_CLEAN]
17:28:02,460 (main) DEBUG [DataNucleus.Cache] - Objeto con identidad="com.videoclub.pojo.Rental:8" borrado de la Cache de nivel 1
17:28:02,460 (main) DEBUG [DataNucleus.Persistence] - Haciendo el objeto detachado : "com.videoclub.pojo.Rental@577536e0" (profundidad=0)
17:28:02,460 (main) DEBUG [DataNucleus.Persistence] - El objeto con identidad "com.videoclub.pojo.Rental:7" va a tener el SCO wrapper en el campo "rentalDate" cambiado por el valor
17:28:02,460 (main) DEBUG [DataNucleus.Persistence] - El objeto con identidad "com.videoclub.pojo.Rental:7" va a tener el SCO wrapper en el campo "returnDate" cambiado por el valor
17:28:02,460 (main) DEBUG [DataNucleus.Persistence] - Objeto con identidad "com.videoclub.pojo.Rental:7" tiene cambio de lifeycle : "P_CLEAN"->"DETACHED_CLEAN"
17:28:02,460 (main) DEBUG [DataNucleus.Transaction] - Objeto con identidad "com.videoclub.pojo.Rental:7" fue borrado de la cache transactional
17:28:02,460 (main) DEBUG [DataNucleus.Persistence] - Disconectando objeto con identidad "com.videoclub.pojo.Rental:7" de StateManager[pc=com.videoclub.pojo.Rental@577536e0, lifecycle=DETACHED_CLEAN]
17:28:02,460 (main) DEBUG [DataNucleus.Cache] - Objeto con identidad="com.videoclub.pojo.Rental:7" borrado de la Cache de nivel 1
17:28:02,460 (main) DEBUG [DataNucleus.Persistence] - Haciendo el objeto detachado : "com.videoclub.pojo.Rental@718fd7c1" (profundidad=0)
17:28:02,460 (main) DEBUG [DataNucleus.Persistence] - El objeto con identidad "com.videoclub.pojo.Rental:14" va a tener el SCO wrapper en el campo "rentalDate" cambiado por el valor
17:28:02,460 (main) DEBUG [DataNucleus.Persistence] - El objeto con identidad "com.videoclub.pojo.Rental:14" va a tener el SCO wrapper en el campo "returnDate" cambiado por el valor
17:28:02,460 (main) DEBUG [DataNucleus.Persistence] - Objeto con identidad "com.videoclub.pojo.Rental:14" tiene cambio de lifeycle : "P_CLEAN"->"DETACHED_CLEAN"
17:28:02,460 (main) DEBUG [DataNucleus.Transaction] - Objeto con identidad "com.videoclub.pojo.Rental:14" fue borrado de la cache transactional
17:28:02,460 (main) DEBUG [DataNucleus.Persistence] - Disconectando objeto con identidad "com.videoclub.pojo.Rental:14" de StateManager[pc=com.videoclub.pojo.Rental@718fd7c1, lifecycle=DETACHED_CLEAN]
17:28:02,460 (main) DEBUG [DataNucleus.Cache] - Objeto con identidad="com.videoclub.pojo.Rental:14" borrado de la Cache de nivel 1
17:28:02,460 (main) DEBUG [DataNucleus.Persistence] - Haciendo el objeto detachado : "com.videoclub.pojo.Rental@e9474f" (profundidad=0)
17:28:02,460 (main) DEBUG [DataNucleus.Persistence] - El objeto con identidad "com.videoclub.pojo.Rental:1" va a tener el SCO wrapper en el campo "rentalDate" cambiado por el valor
17:28:02,460 (main) DEBUG [DataNucleus.Persistence] - El objeto con identidad "com.videoclub.pojo.Rental:1" va a tener el SCO wrapper en el campo "returnDate" cambiado por el valor
17:28:02,460 (main) DEBUG [DataNucleus.Persistence] - Objeto con identidad "com.videoclub.pojo.Rental:1" tiene cambio de lifeycle : "P_CLEAN"->"DETACHED_CLEAN"
17:28:02,460 (main) DEBUG [DataNucleus.Transaction] - Objeto con identidad "com.videoclub.pojo.Rental:1" fue borrado de la cache transactional
17:28:02,460 (main) DEBUG [DataNucleus.Persistence] - Disconectando objeto con identidad "com.videoclub.pojo.Rental:1" de StateManager[pc=com.videoclub.pojo.Rental@e9474f, lifecycle=DETACHED_CLEAN]
17:28:02,460 (main) DEBUG [DataNucleus.Cache] - Objeto con identidad="com.videoclub.pojo.Rental:1" borrado de la Cache de nivel 1
17:28:02,460 (main) DEBUG [DataNucleus.Persistence] - Haciendo el objeto detachado : "com.videoclub.pojo.Rental@1376883" (profundidad=0)
17:28:02,460 (main) DEBUG [DataNucleus.Persistence] - El objeto con identidad "com.videoclub.pojo.Rental:11" va a tener el SCO wrapper en el campo "rentalDate" cambiado por el valor
17:28:02,460 (main) DEBUG [DataNucleus.Persistence] - El objeto con identidad "com.videoclub.pojo.Rental:11" va a tener el SCO wrapper en el campo "returnDate" cambiado por el valor
17:28:02,460 (main) DEBUG [DataNucleus.Persistence] - Objeto con identidad "com.videoclub.pojo.Rental:11" tiene cambio de lifeycle : "P_CLEAN"->"DETACHED_CLEAN"
17:28:02,460 (main) DEBUG [DataNucleus.Transaction] - Objeto con identidad "com.videoclub.pojo.Rental:11" fue borrado de la cache transactional
17:28:02,460 (main) DEBUG [DataNucleus.Persistence] - Disconectando objeto con identidad "com.videoclub.pojo.Rental:11" de StateManager[pc=com.videoclub.pojo.Rental@1376883, lifecycle=DETACHED_CLEAN]
17:28:02,460 (main) DEBUG [DataNucleus.Cache] - Objeto con identidad="com.videoclub.pojo.Rental:11" borrado de la Cache de nivel 1
17:28:02,460 (main) DEBUG [DataNucleus.Persistence] - Haciendo el objeto detachado : "com.videoclub.pojo.Rental@1c61eda5" (profundidad=0)
17:28:02,460 (main) DEBUG [DataNucleus.Persistence] - El objeto con identidad "com.videoclub.pojo.Rental:2" va a tener el SCO wrapper en el campo "rentalDate" cambiado por el valor
17:28:02,460 (main) DEBUG [DataNucleus.Persistence] - El objeto con identidad "com.videoclub.pojo.Rental:2" va a tener el SCO wrapper en el campo "returnDate" cambiado por el valor
17:28:02,460 (main) DEBUG [DataNucleus.Persistence] - Objeto con identidad "com.videoclub.pojo.Rental:2" tiene cambio de lifeycle : "P_CLEAN"->"DETACHED_CLEAN"
17:28:02,460 (main) DEBUG [DataNucleus.Transaction] - Objeto con identidad "com.videoclub.pojo.Rental:2" fue borrado de la cache transactional
17:28:02,460 (main) DEBUG [DataNucleus.Persistence] - Disconectando objeto con identidad "com.videoclub.pojo.Rental:2" de StateManager[pc=com.videoclub.pojo.Rental@1c61eda5, lifecycle=DETACHED_CLEAN]
17:28:02,460 (main) DEBUG [DataNucleus.Cache] - Objeto con identidad="com.videoclub.pojo.Rental:2" borrado de la Cache de nivel 1
17:28:02,460 (main) DEBUG [DataNucleus.Persistence] - Haciendo el objeto detachado : "com.videoclub.pojo.Rental@3e046e39" (profundidad=0)
17:28:02,460 (main) DEBUG [DataNucleus.Persistence] - El objeto con identidad "com.videoclub.pojo.Rental:20" va a tener el SCO wrapper en el campo "rentalDate" cambiado por el valor
17:28:02,460 (main) DEBUG [DataNucleus.Persistence] - El objeto con identidad "com.videoclub.pojo.Rental:20" va a tener el SCO wrapper en el campo "returnDate" cambiado por el valor
17:28:02,460 (main) DEBUG [DataNucleus.Persistence] - Objeto con identidad "com.videoclub.pojo.Rental:20" tiene cambio de lifeycle : "P_CLEAN"->"DETACHED_CLEAN"
17:28:02,460 (main) DEBUG [DataNucleus.Transaction] - Objeto con identidad "com.videoclub.pojo.Rental:20" fue borrado de la cache transactional
17:28:02,460 (main) DEBUG [DataNucleus.Persistence] - Disconectando objeto con identidad "com.videoclub.pojo.Rental:20" de StateManager[pc=com.videoclub.pojo.Rental@3e046e39, lifecycle=DETACHED_CLEAN]
17:28:02,460 (main) DEBUG [DataNucleus.Cache] - Objeto con identidad="com.videoclub.pojo.Rental:20" borrado de la Cache de nivel 1
17:28:02,460 (main) DEBUG [DataNucleus.Persistence] - Haciendo el objeto detachado : "com.videoclub.pojo.Rental@3c770db4" (profundidad=0)
17:28:02,460 (main) DEBUG [DataNucleus.Persistence] - El objeto con identidad "com.videoclub.pojo.Rental:19" va a tener el SCO wrapper en el campo "rentalDate" cambiado por el valor
17:28:02,460 (main) DEBUG [DataNucleus.Persistence] - El objeto con identidad "com.videoclub.pojo.Rental:19" va a tener el SCO wrapper en el campo "returnDate" cambiado por el valor
17:28:02,460 (main) DEBUG [DataNucleus.Persistence] - Objeto con identidad "com.videoclub.pojo.Rental:19" tiene cambio de lifeycle : "P_CLEAN"->"DETACHED_CLEAN"
17:28:02,460 (main) DEBUG [DataNucleus.Transaction] - Objeto con identidad "com.videoclub.pojo.Rental:19" fue borrado de la cache transactional
17:28:02,460 (main) DEBUG [DataNucleus.Persistence] - Disconectando objeto con identidad "com.videoclub.pojo.Rental:19" de StateManager[pc=com.videoclub.pojo.Rental@3c770db4, lifecycle=DETACHED_CLEAN]
17:28:02,460 (main) DEBUG [DataNucleus.Cache] - Objeto con identidad="com.videoclub.pojo.Rental:19" borrado de la Cache de nivel 1
17:28:02,460 (main) DEBUG [DataNucleus.Persistence] - Haciendo el objeto detachado : "com.videoclub.pojo.Rental@52d3fafd" (profundidad=0)
17:28:02,460 (main) DEBUG [DataNucleus.Persistence] - El objeto con identidad "com.videoclub.pojo.Rental:9" va a tener el SCO wrapper en el campo "rentalDate" cambiado por el valor
17:28:02,460 (main) DEBUG [DataNucleus.Persistence] - El objeto con identidad "com.videoclub.pojo.Rental:9" va a tener el SCO wrapper en el campo "returnDate" cambiado por el valor
17:28:02,460 (main) DEBUG [DataNucleus.Persistence] - Objeto con identidad "com.videoclub.pojo.Rental:9" tiene cambio de lifeycle : "P_CLEAN"->"DETACHED_CLEAN"
17:28:02,460 (main) DEBUG [DataNucleus.Transaction] - Objeto con identidad "com.videoclub.pojo.Rental:9" fue borrado de la cache transactional
17:28:02,460 (main) DEBUG [DataNucleus.Persistence] - Disconectando objeto con identidad "com.videoclub.pojo.Rental:9" de StateManager[pc=com.videoclub.pojo.Rental@52d3fafd, lifecycle=DETACHED_CLEAN]
17:28:02,460 (main) DEBUG [DataNucleus.Cache] - Objeto con identidad="com.videoclub.pojo.Rental:9" borrado de la Cache de nivel 1
17:28:02,460 (main) DEBUG [DataNucleus.Persistence] - Haciendo el objeto detachado : "com.videoclub.pojo.Rental@1f736d00" (profundidad=0)
17:28:02,460 (main) DEBUG [DataNucleus.Persistence] - El objeto con identidad "com.videoclub.pojo.Rental:12" va a tener el SCO wrapper en el campo "rentalDate" cambiado por el valor
17:28:02,460 (main) DEBUG [DataNucleus.Persistence] - El objeto con identidad "com.videoclub.pojo.Rental:12" va a tener el SCO wrapper en el campo "returnDate" cambiado por el valor
17:28:02,460 (main) DEBUG [DataNucleus.Persistence] - Objeto con identidad "com.videoclub.pojo.Rental:12" tiene cambio de lifeycle : "P_CLEAN"->"DETACHED_CLEAN"
17:28:02,460 (main) DEBUG [DataNucleus.Transaction] - Objeto con identidad "com.videoclub.pojo.Rental:12" fue borrado de la cache transactional
17:28:02,460 (main) DEBUG [DataNucleus.Persistence] - Disconectando objeto con identidad "com.videoclub.pojo.Rental:12" de StateManager[pc=com.videoclub.pojo.Rental@1f736d00, lifecycle=DETACHED_CLEAN]
17:28:02,460 (main) DEBUG [DataNucleus.Cache] - Objeto con identidad="com.videoclub.pojo.Rental:12" borrado de la Cache de nivel 1
17:28:02,460 (main) DEBUG [DataNucleus.Persistence] - Haciendo el objeto detachado : "com.videoclub.pojo.Rental@411cd156" (profundidad=0)
17:28:02,460 (main) DEBUG [DataNucleus.Persistence] - El objeto con identidad "com.videoclub.pojo.Rental:18" va a tener el SCO wrapper en el campo "rentalDate" cambiado por el valor
17:28:02,460 (main) DEBUG [DataNucleus.Persistence] - El objeto con identidad "com.videoclub.pojo.Rental:18" va a tener el SCO wrapper en el campo "returnDate" cambiado por el valor
17:28:02,460 (main) DEBUG [DataNucleus.Persistence] - Objeto con identidad "com.videoclub.pojo.Rental:18" tiene cambio de lifeycle : "P_CLEAN"->"DETACHED_CLEAN"
17:28:02,460 (main) DEBUG [DataNucleus.Transaction] - Objeto con identidad "com.videoclub.pojo.Rental:18" fue borrado de la cache transactional
17:28:02,460 (main) DEBUG [DataNucleus.Persistence] - Disconectando objeto con identidad "com.videoclub.pojo.Rental:18" de StateManager[pc=com.videoclub.pojo.Rental@411cd156, lifecycle=DETACHED_CLEAN]
17:28:02,460 (main) DEBUG [DataNucleus.Cache] - Objeto con identidad="com.videoclub.pojo.Rental:18" borrado de la Cache de nivel 1
17:28:02,460 (main) DEBUG [DataNucleus.Persistence] - Haciendo el objeto detachado : "com.videoclub.pojo.Rental@4e22368c" (profundidad=0)
17:28:02,460 (main) DEBUG [DataNucleus.Persistence] - El objeto con identidad "com.videoclub.pojo.Rental:17" va a tener el SCO wrapper en el campo "rentalDate" cambiado por el valor
17:28:02,460 (main) DEBUG [DataNucleus.Persistence] - El objeto con identidad "com.videoclub.pojo.Rental:17" va a tener el SCO wrapper en el campo "returnDate" cambiado por el valor
17:28:02,460 (main) DEBUG [DataNucleus.Persistence] - Objeto con identidad "com.videoclub.pojo.Rental:17" tiene cambio de lifeycle : "P_CLEAN"->"DETACHED_CLEAN"
17:28:02,460 (main) DEBUG [DataNucleus.Transaction] - Objeto con identidad "com.videoclub.pojo.Rental:17" fue borrado de la cache transactional
17:28:02,460 (main) DEBUG [DataNucleus.Persistence] - Disconectando objeto con identidad "com.videoclub.pojo.Rental:17" de StateManager[pc=com.videoclub.pojo.Rental@4e22368c, lifecycle=DETACHED_CLEAN]
17:28:02,460 (main) DEBUG [DataNucleus.Cache] - Objeto con identidad="com.videoclub.pojo.Rental:17" borrado de la Cache de nivel 1
17:28:02,460 (main) DEBUG [DataNucleus.Persistence] - Haciendo el objeto detachado : "com.videoclub.pojo.Rental@59838256" (profundidad=0)
17:28:02,460 (main) DEBUG [DataNucleus.Persistence] - El objeto con identidad "com.videoclub.pojo.Rental:4" va a tener el SCO wrapper en el campo "rentalDate" cambiado por el valor
17:28:02,460 (main) DEBUG [DataNucleus.Persistence] - El objeto con identidad "com.videoclub.pojo.Rental:4" va a tener el SCO wrapper en el campo "returnDate" cambiado por el valor
17:28:02,460 (main) DEBUG [DataNucleus.Persistence] - Objeto con identidad "com.videoclub.pojo.Rental:4" tiene cambio de lifeycle : "P_CLEAN"->"DETACHED_CLEAN"
17:28:02,460 (main) DEBUG [DataNucleus.Transaction] - Objeto con identidad "com.videoclub.pojo.Rental:4" fue borrado de la cache transactional
17:28:02,460 (main) DEBUG [DataNucleus.Persistence] - Disconectando objeto con identidad "com.videoclub.pojo.Rental:4" de StateManager[pc=com.videoclub.pojo.Rental@59838256, lifecycle=DETACHED_CLEAN]
17:28:02,460 (main) DEBUG [DataNucleus.Cache] - Objeto con identidad="com.videoclub.pojo.Rental:4" borrado de la Cache de nivel 1
17:28:02,460 (main) DEBUG [DataNucleus.Persistence] - Haciendo el objeto detachado : "com.videoclub.pojo.Rental@7f0b93b4" (profundidad=0)
17:28:02,460 (main) DEBUG [DataNucleus.Persistence] - El objeto con identidad "com.videoclub.pojo.Rental:10" va a tener el SCO wrapper en el campo "rentalDate" cambiado por el valor
17:28:02,460 (main) DEBUG [DataNucleus.Persistence] - El objeto con identidad "com.videoclub.pojo.Rental:10" va a tener el SCO wrapper en el campo "returnDate" cambiado por el valor
17:28:02,460 (main) DEBUG [DataNucleus.Persistence] - Objeto con identidad "com.videoclub.pojo.Rental:10" tiene cambio de lifeycle : "P_CLEAN"->"DETACHED_CLEAN"
17:28:02,460 (main) DEBUG [DataNucleus.Transaction] - Objeto con identidad "com.videoclub.pojo.Rental:10" fue borrado de la cache transactional
17:28:02,460 (main) DEBUG [DataNucleus.Persistence] - Disconectando objeto con identidad "com.videoclub.pojo.Rental:10" de StateManager[pc=com.videoclub.pojo.Rental@7f0b93b4, lifecycle=DETACHED_CLEAN]
17:28:02,460 (main) DEBUG [DataNucleus.Cache] - Objeto con identidad="com.videoclub.pojo.Rental:10" borrado de la Cache de nivel 1
17:28:02,460 (main) DEBUG [DataNucleus.Persistence] - Haciendo el objeto detachado : "com.videoclub.pojo.Rental@1859ffda" (profundidad=0)
17:28:02,460 (main) DEBUG [DataNucleus.Persistence] - El objeto con identidad "com.videoclub.pojo.Rental:3" va a tener el SCO wrapper en el campo "rentalDate" cambiado por el valor
17:28:02,460 (main) DEBUG [DataNucleus.Persistence] - El objeto con identidad "com.videoclub.pojo.Rental:3" va a tener el SCO wrapper en el campo "returnDate" cambiado por el valor
17:28:02,460 (main) DEBUG [DataNucleus.Persistence] - Objeto con identidad "com.videoclub.pojo.Rental:3" tiene cambio de lifeycle : "P_CLEAN"->"DETACHED_CLEAN"
17:28:02,460 (main) DEBUG [DataNucleus.Transaction] - Objeto con identidad "com.videoclub.pojo.Rental:3" fue borrado de la cache transactional
17:28:02,460 (main) DEBUG [DataNucleus.Persistence] - Disconectando objeto con identidad "com.videoclub.pojo.Rental:3" de StateManager[pc=com.videoclub.pojo.Rental@1859ffda, lifecycle=DETACHED_CLEAN]
17:28:02,460 (main) DEBUG [DataNucleus.Cache] - Objeto con identidad="com.videoclub.pojo.Rental:3" borrado de la Cache de nivel 1
17:28:02,460 (main) DEBUG [DataNucleus.Persistence] - Haciendo el objeto detachado : "com.videoclub.pojo.Rental@131a7516" (profundidad=0)
17:28:02,460 (main) DEBUG [DataNucleus.Persistence] - El objeto con identidad "com.videoclub.pojo.Rental:5" va a tener el SCO wrapper en el campo "rentalDate" cambiado por el valor
17:28:02,460 (main) DEBUG [DataNucleus.Persistence] - El objeto con identidad "com.videoclub.pojo.Rental:5" va a tener el SCO wrapper en el campo "returnDate" cambiado por el valor
17:28:02,460 (main) DEBUG [DataNucleus.Persistence] - Objeto con identidad "com.videoclub.pojo.Rental:5" tiene cambio de lifeycle : "P_CLEAN"->"DETACHED_CLEAN"
17:28:02,461 (main) DEBUG [DataNucleus.Transaction] - Objeto con identidad "com.videoclub.pojo.Rental:5" fue borrado de la cache transactional
17:28:02,461 (main) DEBUG [DataNucleus.Persistence] - Disconectando objeto con identidad "com.videoclub.pojo.Rental:5" de StateManager[pc=com.videoclub.pojo.Rental@131a7516, lifecycle=DETACHED_CLEAN]
17:28:02,461 (main) DEBUG [DataNucleus.Cache] - Objeto con identidad="com.videoclub.pojo.Rental:5" borrado de la Cache de nivel 1
17:28:02,461 (main) DEBUG [DataNucleus.Persistence] - Haciendo el objeto detachado : "com.videoclub.pojo.Rental@4bc6da03" (profundidad=0)
17:28:02,461 (main) DEBUG [DataNucleus.Persistence] - El objeto con identidad "com.videoclub.pojo.Rental:15" va a tener el SCO wrapper en el campo "rentalDate" cambiado por el valor
17:28:02,461 (main) DEBUG [DataNucleus.Persistence] - El objeto con identidad "com.videoclub.pojo.Rental:15" va a tener el SCO wrapper en el campo "returnDate" cambiado por el valor
17:28:02,461 (main) DEBUG [DataNucleus.Persistence] - Objeto con identidad "com.videoclub.pojo.Rental:15" tiene cambio de lifeycle : "P_CLEAN"->"DETACHED_CLEAN"
17:28:02,461 (main) DEBUG [DataNucleus.Transaction] - Objeto con identidad "com.videoclub.pojo.Rental:15" fue borrado de la cache transactional
17:28:02,461 (main) DEBUG [DataNucleus.Persistence] - Disconectando objeto con identidad "com.videoclub.pojo.Rental:15" de StateManager[pc=com.videoclub.pojo.Rental@4bc6da03, lifecycle=DETACHED_CLEAN]
17:28:02,461 (main) DEBUG [DataNucleus.Cache] - Objeto con identidad="com.videoclub.pojo.Rental:15" borrado de la Cache de nivel 1
17:28:02,461 (main) DEBUG [DataNucleus.Persistence] - Haciendo el objeto detachado : "com.videoclub.pojo.Rental@5ae15" (profundidad=0)
17:28:02,461 (main) DEBUG [DataNucleus.Persistence] - El objeto con identidad "com.videoclub.pojo.Rental:6" va a tener el SCO wrapper en el campo "rentalDate" cambiado por el valor
17:28:02,461 (main) DEBUG [DataNucleus.Persistence] - El objeto con identidad "com.videoclub.pojo.Rental:6" va a tener el SCO wrapper en el campo "returnDate" cambiado por el valor
17:28:02,461 (main) DEBUG [DataNucleus.Persistence] - Objeto con identidad "com.videoclub.pojo.Rental:6" tiene cambio de lifeycle : "P_CLEAN"->"DETACHED_CLEAN"
17:28:02,461 (main) DEBUG [DataNucleus.Transaction] - Objeto con identidad "com.videoclub.pojo.Rental:6" fue borrado de la cache transactional
17:28:02,461 (main) DEBUG [DataNucleus.Persistence] - Disconectando objeto con identidad "com.videoclub.pojo.Rental:6" de StateManager[pc=com.videoclub.pojo.Rental@5ae15, lifecycle=DETACHED_CLEAN]
17:28:02,461 (main) DEBUG [DataNucleus.Cache] - Objeto con identidad="com.videoclub.pojo.Rental:6" borrado de la Cache de nivel 1
17:28:02,461 (main) DEBUG [DataNucleus.Persistence] - Haciendo el objeto detachado : "com.videoclub.pojo.Rental@4f59a516" (profundidad=0)
17:28:02,461 (main) DEBUG [DataNucleus.Persistence] - El objeto con identidad "com.videoclub.pojo.Rental:16" va a tener el SCO wrapper en el campo "rentalDate" cambiado por el valor
17:28:02,461 (main) DEBUG [DataNucleus.Persistence] - El objeto con identidad "com.videoclub.pojo.Rental:16" va a tener el SCO wrapper en el campo "returnDate" cambiado por el valor
17:28:02,461 (main) DEBUG [DataNucleus.Persistence] - Objeto con identidad "com.videoclub.pojo.Rental:16" tiene cambio de lifeycle : "P_CLEAN"->"DETACHED_CLEAN"
17:28:02,461 (main) DEBUG [DataNucleus.Transaction] - Objeto con identidad "com.videoclub.pojo.Rental:16" fue borrado de la cache transactional
17:28:02,461 (main) DEBUG [DataNucleus.Persistence] - Disconectando objeto con identidad "com.videoclub.pojo.Rental:16" de StateManager[pc=com.videoclub.pojo.Rental@4f59a516, lifecycle=DETACHED_CLEAN]
17:28:02,461 (main) DEBUG [DataNucleus.Cache] - Objeto con identidad="com.videoclub.pojo.Rental:16" borrado de la Cache de nivel 1
17:28:02,461 (main) DEBUG [DataNucleus.Persistence] - Haciendo el objeto detachado : "com.videoclub.pojo.Rental@523a7801" (profundidad=0)
17:28:02,461 (main) DEBUG [DataNucleus.Persistence] - El objeto con identidad "com.videoclub.pojo.Rental:13" va a tener el SCO wrapper en el campo "rentalDate" cambiado por el valor
17:28:02,461 (main) DEBUG [DataNucleus.Persistence] - El objeto con identidad "com.videoclub.pojo.Rental:13" va a tener el SCO wrapper en el campo "returnDate" cambiado por el valor
17:28:02,461 (main) DEBUG [DataNucleus.Persistence] - Objeto con identidad "com.videoclub.pojo.Rental:13" tiene cambio de lifeycle : "P_CLEAN"->"DETACHED_CLEAN"
17:28:02,461 (main) DEBUG [DataNucleus.Transaction] - Objeto con identidad "com.videoclub.pojo.Rental:13" fue borrado de la cache transactional
17:28:02,461 (main) DEBUG [DataNucleus.Persistence] - Disconectando objeto con identidad "com.videoclub.pojo.Rental:13" de StateManager[pc=com.videoclub.pojo.Rental@523a7801, lifecycle=DETACHED_CLEAN]
17:28:02,461 (main) DEBUG [DataNucleus.Cache] - Objeto con identidad="com.videoclub.pojo.Rental:13" borrado de la Cache de nivel 1
17:28:02,461 (main) DEBUG [DataNucleus.Transaction] - Transacción committed en 5 ms
17:28:02,461 (main) DEBUG [DataNucleus.Persistence] - ExecutionContext "org.datanucleus.ExecutionContextImpl@34dc85a" se cerró
]]></system-out>
  </testcase>
  <testcase name="DeleteUserResource" classname="com.videoclub.testing.IntegrationIT" time="0.027">
    <system-out><![CDATA[17:28:02,486 (main) DEBUG [DataNucleus.Persistence] - ExecutionContext "org.datanucleus.ExecutionContextImpl@34dc85a" se abrió para la base de datos "org.datanucleus.store.rdbms.RDBMSStoreManager@6d4a65c6" con transaccion="org.datanucleus.transaction.TransactionImpl@3f8dfe74"
17:28:02,486 (main) DEBUG [DataNucleus.Transaction] - Transaction created [DataNucleus Transaction, ID=1418522280-43, enlisted resources=[]]
17:28:02,486 (main) DEBUG [DataNucleus.Transaction] - Transacción empezada para el ExecutionContext org.datanucleus.ExecutionContextImpl@34dc85a (optimistic=false)
17:28:02,486 (main) DEBUG [DataNucleus.Query] - Query "SELECT FROM com.videoclub.pojo.User FetchPlan [default]" de lenguaje "JDOQL" existe, por eso utilizamos la compilacion general de antes.
17:28:02,486 (main) DEBUG [DataNucleus.Query] - Query "SELECT FROM com.videoclub.pojo.User FetchPlan [default]" de lenguaje "JDOQL" para la base de datos "rdbms-mysql" existe, por eso utilizamos la compilacion de datastore de antes
17:28:02,487 (main) DEBUG [DataNucleus.Connection] - ManagedConnection ABIERTO : "org.datanucleus.store.rdbms.ConnectionFactoryImpl$ManagedConnectionImpl@77724cbe [conn=org.datanucleus.store.rdbms.datasource.dbcp2.PoolingDataSource$PoolGuardConnectionWrapper@27dc627a, commitOnRelease=false, closeOnRelease=false, closeOnTxnEnd=true]" en resource "tx" con isolación "read-committed" y auto-commit=false
17:28:02,487 (main) DEBUG [DataNucleus.Transaction] - Running enlist operation on resource: org.datanucleus.store.rdbms.ConnectionFactoryImpl$EmulatedXAResource@570ba13, error code TMNOFLAGS and transaction [DataNucleus Transaction, ID=1418522280-43, enlisted resources=[]]
17:28:02,487 (main) DEBUG [DataNucleus.Query] - Query de JDOQL : Ejecucion de "SELECT FROM com.videoclub.pojo.User" ...
17:28:02,487 (main) DEBUG [DataNucleus.Datastore] - Utilizando PreparedStatement "com.mysql.cj.jdbc.ClientPreparedStatement: SELECT 'com.videoclub.pojo.User' AS `DN_TYPE`,`A0`.`CODE`,`A0`.`EMAIL`,`A0`.`NAME`,`A0`.`PASSWORD`,`A0`.`SURNAME`,`A0`.`TYPE`,`A0`.`USERNAME` FROM `USER` `A0`" para la conneccion "org.datanucleus.store.rdbms.datasource.dbcp2.PoolingDataSource$PoolGuardConnectionWrapper@27dc627a"
17:28:02,487 (main) DEBUG [DataNucleus.Datastore.Native] - SELECT 'com.videoclub.pojo.User' AS `DN_TYPE`,`A0`.`CODE`,`A0`.`EMAIL`,`A0`.`NAME`,`A0`.`PASSWORD`,`A0`.`SURNAME`,`A0`.`TYPE`,`A0`.`USERNAME` FROM `USER` `A0`
17:28:02,487 (main) DEBUG [DataNucleus.Datastore.Retrieve] - SQL Tiempo de cumplir = 0 ms
17:28:02,487 (main) DEBUG [DataNucleus.Query] - Query de JDOQL : Tiempo de ejecutar = 0 ms
17:28:02,487 (main) DEBUG [DataNucleus.Transaction] - Haciendo commit de la transaacción para el ExecutionContext org.datanucleus.ExecutionContextImpl@34dc85a
17:28:02,487 (main) DEBUG [DataNucleus.Query] - Leyendo los resultados del query "SELECT FROM com.videoclub.pojo.User" como la conneccion va a cerrar o cometer
17:28:02,487 (main) DEBUG [DataNucleus.Cache] - Objeto con identidad "com.videoclub.pojo.User:1" no esta en la Cache de nivel 1
17:28:02,487 (main) DEBUG [DataNucleus.Cache] - Objeto con identidad "com.videoclub.pojo.User:1" añadido a la Cache de nivel 1 (loadedFlags="[YNNNNNN]")
17:28:02,488 (main) DEBUG [DataNucleus.Transaction] - Objeto con identidad "com.videoclub.pojo.User:1" ha sido puesto en la cache transaccional
17:28:02,488 (main) DEBUG [DataNucleus.Cache] - Objeto con identidad "com.videoclub.pojo.User:1" obtenido de la Cache nivel 2 (campos="[0, 1, 2, 3, 4, 5, 6]", version="") - representado como "com.videoclub.pojo.User@16d07cf3"
17:28:02,488 (main) DEBUG [DataNucleus.Cache] - Objeto con identidad "com.videoclub.pojo.User:2" no esta en la Cache de nivel 1
17:28:02,488 (main) DEBUG [DataNucleus.Cache] - Objeto con identidad "com.videoclub.pojo.User:2" añadido a la Cache de nivel 1 (loadedFlags="[YNNNNNN]")
17:28:02,488 (main) DEBUG [DataNucleus.Transaction] - Objeto con identidad "com.videoclub.pojo.User:2" ha sido puesto en la cache transaccional
17:28:02,488 (main) DEBUG [DataNucleus.Cache] - Objeto con identidad "com.videoclub.pojo.User:2" obtenido de la Cache nivel 2 (campos="[0, 1, 2, 3, 4, 5, 6]", version="") - representado como "com.videoclub.pojo.User@16f0ec18"
17:28:02,488 (main) DEBUG [DataNucleus.Cache] - Objeto con identidad "com.videoclub.pojo.User:3" no esta en la Cache de nivel 1
17:28:02,488 (main) DEBUG [DataNucleus.Cache] - Objeto con identidad "com.videoclub.pojo.User:3" añadido a la Cache de nivel 1 (loadedFlags="[YNNNNNN]")
17:28:02,488 (main) DEBUG [DataNucleus.Transaction] - Objeto con identidad "com.videoclub.pojo.User:3" ha sido puesto en la cache transaccional
17:28:02,488 (main) DEBUG [DataNucleus.Cache] - Objeto con identidad "com.videoclub.pojo.User:3" obtenido de la Cache nivel 2 (campos="[0, 1, 2, 3, 4, 5, 6]", version="") - representado como "com.videoclub.pojo.User@6c977dcf"
17:28:02,488 (main) DEBUG [DataNucleus.Persistence] - ExecutionContext.internalFlush() empezado con flush ordenado - 0 objetos registrados
17:28:02,488 (main) DEBUG [DataNucleus.Persistence] - ExecutionContext.internalFlush() terminado
17:28:02,488 (main) DEBUG [DataNucleus.Persistence] - Persistence-By-Reachability (commit) : EMPIEZA
17:28:02,488 (main) DEBUG [DataNucleus.Persistence] - Persistence-By-Reachability (commit) : TERMINADO
17:28:02,488 (main) DEBUG [DataNucleus.Cache] - El objeto con identidad "com.videoclub.pojo.User:3" va a tener los campos siguientes almacendados en el objeto de Level 2 cache : [0, 1, 2, 3, 4, 5, 6]
17:28:02,488 (main) DEBUG [DataNucleus.Cache] - El objeto con identidad "com.videoclub.pojo.User:2" va a tener los campos siguientes almacendados en el objeto de Level 2 cache : [0, 1, 2, 3, 4, 5, 6]
17:28:02,488 (main) DEBUG [DataNucleus.Cache] - El objeto con identidad "com.videoclub.pojo.User:1" va a tener los campos siguientes almacendados en el objeto de Level 2 cache : [0, 1, 2, 3, 4, 5, 6]
17:28:02,488 (main) DEBUG [DataNucleus.Transaction] - Committing [DataNucleus Transaction, ID=1418522280-43, enlisted resources=[org.datanucleus.store.rdbms.ConnectionFactoryImpl$EmulatedXAResource@570ba13]]
17:28:02,488 (main) DEBUG [DataNucleus.Connection] - ManagedConnection VA A COMMIT : "org.datanucleus.store.rdbms.ConnectionFactoryImpl$ManagedConnectionImpl@77724cbe [conn=org.datanucleus.store.rdbms.datasource.dbcp2.PoolingDataSource$PoolGuardConnectionWrapper@27dc627a, commitOnRelease=false, closeOnRelease=false, closeOnTxnEnd=true]"
17:28:02,488 (main) DEBUG [DataNucleus.Connection] - ManagedConnection CERRADO : "org.datanucleus.store.rdbms.ConnectionFactoryImpl$ManagedConnectionImpl@77724cbe [conn=org.datanucleus.store.rdbms.datasource.dbcp2.PoolingDataSource$PoolGuardConnectionWrapper@27dc627a, commitOnRelease=false, closeOnRelease=false, closeOnTxnEnd=true]" 
17:28:02,488 (main) DEBUG [DataNucleus.Persistence] - Haciendo el objeto detachado : "com.videoclub.pojo.User@6c977dcf" (profundidad=0)
17:28:02,489 (main) DEBUG [DataNucleus.Persistence] - Objeto con identidad "com.videoclub.pojo.User:3" tiene cambio de lifeycle : "P_CLEAN"->"DETACHED_CLEAN"
17:28:02,489 (main) DEBUG [DataNucleus.Transaction] - Objeto con identidad "com.videoclub.pojo.User:3" fue borrado de la cache transactional
17:28:02,489 (main) DEBUG [DataNucleus.Persistence] - Disconectando objeto con identidad "com.videoclub.pojo.User:3" de StateManager[pc=com.videoclub.pojo.User@6c977dcf, lifecycle=DETACHED_CLEAN]
17:28:02,489 (main) DEBUG [DataNucleus.Cache] - Objeto con identidad="com.videoclub.pojo.User:3" borrado de la Cache de nivel 1
17:28:02,489 (main) DEBUG [DataNucleus.Persistence] - Haciendo el objeto detachado : "com.videoclub.pojo.User@16f0ec18" (profundidad=0)
17:28:02,489 (main) DEBUG [DataNucleus.Persistence] - Objeto con identidad "com.videoclub.pojo.User:2" tiene cambio de lifeycle : "P_CLEAN"->"DETACHED_CLEAN"
17:28:02,489 (main) DEBUG [DataNucleus.Transaction] - Objeto con identidad "com.videoclub.pojo.User:2" fue borrado de la cache transactional
17:28:02,489 (main) DEBUG [DataNucleus.Persistence] - Disconectando objeto con identidad "com.videoclub.pojo.User:2" de StateManager[pc=com.videoclub.pojo.User@16f0ec18, lifecycle=DETACHED_CLEAN]
17:28:02,489 (main) DEBUG [DataNucleus.Cache] - Objeto con identidad="com.videoclub.pojo.User:2" borrado de la Cache de nivel 1
17:28:02,489 (main) DEBUG [DataNucleus.Persistence] - Haciendo el objeto detachado : "com.videoclub.pojo.User@16d07cf3" (profundidad=0)
17:28:02,489 (main) DEBUG [DataNucleus.Persistence] - Objeto con identidad "com.videoclub.pojo.User:1" tiene cambio de lifeycle : "P_CLEAN"->"DETACHED_CLEAN"
17:28:02,489 (main) DEBUG [DataNucleus.Transaction] - Objeto con identidad "com.videoclub.pojo.User:1" fue borrado de la cache transactional
17:28:02,489 (main) DEBUG [DataNucleus.Persistence] - Disconectando objeto con identidad "com.videoclub.pojo.User:1" de StateManager[pc=com.videoclub.pojo.User@16d07cf3, lifecycle=DETACHED_CLEAN]
17:28:02,489 (main) DEBUG [DataNucleus.Cache] - Objeto con identidad="com.videoclub.pojo.User:1" borrado de la Cache de nivel 1
17:28:02,489 (main) DEBUG [DataNucleus.Transaction] - Transacción committed en 2 ms
17:28:02,489 (main) DEBUG [DataNucleus.Persistence] - ExecutionContext "org.datanucleus.ExecutionContextImpl@34dc85a" se cerró
]]></system-out>
  </testcase>
  <testcase name="AddMovieResource" classname="com.videoclub.testing.IntegrationIT" time="0.054"/>
  <testcase name="AddRentalResource" classname="com.videoclub.testing.IntegrationIT" time="0.026">
    <system-out><![CDATA[17:28:02,561 (main) DEBUG [DataNucleus.Persistence] - ExecutionContext "org.datanucleus.ExecutionContextImpl@34dc85a" se abrió para la base de datos "org.datanucleus.store.rdbms.RDBMSStoreManager@6d4a65c6" con transaccion="org.datanucleus.transaction.TransactionImpl@61f377d1"
17:28:02,561 (main) DEBUG [DataNucleus.Transaction] - Transaction created [DataNucleus Transaction, ID=1418522280-44, enlisted resources=[]]
17:28:02,561 (main) DEBUG [DataNucleus.Transaction] - Transacción empezada para el ExecutionContext org.datanucleus.ExecutionContextImpl@34dc85a (optimistic=false)
17:28:02,561 (main) DEBUG [DataNucleus.Query] - Query "SELECT FROM com.videoclub.pojo.Rental FetchPlan [default]" de lenguaje "JDOQL" existe, por eso utilizamos la compilacion general de antes.
17:28:02,561 (main) DEBUG [DataNucleus.Query] - Query "SELECT FROM com.videoclub.pojo.Rental FetchPlan [default]" de lenguaje "JDOQL" para la base de datos "rdbms-mysql" existe, por eso utilizamos la compilacion de datastore de antes
17:28:02,562 (main) DEBUG [DataNucleus.Connection] - ManagedConnection ABIERTO : "org.datanucleus.store.rdbms.ConnectionFactoryImpl$ManagedConnectionImpl@487cd177 [conn=org.datanucleus.store.rdbms.datasource.dbcp2.PoolingDataSource$PoolGuardConnectionWrapper@324b6a56, commitOnRelease=false, closeOnRelease=false, closeOnTxnEnd=true]" en resource "tx" con isolación "read-committed" y auto-commit=false
17:28:02,562 (main) DEBUG [DataNucleus.Transaction] - Running enlist operation on resource: org.datanucleus.store.rdbms.ConnectionFactoryImpl$EmulatedXAResource@421d54b3, error code TMNOFLAGS and transaction [DataNucleus Transaction, ID=1418522280-44, enlisted resources=[]]
17:28:02,562 (main) DEBUG [DataNucleus.Query] - Query de JDOQL : Ejecucion de "SELECT FROM com.videoclub.pojo.Rental" ...
17:28:02,562 (main) DEBUG [DataNucleus.Datastore] - Utilizando PreparedStatement "com.mysql.cj.jdbc.ClientPreparedStatement: SELECT 'com.videoclub.pojo.Rental' AS `DN_TYPE`,`A0`.`CODE`,`A0`.`ID`,`A0`.`RENTALDATE`,`A0`.`RETURNDATE`,`A0`.`TITLE` FROM `RENTAL` `A0`" para la conneccion "org.datanucleus.store.rdbms.datasource.dbcp2.PoolingDataSource$PoolGuardConnectionWrapper@324b6a56"
17:28:02,562 (main) DEBUG [DataNucleus.Datastore.Native] - SELECT 'com.videoclub.pojo.Rental' AS `DN_TYPE`,`A0`.`CODE`,`A0`.`ID`,`A0`.`RENTALDATE`,`A0`.`RETURNDATE`,`A0`.`TITLE` FROM `RENTAL` `A0`
17:28:02,562 (main) DEBUG [DataNucleus.Datastore.Retrieve] - SQL Tiempo de cumplir = 0 ms
17:28:02,562 (main) DEBUG [DataNucleus.Query] - Query de JDOQL : Tiempo de ejecutar = 0 ms
17:28:02,562 (main) DEBUG [DataNucleus.Transaction] - Haciendo commit de la transaacción para el ExecutionContext org.datanucleus.ExecutionContextImpl@34dc85a
17:28:02,562 (main) DEBUG [DataNucleus.Query] - Leyendo los resultados del query "SELECT FROM com.videoclub.pojo.Rental" como la conneccion va a cerrar o cometer
17:28:02,563 (main) DEBUG [DataNucleus.Cache] - Objeto con identidad "com.videoclub.pojo.Rental:1" no esta en la Cache de nivel 1
17:28:02,563 (main) DEBUG [DataNucleus.Cache] - Objeto con identidad "com.videoclub.pojo.Rental:1" añadido a la Cache de nivel 1 (loadedFlags="[NYNNN]")
17:28:02,563 (main) DEBUG [DataNucleus.Persistence] - El objeto con identidad "com.videoclub.pojo.Rental:1" va a tener el valor en el campo "rentalDate" cambiado por un SCO wrapper
17:28:02,563 (main) DEBUG [DataNucleus.Persistence] - El objeto con identidad "com.videoclub.pojo.Rental:1" va a tener el valor en el campo "returnDate" cambiado por un SCO wrapper
17:28:02,563 (main) DEBUG [DataNucleus.Transaction] - Objeto con identidad "com.videoclub.pojo.Rental:1" ha sido puesto en la cache transaccional
17:28:02,563 (main) DEBUG [DataNucleus.Cache] - Objeto con identidad "com.videoclub.pojo.Rental:1" obtenido de la Cache nivel 2 (campos="[0, 1, 2, 3, 4]", version="") - representado como "com.videoclub.pojo.Rental@24dd44f9"
17:28:02,563 (main) DEBUG [DataNucleus.Cache] - Objeto con identidad "com.videoclub.pojo.Rental:2" no esta en la Cache de nivel 1
17:28:02,563 (main) DEBUG [DataNucleus.Cache] - Objeto con identidad "com.videoclub.pojo.Rental:2" añadido a la Cache de nivel 1 (loadedFlags="[NYNNN]")
17:28:02,563 (main) DEBUG [DataNucleus.Persistence] - El objeto con identidad "com.videoclub.pojo.Rental:2" va a tener el valor en el campo "rentalDate" cambiado por un SCO wrapper
17:28:02,563 (main) DEBUG [DataNucleus.Persistence] - El objeto con identidad "com.videoclub.pojo.Rental:2" va a tener el valor en el campo "returnDate" cambiado por un SCO wrapper
17:28:02,563 (main) DEBUG [DataNucleus.Transaction] - Objeto con identidad "com.videoclub.pojo.Rental:2" ha sido puesto en la cache transaccional
17:28:02,563 (main) DEBUG [DataNucleus.Cache] - Objeto con identidad "com.videoclub.pojo.Rental:2" obtenido de la Cache nivel 2 (campos="[0, 1, 2, 3, 4]", version="") - representado como "com.videoclub.pojo.Rental@ccd341d"
17:28:02,563 (main) DEBUG [DataNucleus.Cache] - Objeto con identidad "com.videoclub.pojo.Rental:3" no esta en la Cache de nivel 1
17:28:02,563 (main) DEBUG [DataNucleus.Cache] - Objeto con identidad "com.videoclub.pojo.Rental:3" añadido a la Cache de nivel 1 (loadedFlags="[NYNNN]")
17:28:02,563 (main) DEBUG [DataNucleus.Persistence] - El objeto con identidad "com.videoclub.pojo.Rental:3" va a tener el valor en el campo "rentalDate" cambiado por un SCO wrapper
17:28:02,563 (main) DEBUG [DataNucleus.Persistence] - El objeto con identidad "com.videoclub.pojo.Rental:3" va a tener el valor en el campo "returnDate" cambiado por un SCO wrapper
17:28:02,563 (main) DEBUG [DataNucleus.Transaction] - Objeto con identidad "com.videoclub.pojo.Rental:3" ha sido puesto en la cache transaccional
17:28:02,563 (main) DEBUG [DataNucleus.Cache] - Objeto con identidad "com.videoclub.pojo.Rental:3" obtenido de la Cache nivel 2 (campos="[0, 1, 2, 3, 4]", version="") - representado como "com.videoclub.pojo.Rental@4f1fb828"
17:28:02,563 (main) DEBUG [DataNucleus.Cache] - Objeto con identidad "com.videoclub.pojo.Rental:4" no esta en la Cache de nivel 1
17:28:02,563 (main) DEBUG [DataNucleus.Cache] - Objeto con identidad "com.videoclub.pojo.Rental:4" añadido a la Cache de nivel 1 (loadedFlags="[NYNNN]")
17:28:02,563 (main) DEBUG [DataNucleus.Persistence] - El objeto con identidad "com.videoclub.pojo.Rental:4" va a tener el valor en el campo "rentalDate" cambiado por un SCO wrapper
17:28:02,563 (main) DEBUG [DataNucleus.Persistence] - El objeto con identidad "com.videoclub.pojo.Rental:4" va a tener el valor en el campo "returnDate" cambiado por un SCO wrapper
17:28:02,563 (main) DEBUG [DataNucleus.Transaction] - Objeto con identidad "com.videoclub.pojo.Rental:4" ha sido puesto en la cache transaccional
17:28:02,563 (main) DEBUG [DataNucleus.Cache] - Objeto con identidad "com.videoclub.pojo.Rental:4" obtenido de la Cache nivel 2 (campos="[0, 1, 2, 3, 4]", version="") - representado como "com.videoclub.pojo.Rental@6ee5f485"
17:28:02,563 (main) DEBUG [DataNucleus.Cache] - Objeto con identidad "com.videoclub.pojo.Rental:5" no esta en la Cache de nivel 1
17:28:02,563 (main) DEBUG [DataNucleus.Cache] - Objeto con identidad "com.videoclub.pojo.Rental:5" añadido a la Cache de nivel 1 (loadedFlags="[NYNNN]")
17:28:02,563 (main) DEBUG [DataNucleus.Persistence] - El objeto con identidad "com.videoclub.pojo.Rental:5" va a tener el valor en el campo "rentalDate" cambiado por un SCO wrapper
17:28:02,563 (main) DEBUG [DataNucleus.Persistence] - El objeto con identidad "com.videoclub.pojo.Rental:5" va a tener el valor en el campo "returnDate" cambiado por un SCO wrapper
17:28:02,563 (main) DEBUG [DataNucleus.Transaction] - Objeto con identidad "com.videoclub.pojo.Rental:5" ha sido puesto en la cache transaccional
17:28:02,563 (main) DEBUG [DataNucleus.Cache] - Objeto con identidad "com.videoclub.pojo.Rental:5" obtenido de la Cache nivel 2 (campos="[0, 1, 2, 3, 4]", version="") - representado como "com.videoclub.pojo.Rental@20d19f2c"
17:28:02,563 (main) DEBUG [DataNucleus.Cache] - Objeto con identidad "com.videoclub.pojo.Rental:6" no esta en la Cache de nivel 1
17:28:02,563 (main) DEBUG [DataNucleus.Cache] - Objeto con identidad "com.videoclub.pojo.Rental:6" añadido a la Cache de nivel 1 (loadedFlags="[NYNNN]")
17:28:02,563 (main) DEBUG [DataNucleus.Persistence] - El objeto con identidad "com.videoclub.pojo.Rental:6" va a tener el valor en el campo "rentalDate" cambiado por un SCO wrapper
17:28:02,563 (main) DEBUG [DataNucleus.Persistence] - El objeto con identidad "com.videoclub.pojo.Rental:6" va a tener el valor en el campo "returnDate" cambiado por un SCO wrapper
17:28:02,563 (main) DEBUG [DataNucleus.Transaction] - Objeto con identidad "com.videoclub.pojo.Rental:6" ha sido puesto en la cache transaccional
17:28:02,563 (main) DEBUG [DataNucleus.Cache] - Objeto con identidad "com.videoclub.pojo.Rental:6" obtenido de la Cache nivel 2 (campos="[0, 1, 2, 3, 4]", version="") - representado como "com.videoclub.pojo.Rental@45592af7"
17:28:02,563 (main) DEBUG [DataNucleus.Cache] - Objeto con identidad "com.videoclub.pojo.Rental:7" no esta en la Cache de nivel 1
17:28:02,563 (main) DEBUG [DataNucleus.Cache] - Objeto con identidad "com.videoclub.pojo.Rental:7" añadido a la Cache de nivel 1 (loadedFlags="[NYNNN]")
17:28:02,563 (main) DEBUG [DataNucleus.Persistence] - El objeto con identidad "com.videoclub.pojo.Rental:7" va a tener el valor en el campo "rentalDate" cambiado por un SCO wrapper
17:28:02,563 (main) DEBUG [DataNucleus.Persistence] - El objeto con identidad "com.videoclub.pojo.Rental:7" va a tener el valor en el campo "returnDate" cambiado por un SCO wrapper
17:28:02,563 (main) DEBUG [DataNucleus.Transaction] - Objeto con identidad "com.videoclub.pojo.Rental:7" ha sido puesto en la cache transaccional
17:28:02,563 (main) DEBUG [DataNucleus.Cache] - Objeto con identidad "com.videoclub.pojo.Rental:7" obtenido de la Cache nivel 2 (campos="[0, 1, 2, 3, 4]", version="") - representado como "com.videoclub.pojo.Rental@77b5148c"
17:28:02,563 (main) DEBUG [DataNucleus.Cache] - Objeto con identidad "com.videoclub.pojo.Rental:8" no esta en la Cache de nivel 1
17:28:02,563 (main) DEBUG [DataNucleus.Cache] - Objeto con identidad "com.videoclub.pojo.Rental:8" añadido a la Cache de nivel 1 (loadedFlags="[NYNNN]")
17:28:02,563 (main) DEBUG [DataNucleus.Persistence] - El objeto con identidad "com.videoclub.pojo.Rental:8" va a tener el valor en el campo "rentalDate" cambiado por un SCO wrapper
17:28:02,563 (main) DEBUG [DataNucleus.Persistence] - El objeto con identidad "com.videoclub.pojo.Rental:8" va a tener el valor en el campo "returnDate" cambiado por un SCO wrapper
17:28:02,563 (main) DEBUG [DataNucleus.Transaction] - Objeto con identidad "com.videoclub.pojo.Rental:8" ha sido puesto en la cache transaccional
17:28:02,563 (main) DEBUG [DataNucleus.Cache] - Objeto con identidad "com.videoclub.pojo.Rental:8" obtenido de la Cache nivel 2 (campos="[0, 1, 2, 3, 4]", version="") - representado como "com.videoclub.pojo.Rental@36359723"
17:28:02,563 (main) DEBUG [DataNucleus.Cache] - Objeto con identidad "com.videoclub.pojo.Rental:9" no esta en la Cache de nivel 1
17:28:02,563 (main) DEBUG [DataNucleus.Cache] - Objeto con identidad "com.videoclub.pojo.Rental:9" añadido a la Cache de nivel 1 (loadedFlags="[NYNNN]")
17:28:02,563 (main) DEBUG [DataNucleus.Persistence] - El objeto con identidad "com.videoclub.pojo.Rental:9" va a tener el valor en el campo "rentalDate" cambiado por un SCO wrapper
17:28:02,563 (main) DEBUG [DataNucleus.Persistence] - El objeto con identidad "com.videoclub.pojo.Rental:9" va a tener el valor en el campo "returnDate" cambiado por un SCO wrapper
17:28:02,563 (main) DEBUG [DataNucleus.Transaction] - Objeto con identidad "com.videoclub.pojo.Rental:9" ha sido puesto en la cache transaccional
17:28:02,563 (main) DEBUG [DataNucleus.Cache] - Objeto con identidad "com.videoclub.pojo.Rental:9" obtenido de la Cache nivel 2 (campos="[0, 1, 2, 3, 4]", version="") - representado como "com.videoclub.pojo.Rental@1ab14636"
17:28:02,563 (main) DEBUG [DataNucleus.Cache] - Objeto con identidad "com.videoclub.pojo.Rental:10" no esta en la Cache de nivel 1
17:28:02,563 (main) DEBUG [DataNucleus.Cache] - Objeto con identidad "com.videoclub.pojo.Rental:10" añadido a la Cache de nivel 1 (loadedFlags="[NYNNN]")
17:28:02,563 (main) DEBUG [DataNucleus.Persistence] - El objeto con identidad "com.videoclub.pojo.Rental:10" va a tener el valor en el campo "rentalDate" cambiado por un SCO wrapper
17:28:02,563 (main) DEBUG [DataNucleus.Persistence] - El objeto con identidad "com.videoclub.pojo.Rental:10" va a tener el valor en el campo "returnDate" cambiado por un SCO wrapper
17:28:02,564 (main) DEBUG [DataNucleus.Transaction] - Objeto con identidad "com.videoclub.pojo.Rental:10" ha sido puesto en la cache transaccional
17:28:02,564 (main) DEBUG [DataNucleus.Cache] - Objeto con identidad "com.videoclub.pojo.Rental:10" obtenido de la Cache nivel 2 (campos="[0, 1, 2, 3, 4]", version="") - representado como "com.videoclub.pojo.Rental@16b3c905"
17:28:02,564 (main) DEBUG [DataNucleus.Cache] - Objeto con identidad "com.videoclub.pojo.Rental:11" no esta en la Cache de nivel 1
17:28:02,564 (main) DEBUG [DataNucleus.Cache] - Objeto con identidad "com.videoclub.pojo.Rental:11" añadido a la Cache de nivel 1 (loadedFlags="[NYNNN]")
17:28:02,564 (main) DEBUG [DataNucleus.Persistence] - El objeto con identidad "com.videoclub.pojo.Rental:11" va a tener el valor en el campo "rentalDate" cambiado por un SCO wrapper
17:28:02,564 (main) DEBUG [DataNucleus.Persistence] - El objeto con identidad "com.videoclub.pojo.Rental:11" va a tener el valor en el campo "returnDate" cambiado por un SCO wrapper
17:28:02,564 (main) DEBUG [DataNucleus.Transaction] - Objeto con identidad "com.videoclub.pojo.Rental:11" ha sido puesto en la cache transaccional
17:28:02,564 (main) DEBUG [DataNucleus.Cache] - Objeto con identidad "com.videoclub.pojo.Rental:11" obtenido de la Cache nivel 2 (campos="[0, 1, 2, 3, 4]", version="") - representado como "com.videoclub.pojo.Rental@49fdbe2b"
17:28:02,564 (main) DEBUG [DataNucleus.Cache] - Objeto con identidad "com.videoclub.pojo.Rental:12" no esta en la Cache de nivel 1
17:28:02,564 (main) DEBUG [DataNucleus.Cache] - Objeto con identidad "com.videoclub.pojo.Rental:12" añadido a la Cache de nivel 1 (loadedFlags="[NYNNN]")
17:28:02,564 (main) DEBUG [DataNucleus.Persistence] - El objeto con identidad "com.videoclub.pojo.Rental:12" va a tener el valor en el campo "rentalDate" cambiado por un SCO wrapper
17:28:02,564 (main) DEBUG [DataNucleus.Persistence] - El objeto con identidad "com.videoclub.pojo.Rental:12" va a tener el valor en el campo "returnDate" cambiado por un SCO wrapper
17:28:02,564 (main) DEBUG [DataNucleus.Transaction] - Objeto con identidad "com.videoclub.pojo.Rental:12" ha sido puesto en la cache transaccional
17:28:02,564 (main) DEBUG [DataNucleus.Cache] - Objeto con identidad "com.videoclub.pojo.Rental:12" obtenido de la Cache nivel 2 (campos="[0, 1, 2, 3, 4]", version="") - representado como "com.videoclub.pojo.Rental@53eba4b8"
17:28:02,564 (main) DEBUG [DataNucleus.Cache] - Objeto con identidad "com.videoclub.pojo.Rental:13" no esta en la Cache de nivel 1
17:28:02,564 (main) DEBUG [DataNucleus.Cache] - Objeto con identidad "com.videoclub.pojo.Rental:13" añadido a la Cache de nivel 1 (loadedFlags="[NYNNN]")
17:28:02,564 (main) DEBUG [DataNucleus.Persistence] - El objeto con identidad "com.videoclub.pojo.Rental:13" va a tener el valor en el campo "rentalDate" cambiado por un SCO wrapper
17:28:02,564 (main) DEBUG [DataNucleus.Persistence] - El objeto con identidad "com.videoclub.pojo.Rental:13" va a tener el valor en el campo "returnDate" cambiado por un SCO wrapper
17:28:02,564 (main) DEBUG [DataNucleus.Transaction] - Objeto con identidad "com.videoclub.pojo.Rental:13" ha sido puesto en la cache transaccional
17:28:02,564 (main) DEBUG [DataNucleus.Cache] - Objeto con identidad "com.videoclub.pojo.Rental:13" obtenido de la Cache nivel 2 (campos="[0, 1, 2, 3, 4]", version="") - representado como "com.videoclub.pojo.Rental@437bd805"
17:28:02,564 (main) DEBUG [DataNucleus.Cache] - Objeto con identidad "com.videoclub.pojo.Rental:14" no esta en la Cache de nivel 1
17:28:02,564 (main) DEBUG [DataNucleus.Cache] - Objeto con identidad "com.videoclub.pojo.Rental:14" añadido a la Cache de nivel 1 (loadedFlags="[NYNNN]")
17:28:02,564 (main) DEBUG [DataNucleus.Persistence] - El objeto con identidad "com.videoclub.pojo.Rental:14" va a tener el valor en el campo "rentalDate" cambiado por un SCO wrapper
17:28:02,564 (main) DEBUG [DataNucleus.Persistence] - El objeto con identidad "com.videoclub.pojo.Rental:14" va a tener el valor en el campo "returnDate" cambiado por un SCO wrapper
17:28:02,564 (main) DEBUG [DataNucleus.Transaction] - Objeto con identidad "com.videoclub.pojo.Rental:14" ha sido puesto en la cache transaccional
17:28:02,564 (main) DEBUG [DataNucleus.Cache] - Objeto con identidad "com.videoclub.pojo.Rental:14" obtenido de la Cache nivel 2 (campos="[0, 1, 2, 3, 4]", version="") - representado como "com.videoclub.pojo.Rental@4b88ca8e"
17:28:02,564 (main) DEBUG [DataNucleus.Cache] - Objeto con identidad "com.videoclub.pojo.Rental:15" no esta en la Cache de nivel 1
17:28:02,564 (main) DEBUG [DataNucleus.Cache] - Objeto con identidad "com.videoclub.pojo.Rental:15" añadido a la Cache de nivel 1 (loadedFlags="[NYNNN]")
17:28:02,564 (main) DEBUG [DataNucleus.Persistence] - El objeto con identidad "com.videoclub.pojo.Rental:15" va a tener el valor en el campo "rentalDate" cambiado por un SCO wrapper
17:28:02,564 (main) DEBUG [DataNucleus.Persistence] - El objeto con identidad "com.videoclub.pojo.Rental:15" va a tener el valor en el campo "returnDate" cambiado por un SCO wrapper
17:28:02,564 (main) DEBUG [DataNucleus.Transaction] - Objeto con identidad "com.videoclub.pojo.Rental:15" ha sido puesto en la cache transaccional
17:28:02,564 (main) DEBUG [DataNucleus.Cache] - Objeto con identidad "com.videoclub.pojo.Rental:15" obtenido de la Cache nivel 2 (campos="[0, 1, 2, 3, 4]", version="") - representado como "com.videoclub.pojo.Rental@6fa02932"
17:28:02,564 (main) DEBUG [DataNucleus.Cache] - Objeto con identidad "com.videoclub.pojo.Rental:16" no esta en la Cache de nivel 1
17:28:02,564 (main) DEBUG [DataNucleus.Cache] - Objeto con identidad "com.videoclub.pojo.Rental:16" añadido a la Cache de nivel 1 (loadedFlags="[NYNNN]")
17:28:02,564 (main) DEBUG [DataNucleus.Persistence] - El objeto con identidad "com.videoclub.pojo.Rental:16" va a tener el valor en el campo "rentalDate" cambiado por un SCO wrapper
17:28:02,564 (main) DEBUG [DataNucleus.Persistence] - El objeto con identidad "com.videoclub.pojo.Rental:16" va a tener el valor en el campo "returnDate" cambiado por un SCO wrapper
17:28:02,564 (main) DEBUG [DataNucleus.Transaction] - Objeto con identidad "com.videoclub.pojo.Rental:16" ha sido puesto en la cache transaccional
17:28:02,564 (main) DEBUG [DataNucleus.Cache] - Objeto con identidad "com.videoclub.pojo.Rental:16" obtenido de la Cache nivel 2 (campos="[0, 1, 2, 3, 4]", version="") - representado como "com.videoclub.pojo.Rental@61608e1a"
17:28:02,564 (main) DEBUG [DataNucleus.Cache] - Objeto con identidad "com.videoclub.pojo.Rental:17" no esta en la Cache de nivel 1
17:28:02,564 (main) DEBUG [DataNucleus.Cache] - Objeto con identidad "com.videoclub.pojo.Rental:17" añadido a la Cache de nivel 1 (loadedFlags="[NYNNN]")
17:28:02,564 (main) DEBUG [DataNucleus.Persistence] - El objeto con identidad "com.videoclub.pojo.Rental:17" va a tener el valor en el campo "rentalDate" cambiado por un SCO wrapper
17:28:02,564 (main) DEBUG [DataNucleus.Persistence] - El objeto con identidad "com.videoclub.pojo.Rental:17" va a tener el valor en el campo "returnDate" cambiado por un SCO wrapper
17:28:02,564 (main) DEBUG [DataNucleus.Transaction] - Objeto con identidad "com.videoclub.pojo.Rental:17" ha sido puesto en la cache transaccional
17:28:02,564 (main) DEBUG [DataNucleus.Cache] - Objeto con identidad "com.videoclub.pojo.Rental:17" obtenido de la Cache nivel 2 (campos="[0, 1, 2, 3, 4]", version="") - representado como "com.videoclub.pojo.Rental@7c46c9c3"
17:28:02,564 (main) DEBUG [DataNucleus.Cache] - Objeto con identidad "com.videoclub.pojo.Rental:18" no esta en la Cache de nivel 1
17:28:02,564 (main) DEBUG [DataNucleus.Cache] - Objeto con identidad "com.videoclub.pojo.Rental:18" añadido a la Cache de nivel 1 (loadedFlags="[NYNNN]")
17:28:02,564 (main) DEBUG [DataNucleus.Persistence] - El objeto con identidad "com.videoclub.pojo.Rental:18" va a tener el valor en el campo "rentalDate" cambiado por un SCO wrapper
17:28:02,564 (main) DEBUG [DataNucleus.Persistence] - El objeto con identidad "com.videoclub.pojo.Rental:18" va a tener el valor en el campo "returnDate" cambiado por un SCO wrapper
17:28:02,564 (main) DEBUG [DataNucleus.Transaction] - Objeto con identidad "com.videoclub.pojo.Rental:18" ha sido puesto en la cache transaccional
17:28:02,564 (main) DEBUG [DataNucleus.Cache] - Objeto con identidad "com.videoclub.pojo.Rental:18" obtenido de la Cache nivel 2 (campos="[0, 1, 2, 3, 4]", version="") - representado como "com.videoclub.pojo.Rental@7197b07f"
17:28:02,564 (main) DEBUG [DataNucleus.Cache] - Objeto con identidad "com.videoclub.pojo.Rental:19" no esta en la Cache de nivel 1
17:28:02,564 (main) DEBUG [DataNucleus.Cache] - Objeto con identidad "com.videoclub.pojo.Rental:19" añadido a la Cache de nivel 1 (loadedFlags="[NYNNN]")
17:28:02,564 (main) DEBUG [DataNucleus.Persistence] - El objeto con identidad "com.videoclub.pojo.Rental:19" va a tener el valor en el campo "rentalDate" cambiado por un SCO wrapper
17:28:02,564 (main) DEBUG [DataNucleus.Persistence] - El objeto con identidad "com.videoclub.pojo.Rental:19" va a tener el valor en el campo "returnDate" cambiado por un SCO wrapper
17:28:02,565 (main) DEBUG [DataNucleus.Transaction] - Objeto con identidad "com.videoclub.pojo.Rental:19" ha sido puesto en la cache transaccional
17:28:02,565 (main) DEBUG [DataNucleus.Cache] - Objeto con identidad "com.videoclub.pojo.Rental:19" obtenido de la Cache nivel 2 (campos="[0, 1, 2, 3, 4]", version="") - representado como "com.videoclub.pojo.Rental@7a65a360"
17:28:02,565 (main) DEBUG [DataNucleus.Cache] - Objeto con identidad "com.videoclub.pojo.Rental:20" no esta en la Cache de nivel 1
17:28:02,565 (main) DEBUG [DataNucleus.Cache] - Objeto con identidad "com.videoclub.pojo.Rental:20" añadido a la Cache de nivel 1 (loadedFlags="[NYNNN]")
17:28:02,565 (main) DEBUG [DataNucleus.Persistence] - El objeto con identidad "com.videoclub.pojo.Rental:20" va a tener el valor en el campo "rentalDate" cambiado por un SCO wrapper
17:28:02,565 (main) DEBUG [DataNucleus.Persistence] - El objeto con identidad "com.videoclub.pojo.Rental:20" va a tener el valor en el campo "returnDate" cambiado por un SCO wrapper
17:28:02,565 (main) DEBUG [DataNucleus.Transaction] - Objeto con identidad "com.videoclub.pojo.Rental:20" ha sido puesto en la cache transaccional
17:28:02,565 (main) DEBUG [DataNucleus.Cache] - Objeto con identidad "com.videoclub.pojo.Rental:20" obtenido de la Cache nivel 2 (campos="[0, 1, 2, 3, 4]", version="") - representado como "com.videoclub.pojo.Rental@30a7653e"
17:28:02,565 (main) DEBUG [DataNucleus.Persistence] - ExecutionContext.internalFlush() empezado con flush ordenado - 0 objetos registrados
17:28:02,565 (main) DEBUG [DataNucleus.Persistence] - ExecutionContext.internalFlush() terminado
17:28:02,565 (main) DEBUG [DataNucleus.Persistence] - Persistence-By-Reachability (commit) : EMPIEZA
17:28:02,565 (main) DEBUG [DataNucleus.Persistence] - Persistence-By-Reachability (commit) : TERMINADO
17:28:02,565 (main) DEBUG [DataNucleus.Cache] - El objeto con identidad "com.videoclub.pojo.Rental:8" va a tener los campos siguientes almacendados en el objeto de Level 2 cache : [0, 1, 2, 3, 4]
17:28:02,565 (main) DEBUG [DataNucleus.Cache] - El objeto con identidad "com.videoclub.pojo.Rental:7" va a tener los campos siguientes almacendados en el objeto de Level 2 cache : [0, 1, 2, 3, 4]
17:28:02,565 (main) DEBUG [DataNucleus.Cache] - El objeto con identidad "com.videoclub.pojo.Rental:14" va a tener los campos siguientes almacendados en el objeto de Level 2 cache : [0, 1, 2, 3, 4]
17:28:02,565 (main) DEBUG [DataNucleus.Cache] - El objeto con identidad "com.videoclub.pojo.Rental:1" va a tener los campos siguientes almacendados en el objeto de Level 2 cache : [0, 1, 2, 3, 4]
17:28:02,565 (main) DEBUG [DataNucleus.Cache] - El objeto con identidad "com.videoclub.pojo.Rental:11" va a tener los campos siguientes almacendados en el objeto de Level 2 cache : [0, 1, 2, 3, 4]
17:28:02,565 (main) DEBUG [DataNucleus.Cache] - El objeto con identidad "com.videoclub.pojo.Rental:2" va a tener los campos siguientes almacendados en el objeto de Level 2 cache : [0, 1, 2, 3, 4]
17:28:02,565 (main) DEBUG [DataNucleus.Cache] - El objeto con identidad "com.videoclub.pojo.Rental:20" va a tener los campos siguientes almacendados en el objeto de Level 2 cache : [0, 1, 2, 3, 4]
17:28:02,565 (main) DEBUG [DataNucleus.Cache] - El objeto con identidad "com.videoclub.pojo.Rental:19" va a tener los campos siguientes almacendados en el objeto de Level 2 cache : [0, 1, 2, 3, 4]
17:28:02,565 (main) DEBUG [DataNucleus.Cache] - El objeto con identidad "com.videoclub.pojo.Rental:9" va a tener los campos siguientes almacendados en el objeto de Level 2 cache : [0, 1, 2, 3, 4]
17:28:02,565 (main) DEBUG [DataNucleus.Cache] - El objeto con identidad "com.videoclub.pojo.Rental:12" va a tener los campos siguientes almacendados en el objeto de Level 2 cache : [0, 1, 2, 3, 4]
17:28:02,565 (main) DEBUG [DataNucleus.Cache] - El objeto con identidad "com.videoclub.pojo.Rental:18" va a tener los campos siguientes almacendados en el objeto de Level 2 cache : [0, 1, 2, 3, 4]
17:28:02,565 (main) DEBUG [DataNucleus.Cache] - El objeto con identidad "com.videoclub.pojo.Rental:17" va a tener los campos siguientes almacendados en el objeto de Level 2 cache : [0, 1, 2, 3, 4]
17:28:02,565 (main) DEBUG [DataNucleus.Cache] - El objeto con identidad "com.videoclub.pojo.Rental:4" va a tener los campos siguientes almacendados en el objeto de Level 2 cache : [0, 1, 2, 3, 4]
17:28:02,565 (main) DEBUG [DataNucleus.Cache] - El objeto con identidad "com.videoclub.pojo.Rental:10" va a tener los campos siguientes almacendados en el objeto de Level 2 cache : [0, 1, 2, 3, 4]
17:28:02,565 (main) DEBUG [DataNucleus.Cache] - El objeto con identidad "com.videoclub.pojo.Rental:3" va a tener los campos siguientes almacendados en el objeto de Level 2 cache : [0, 1, 2, 3, 4]
17:28:02,565 (main) DEBUG [DataNucleus.Cache] - El objeto con identidad "com.videoclub.pojo.Rental:5" va a tener los campos siguientes almacendados en el objeto de Level 2 cache : [0, 1, 2, 3, 4]
17:28:02,565 (main) DEBUG [DataNucleus.Cache] - El objeto con identidad "com.videoclub.pojo.Rental:15" va a tener los campos siguientes almacendados en el objeto de Level 2 cache : [0, 1, 2, 3, 4]
17:28:02,565 (main) DEBUG [DataNucleus.Cache] - El objeto con identidad "com.videoclub.pojo.Rental:6" va a tener los campos siguientes almacendados en el objeto de Level 2 cache : [0, 1, 2, 3, 4]
17:28:02,565 (main) DEBUG [DataNucleus.Cache] - El objeto con identidad "com.videoclub.pojo.Rental:16" va a tener los campos siguientes almacendados en el objeto de Level 2 cache : [0, 1, 2, 3, 4]
17:28:02,565 (main) DEBUG [DataNucleus.Cache] - El objeto con identidad "com.videoclub.pojo.Rental:13" va a tener los campos siguientes almacendados en el objeto de Level 2 cache : [0, 1, 2, 3, 4]
17:28:02,565 (main) DEBUG [DataNucleus.Transaction] - Committing [DataNucleus Transaction, ID=1418522280-44, enlisted resources=[org.datanucleus.store.rdbms.ConnectionFactoryImpl$EmulatedXAResource@421d54b3]]
17:28:02,565 (main) DEBUG [DataNucleus.Connection] - ManagedConnection VA A COMMIT : "org.datanucleus.store.rdbms.ConnectionFactoryImpl$ManagedConnectionImpl@487cd177 [conn=org.datanucleus.store.rdbms.datasource.dbcp2.PoolingDataSource$PoolGuardConnectionWrapper@324b6a56, commitOnRelease=false, closeOnRelease=false, closeOnTxnEnd=true]"
17:28:02,566 (main) DEBUG [DataNucleus.Connection] - ManagedConnection CERRADO : "org.datanucleus.store.rdbms.ConnectionFactoryImpl$ManagedConnectionImpl@487cd177 [conn=org.datanucleus.store.rdbms.datasource.dbcp2.PoolingDataSource$PoolGuardConnectionWrapper@324b6a56, commitOnRelease=false, closeOnRelease=false, closeOnTxnEnd=true]" 
17:28:02,566 (main) DEBUG [DataNucleus.Persistence] - Haciendo el objeto detachado : "com.videoclub.pojo.Rental@36359723" (profundidad=0)
17:28:02,566 (main) DEBUG [DataNucleus.Persistence] - El objeto con identidad "com.videoclub.pojo.Rental:8" va a tener el SCO wrapper en el campo "rentalDate" cambiado por el valor
17:28:02,566 (main) DEBUG [DataNucleus.Persistence] - El objeto con identidad "com.videoclub.pojo.Rental:8" va a tener el SCO wrapper en el campo "returnDate" cambiado por el valor
17:28:02,566 (main) DEBUG [DataNucleus.Persistence] - Objeto con identidad "com.videoclub.pojo.Rental:8" tiene cambio de lifeycle : "P_CLEAN"->"DETACHED_CLEAN"
17:28:02,566 (main) DEBUG [DataNucleus.Transaction] - Objeto con identidad "com.videoclub.pojo.Rental:8" fue borrado de la cache transactional
17:28:02,566 (main) DEBUG [DataNucleus.Persistence] - Disconectando objeto con identidad "com.videoclub.pojo.Rental:8" de StateManager[pc=com.videoclub.pojo.Rental@36359723, lifecycle=DETACHED_CLEAN]
17:28:02,566 (main) DEBUG [DataNucleus.Cache] - Objeto con identidad="com.videoclub.pojo.Rental:8" borrado de la Cache de nivel 1
17:28:02,566 (main) DEBUG [DataNucleus.Persistence] - Haciendo el objeto detachado : "com.videoclub.pojo.Rental@77b5148c" (profundidad=0)
17:28:02,566 (main) DEBUG [DataNucleus.Persistence] - El objeto con identidad "com.videoclub.pojo.Rental:7" va a tener el SCO wrapper en el campo "rentalDate" cambiado por el valor
17:28:02,566 (main) DEBUG [DataNucleus.Persistence] - El objeto con identidad "com.videoclub.pojo.Rental:7" va a tener el SCO wrapper en el campo "returnDate" cambiado por el valor
17:28:02,566 (main) DEBUG [DataNucleus.Persistence] - Objeto con identidad "com.videoclub.pojo.Rental:7" tiene cambio de lifeycle : "P_CLEAN"->"DETACHED_CLEAN"
17:28:02,566 (main) DEBUG [DataNucleus.Transaction] - Objeto con identidad "com.videoclub.pojo.Rental:7" fue borrado de la cache transactional
17:28:02,566 (main) DEBUG [DataNucleus.Persistence] - Disconectando objeto con identidad "com.videoclub.pojo.Rental:7" de StateManager[pc=com.videoclub.pojo.Rental@77b5148c, lifecycle=DETACHED_CLEAN]
17:28:02,566 (main) DEBUG [DataNucleus.Cache] - Objeto con identidad="com.videoclub.pojo.Rental:7" borrado de la Cache de nivel 1
17:28:02,566 (main) DEBUG [DataNucleus.Persistence] - Haciendo el objeto detachado : "com.videoclub.pojo.Rental@4b88ca8e" (profundidad=0)
17:28:02,566 (main) DEBUG [DataNucleus.Persistence] - El objeto con identidad "com.videoclub.pojo.Rental:14" va a tener el SCO wrapper en el campo "rentalDate" cambiado por el valor
17:28:02,566 (main) DEBUG [DataNucleus.Persistence] - El objeto con identidad "com.videoclub.pojo.Rental:14" va a tener el SCO wrapper en el campo "returnDate" cambiado por el valor
17:28:02,566 (main) DEBUG [DataNucleus.Persistence] - Objeto con identidad "com.videoclub.pojo.Rental:14" tiene cambio de lifeycle : "P_CLEAN"->"DETACHED_CLEAN"
17:28:02,566 (main) DEBUG [DataNucleus.Transaction] - Objeto con identidad "com.videoclub.pojo.Rental:14" fue borrado de la cache transactional
17:28:02,566 (main) DEBUG [DataNucleus.Persistence] - Disconectando objeto con identidad "com.videoclub.pojo.Rental:14" de StateManager[pc=com.videoclub.pojo.Rental@4b88ca8e, lifecycle=DETACHED_CLEAN]
17:28:02,566 (main) DEBUG [DataNucleus.Cache] - Objeto con identidad="com.videoclub.pojo.Rental:14" borrado de la Cache de nivel 1
17:28:02,566 (main) DEBUG [DataNucleus.Persistence] - Haciendo el objeto detachado : "com.videoclub.pojo.Rental@24dd44f9" (profundidad=0)
17:28:02,566 (main) DEBUG [DataNucleus.Persistence] - El objeto con identidad "com.videoclub.pojo.Rental:1" va a tener el SCO wrapper en el campo "rentalDate" cambiado por el valor
17:28:02,567 (main) DEBUG [DataNucleus.Persistence] - El objeto con identidad "com.videoclub.pojo.Rental:1" va a tener el SCO wrapper en el campo "returnDate" cambiado por el valor
17:28:02,567 (main) DEBUG [DataNucleus.Persistence] - Objeto con identidad "com.videoclub.pojo.Rental:1" tiene cambio de lifeycle : "P_CLEAN"->"DETACHED_CLEAN"
17:28:02,567 (main) DEBUG [DataNucleus.Transaction] - Objeto con identidad "com.videoclub.pojo.Rental:1" fue borrado de la cache transactional
17:28:02,567 (main) DEBUG [DataNucleus.Persistence] - Disconectando objeto con identidad "com.videoclub.pojo.Rental:1" de StateManager[pc=com.videoclub.pojo.Rental@24dd44f9, lifecycle=DETACHED_CLEAN]
17:28:02,567 (main) DEBUG [DataNucleus.Cache] - Objeto con identidad="com.videoclub.pojo.Rental:1" borrado de la Cache de nivel 1
17:28:02,567 (main) DEBUG [DataNucleus.Persistence] - Haciendo el objeto detachado : "com.videoclub.pojo.Rental@49fdbe2b" (profundidad=0)
17:28:02,567 (main) DEBUG [DataNucleus.Persistence] - El objeto con identidad "com.videoclub.pojo.Rental:11" va a tener el SCO wrapper en el campo "rentalDate" cambiado por el valor
17:28:02,567 (main) DEBUG [DataNucleus.Persistence] - El objeto con identidad "com.videoclub.pojo.Rental:11" va a tener el SCO wrapper en el campo "returnDate" cambiado por el valor
17:28:02,567 (main) DEBUG [DataNucleus.Persistence] - Objeto con identidad "com.videoclub.pojo.Rental:11" tiene cambio de lifeycle : "P_CLEAN"->"DETACHED_CLEAN"
17:28:02,567 (main) DEBUG [DataNucleus.Transaction] - Objeto con identidad "com.videoclub.pojo.Rental:11" fue borrado de la cache transactional
17:28:02,567 (main) DEBUG [DataNucleus.Persistence] - Disconectando objeto con identidad "com.videoclub.pojo.Rental:11" de StateManager[pc=com.videoclub.pojo.Rental@49fdbe2b, lifecycle=DETACHED_CLEAN]
17:28:02,567 (main) DEBUG [DataNucleus.Cache] - Objeto con identidad="com.videoclub.pojo.Rental:11" borrado de la Cache de nivel 1
17:28:02,567 (main) DEBUG [DataNucleus.Persistence] - Haciendo el objeto detachado : "com.videoclub.pojo.Rental@ccd341d" (profundidad=0)
17:28:02,567 (main) DEBUG [DataNucleus.Persistence] - El objeto con identidad "com.videoclub.pojo.Rental:2" va a tener el SCO wrapper en el campo "rentalDate" cambiado por el valor
17:28:02,567 (main) DEBUG [DataNucleus.Persistence] - El objeto con identidad "com.videoclub.pojo.Rental:2" va a tener el SCO wrapper en el campo "returnDate" cambiado por el valor
17:28:02,567 (main) DEBUG [DataNucleus.Persistence] - Objeto con identidad "com.videoclub.pojo.Rental:2" tiene cambio de lifeycle : "P_CLEAN"->"DETACHED_CLEAN"
17:28:02,567 (main) DEBUG [DataNucleus.Transaction] - Objeto con identidad "com.videoclub.pojo.Rental:2" fue borrado de la cache transactional
17:28:02,567 (main) DEBUG [DataNucleus.Persistence] - Disconectando objeto con identidad "com.videoclub.pojo.Rental:2" de StateManager[pc=com.videoclub.pojo.Rental@ccd341d, lifecycle=DETACHED_CLEAN]
17:28:02,567 (main) DEBUG [DataNucleus.Cache] - Objeto con identidad="com.videoclub.pojo.Rental:2" borrado de la Cache de nivel 1
17:28:02,567 (main) DEBUG [DataNucleus.Persistence] - Haciendo el objeto detachado : "com.videoclub.pojo.Rental@30a7653e" (profundidad=0)
17:28:02,567 (main) DEBUG [DataNucleus.Persistence] - El objeto con identidad "com.videoclub.pojo.Rental:20" va a tener el SCO wrapper en el campo "rentalDate" cambiado por el valor
17:28:02,567 (main) DEBUG [DataNucleus.Persistence] - El objeto con identidad "com.videoclub.pojo.Rental:20" va a tener el SCO wrapper en el campo "returnDate" cambiado por el valor
17:28:02,567 (main) DEBUG [DataNucleus.Persistence] - Objeto con identidad "com.videoclub.pojo.Rental:20" tiene cambio de lifeycle : "P_CLEAN"->"DETACHED_CLEAN"
17:28:02,567 (main) DEBUG [DataNucleus.Transaction] - Objeto con identidad "com.videoclub.pojo.Rental:20" fue borrado de la cache transactional
17:28:02,567 (main) DEBUG [DataNucleus.Persistence] - Disconectando objeto con identidad "com.videoclub.pojo.Rental:20" de StateManager[pc=com.videoclub.pojo.Rental@30a7653e, lifecycle=DETACHED_CLEAN]
17:28:02,567 (main) DEBUG [DataNucleus.Cache] - Objeto con identidad="com.videoclub.pojo.Rental:20" borrado de la Cache de nivel 1
17:28:02,567 (main) DEBUG [DataNucleus.Persistence] - Haciendo el objeto detachado : "com.videoclub.pojo.Rental@7a65a360" (profundidad=0)
17:28:02,567 (main) DEBUG [DataNucleus.Persistence] - El objeto con identidad "com.videoclub.pojo.Rental:19" va a tener el SCO wrapper en el campo "rentalDate" cambiado por el valor
17:28:02,567 (main) DEBUG [DataNucleus.Persistence] - El objeto con identidad "com.videoclub.pojo.Rental:19" va a tener el SCO wrapper en el campo "returnDate" cambiado por el valor
17:28:02,567 (main) DEBUG [DataNucleus.Persistence] - Objeto con identidad "com.videoclub.pojo.Rental:19" tiene cambio de lifeycle : "P_CLEAN"->"DETACHED_CLEAN"
17:28:02,567 (main) DEBUG [DataNucleus.Transaction] - Objeto con identidad "com.videoclub.pojo.Rental:19" fue borrado de la cache transactional
17:28:02,567 (main) DEBUG [DataNucleus.Persistence] - Disconectando objeto con identidad "com.videoclub.pojo.Rental:19" de StateManager[pc=com.videoclub.pojo.Rental@7a65a360, lifecycle=DETACHED_CLEAN]
17:28:02,567 (main) DEBUG [DataNucleus.Cache] - Objeto con identidad="com.videoclub.pojo.Rental:19" borrado de la Cache de nivel 1
17:28:02,567 (main) DEBUG [DataNucleus.Persistence] - Haciendo el objeto detachado : "com.videoclub.pojo.Rental@1ab14636" (profundidad=0)
17:28:02,567 (main) DEBUG [DataNucleus.Persistence] - El objeto con identidad "com.videoclub.pojo.Rental:9" va a tener el SCO wrapper en el campo "rentalDate" cambiado por el valor
17:28:02,567 (main) DEBUG [DataNucleus.Persistence] - El objeto con identidad "com.videoclub.pojo.Rental:9" va a tener el SCO wrapper en el campo "returnDate" cambiado por el valor
17:28:02,567 (main) DEBUG [DataNucleus.Persistence] - Objeto con identidad "com.videoclub.pojo.Rental:9" tiene cambio de lifeycle : "P_CLEAN"->"DETACHED_CLEAN"
17:28:02,567 (main) DEBUG [DataNucleus.Transaction] - Objeto con identidad "com.videoclub.pojo.Rental:9" fue borrado de la cache transactional
17:28:02,567 (main) DEBUG [DataNucleus.Persistence] - Disconectando objeto con identidad "com.videoclub.pojo.Rental:9" de StateManager[pc=com.videoclub.pojo.Rental@1ab14636, lifecycle=DETACHED_CLEAN]
17:28:02,567 (main) DEBUG [DataNucleus.Cache] - Objeto con identidad="com.videoclub.pojo.Rental:9" borrado de la Cache de nivel 1
17:28:02,567 (main) DEBUG [DataNucleus.Persistence] - Haciendo el objeto detachado : "com.videoclub.pojo.Rental@53eba4b8" (profundidad=0)
17:28:02,567 (main) DEBUG [DataNucleus.Persistence] - El objeto con identidad "com.videoclub.pojo.Rental:12" va a tener el SCO wrapper en el campo "rentalDate" cambiado por el valor
17:28:02,567 (main) DEBUG [DataNucleus.Persistence] - El objeto con identidad "com.videoclub.pojo.Rental:12" va a tener el SCO wrapper en el campo "returnDate" cambiado por el valor
17:28:02,567 (main) DEBUG [DataNucleus.Persistence] - Objeto con identidad "com.videoclub.pojo.Rental:12" tiene cambio de lifeycle : "P_CLEAN"->"DETACHED_CLEAN"
17:28:02,567 (main) DEBUG [DataNucleus.Transaction] - Objeto con identidad "com.videoclub.pojo.Rental:12" fue borrado de la cache transactional
17:28:02,567 (main) DEBUG [DataNucleus.Persistence] - Disconectando objeto con identidad "com.videoclub.pojo.Rental:12" de StateManager[pc=com.videoclub.pojo.Rental@53eba4b8, lifecycle=DETACHED_CLEAN]
17:28:02,567 (main) DEBUG [DataNucleus.Cache] - Objeto con identidad="com.videoclub.pojo.Rental:12" borrado de la Cache de nivel 1
17:28:02,567 (main) DEBUG [DataNucleus.Persistence] - Haciendo el objeto detachado : "com.videoclub.pojo.Rental@7197b07f" (profundidad=0)
17:28:02,567 (main) DEBUG [DataNucleus.Persistence] - El objeto con identidad "com.videoclub.pojo.Rental:18" va a tener el SCO wrapper en el campo "rentalDate" cambiado por el valor
17:28:02,567 (main) DEBUG [DataNucleus.Persistence] - El objeto con identidad "com.videoclub.pojo.Rental:18" va a tener el SCO wrapper en el campo "returnDate" cambiado por el valor
17:28:02,567 (main) DEBUG [DataNucleus.Persistence] - Objeto con identidad "com.videoclub.pojo.Rental:18" tiene cambio de lifeycle : "P_CLEAN"->"DETACHED_CLEAN"
17:28:02,567 (main) DEBUG [DataNucleus.Transaction] - Objeto con identidad "com.videoclub.pojo.Rental:18" fue borrado de la cache transactional
17:28:02,567 (main) DEBUG [DataNucleus.Persistence] - Disconectando objeto con identidad "com.videoclub.pojo.Rental:18" de StateManager[pc=com.videoclub.pojo.Rental@7197b07f, lifecycle=DETACHED_CLEAN]
17:28:02,567 (main) DEBUG [DataNucleus.Cache] - Objeto con identidad="com.videoclub.pojo.Rental:18" borrado de la Cache de nivel 1
17:28:02,567 (main) DEBUG [DataNucleus.Persistence] - Haciendo el objeto detachado : "com.videoclub.pojo.Rental@7c46c9c3" (profundidad=0)
17:28:02,567 (main) DEBUG [DataNucleus.Persistence] - El objeto con identidad "com.videoclub.pojo.Rental:17" va a tener el SCO wrapper en el campo "rentalDate" cambiado por el valor
17:28:02,567 (main) DEBUG [DataNucleus.Persistence] - El objeto con identidad "com.videoclub.pojo.Rental:17" va a tener el SCO wrapper en el campo "returnDate" cambiado por el valor
17:28:02,567 (main) DEBUG [DataNucleus.Persistence] - Objeto con identidad "com.videoclub.pojo.Rental:17" tiene cambio de lifeycle : "P_CLEAN"->"DETACHED_CLEAN"
17:28:02,567 (main) DEBUG [DataNucleus.Transaction] - Objeto con identidad "com.videoclub.pojo.Rental:17" fue borrado de la cache transactional
17:28:02,567 (main) DEBUG [DataNucleus.Persistence] - Disconectando objeto con identidad "com.videoclub.pojo.Rental:17" de StateManager[pc=com.videoclub.pojo.Rental@7c46c9c3, lifecycle=DETACHED_CLEAN]
17:28:02,567 (main) DEBUG [DataNucleus.Cache] - Objeto con identidad="com.videoclub.pojo.Rental:17" borrado de la Cache de nivel 1
17:28:02,567 (main) DEBUG [DataNucleus.Persistence] - Haciendo el objeto detachado : "com.videoclub.pojo.Rental@6ee5f485" (profundidad=0)
17:28:02,567 (main) DEBUG [DataNucleus.Persistence] - El objeto con identidad "com.videoclub.pojo.Rental:4" va a tener el SCO wrapper en el campo "rentalDate" cambiado por el valor
17:28:02,567 (main) DEBUG [DataNucleus.Persistence] - El objeto con identidad "com.videoclub.pojo.Rental:4" va a tener el SCO wrapper en el campo "returnDate" cambiado por el valor
17:28:02,567 (main) DEBUG [DataNucleus.Persistence] - Objeto con identidad "com.videoclub.pojo.Rental:4" tiene cambio de lifeycle : "P_CLEAN"->"DETACHED_CLEAN"
17:28:02,567 (main) DEBUG [DataNucleus.Transaction] - Objeto con identidad "com.videoclub.pojo.Rental:4" fue borrado de la cache transactional
17:28:02,567 (main) DEBUG [DataNucleus.Persistence] - Disconectando objeto con identidad "com.videoclub.pojo.Rental:4" de StateManager[pc=com.videoclub.pojo.Rental@6ee5f485, lifecycle=DETACHED_CLEAN]
17:28:02,567 (main) DEBUG [DataNucleus.Cache] - Objeto con identidad="com.videoclub.pojo.Rental:4" borrado de la Cache de nivel 1
17:28:02,567 (main) DEBUG [DataNucleus.Persistence] - Haciendo el objeto detachado : "com.videoclub.pojo.Rental@16b3c905" (profundidad=0)
17:28:02,567 (main) DEBUG [DataNucleus.Persistence] - El objeto con identidad "com.videoclub.pojo.Rental:10" va a tener el SCO wrapper en el campo "rentalDate" cambiado por el valor
17:28:02,567 (main) DEBUG [DataNucleus.Persistence] - El objeto con identidad "com.videoclub.pojo.Rental:10" va a tener el SCO wrapper en el campo "returnDate" cambiado por el valor
17:28:02,567 (main) DEBUG [DataNucleus.Persistence] - Objeto con identidad "com.videoclub.pojo.Rental:10" tiene cambio de lifeycle : "P_CLEAN"->"DETACHED_CLEAN"
17:28:02,567 (main) DEBUG [DataNucleus.Transaction] - Objeto con identidad "com.videoclub.pojo.Rental:10" fue borrado de la cache transactional
17:28:02,567 (main) DEBUG [DataNucleus.Persistence] - Disconectando objeto con identidad "com.videoclub.pojo.Rental:10" de StateManager[pc=com.videoclub.pojo.Rental@16b3c905, lifecycle=DETACHED_CLEAN]
17:28:02,567 (main) DEBUG [DataNucleus.Cache] - Objeto con identidad="com.videoclub.pojo.Rental:10" borrado de la Cache de nivel 1
17:28:02,567 (main) DEBUG [DataNucleus.Persistence] - Haciendo el objeto detachado : "com.videoclub.pojo.Rental@4f1fb828" (profundidad=0)
17:28:02,567 (main) DEBUG [DataNucleus.Persistence] - El objeto con identidad "com.videoclub.pojo.Rental:3" va a tener el SCO wrapper en el campo "rentalDate" cambiado por el valor
17:28:02,567 (main) DEBUG [DataNucleus.Persistence] - El objeto con identidad "com.videoclub.pojo.Rental:3" va a tener el SCO wrapper en el campo "returnDate" cambiado por el valor
17:28:02,567 (main) DEBUG [DataNucleus.Persistence] - Objeto con identidad "com.videoclub.pojo.Rental:3" tiene cambio de lifeycle : "P_CLEAN"->"DETACHED_CLEAN"
17:28:02,567 (main) DEBUG [DataNucleus.Transaction] - Objeto con identidad "com.videoclub.pojo.Rental:3" fue borrado de la cache transactional
17:28:02,567 (main) DEBUG [DataNucleus.Persistence] - Disconectando objeto con identidad "com.videoclub.pojo.Rental:3" de StateManager[pc=com.videoclub.pojo.Rental@4f1fb828, lifecycle=DETACHED_CLEAN]
17:28:02,567 (main) DEBUG [DataNucleus.Cache] - Objeto con identidad="com.videoclub.pojo.Rental:3" borrado de la Cache de nivel 1
17:28:02,567 (main) DEBUG [DataNucleus.Persistence] - Haciendo el objeto detachado : "com.videoclub.pojo.Rental@20d19f2c" (profundidad=0)
17:28:02,567 (main) DEBUG [DataNucleus.Persistence] - El objeto con identidad "com.videoclub.pojo.Rental:5" va a tener el SCO wrapper en el campo "rentalDate" cambiado por el valor
17:28:02,567 (main) DEBUG [DataNucleus.Persistence] - El objeto con identidad "com.videoclub.pojo.Rental:5" va a tener el SCO wrapper en el campo "returnDate" cambiado por el valor
17:28:02,567 (main) DEBUG [DataNucleus.Persistence] - Objeto con identidad "com.videoclub.pojo.Rental:5" tiene cambio de lifeycle : "P_CLEAN"->"DETACHED_CLEAN"
17:28:02,567 (main) DEBUG [DataNucleus.Transaction] - Objeto con identidad "com.videoclub.pojo.Rental:5" fue borrado de la cache transactional
17:28:02,567 (main) DEBUG [DataNucleus.Persistence] - Disconectando objeto con identidad "com.videoclub.pojo.Rental:5" de StateManager[pc=com.videoclub.pojo.Rental@20d19f2c, lifecycle=DETACHED_CLEAN]
17:28:02,567 (main) DEBUG [DataNucleus.Cache] - Objeto con identidad="com.videoclub.pojo.Rental:5" borrado de la Cache de nivel 1
17:28:02,567 (main) DEBUG [DataNucleus.Persistence] - Haciendo el objeto detachado : "com.videoclub.pojo.Rental@6fa02932" (profundidad=0)
17:28:02,567 (main) DEBUG [DataNucleus.Persistence] - El objeto con identidad "com.videoclub.pojo.Rental:15" va a tener el SCO wrapper en el campo "rentalDate" cambiado por el valor
17:28:02,568 (main) DEBUG [DataNucleus.Persistence] - El objeto con identidad "com.videoclub.pojo.Rental:15" va a tener el SCO wrapper en el campo "returnDate" cambiado por el valor
17:28:02,568 (main) DEBUG [DataNucleus.Persistence] - Objeto con identidad "com.videoclub.pojo.Rental:15" tiene cambio de lifeycle : "P_CLEAN"->"DETACHED_CLEAN"
17:28:02,568 (main) DEBUG [DataNucleus.Transaction] - Objeto con identidad "com.videoclub.pojo.Rental:15" fue borrado de la cache transactional
17:28:02,568 (main) DEBUG [DataNucleus.Persistence] - Disconectando objeto con identidad "com.videoclub.pojo.Rental:15" de StateManager[pc=com.videoclub.pojo.Rental@6fa02932, lifecycle=DETACHED_CLEAN]
17:28:02,568 (main) DEBUG [DataNucleus.Cache] - Objeto con identidad="com.videoclub.pojo.Rental:15" borrado de la Cache de nivel 1
17:28:02,568 (main) DEBUG [DataNucleus.Persistence] - Haciendo el objeto detachado : "com.videoclub.pojo.Rental@45592af7" (profundidad=0)
17:28:02,568 (main) DEBUG [DataNucleus.Persistence] - El objeto con identidad "com.videoclub.pojo.Rental:6" va a tener el SCO wrapper en el campo "rentalDate" cambiado por el valor
17:28:02,568 (main) DEBUG [DataNucleus.Persistence] - El objeto con identidad "com.videoclub.pojo.Rental:6" va a tener el SCO wrapper en el campo "returnDate" cambiado por el valor
17:28:02,568 (main) DEBUG [DataNucleus.Persistence] - Objeto con identidad "com.videoclub.pojo.Rental:6" tiene cambio de lifeycle : "P_CLEAN"->"DETACHED_CLEAN"
17:28:02,568 (main) DEBUG [DataNucleus.Transaction] - Objeto con identidad "com.videoclub.pojo.Rental:6" fue borrado de la cache transactional
17:28:02,568 (main) DEBUG [DataNucleus.Persistence] - Disconectando objeto con identidad "com.videoclub.pojo.Rental:6" de StateManager[pc=com.videoclub.pojo.Rental@45592af7, lifecycle=DETACHED_CLEAN]
17:28:02,568 (main) DEBUG [DataNucleus.Cache] - Objeto con identidad="com.videoclub.pojo.Rental:6" borrado de la Cache de nivel 1
17:28:02,568 (main) DEBUG [DataNucleus.Persistence] - Haciendo el objeto detachado : "com.videoclub.pojo.Rental@61608e1a" (profundidad=0)
17:28:02,568 (main) DEBUG [DataNucleus.Persistence] - El objeto con identidad "com.videoclub.pojo.Rental:16" va a tener el SCO wrapper en el campo "rentalDate" cambiado por el valor
17:28:02,568 (main) DEBUG [DataNucleus.Persistence] - El objeto con identidad "com.videoclub.pojo.Rental:16" va a tener el SCO wrapper en el campo "returnDate" cambiado por el valor
17:28:02,568 (main) DEBUG [DataNucleus.Persistence] - Objeto con identidad "com.videoclub.pojo.Rental:16" tiene cambio de lifeycle : "P_CLEAN"->"DETACHED_CLEAN"
17:28:02,568 (main) DEBUG [DataNucleus.Transaction] - Objeto con identidad "com.videoclub.pojo.Rental:16" fue borrado de la cache transactional
17:28:02,568 (main) DEBUG [DataNucleus.Persistence] - Disconectando objeto con identidad "com.videoclub.pojo.Rental:16" de StateManager[pc=com.videoclub.pojo.Rental@61608e1a, lifecycle=DETACHED_CLEAN]
17:28:02,568 (main) DEBUG [DataNucleus.Cache] - Objeto con identidad="com.videoclub.pojo.Rental:16" borrado de la Cache de nivel 1
17:28:02,568 (main) DEBUG [DataNucleus.Persistence] - Haciendo el objeto detachado : "com.videoclub.pojo.Rental@437bd805" (profundidad=0)
17:28:02,568 (main) DEBUG [DataNucleus.Persistence] - El objeto con identidad "com.videoclub.pojo.Rental:13" va a tener el SCO wrapper en el campo "rentalDate" cambiado por el valor
17:28:02,568 (main) DEBUG [DataNucleus.Persistence] - El objeto con identidad "com.videoclub.pojo.Rental:13" va a tener el SCO wrapper en el campo "returnDate" cambiado por el valor
17:28:02,568 (main) DEBUG [DataNucleus.Persistence] - Objeto con identidad "com.videoclub.pojo.Rental:13" tiene cambio de lifeycle : "P_CLEAN"->"DETACHED_CLEAN"
17:28:02,568 (main) DEBUG [DataNucleus.Transaction] - Objeto con identidad "com.videoclub.pojo.Rental:13" fue borrado de la cache transactional
17:28:02,568 (main) DEBUG [DataNucleus.Persistence] - Disconectando objeto con identidad "com.videoclub.pojo.Rental:13" de StateManager[pc=com.videoclub.pojo.Rental@437bd805, lifecycle=DETACHED_CLEAN]
17:28:02,568 (main) DEBUG [DataNucleus.Cache] - Objeto con identidad="com.videoclub.pojo.Rental:13" borrado de la Cache de nivel 1
17:28:02,568 (main) DEBUG [DataNucleus.Transaction] - Transacción committed en 6 ms
17:28:02,568 (main) DEBUG [DataNucleus.Persistence] - ExecutionContext "org.datanucleus.ExecutionContextImpl@34dc85a" se cerró
]]></system-out>
  </testcase>
  <testcase name="AddUserResource" classname="com.videoclub.testing.IntegrationIT" time="0.027">
    <system-out><![CDATA[17:28:02,592 (main) DEBUG [DataNucleus.Persistence] - ExecutionContext "org.datanucleus.ExecutionContextImpl@34dc85a" se abrió para la base de datos "org.datanucleus.store.rdbms.RDBMSStoreManager@6d4a65c6" con transaccion="org.datanucleus.transaction.TransactionImpl@7fd4e815"
17:28:02,592 (main) DEBUG [DataNucleus.Transaction] - Transaction created [DataNucleus Transaction, ID=1418522280-45, enlisted resources=[]]
17:28:02,592 (main) DEBUG [DataNucleus.Transaction] - Transacción empezada para el ExecutionContext org.datanucleus.ExecutionContextImpl@34dc85a (optimistic=false)
17:28:02,592 (main) DEBUG [DataNucleus.Query] - Query "SELECT FROM com.videoclub.pojo.User FetchPlan [default]" de lenguaje "JDOQL" existe, por eso utilizamos la compilacion general de antes.
17:28:02,592 (main) DEBUG [DataNucleus.Query] - Query "SELECT FROM com.videoclub.pojo.User FetchPlan [default]" de lenguaje "JDOQL" para la base de datos "rdbms-mysql" existe, por eso utilizamos la compilacion de datastore de antes
17:28:02,593 (main) DEBUG [DataNucleus.Connection] - ManagedConnection ABIERTO : "org.datanucleus.store.rdbms.ConnectionFactoryImpl$ManagedConnectionImpl@4cffd3fd [conn=org.datanucleus.store.rdbms.datasource.dbcp2.PoolingDataSource$PoolGuardConnectionWrapper@14b31e37, commitOnRelease=false, closeOnRelease=false, closeOnTxnEnd=true]" en resource "tx" con isolación "read-committed" y auto-commit=false
17:28:02,593 (main) DEBUG [DataNucleus.Transaction] - Running enlist operation on resource: org.datanucleus.store.rdbms.ConnectionFactoryImpl$EmulatedXAResource@1142d377, error code TMNOFLAGS and transaction [DataNucleus Transaction, ID=1418522280-45, enlisted resources=[]]
17:28:02,593 (main) DEBUG [DataNucleus.Query] - Query de JDOQL : Ejecucion de "SELECT FROM com.videoclub.pojo.User" ...
17:28:02,593 (main) DEBUG [DataNucleus.Datastore] - Utilizando PreparedStatement "com.mysql.cj.jdbc.ClientPreparedStatement: SELECT 'com.videoclub.pojo.User' AS `DN_TYPE`,`A0`.`CODE`,`A0`.`EMAIL`,`A0`.`NAME`,`A0`.`PASSWORD`,`A0`.`SURNAME`,`A0`.`TYPE`,`A0`.`USERNAME` FROM `USER` `A0`" para la conneccion "org.datanucleus.store.rdbms.datasource.dbcp2.PoolingDataSource$PoolGuardConnectionWrapper@14b31e37"
17:28:02,593 (main) DEBUG [DataNucleus.Datastore.Native] - SELECT 'com.videoclub.pojo.User' AS `DN_TYPE`,`A0`.`CODE`,`A0`.`EMAIL`,`A0`.`NAME`,`A0`.`PASSWORD`,`A0`.`SURNAME`,`A0`.`TYPE`,`A0`.`USERNAME` FROM `USER` `A0`
17:28:02,594 (main) DEBUG [DataNucleus.Datastore.Retrieve] - SQL Tiempo de cumplir = 1 ms
17:28:02,594 (main) DEBUG [DataNucleus.Query] - Query de JDOQL : Tiempo de ejecutar = 1 ms
17:28:02,594 (main) DEBUG [DataNucleus.Transaction] - Haciendo commit de la transaacción para el ExecutionContext org.datanucleus.ExecutionContextImpl@34dc85a
17:28:02,594 (main) DEBUG [DataNucleus.Query] - Leyendo los resultados del query "SELECT FROM com.videoclub.pojo.User" como la conneccion va a cerrar o cometer
17:28:02,594 (main) DEBUG [DataNucleus.Cache] - Objeto con identidad "com.videoclub.pojo.User:1" no esta en la Cache de nivel 1
17:28:02,594 (main) DEBUG [DataNucleus.Cache] - Objeto con identidad "com.videoclub.pojo.User:1" añadido a la Cache de nivel 1 (loadedFlags="[YNNNNNN]")
17:28:02,594 (main) DEBUG [DataNucleus.Transaction] - Objeto con identidad "com.videoclub.pojo.User:1" ha sido puesto en la cache transaccional
17:28:02,594 (main) DEBUG [DataNucleus.Cache] - Objeto con identidad "com.videoclub.pojo.User:1" obtenido de la Cache nivel 2 (campos="[0, 1, 2, 3, 4, 5, 6]", version="") - representado como "com.videoclub.pojo.User@62d40e31"
17:28:02,594 (main) DEBUG [DataNucleus.Cache] - Objeto con identidad "com.videoclub.pojo.User:2" no esta en la Cache de nivel 1
17:28:02,594 (main) DEBUG [DataNucleus.Cache] - Objeto con identidad "com.videoclub.pojo.User:2" añadido a la Cache de nivel 1 (loadedFlags="[YNNNNNN]")
17:28:02,594 (main) DEBUG [DataNucleus.Transaction] - Objeto con identidad "com.videoclub.pojo.User:2" ha sido puesto en la cache transaccional
17:28:02,594 (main) DEBUG [DataNucleus.Cache] - Objeto con identidad "com.videoclub.pojo.User:2" obtenido de la Cache nivel 2 (campos="[0, 1, 2, 3, 4, 5, 6]", version="") - representado como "com.videoclub.pojo.User@650aa077"
17:28:02,594 (main) DEBUG [DataNucleus.Cache] - Objeto con identidad "com.videoclub.pojo.User:3" no esta en la Cache de nivel 1
17:28:02,594 (main) DEBUG [DataNucleus.Cache] - Objeto con identidad "com.videoclub.pojo.User:3" añadido a la Cache de nivel 1 (loadedFlags="[YNNNNNN]")
17:28:02,594 (main) DEBUG [DataNucleus.Transaction] - Objeto con identidad "com.videoclub.pojo.User:3" ha sido puesto en la cache transaccional
17:28:02,594 (main) DEBUG [DataNucleus.Cache] - Objeto con identidad "com.videoclub.pojo.User:3" obtenido de la Cache nivel 2 (campos="[0, 1, 2, 3, 4, 5, 6]", version="") - representado como "com.videoclub.pojo.User@7ce29a2d"
17:28:02,594 (main) DEBUG [DataNucleus.Cache] - Objeto con identidad "com.videoclub.pojo.User:11" no esta en la Cache de nivel 1
17:28:02,594 (main) DEBUG [DataNucleus.Cache] - Objeto con id "com.videoclub.pojo.User:11" no esta en la Cache de nivel 2
17:28:02,594 (main) DEBUG [DataNucleus.Cache] - Objeto con identidad "com.videoclub.pojo.User:11" añadido a la Cache de nivel 1 (loadedFlags="[YNNNNNN]")
17:28:02,595 (main) DEBUG [DataNucleus.Cache] - Objeto con identidad "com.videoclub.pojo.User:11" añadido a la Cache de nivel 2 (campos="[0, 1, 2, 3, 4, 5, 6]", version="")
17:28:02,595 (main) DEBUG [DataNucleus.Persistence] - ExecutionContext.internalFlush() empezado con flush ordenado - 0 objetos registrados
17:28:02,595 (main) DEBUG [DataNucleus.Persistence] - ExecutionContext.internalFlush() terminado
17:28:02,595 (main) DEBUG [DataNucleus.Persistence] - Persistence-By-Reachability (commit) : EMPIEZA
17:28:02,595 (main) DEBUG [DataNucleus.Persistence] - Persistence-By-Reachability (commit) : TERMINADO
17:28:02,595 (main) DEBUG [DataNucleus.Cache] - El objeto con identidad "com.videoclub.pojo.User:3" va a tener los campos siguientes almacendados en el objeto de Level 2 cache : [0, 1, 2, 3, 4, 5, 6]
17:28:02,595 (main) DEBUG [DataNucleus.Cache] - El objeto con identidad "com.videoclub.pojo.User:2" va a tener los campos siguientes almacendados en el objeto de Level 2 cache : [0, 1, 2, 3, 4, 5, 6]
17:28:02,595 (main) DEBUG [DataNucleus.Cache] - El objeto con identidad "com.videoclub.pojo.User:11" va a tener los campos siguientes almacendados en el objeto de Level 2 cache : [0, 1, 2, 3, 4, 5, 6]
17:28:02,595 (main) DEBUG [DataNucleus.Cache] - El objeto con identidad "com.videoclub.pojo.User:1" va a tener los campos siguientes almacendados en el objeto de Level 2 cache : [0, 1, 2, 3, 4, 5, 6]
17:28:02,595 (main) DEBUG [DataNucleus.Transaction] - Committing [DataNucleus Transaction, ID=1418522280-45, enlisted resources=[org.datanucleus.store.rdbms.ConnectionFactoryImpl$EmulatedXAResource@1142d377]]
17:28:02,595 (main) DEBUG [DataNucleus.Connection] - ManagedConnection VA A COMMIT : "org.datanucleus.store.rdbms.ConnectionFactoryImpl$ManagedConnectionImpl@4cffd3fd [conn=org.datanucleus.store.rdbms.datasource.dbcp2.PoolingDataSource$PoolGuardConnectionWrapper@14b31e37, commitOnRelease=false, closeOnRelease=false, closeOnTxnEnd=true]"
17:28:02,595 (main) DEBUG [DataNucleus.Connection] - ManagedConnection CERRADO : "org.datanucleus.store.rdbms.ConnectionFactoryImpl$ManagedConnectionImpl@4cffd3fd [conn=org.datanucleus.store.rdbms.datasource.dbcp2.PoolingDataSource$PoolGuardConnectionWrapper@14b31e37, commitOnRelease=false, closeOnRelease=false, closeOnTxnEnd=true]" 
17:28:02,596 (main) DEBUG [DataNucleus.Persistence] - Haciendo el objeto detachado : "com.videoclub.pojo.User@7ce29a2d" (profundidad=0)
17:28:02,596 (main) DEBUG [DataNucleus.Persistence] - Objeto con identidad "com.videoclub.pojo.User:3" tiene cambio de lifeycle : "P_CLEAN"->"DETACHED_CLEAN"
17:28:02,596 (main) DEBUG [DataNucleus.Transaction] - Objeto con identidad "com.videoclub.pojo.User:3" fue borrado de la cache transactional
17:28:02,596 (main) DEBUG [DataNucleus.Persistence] - Disconectando objeto con identidad "com.videoclub.pojo.User:3" de StateManager[pc=com.videoclub.pojo.User@7ce29a2d, lifecycle=DETACHED_CLEAN]
17:28:02,596 (main) DEBUG [DataNucleus.Cache] - Objeto con identidad="com.videoclub.pojo.User:3" borrado de la Cache de nivel 1
17:28:02,596 (main) DEBUG [DataNucleus.Persistence] - Haciendo el objeto detachado : "com.videoclub.pojo.User@650aa077" (profundidad=0)
17:28:02,596 (main) DEBUG [DataNucleus.Persistence] - Objeto con identidad "com.videoclub.pojo.User:2" tiene cambio de lifeycle : "P_CLEAN"->"DETACHED_CLEAN"
17:28:02,596 (main) DEBUG [DataNucleus.Transaction] - Objeto con identidad "com.videoclub.pojo.User:2" fue borrado de la cache transactional
17:28:02,596 (main) DEBUG [DataNucleus.Persistence] - Disconectando objeto con identidad "com.videoclub.pojo.User:2" de StateManager[pc=com.videoclub.pojo.User@650aa077, lifecycle=DETACHED_CLEAN]
17:28:02,596 (main) DEBUG [DataNucleus.Cache] - Objeto con identidad="com.videoclub.pojo.User:2" borrado de la Cache de nivel 1
17:28:02,596 (main) DEBUG [DataNucleus.Persistence] - Haciendo el objeto detachado : "com.videoclub.pojo.User@35e98af" (profundidad=0)
17:28:02,596 (main) DEBUG [DataNucleus.Persistence] - Objeto con identidad "com.videoclub.pojo.User:11" tiene cambio de lifeycle : "HOLLOW"->"DETACHED_CLEAN"
17:28:02,596 (main) DEBUG [DataNucleus.Persistence] - Disconectando objeto con identidad "com.videoclub.pojo.User:11" de StateManager[pc=com.videoclub.pojo.User@35e98af, lifecycle=DETACHED_CLEAN]
17:28:02,596 (main) DEBUG [DataNucleus.Cache] - Objeto con identidad="com.videoclub.pojo.User:11" borrado de la Cache de nivel 1
17:28:02,596 (main) DEBUG [DataNucleus.Persistence] - Haciendo el objeto detachado : "com.videoclub.pojo.User@62d40e31" (profundidad=0)
17:28:02,596 (main) DEBUG [DataNucleus.Persistence] - Objeto con identidad "com.videoclub.pojo.User:1" tiene cambio de lifeycle : "P_CLEAN"->"DETACHED_CLEAN"
17:28:02,596 (main) DEBUG [DataNucleus.Transaction] - Objeto con identidad "com.videoclub.pojo.User:1" fue borrado de la cache transactional
17:28:02,596 (main) DEBUG [DataNucleus.Persistence] - Disconectando objeto con identidad "com.videoclub.pojo.User:1" de StateManager[pc=com.videoclub.pojo.User@62d40e31, lifecycle=DETACHED_CLEAN]
17:28:02,596 (main) DEBUG [DataNucleus.Cache] - Objeto con identidad="com.videoclub.pojo.User:1" borrado de la Cache de nivel 1
17:28:02,596 (main) DEBUG [DataNucleus.Transaction] - Transacción committed en 2 ms
17:28:02,596 (main) DEBUG [DataNucleus.Persistence] - ExecutionContext "org.datanucleus.ExecutionContextImpl@34dc85a" se cerró
]]></system-out>
  </testcase>
  <testcase name="DeleteRentalResource" classname="com.videoclub.testing.IntegrationIT" time="0.032">
    <system-out><![CDATA[17:28:02,616 (main) DEBUG [DataNucleus.Persistence] - ExecutionContext "org.datanucleus.ExecutionContextImpl@34dc85a" se abrió para la base de datos "org.datanucleus.store.rdbms.RDBMSStoreManager@6d4a65c6" con transaccion="org.datanucleus.transaction.TransactionImpl@6070775e"
17:28:02,616 (main) DEBUG [DataNucleus.Transaction] - Transaction created [DataNucleus Transaction, ID=1418522280-46, enlisted resources=[]]
17:28:02,616 (main) DEBUG [DataNucleus.Transaction] - Transacción empezada para el ExecutionContext org.datanucleus.ExecutionContextImpl@34dc85a (optimistic=false)
17:28:02,616 (main) DEBUG [DataNucleus.Query] - Query "SELECT FROM com.videoclub.pojo.Rental FetchPlan [default]" de lenguaje "JDOQL" existe, por eso utilizamos la compilacion general de antes.
17:28:02,616 (main) DEBUG [DataNucleus.Query] - Query "SELECT FROM com.videoclub.pojo.Rental FetchPlan [default]" de lenguaje "JDOQL" para la base de datos "rdbms-mysql" existe, por eso utilizamos la compilacion de datastore de antes
17:28:02,617 (main) DEBUG [DataNucleus.Connection] - ManagedConnection ABIERTO : "org.datanucleus.store.rdbms.ConnectionFactoryImpl$ManagedConnectionImpl@36ad229b [conn=org.datanucleus.store.rdbms.datasource.dbcp2.PoolingDataSource$PoolGuardConnectionWrapper@55846997, commitOnRelease=false, closeOnRelease=false, closeOnTxnEnd=true]" en resource "tx" con isolación "read-committed" y auto-commit=false
17:28:02,617 (main) DEBUG [DataNucleus.Transaction] - Running enlist operation on resource: org.datanucleus.store.rdbms.ConnectionFactoryImpl$EmulatedXAResource@805e72e, error code TMNOFLAGS and transaction [DataNucleus Transaction, ID=1418522280-46, enlisted resources=[]]
17:28:02,617 (main) DEBUG [DataNucleus.Query] - Query de JDOQL : Ejecucion de "SELECT FROM com.videoclub.pojo.Rental" ...
17:28:02,617 (main) DEBUG [DataNucleus.Datastore] - Utilizando PreparedStatement "com.mysql.cj.jdbc.ClientPreparedStatement: SELECT 'com.videoclub.pojo.Rental' AS `DN_TYPE`,`A0`.`CODE`,`A0`.`ID`,`A0`.`RENTALDATE`,`A0`.`RETURNDATE`,`A0`.`TITLE` FROM `RENTAL` `A0`" para la conneccion "org.datanucleus.store.rdbms.datasource.dbcp2.PoolingDataSource$PoolGuardConnectionWrapper@55846997"
17:28:02,617 (main) DEBUG [DataNucleus.Datastore.Native] - SELECT 'com.videoclub.pojo.Rental' AS `DN_TYPE`,`A0`.`CODE`,`A0`.`ID`,`A0`.`RENTALDATE`,`A0`.`RETURNDATE`,`A0`.`TITLE` FROM `RENTAL` `A0`
17:28:02,617 (main) DEBUG [DataNucleus.Datastore.Retrieve] - SQL Tiempo de cumplir = 0 ms
17:28:02,617 (main) DEBUG [DataNucleus.Query] - Query de JDOQL : Tiempo de ejecutar = 0 ms
17:28:02,617 (main) DEBUG [DataNucleus.Transaction] - Haciendo commit de la transaacción para el ExecutionContext org.datanucleus.ExecutionContextImpl@34dc85a
17:28:02,617 (main) DEBUG [DataNucleus.Query] - Leyendo los resultados del query "SELECT FROM com.videoclub.pojo.Rental" como la conneccion va a cerrar o cometer
17:28:02,617 (main) DEBUG [DataNucleus.Cache] - Objeto con identidad "com.videoclub.pojo.Rental:1" no esta en la Cache de nivel 1
17:28:02,617 (main) DEBUG [DataNucleus.Cache] - Objeto con identidad "com.videoclub.pojo.Rental:1" añadido a la Cache de nivel 1 (loadedFlags="[NYNNN]")
17:28:02,617 (main) DEBUG [DataNucleus.Persistence] - El objeto con identidad "com.videoclub.pojo.Rental:1" va a tener el valor en el campo "rentalDate" cambiado por un SCO wrapper
17:28:02,618 (main) DEBUG [DataNucleus.Persistence] - El objeto con identidad "com.videoclub.pojo.Rental:1" va a tener el valor en el campo "returnDate" cambiado por un SCO wrapper
17:28:02,618 (main) DEBUG [DataNucleus.Transaction] - Objeto con identidad "com.videoclub.pojo.Rental:1" ha sido puesto en la cache transaccional
17:28:02,618 (main) DEBUG [DataNucleus.Cache] - Objeto con identidad "com.videoclub.pojo.Rental:1" obtenido de la Cache nivel 2 (campos="[0, 1, 2, 3, 4]", version="") - representado como "com.videoclub.pojo.Rental@60bf494c"
17:28:02,618 (main) DEBUG [DataNucleus.Cache] - Objeto con identidad "com.videoclub.pojo.Rental:2" no esta en la Cache de nivel 1
17:28:02,618 (main) DEBUG [DataNucleus.Cache] - Objeto con identidad "com.videoclub.pojo.Rental:2" añadido a la Cache de nivel 1 (loadedFlags="[NYNNN]")
17:28:02,618 (main) DEBUG [DataNucleus.Persistence] - El objeto con identidad "com.videoclub.pojo.Rental:2" va a tener el valor en el campo "rentalDate" cambiado por un SCO wrapper
17:28:02,618 (main) DEBUG [DataNucleus.Persistence] - El objeto con identidad "com.videoclub.pojo.Rental:2" va a tener el valor en el campo "returnDate" cambiado por un SCO wrapper
17:28:02,618 (main) DEBUG [DataNucleus.Transaction] - Objeto con identidad "com.videoclub.pojo.Rental:2" ha sido puesto en la cache transaccional
17:28:02,618 (main) DEBUG [DataNucleus.Cache] - Objeto con identidad "com.videoclub.pojo.Rental:2" obtenido de la Cache nivel 2 (campos="[0, 1, 2, 3, 4]", version="") - representado como "com.videoclub.pojo.Rental@47a4eee2"
17:28:02,618 (main) DEBUG [DataNucleus.Cache] - Objeto con identidad "com.videoclub.pojo.Rental:3" no esta en la Cache de nivel 1
17:28:02,618 (main) DEBUG [DataNucleus.Cache] - Objeto con identidad "com.videoclub.pojo.Rental:3" añadido a la Cache de nivel 1 (loadedFlags="[NYNNN]")
17:28:02,618 (main) DEBUG [DataNucleus.Persistence] - El objeto con identidad "com.videoclub.pojo.Rental:3" va a tener el valor en el campo "rentalDate" cambiado por un SCO wrapper
17:28:02,618 (main) DEBUG [DataNucleus.Persistence] - El objeto con identidad "com.videoclub.pojo.Rental:3" va a tener el valor en el campo "returnDate" cambiado por un SCO wrapper
17:28:02,618 (main) DEBUG [DataNucleus.Transaction] - Objeto con identidad "com.videoclub.pojo.Rental:3" ha sido puesto en la cache transaccional
17:28:02,618 (main) DEBUG [DataNucleus.Cache] - Objeto con identidad "com.videoclub.pojo.Rental:3" obtenido de la Cache nivel 2 (campos="[0, 1, 2, 3, 4]", version="") - representado como "com.videoclub.pojo.Rental@36f6e521"
17:28:02,618 (main) DEBUG [DataNucleus.Cache] - Objeto con identidad "com.videoclub.pojo.Rental:4" no esta en la Cache de nivel 1
17:28:02,618 (main) DEBUG [DataNucleus.Cache] - Objeto con identidad "com.videoclub.pojo.Rental:4" añadido a la Cache de nivel 1 (loadedFlags="[NYNNN]")
17:28:02,618 (main) DEBUG [DataNucleus.Persistence] - El objeto con identidad "com.videoclub.pojo.Rental:4" va a tener el valor en el campo "rentalDate" cambiado por un SCO wrapper
17:28:02,618 (main) DEBUG [DataNucleus.Persistence] - El objeto con identidad "com.videoclub.pojo.Rental:4" va a tener el valor en el campo "returnDate" cambiado por un SCO wrapper
17:28:02,618 (main) DEBUG [DataNucleus.Transaction] - Objeto con identidad "com.videoclub.pojo.Rental:4" ha sido puesto en la cache transaccional
17:28:02,618 (main) DEBUG [DataNucleus.Cache] - Objeto con identidad "com.videoclub.pojo.Rental:4" obtenido de la Cache nivel 2 (campos="[0, 1, 2, 3, 4]", version="") - representado como "com.videoclub.pojo.Rental@2afdf6b7"
17:28:02,618 (main) DEBUG [DataNucleus.Cache] - Objeto con identidad "com.videoclub.pojo.Rental:5" no esta en la Cache de nivel 1
17:28:02,618 (main) DEBUG [DataNucleus.Cache] - Objeto con identidad "com.videoclub.pojo.Rental:5" añadido a la Cache de nivel 1 (loadedFlags="[NYNNN]")
17:28:02,618 (main) DEBUG [DataNucleus.Persistence] - El objeto con identidad "com.videoclub.pojo.Rental:5" va a tener el valor en el campo "rentalDate" cambiado por un SCO wrapper
17:28:02,618 (main) DEBUG [DataNucleus.Persistence] - El objeto con identidad "com.videoclub.pojo.Rental:5" va a tener el valor en el campo "returnDate" cambiado por un SCO wrapper
17:28:02,618 (main) DEBUG [DataNucleus.Transaction] - Objeto con identidad "com.videoclub.pojo.Rental:5" ha sido puesto en la cache transaccional
17:28:02,618 (main) DEBUG [DataNucleus.Cache] - Objeto con identidad "com.videoclub.pojo.Rental:5" obtenido de la Cache nivel 2 (campos="[0, 1, 2, 3, 4]", version="") - representado como "com.videoclub.pojo.Rental@30922f8d"
17:28:02,618 (main) DEBUG [DataNucleus.Cache] - Objeto con identidad "com.videoclub.pojo.Rental:6" no esta en la Cache de nivel 1
17:28:02,618 (main) DEBUG [DataNucleus.Cache] - Objeto con identidad "com.videoclub.pojo.Rental:6" añadido a la Cache de nivel 1 (loadedFlags="[NYNNN]")
17:28:02,618 (main) DEBUG [DataNucleus.Persistence] - El objeto con identidad "com.videoclub.pojo.Rental:6" va a tener el valor en el campo "rentalDate" cambiado por un SCO wrapper
17:28:02,618 (main) DEBUG [DataNucleus.Persistence] - El objeto con identidad "com.videoclub.pojo.Rental:6" va a tener el valor en el campo "returnDate" cambiado por un SCO wrapper
17:28:02,618 (main) DEBUG [DataNucleus.Transaction] - Objeto con identidad "com.videoclub.pojo.Rental:6" ha sido puesto en la cache transaccional
17:28:02,618 (main) DEBUG [DataNucleus.Cache] - Objeto con identidad "com.videoclub.pojo.Rental:6" obtenido de la Cache nivel 2 (campos="[0, 1, 2, 3, 4]", version="") - representado como "com.videoclub.pojo.Rental@50211483"
17:28:02,618 (main) DEBUG [DataNucleus.Cache] - Objeto con identidad "com.videoclub.pojo.Rental:7" no esta en la Cache de nivel 1
17:28:02,618 (main) DEBUG [DataNucleus.Cache] - Objeto con identidad "com.videoclub.pojo.Rental:7" añadido a la Cache de nivel 1 (loadedFlags="[NYNNN]")
17:28:02,618 (main) DEBUG [DataNucleus.Persistence] - El objeto con identidad "com.videoclub.pojo.Rental:7" va a tener el valor en el campo "rentalDate" cambiado por un SCO wrapper
17:28:02,618 (main) DEBUG [DataNucleus.Persistence] - El objeto con identidad "com.videoclub.pojo.Rental:7" va a tener el valor en el campo "returnDate" cambiado por un SCO wrapper
17:28:02,618 (main) DEBUG [DataNucleus.Transaction] - Objeto con identidad "com.videoclub.pojo.Rental:7" ha sido puesto en la cache transaccional
17:28:02,618 (main) DEBUG [DataNucleus.Cache] - Objeto con identidad "com.videoclub.pojo.Rental:7" obtenido de la Cache nivel 2 (campos="[0, 1, 2, 3, 4]", version="") - representado como "com.videoclub.pojo.Rental@51ff3c4b"
17:28:02,618 (main) DEBUG [DataNucleus.Cache] - Objeto con identidad "com.videoclub.pojo.Rental:8" no esta en la Cache de nivel 1
17:28:02,618 (main) DEBUG [DataNucleus.Cache] - Objeto con identidad "com.videoclub.pojo.Rental:8" añadido a la Cache de nivel 1 (loadedFlags="[NYNNN]")
17:28:02,618 (main) DEBUG [DataNucleus.Persistence] - El objeto con identidad "com.videoclub.pojo.Rental:8" va a tener el valor en el campo "rentalDate" cambiado por un SCO wrapper
17:28:02,618 (main) DEBUG [DataNucleus.Persistence] - El objeto con identidad "com.videoclub.pojo.Rental:8" va a tener el valor en el campo "returnDate" cambiado por un SCO wrapper
17:28:02,618 (main) DEBUG [DataNucleus.Transaction] - Objeto con identidad "com.videoclub.pojo.Rental:8" ha sido puesto en la cache transaccional
17:28:02,618 (main) DEBUG [DataNucleus.Cache] - Objeto con identidad "com.videoclub.pojo.Rental:8" obtenido de la Cache nivel 2 (campos="[0, 1, 2, 3, 4]", version="") - representado como "com.videoclub.pojo.Rental@1472208d"
17:28:02,618 (main) DEBUG [DataNucleus.Cache] - Objeto con identidad "com.videoclub.pojo.Rental:9" no esta en la Cache de nivel 1
17:28:02,618 (main) DEBUG [DataNucleus.Cache] - Objeto con identidad "com.videoclub.pojo.Rental:9" añadido a la Cache de nivel 1 (loadedFlags="[NYNNN]")
17:28:02,618 (main) DEBUG [DataNucleus.Persistence] - El objeto con identidad "com.videoclub.pojo.Rental:9" va a tener el valor en el campo "rentalDate" cambiado por un SCO wrapper
17:28:02,618 (main) DEBUG [DataNucleus.Persistence] - El objeto con identidad "com.videoclub.pojo.Rental:9" va a tener el valor en el campo "returnDate" cambiado por un SCO wrapper
17:28:02,618 (main) DEBUG [DataNucleus.Transaction] - Objeto con identidad "com.videoclub.pojo.Rental:9" ha sido puesto en la cache transaccional
17:28:02,618 (main) DEBUG [DataNucleus.Cache] - Objeto con identidad "com.videoclub.pojo.Rental:9" obtenido de la Cache nivel 2 (campos="[0, 1, 2, 3, 4]", version="") - representado como "com.videoclub.pojo.Rental@35bd8bc9"
17:28:02,618 (main) DEBUG [DataNucleus.Cache] - Objeto con identidad "com.videoclub.pojo.Rental:10" no esta en la Cache de nivel 1
17:28:02,618 (main) DEBUG [DataNucleus.Cache] - Objeto con identidad "com.videoclub.pojo.Rental:10" añadido a la Cache de nivel 1 (loadedFlags="[NYNNN]")
17:28:02,618 (main) DEBUG [DataNucleus.Persistence] - El objeto con identidad "com.videoclub.pojo.Rental:10" va a tener el valor en el campo "rentalDate" cambiado por un SCO wrapper
17:28:02,618 (main) DEBUG [DataNucleus.Persistence] - El objeto con identidad "com.videoclub.pojo.Rental:10" va a tener el valor en el campo "returnDate" cambiado por un SCO wrapper
17:28:02,618 (main) DEBUG [DataNucleus.Transaction] - Objeto con identidad "com.videoclub.pojo.Rental:10" ha sido puesto en la cache transaccional
17:28:02,618 (main) DEBUG [DataNucleus.Cache] - Objeto con identidad "com.videoclub.pojo.Rental:10" obtenido de la Cache nivel 2 (campos="[0, 1, 2, 3, 4]", version="") - representado como "com.videoclub.pojo.Rental@6de004f1"
17:28:02,618 (main) DEBUG [DataNucleus.Cache] - Objeto con identidad "com.videoclub.pojo.Rental:11" no esta en la Cache de nivel 1
17:28:02,618 (main) DEBUG [DataNucleus.Cache] - Objeto con identidad "com.videoclub.pojo.Rental:11" añadido a la Cache de nivel 1 (loadedFlags="[NYNNN]")
17:28:02,618 (main) DEBUG [DataNucleus.Persistence] - El objeto con identidad "com.videoclub.pojo.Rental:11" va a tener el valor en el campo "rentalDate" cambiado por un SCO wrapper
17:28:02,618 (main) DEBUG [DataNucleus.Persistence] - El objeto con identidad "com.videoclub.pojo.Rental:11" va a tener el valor en el campo "returnDate" cambiado por un SCO wrapper
17:28:02,618 (main) DEBUG [DataNucleus.Transaction] - Objeto con identidad "com.videoclub.pojo.Rental:11" ha sido puesto en la cache transaccional
17:28:02,618 (main) DEBUG [DataNucleus.Cache] - Objeto con identidad "com.videoclub.pojo.Rental:11" obtenido de la Cache nivel 2 (campos="[0, 1, 2, 3, 4]", version="") - representado como "com.videoclub.pojo.Rental@45d56062"
17:28:02,618 (main) DEBUG [DataNucleus.Cache] - Objeto con identidad "com.videoclub.pojo.Rental:12" no esta en la Cache de nivel 1
17:28:02,618 (main) DEBUG [DataNucleus.Cache] - Objeto con identidad "com.videoclub.pojo.Rental:12" añadido a la Cache de nivel 1 (loadedFlags="[NYNNN]")
17:28:02,618 (main) DEBUG [DataNucleus.Persistence] - El objeto con identidad "com.videoclub.pojo.Rental:12" va a tener el valor en el campo "rentalDate" cambiado por un SCO wrapper
17:28:02,618 (main) DEBUG [DataNucleus.Persistence] - El objeto con identidad "com.videoclub.pojo.Rental:12" va a tener el valor en el campo "returnDate" cambiado por un SCO wrapper
17:28:02,618 (main) DEBUG [DataNucleus.Transaction] - Objeto con identidad "com.videoclub.pojo.Rental:12" ha sido puesto en la cache transaccional
17:28:02,618 (main) DEBUG [DataNucleus.Cache] - Objeto con identidad "com.videoclub.pojo.Rental:12" obtenido de la Cache nivel 2 (campos="[0, 1, 2, 3, 4]", version="") - representado como "com.videoclub.pojo.Rental@4026461d"
17:28:02,619 (main) DEBUG [DataNucleus.Cache] - Objeto con identidad "com.videoclub.pojo.Rental:13" no esta en la Cache de nivel 1
17:28:02,619 (main) DEBUG [DataNucleus.Cache] - Objeto con identidad "com.videoclub.pojo.Rental:13" añadido a la Cache de nivel 1 (loadedFlags="[NYNNN]")
17:28:02,619 (main) DEBUG [DataNucleus.Persistence] - El objeto con identidad "com.videoclub.pojo.Rental:13" va a tener el valor en el campo "rentalDate" cambiado por un SCO wrapper
17:28:02,619 (main) DEBUG [DataNucleus.Persistence] - El objeto con identidad "com.videoclub.pojo.Rental:13" va a tener el valor en el campo "returnDate" cambiado por un SCO wrapper
17:28:02,619 (main) DEBUG [DataNucleus.Transaction] - Objeto con identidad "com.videoclub.pojo.Rental:13" ha sido puesto en la cache transaccional
17:28:02,619 (main) DEBUG [DataNucleus.Cache] - Objeto con identidad "com.videoclub.pojo.Rental:13" obtenido de la Cache nivel 2 (campos="[0, 1, 2, 3, 4]", version="") - representado como "com.videoclub.pojo.Rental@191c6e13"
17:28:02,619 (main) DEBUG [DataNucleus.Cache] - Objeto con identidad "com.videoclub.pojo.Rental:14" no esta en la Cache de nivel 1
17:28:02,619 (main) DEBUG [DataNucleus.Cache] - Objeto con identidad "com.videoclub.pojo.Rental:14" añadido a la Cache de nivel 1 (loadedFlags="[NYNNN]")
17:28:02,619 (main) DEBUG [DataNucleus.Persistence] - El objeto con identidad "com.videoclub.pojo.Rental:14" va a tener el valor en el campo "rentalDate" cambiado por un SCO wrapper
17:28:02,619 (main) DEBUG [DataNucleus.Persistence] - El objeto con identidad "com.videoclub.pojo.Rental:14" va a tener el valor en el campo "returnDate" cambiado por un SCO wrapper
17:28:02,619 (main) DEBUG [DataNucleus.Transaction] - Objeto con identidad "com.videoclub.pojo.Rental:14" ha sido puesto en la cache transaccional
17:28:02,619 (main) DEBUG [DataNucleus.Cache] - Objeto con identidad "com.videoclub.pojo.Rental:14" obtenido de la Cache nivel 2 (campos="[0, 1, 2, 3, 4]", version="") - representado como "com.videoclub.pojo.Rental@7436364d"
17:28:02,619 (main) DEBUG [DataNucleus.Cache] - Objeto con identidad "com.videoclub.pojo.Rental:15" no esta en la Cache de nivel 1
17:28:02,619 (main) DEBUG [DataNucleus.Cache] - Objeto con identidad "com.videoclub.pojo.Rental:15" añadido a la Cache de nivel 1 (loadedFlags="[NYNNN]")
17:28:02,619 (main) DEBUG [DataNucleus.Persistence] - El objeto con identidad "com.videoclub.pojo.Rental:15" va a tener el valor en el campo "rentalDate" cambiado por un SCO wrapper
17:28:02,619 (main) DEBUG [DataNucleus.Persistence] - El objeto con identidad "com.videoclub.pojo.Rental:15" va a tener el valor en el campo "returnDate" cambiado por un SCO wrapper
17:28:02,619 (main) DEBUG [DataNucleus.Transaction] - Objeto con identidad "com.videoclub.pojo.Rental:15" ha sido puesto en la cache transaccional
17:28:02,619 (main) DEBUG [DataNucleus.Cache] - Objeto con identidad "com.videoclub.pojo.Rental:15" obtenido de la Cache nivel 2 (campos="[0, 1, 2, 3, 4]", version="") - representado como "com.videoclub.pojo.Rental@1a8e9ed9"
17:28:02,619 (main) DEBUG [DataNucleus.Cache] - Objeto con identidad "com.videoclub.pojo.Rental:16" no esta en la Cache de nivel 1
17:28:02,619 (main) DEBUG [DataNucleus.Cache] - Objeto con identidad "com.videoclub.pojo.Rental:16" añadido a la Cache de nivel 1 (loadedFlags="[NYNNN]")
17:28:02,619 (main) DEBUG [DataNucleus.Persistence] - El objeto con identidad "com.videoclub.pojo.Rental:16" va a tener el valor en el campo "rentalDate" cambiado por un SCO wrapper
17:28:02,623 (main) DEBUG [DataNucleus.Persistence] - El objeto con identidad "com.videoclub.pojo.Rental:16" va a tener el valor en el campo "returnDate" cambiado por un SCO wrapper
17:28:02,623 (main) DEBUG [DataNucleus.Transaction] - Objeto con identidad "com.videoclub.pojo.Rental:16" ha sido puesto en la cache transaccional
17:28:02,623 (main) DEBUG [DataNucleus.Cache] - Objeto con identidad "com.videoclub.pojo.Rental:16" obtenido de la Cache nivel 2 (campos="[0, 1, 2, 3, 4]", version="") - representado como "com.videoclub.pojo.Rental@68ea253b"
17:28:02,623 (main) DEBUG [DataNucleus.Cache] - Objeto con identidad "com.videoclub.pojo.Rental:17" no esta en la Cache de nivel 1
17:28:02,623 (main) DEBUG [DataNucleus.Cache] - Objeto con identidad "com.videoclub.pojo.Rental:17" añadido a la Cache de nivel 1 (loadedFlags="[NYNNN]")
17:28:02,623 (main) DEBUG [DataNucleus.Persistence] - El objeto con identidad "com.videoclub.pojo.Rental:17" va a tener el valor en el campo "rentalDate" cambiado por un SCO wrapper
17:28:02,623 (main) DEBUG [DataNucleus.Persistence] - El objeto con identidad "com.videoclub.pojo.Rental:17" va a tener el valor en el campo "returnDate" cambiado por un SCO wrapper
17:28:02,623 (main) DEBUG [DataNucleus.Transaction] - Objeto con identidad "com.videoclub.pojo.Rental:17" ha sido puesto en la cache transaccional
17:28:02,623 (main) DEBUG [DataNucleus.Cache] - Objeto con identidad "com.videoclub.pojo.Rental:17" obtenido de la Cache nivel 2 (campos="[0, 1, 2, 3, 4]", version="") - representado como "com.videoclub.pojo.Rental@12fcb2c3"
17:28:02,623 (main) DEBUG [DataNucleus.Cache] - Objeto con identidad "com.videoclub.pojo.Rental:18" no esta en la Cache de nivel 1
17:28:02,623 (main) DEBUG [DataNucleus.Cache] - Objeto con identidad "com.videoclub.pojo.Rental:18" añadido a la Cache de nivel 1 (loadedFlags="[NYNNN]")
17:28:02,623 (main) DEBUG [DataNucleus.Persistence] - El objeto con identidad "com.videoclub.pojo.Rental:18" va a tener el valor en el campo "rentalDate" cambiado por un SCO wrapper
17:28:02,623 (main) DEBUG [DataNucleus.Persistence] - El objeto con identidad "com.videoclub.pojo.Rental:18" va a tener el valor en el campo "returnDate" cambiado por un SCO wrapper
17:28:02,623 (main) DEBUG [DataNucleus.Transaction] - Objeto con identidad "com.videoclub.pojo.Rental:18" ha sido puesto en la cache transaccional
17:28:02,623 (main) DEBUG [DataNucleus.Cache] - Objeto con identidad "com.videoclub.pojo.Rental:18" obtenido de la Cache nivel 2 (campos="[0, 1, 2, 3, 4]", version="") - representado como "com.videoclub.pojo.Rental@57bd6a8f"
17:28:02,623 (main) DEBUG [DataNucleus.Cache] - Objeto con identidad "com.videoclub.pojo.Rental:19" no esta en la Cache de nivel 1
17:28:02,623 (main) DEBUG [DataNucleus.Cache] - Objeto con identidad "com.videoclub.pojo.Rental:19" añadido a la Cache de nivel 1 (loadedFlags="[NYNNN]")
17:28:02,623 (main) DEBUG [DataNucleus.Persistence] - El objeto con identidad "com.videoclub.pojo.Rental:19" va a tener el valor en el campo "rentalDate" cambiado por un SCO wrapper
17:28:02,623 (main) DEBUG [DataNucleus.Persistence] - El objeto con identidad "com.videoclub.pojo.Rental:19" va a tener el valor en el campo "returnDate" cambiado por un SCO wrapper
17:28:02,623 (main) DEBUG [DataNucleus.Transaction] - Objeto con identidad "com.videoclub.pojo.Rental:19" ha sido puesto en la cache transaccional
17:28:02,623 (main) DEBUG [DataNucleus.Cache] - Objeto con identidad "com.videoclub.pojo.Rental:19" obtenido de la Cache nivel 2 (campos="[0, 1, 2, 3, 4]", version="") - representado como "com.videoclub.pojo.Rental@39ab5ef7"
17:28:02,623 (main) DEBUG [DataNucleus.Cache] - Objeto con identidad "com.videoclub.pojo.Rental:20" no esta en la Cache de nivel 1
17:28:02,623 (main) DEBUG [DataNucleus.Cache] - Objeto con identidad "com.videoclub.pojo.Rental:20" añadido a la Cache de nivel 1 (loadedFlags="[NYNNN]")
17:28:02,623 (main) DEBUG [DataNucleus.Persistence] - El objeto con identidad "com.videoclub.pojo.Rental:20" va a tener el valor en el campo "rentalDate" cambiado por un SCO wrapper
17:28:02,623 (main) DEBUG [DataNucleus.Persistence] - El objeto con identidad "com.videoclub.pojo.Rental:20" va a tener el valor en el campo "returnDate" cambiado por un SCO wrapper
17:28:02,623 (main) DEBUG [DataNucleus.Transaction] - Objeto con identidad "com.videoclub.pojo.Rental:20" ha sido puesto en la cache transaccional
17:28:02,623 (main) DEBUG [DataNucleus.Cache] - Objeto con identidad "com.videoclub.pojo.Rental:20" obtenido de la Cache nivel 2 (campos="[0, 1, 2, 3, 4]", version="") - representado como "com.videoclub.pojo.Rental@517704"
17:28:02,624 (main) DEBUG [DataNucleus.Persistence] - ExecutionContext.internalFlush() empezado con flush ordenado - 0 objetos registrados
17:28:02,624 (main) DEBUG [DataNucleus.Persistence] - ExecutionContext.internalFlush() terminado
17:28:02,624 (main) DEBUG [DataNucleus.Persistence] - Persistence-By-Reachability (commit) : EMPIEZA
17:28:02,624 (main) DEBUG [DataNucleus.Persistence] - Persistence-By-Reachability (commit) : TERMINADO
17:28:02,624 (main) DEBUG [DataNucleus.Cache] - El objeto con identidad "com.videoclub.pojo.Rental:8" va a tener los campos siguientes almacendados en el objeto de Level 2 cache : [0, 1, 2, 3, 4]
17:28:02,624 (main) DEBUG [DataNucleus.Cache] - El objeto con identidad "com.videoclub.pojo.Rental:7" va a tener los campos siguientes almacendados en el objeto de Level 2 cache : [0, 1, 2, 3, 4]
17:28:02,624 (main) DEBUG [DataNucleus.Cache] - El objeto con identidad "com.videoclub.pojo.Rental:14" va a tener los campos siguientes almacendados en el objeto de Level 2 cache : [0, 1, 2, 3, 4]
17:28:02,624 (main) DEBUG [DataNucleus.Cache] - El objeto con identidad "com.videoclub.pojo.Rental:1" va a tener los campos siguientes almacendados en el objeto de Level 2 cache : [0, 1, 2, 3, 4]
17:28:02,624 (main) DEBUG [DataNucleus.Cache] - El objeto con identidad "com.videoclub.pojo.Rental:11" va a tener los campos siguientes almacendados en el objeto de Level 2 cache : [0, 1, 2, 3, 4]
17:28:02,624 (main) DEBUG [DataNucleus.Cache] - El objeto con identidad "com.videoclub.pojo.Rental:2" va a tener los campos siguientes almacendados en el objeto de Level 2 cache : [0, 1, 2, 3, 4]
17:28:02,624 (main) DEBUG [DataNucleus.Cache] - El objeto con identidad "com.videoclub.pojo.Rental:20" va a tener los campos siguientes almacendados en el objeto de Level 2 cache : [0, 1, 2, 3, 4]
17:28:02,624 (main) DEBUG [DataNucleus.Cache] - El objeto con identidad "com.videoclub.pojo.Rental:19" va a tener los campos siguientes almacendados en el objeto de Level 2 cache : [0, 1, 2, 3, 4]
17:28:02,624 (main) DEBUG [DataNucleus.Cache] - El objeto con identidad "com.videoclub.pojo.Rental:9" va a tener los campos siguientes almacendados en el objeto de Level 2 cache : [0, 1, 2, 3, 4]
17:28:02,624 (main) DEBUG [DataNucleus.Cache] - El objeto con identidad "com.videoclub.pojo.Rental:12" va a tener los campos siguientes almacendados en el objeto de Level 2 cache : [0, 1, 2, 3, 4]
17:28:02,624 (main) DEBUG [DataNucleus.Cache] - El objeto con identidad "com.videoclub.pojo.Rental:18" va a tener los campos siguientes almacendados en el objeto de Level 2 cache : [0, 1, 2, 3, 4]
17:28:02,624 (main) DEBUG [DataNucleus.Cache] - El objeto con identidad "com.videoclub.pojo.Rental:17" va a tener los campos siguientes almacendados en el objeto de Level 2 cache : [0, 1, 2, 3, 4]
17:28:02,624 (main) DEBUG [DataNucleus.Cache] - El objeto con identidad "com.videoclub.pojo.Rental:4" va a tener los campos siguientes almacendados en el objeto de Level 2 cache : [0, 1, 2, 3, 4]
17:28:02,624 (main) DEBUG [DataNucleus.Cache] - El objeto con identidad "com.videoclub.pojo.Rental:10" va a tener los campos siguientes almacendados en el objeto de Level 2 cache : [0, 1, 2, 3, 4]
17:28:02,624 (main) DEBUG [DataNucleus.Cache] - El objeto con identidad "com.videoclub.pojo.Rental:3" va a tener los campos siguientes almacendados en el objeto de Level 2 cache : [0, 1, 2, 3, 4]
17:28:02,624 (main) DEBUG [DataNucleus.Cache] - El objeto con identidad "com.videoclub.pojo.Rental:5" va a tener los campos siguientes almacendados en el objeto de Level 2 cache : [0, 1, 2, 3, 4]
17:28:02,624 (main) DEBUG [DataNucleus.Cache] - El objeto con identidad "com.videoclub.pojo.Rental:15" va a tener los campos siguientes almacendados en el objeto de Level 2 cache : [0, 1, 2, 3, 4]
17:28:02,624 (main) DEBUG [DataNucleus.Cache] - El objeto con identidad "com.videoclub.pojo.Rental:6" va a tener los campos siguientes almacendados en el objeto de Level 2 cache : [0, 1, 2, 3, 4]
17:28:02,624 (main) DEBUG [DataNucleus.Cache] - El objeto con identidad "com.videoclub.pojo.Rental:16" va a tener los campos siguientes almacendados en el objeto de Level 2 cache : [0, 1, 2, 3, 4]
17:28:02,624 (main) DEBUG [DataNucleus.Cache] - El objeto con identidad "com.videoclub.pojo.Rental:13" va a tener los campos siguientes almacendados en el objeto de Level 2 cache : [0, 1, 2, 3, 4]
17:28:02,624 (main) DEBUG [DataNucleus.Transaction] - Committing [DataNucleus Transaction, ID=1418522280-46, enlisted resources=[org.datanucleus.store.rdbms.ConnectionFactoryImpl$EmulatedXAResource@805e72e]]
17:28:02,624 (main) DEBUG [DataNucleus.Connection] - ManagedConnection VA A COMMIT : "org.datanucleus.store.rdbms.ConnectionFactoryImpl$ManagedConnectionImpl@36ad229b [conn=org.datanucleus.store.rdbms.datasource.dbcp2.PoolingDataSource$PoolGuardConnectionWrapper@55846997, commitOnRelease=false, closeOnRelease=false, closeOnTxnEnd=true]"
17:28:02,624 (main) DEBUG [DataNucleus.Connection] - ManagedConnection CERRADO : "org.datanucleus.store.rdbms.ConnectionFactoryImpl$ManagedConnectionImpl@36ad229b [conn=org.datanucleus.store.rdbms.datasource.dbcp2.PoolingDataSource$PoolGuardConnectionWrapper@55846997, commitOnRelease=false, closeOnRelease=false, closeOnTxnEnd=true]" 
17:28:02,625 (main) DEBUG [DataNucleus.Persistence] - Haciendo el objeto detachado : "com.videoclub.pojo.Rental@1472208d" (profundidad=0)
17:28:02,625 (main) DEBUG [DataNucleus.Persistence] - El objeto con identidad "com.videoclub.pojo.Rental:8" va a tener el SCO wrapper en el campo "rentalDate" cambiado por el valor
17:28:02,625 (main) DEBUG [DataNucleus.Persistence] - El objeto con identidad "com.videoclub.pojo.Rental:8" va a tener el SCO wrapper en el campo "returnDate" cambiado por el valor
17:28:02,625 (main) DEBUG [DataNucleus.Persistence] - Objeto con identidad "com.videoclub.pojo.Rental:8" tiene cambio de lifeycle : "P_CLEAN"->"DETACHED_CLEAN"
17:28:02,625 (main) DEBUG [DataNucleus.Transaction] - Objeto con identidad "com.videoclub.pojo.Rental:8" fue borrado de la cache transactional
17:28:02,625 (main) DEBUG [DataNucleus.Persistence] - Disconectando objeto con identidad "com.videoclub.pojo.Rental:8" de StateManager[pc=com.videoclub.pojo.Rental@1472208d, lifecycle=DETACHED_CLEAN]
17:28:02,625 (main) DEBUG [DataNucleus.Cache] - Objeto con identidad="com.videoclub.pojo.Rental:8" borrado de la Cache de nivel 1
17:28:02,625 (main) DEBUG [DataNucleus.Persistence] - Haciendo el objeto detachado : "com.videoclub.pojo.Rental@51ff3c4b" (profundidad=0)
17:28:02,625 (main) DEBUG [DataNucleus.Persistence] - El objeto con identidad "com.videoclub.pojo.Rental:7" va a tener el SCO wrapper en el campo "rentalDate" cambiado por el valor
17:28:02,625 (main) DEBUG [DataNucleus.Persistence] - El objeto con identidad "com.videoclub.pojo.Rental:7" va a tener el SCO wrapper en el campo "returnDate" cambiado por el valor
17:28:02,625 (main) DEBUG [DataNucleus.Persistence] - Objeto con identidad "com.videoclub.pojo.Rental:7" tiene cambio de lifeycle : "P_CLEAN"->"DETACHED_CLEAN"
17:28:02,625 (main) DEBUG [DataNucleus.Transaction] - Objeto con identidad "com.videoclub.pojo.Rental:7" fue borrado de la cache transactional
17:28:02,625 (main) DEBUG [DataNucleus.Persistence] - Disconectando objeto con identidad "com.videoclub.pojo.Rental:7" de StateManager[pc=com.videoclub.pojo.Rental@51ff3c4b, lifecycle=DETACHED_CLEAN]
17:28:02,625 (main) DEBUG [DataNucleus.Cache] - Objeto con identidad="com.videoclub.pojo.Rental:7" borrado de la Cache de nivel 1
17:28:02,625 (main) DEBUG [DataNucleus.Persistence] - Haciendo el objeto detachado : "com.videoclub.pojo.Rental@7436364d" (profundidad=0)
17:28:02,625 (main) DEBUG [DataNucleus.Persistence] - El objeto con identidad "com.videoclub.pojo.Rental:14" va a tener el SCO wrapper en el campo "rentalDate" cambiado por el valor
17:28:02,625 (main) DEBUG [DataNucleus.Persistence] - El objeto con identidad "com.videoclub.pojo.Rental:14" va a tener el SCO wrapper en el campo "returnDate" cambiado por el valor
17:28:02,625 (main) DEBUG [DataNucleus.Persistence] - Objeto con identidad "com.videoclub.pojo.Rental:14" tiene cambio de lifeycle : "P_CLEAN"->"DETACHED_CLEAN"
17:28:02,625 (main) DEBUG [DataNucleus.Transaction] - Objeto con identidad "com.videoclub.pojo.Rental:14" fue borrado de la cache transactional
17:28:02,625 (main) DEBUG [DataNucleus.Persistence] - Disconectando objeto con identidad "com.videoclub.pojo.Rental:14" de StateManager[pc=com.videoclub.pojo.Rental@7436364d, lifecycle=DETACHED_CLEAN]
17:28:02,625 (main) DEBUG [DataNucleus.Cache] - Objeto con identidad="com.videoclub.pojo.Rental:14" borrado de la Cache de nivel 1
17:28:02,625 (main) DEBUG [DataNucleus.Persistence] - Haciendo el objeto detachado : "com.videoclub.pojo.Rental@60bf494c" (profundidad=0)
17:28:02,625 (main) DEBUG [DataNucleus.Persistence] - El objeto con identidad "com.videoclub.pojo.Rental:1" va a tener el SCO wrapper en el campo "rentalDate" cambiado por el valor
17:28:02,625 (main) DEBUG [DataNucleus.Persistence] - El objeto con identidad "com.videoclub.pojo.Rental:1" va a tener el SCO wrapper en el campo "returnDate" cambiado por el valor
17:28:02,625 (main) DEBUG [DataNucleus.Persistence] - Objeto con identidad "com.videoclub.pojo.Rental:1" tiene cambio de lifeycle : "P_CLEAN"->"DETACHED_CLEAN"
17:28:02,626 (main) DEBUG [DataNucleus.Transaction] - Objeto con identidad "com.videoclub.pojo.Rental:1" fue borrado de la cache transactional
17:28:02,626 (main) DEBUG [DataNucleus.Persistence] - Disconectando objeto con identidad "com.videoclub.pojo.Rental:1" de StateManager[pc=com.videoclub.pojo.Rental@60bf494c, lifecycle=DETACHED_CLEAN]
17:28:02,626 (main) DEBUG [DataNucleus.Cache] - Objeto con identidad="com.videoclub.pojo.Rental:1" borrado de la Cache de nivel 1
17:28:02,626 (main) DEBUG [DataNucleus.Persistence] - Haciendo el objeto detachado : "com.videoclub.pojo.Rental@45d56062" (profundidad=0)
17:28:02,626 (main) DEBUG [DataNucleus.Persistence] - El objeto con identidad "com.videoclub.pojo.Rental:11" va a tener el SCO wrapper en el campo "rentalDate" cambiado por el valor
17:28:02,626 (main) DEBUG [DataNucleus.Persistence] - El objeto con identidad "com.videoclub.pojo.Rental:11" va a tener el SCO wrapper en el campo "returnDate" cambiado por el valor
17:28:02,626 (main) DEBUG [DataNucleus.Persistence] - Objeto con identidad "com.videoclub.pojo.Rental:11" tiene cambio de lifeycle : "P_CLEAN"->"DETACHED_CLEAN"
17:28:02,626 (main) DEBUG [DataNucleus.Transaction] - Objeto con identidad "com.videoclub.pojo.Rental:11" fue borrado de la cache transactional
17:28:02,626 (main) DEBUG [DataNucleus.Persistence] - Disconectando objeto con identidad "com.videoclub.pojo.Rental:11" de StateManager[pc=com.videoclub.pojo.Rental@45d56062, lifecycle=DETACHED_CLEAN]
17:28:02,626 (main) DEBUG [DataNucleus.Cache] - Objeto con identidad="com.videoclub.pojo.Rental:11" borrado de la Cache de nivel 1
17:28:02,626 (main) DEBUG [DataNucleus.Persistence] - Haciendo el objeto detachado : "com.videoclub.pojo.Rental@47a4eee2" (profundidad=0)
17:28:02,626 (main) DEBUG [DataNucleus.Persistence] - El objeto con identidad "com.videoclub.pojo.Rental:2" va a tener el SCO wrapper en el campo "rentalDate" cambiado por el valor
17:28:02,626 (main) DEBUG [DataNucleus.Persistence] - El objeto con identidad "com.videoclub.pojo.Rental:2" va a tener el SCO wrapper en el campo "returnDate" cambiado por el valor
17:28:02,626 (main) DEBUG [DataNucleus.Persistence] - Objeto con identidad "com.videoclub.pojo.Rental:2" tiene cambio de lifeycle : "P_CLEAN"->"DETACHED_CLEAN"
17:28:02,626 (main) DEBUG [DataNucleus.Transaction] - Objeto con identidad "com.videoclub.pojo.Rental:2" fue borrado de la cache transactional
17:28:02,626 (main) DEBUG [DataNucleus.Persistence] - Disconectando objeto con identidad "com.videoclub.pojo.Rental:2" de StateManager[pc=com.videoclub.pojo.Rental@47a4eee2, lifecycle=DETACHED_CLEAN]
17:28:02,626 (main) DEBUG [DataNucleus.Cache] - Objeto con identidad="com.videoclub.pojo.Rental:2" borrado de la Cache de nivel 1
17:28:02,626 (main) DEBUG [DataNucleus.Persistence] - Haciendo el objeto detachado : "com.videoclub.pojo.Rental@517704" (profundidad=0)
17:28:02,626 (main) DEBUG [DataNucleus.Persistence] - El objeto con identidad "com.videoclub.pojo.Rental:20" va a tener el SCO wrapper en el campo "rentalDate" cambiado por el valor
17:28:02,626 (main) DEBUG [DataNucleus.Persistence] - El objeto con identidad "com.videoclub.pojo.Rental:20" va a tener el SCO wrapper en el campo "returnDate" cambiado por el valor
17:28:02,626 (main) DEBUG [DataNucleus.Persistence] - Objeto con identidad "com.videoclub.pojo.Rental:20" tiene cambio de lifeycle : "P_CLEAN"->"DETACHED_CLEAN"
17:28:02,626 (main) DEBUG [DataNucleus.Transaction] - Objeto con identidad "com.videoclub.pojo.Rental:20" fue borrado de la cache transactional
17:28:02,626 (main) DEBUG [DataNucleus.Persistence] - Disconectando objeto con identidad "com.videoclub.pojo.Rental:20" de StateManager[pc=com.videoclub.pojo.Rental@517704, lifecycle=DETACHED_CLEAN]
17:28:02,626 (main) DEBUG [DataNucleus.Cache] - Objeto con identidad="com.videoclub.pojo.Rental:20" borrado de la Cache de nivel 1
17:28:02,626 (main) DEBUG [DataNucleus.Persistence] - Haciendo el objeto detachado : "com.videoclub.pojo.Rental@39ab5ef7" (profundidad=0)
17:28:02,626 (main) DEBUG [DataNucleus.Persistence] - El objeto con identidad "com.videoclub.pojo.Rental:19" va a tener el SCO wrapper en el campo "rentalDate" cambiado por el valor
17:28:02,626 (main) DEBUG [DataNucleus.Persistence] - El objeto con identidad "com.videoclub.pojo.Rental:19" va a tener el SCO wrapper en el campo "returnDate" cambiado por el valor
17:28:02,626 (main) DEBUG [DataNucleus.Persistence] - Objeto con identidad "com.videoclub.pojo.Rental:19" tiene cambio de lifeycle : "P_CLEAN"->"DETACHED_CLEAN"
17:28:02,626 (main) DEBUG [DataNucleus.Transaction] - Objeto con identidad "com.videoclub.pojo.Rental:19" fue borrado de la cache transactional
17:28:02,626 (main) DEBUG [DataNucleus.Persistence] - Disconectando objeto con identidad "com.videoclub.pojo.Rental:19" de StateManager[pc=com.videoclub.pojo.Rental@39ab5ef7, lifecycle=DETACHED_CLEAN]
17:28:02,626 (main) DEBUG [DataNucleus.Cache] - Objeto con identidad="com.videoclub.pojo.Rental:19" borrado de la Cache de nivel 1
17:28:02,626 (main) DEBUG [DataNucleus.Persistence] - Haciendo el objeto detachado : "com.videoclub.pojo.Rental@35bd8bc9" (profundidad=0)
17:28:02,626 (main) DEBUG [DataNucleus.Persistence] - El objeto con identidad "com.videoclub.pojo.Rental:9" va a tener el SCO wrapper en el campo "rentalDate" cambiado por el valor
17:28:02,626 (main) DEBUG [DataNucleus.Persistence] - El objeto con identidad "com.videoclub.pojo.Rental:9" va a tener el SCO wrapper en el campo "returnDate" cambiado por el valor
17:28:02,626 (main) DEBUG [DataNucleus.Persistence] - Objeto con identidad "com.videoclub.pojo.Rental:9" tiene cambio de lifeycle : "P_CLEAN"->"DETACHED_CLEAN"
17:28:02,626 (main) DEBUG [DataNucleus.Transaction] - Objeto con identidad "com.videoclub.pojo.Rental:9" fue borrado de la cache transactional
17:28:02,626 (main) DEBUG [DataNucleus.Persistence] - Disconectando objeto con identidad "com.videoclub.pojo.Rental:9" de StateManager[pc=com.videoclub.pojo.Rental@35bd8bc9, lifecycle=DETACHED_CLEAN]
17:28:02,626 (main) DEBUG [DataNucleus.Cache] - Objeto con identidad="com.videoclub.pojo.Rental:9" borrado de la Cache de nivel 1
17:28:02,626 (main) DEBUG [DataNucleus.Persistence] - Haciendo el objeto detachado : "com.videoclub.pojo.Rental@4026461d" (profundidad=0)
17:28:02,626 (main) DEBUG [DataNucleus.Persistence] - El objeto con identidad "com.videoclub.pojo.Rental:12" va a tener el SCO wrapper en el campo "rentalDate" cambiado por el valor
17:28:02,626 (main) DEBUG [DataNucleus.Persistence] - El objeto con identidad "com.videoclub.pojo.Rental:12" va a tener el SCO wrapper en el campo "returnDate" cambiado por el valor
17:28:02,626 (main) DEBUG [DataNucleus.Persistence] - Objeto con identidad "com.videoclub.pojo.Rental:12" tiene cambio de lifeycle : "P_CLEAN"->"DETACHED_CLEAN"
17:28:02,626 (main) DEBUG [DataNucleus.Transaction] - Objeto con identidad "com.videoclub.pojo.Rental:12" fue borrado de la cache transactional
17:28:02,626 (main) DEBUG [DataNucleus.Persistence] - Disconectando objeto con identidad "com.videoclub.pojo.Rental:12" de StateManager[pc=com.videoclub.pojo.Rental@4026461d, lifecycle=DETACHED_CLEAN]
17:28:02,626 (main) DEBUG [DataNucleus.Cache] - Objeto con identidad="com.videoclub.pojo.Rental:12" borrado de la Cache de nivel 1
17:28:02,626 (main) DEBUG [DataNucleus.Persistence] - Haciendo el objeto detachado : "com.videoclub.pojo.Rental@57bd6a8f" (profundidad=0)
17:28:02,626 (main) DEBUG [DataNucleus.Persistence] - El objeto con identidad "com.videoclub.pojo.Rental:18" va a tener el SCO wrapper en el campo "rentalDate" cambiado por el valor
17:28:02,626 (main) DEBUG [DataNucleus.Persistence] - El objeto con identidad "com.videoclub.pojo.Rental:18" va a tener el SCO wrapper en el campo "returnDate" cambiado por el valor
17:28:02,626 (main) DEBUG [DataNucleus.Persistence] - Objeto con identidad "com.videoclub.pojo.Rental:18" tiene cambio de lifeycle : "P_CLEAN"->"DETACHED_CLEAN"
17:28:02,626 (main) DEBUG [DataNucleus.Transaction] - Objeto con identidad "com.videoclub.pojo.Rental:18" fue borrado de la cache transactional
17:28:02,626 (main) DEBUG [DataNucleus.Persistence] - Disconectando objeto con identidad "com.videoclub.pojo.Rental:18" de StateManager[pc=com.videoclub.pojo.Rental@57bd6a8f, lifecycle=DETACHED_CLEAN]
17:28:02,626 (main) DEBUG [DataNucleus.Cache] - Objeto con identidad="com.videoclub.pojo.Rental:18" borrado de la Cache de nivel 1
17:28:02,626 (main) DEBUG [DataNucleus.Persistence] - Haciendo el objeto detachado : "com.videoclub.pojo.Rental@12fcb2c3" (profundidad=0)
17:28:02,626 (main) DEBUG [DataNucleus.Persistence] - El objeto con identidad "com.videoclub.pojo.Rental:17" va a tener el SCO wrapper en el campo "rentalDate" cambiado por el valor
17:28:02,626 (main) DEBUG [DataNucleus.Persistence] - El objeto con identidad "com.videoclub.pojo.Rental:17" va a tener el SCO wrapper en el campo "returnDate" cambiado por el valor
17:28:02,626 (main) DEBUG [DataNucleus.Persistence] - Objeto con identidad "com.videoclub.pojo.Rental:17" tiene cambio de lifeycle : "P_CLEAN"->"DETACHED_CLEAN"
17:28:02,626 (main) DEBUG [DataNucleus.Transaction] - Objeto con identidad "com.videoclub.pojo.Rental:17" fue borrado de la cache transactional
17:28:02,626 (main) DEBUG [DataNucleus.Persistence] - Disconectando objeto con identidad "com.videoclub.pojo.Rental:17" de StateManager[pc=com.videoclub.pojo.Rental@12fcb2c3, lifecycle=DETACHED_CLEAN]
17:28:02,626 (main) DEBUG [DataNucleus.Cache] - Objeto con identidad="com.videoclub.pojo.Rental:17" borrado de la Cache de nivel 1
17:28:02,626 (main) DEBUG [DataNucleus.Persistence] - Haciendo el objeto detachado : "com.videoclub.pojo.Rental@2afdf6b7" (profundidad=0)
17:28:02,626 (main) DEBUG [DataNucleus.Persistence] - El objeto con identidad "com.videoclub.pojo.Rental:4" va a tener el SCO wrapper en el campo "rentalDate" cambiado por el valor
17:28:02,626 (main) DEBUG [DataNucleus.Persistence] - El objeto con identidad "com.videoclub.pojo.Rental:4" va a tener el SCO wrapper en el campo "returnDate" cambiado por el valor
17:28:02,626 (main) DEBUG [DataNucleus.Persistence] - Objeto con identidad "com.videoclub.pojo.Rental:4" tiene cambio de lifeycle : "P_CLEAN"->"DETACHED_CLEAN"
17:28:02,626 (main) DEBUG [DataNucleus.Transaction] - Objeto con identidad "com.videoclub.pojo.Rental:4" fue borrado de la cache transactional
17:28:02,626 (main) DEBUG [DataNucleus.Persistence] - Disconectando objeto con identidad "com.videoclub.pojo.Rental:4" de StateManager[pc=com.videoclub.pojo.Rental@2afdf6b7, lifecycle=DETACHED_CLEAN]
17:28:02,626 (main) DEBUG [DataNucleus.Cache] - Objeto con identidad="com.videoclub.pojo.Rental:4" borrado de la Cache de nivel 1
17:28:02,626 (main) DEBUG [DataNucleus.Persistence] - Haciendo el objeto detachado : "com.videoclub.pojo.Rental@6de004f1" (profundidad=0)
17:28:02,626 (main) DEBUG [DataNucleus.Persistence] - El objeto con identidad "com.videoclub.pojo.Rental:10" va a tener el SCO wrapper en el campo "rentalDate" cambiado por el valor
17:28:02,626 (main) DEBUG [DataNucleus.Persistence] - El objeto con identidad "com.videoclub.pojo.Rental:10" va a tener el SCO wrapper en el campo "returnDate" cambiado por el valor
17:28:02,626 (main) DEBUG [DataNucleus.Persistence] - Objeto con identidad "com.videoclub.pojo.Rental:10" tiene cambio de lifeycle : "P_CLEAN"->"DETACHED_CLEAN"
17:28:02,626 (main) DEBUG [DataNucleus.Transaction] - Objeto con identidad "com.videoclub.pojo.Rental:10" fue borrado de la cache transactional
17:28:02,626 (main) DEBUG [DataNucleus.Persistence] - Disconectando objeto con identidad "com.videoclub.pojo.Rental:10" de StateManager[pc=com.videoclub.pojo.Rental@6de004f1, lifecycle=DETACHED_CLEAN]
17:28:02,626 (main) DEBUG [DataNucleus.Cache] - Objeto con identidad="com.videoclub.pojo.Rental:10" borrado de la Cache de nivel 1
17:28:02,626 (main) DEBUG [DataNucleus.Persistence] - Haciendo el objeto detachado : "com.videoclub.pojo.Rental@36f6e521" (profundidad=0)
17:28:02,626 (main) DEBUG [DataNucleus.Persistence] - El objeto con identidad "com.videoclub.pojo.Rental:3" va a tener el SCO wrapper en el campo "rentalDate" cambiado por el valor
17:28:02,626 (main) DEBUG [DataNucleus.Persistence] - El objeto con identidad "com.videoclub.pojo.Rental:3" va a tener el SCO wrapper en el campo "returnDate" cambiado por el valor
17:28:02,626 (main) DEBUG [DataNucleus.Persistence] - Objeto con identidad "com.videoclub.pojo.Rental:3" tiene cambio de lifeycle : "P_CLEAN"->"DETACHED_CLEAN"
17:28:02,626 (main) DEBUG [DataNucleus.Transaction] - Objeto con identidad "com.videoclub.pojo.Rental:3" fue borrado de la cache transactional
17:28:02,626 (main) DEBUG [DataNucleus.Persistence] - Disconectando objeto con identidad "com.videoclub.pojo.Rental:3" de StateManager[pc=com.videoclub.pojo.Rental@36f6e521, lifecycle=DETACHED_CLEAN]
17:28:02,626 (main) DEBUG [DataNucleus.Cache] - Objeto con identidad="com.videoclub.pojo.Rental:3" borrado de la Cache de nivel 1
17:28:02,626 (main) DEBUG [DataNucleus.Persistence] - Haciendo el objeto detachado : "com.videoclub.pojo.Rental@30922f8d" (profundidad=0)
17:28:02,626 (main) DEBUG [DataNucleus.Persistence] - El objeto con identidad "com.videoclub.pojo.Rental:5" va a tener el SCO wrapper en el campo "rentalDate" cambiado por el valor
17:28:02,626 (main) DEBUG [DataNucleus.Persistence] - El objeto con identidad "com.videoclub.pojo.Rental:5" va a tener el SCO wrapper en el campo "returnDate" cambiado por el valor
17:28:02,626 (main) DEBUG [DataNucleus.Persistence] - Objeto con identidad "com.videoclub.pojo.Rental:5" tiene cambio de lifeycle : "P_CLEAN"->"DETACHED_CLEAN"
17:28:02,626 (main) DEBUG [DataNucleus.Transaction] - Objeto con identidad "com.videoclub.pojo.Rental:5" fue borrado de la cache transactional
17:28:02,626 (main) DEBUG [DataNucleus.Persistence] - Disconectando objeto con identidad "com.videoclub.pojo.Rental:5" de StateManager[pc=com.videoclub.pojo.Rental@30922f8d, lifecycle=DETACHED_CLEAN]
17:28:02,626 (main) DEBUG [DataNucleus.Cache] - Objeto con identidad="com.videoclub.pojo.Rental:5" borrado de la Cache de nivel 1
17:28:02,626 (main) DEBUG [DataNucleus.Persistence] - Haciendo el objeto detachado : "com.videoclub.pojo.Rental@1a8e9ed9" (profundidad=0)
17:28:02,626 (main) DEBUG [DataNucleus.Persistence] - El objeto con identidad "com.videoclub.pojo.Rental:15" va a tener el SCO wrapper en el campo "rentalDate" cambiado por el valor
17:28:02,626 (main) DEBUG [DataNucleus.Persistence] - El objeto con identidad "com.videoclub.pojo.Rental:15" va a tener el SCO wrapper en el campo "returnDate" cambiado por el valor
17:28:02,626 (main) DEBUG [DataNucleus.Persistence] - Objeto con identidad "com.videoclub.pojo.Rental:15" tiene cambio de lifeycle : "P_CLEAN"->"DETACHED_CLEAN"
17:28:02,626 (main) DEBUG [DataNucleus.Transaction] - Objeto con identidad "com.videoclub.pojo.Rental:15" fue borrado de la cache transactional
17:28:02,626 (main) DEBUG [DataNucleus.Persistence] - Disconectando objeto con identidad "com.videoclub.pojo.Rental:15" de StateManager[pc=com.videoclub.pojo.Rental@1a8e9ed9, lifecycle=DETACHED_CLEAN]
17:28:02,626 (main) DEBUG [DataNucleus.Cache] - Objeto con identidad="com.videoclub.pojo.Rental:15" borrado de la Cache de nivel 1
17:28:02,627 (main) DEBUG [DataNucleus.Persistence] - Haciendo el objeto detachado : "com.videoclub.pojo.Rental@50211483" (profundidad=0)
17:28:02,627 (main) DEBUG [DataNucleus.Persistence] - El objeto con identidad "com.videoclub.pojo.Rental:6" va a tener el SCO wrapper en el campo "rentalDate" cambiado por el valor
17:28:02,627 (main) DEBUG [DataNucleus.Persistence] - El objeto con identidad "com.videoclub.pojo.Rental:6" va a tener el SCO wrapper en el campo "returnDate" cambiado por el valor
17:28:02,627 (main) DEBUG [DataNucleus.Persistence] - Objeto con identidad "com.videoclub.pojo.Rental:6" tiene cambio de lifeycle : "P_CLEAN"->"DETACHED_CLEAN"
17:28:02,627 (main) DEBUG [DataNucleus.Transaction] - Objeto con identidad "com.videoclub.pojo.Rental:6" fue borrado de la cache transactional
17:28:02,627 (main) DEBUG [DataNucleus.Persistence] - Disconectando objeto con identidad "com.videoclub.pojo.Rental:6" de StateManager[pc=com.videoclub.pojo.Rental@50211483, lifecycle=DETACHED_CLEAN]
17:28:02,627 (main) DEBUG [DataNucleus.Cache] - Objeto con identidad="com.videoclub.pojo.Rental:6" borrado de la Cache de nivel 1
17:28:02,627 (main) DEBUG [DataNucleus.Persistence] - Haciendo el objeto detachado : "com.videoclub.pojo.Rental@68ea253b" (profundidad=0)
17:28:02,627 (main) DEBUG [DataNucleus.Persistence] - El objeto con identidad "com.videoclub.pojo.Rental:16" va a tener el SCO wrapper en el campo "rentalDate" cambiado por el valor
17:28:02,627 (main) DEBUG [DataNucleus.Persistence] - El objeto con identidad "com.videoclub.pojo.Rental:16" va a tener el SCO wrapper en el campo "returnDate" cambiado por el valor
17:28:02,627 (main) DEBUG [DataNucleus.Persistence] - Objeto con identidad "com.videoclub.pojo.Rental:16" tiene cambio de lifeycle : "P_CLEAN"->"DETACHED_CLEAN"
17:28:02,627 (main) DEBUG [DataNucleus.Transaction] - Objeto con identidad "com.videoclub.pojo.Rental:16" fue borrado de la cache transactional
17:28:02,627 (main) DEBUG [DataNucleus.Persistence] - Disconectando objeto con identidad "com.videoclub.pojo.Rental:16" de StateManager[pc=com.videoclub.pojo.Rental@68ea253b, lifecycle=DETACHED_CLEAN]
17:28:02,627 (main) DEBUG [DataNucleus.Cache] - Objeto con identidad="com.videoclub.pojo.Rental:16" borrado de la Cache de nivel 1
17:28:02,627 (main) DEBUG [DataNucleus.Persistence] - Haciendo el objeto detachado : "com.videoclub.pojo.Rental@191c6e13" (profundidad=0)
17:28:02,627 (main) DEBUG [DataNucleus.Persistence] - El objeto con identidad "com.videoclub.pojo.Rental:13" va a tener el SCO wrapper en el campo "rentalDate" cambiado por el valor
17:28:02,627 (main) DEBUG [DataNucleus.Persistence] - El objeto con identidad "com.videoclub.pojo.Rental:13" va a tener el SCO wrapper en el campo "returnDate" cambiado por el valor
17:28:02,627 (main) DEBUG [DataNucleus.Persistence] - Objeto con identidad "com.videoclub.pojo.Rental:13" tiene cambio de lifeycle : "P_CLEAN"->"DETACHED_CLEAN"
17:28:02,627 (main) DEBUG [DataNucleus.Transaction] - Objeto con identidad "com.videoclub.pojo.Rental:13" fue borrado de la cache transactional
17:28:02,627 (main) DEBUG [DataNucleus.Persistence] - Disconectando objeto con identidad "com.videoclub.pojo.Rental:13" de StateManager[pc=com.videoclub.pojo.Rental@191c6e13, lifecycle=DETACHED_CLEAN]
17:28:02,627 (main) DEBUG [DataNucleus.Cache] - Objeto con identidad="com.videoclub.pojo.Rental:13" borrado de la Cache de nivel 1
17:28:02,627 (main) DEBUG [DataNucleus.Transaction] - Transacción committed en 10 ms
17:28:02,627 (main) DEBUG [DataNucleus.Persistence] - ExecutionContext "org.datanucleus.ExecutionContextImpl@34dc85a" se cerró
]]></system-out>
  </testcase>
  <testcase name="DeleteMovieResource" classname="com.videoclub.testing.IntegrationIT" time="0.098"/>
  <testcase name="MovieListResource" classname="com.videoclub.testing.IntegrationIT" time="0.022">
    <system-out><![CDATA[17:28:02,744 (main) DEBUG [DataNucleus.Persistence] - ExecutionContext "org.datanucleus.ExecutionContextImpl@34dc85a" se abrió para la base de datos "org.datanucleus.store.rdbms.RDBMSStoreManager@6d4a65c6" con transaccion="org.datanucleus.transaction.TransactionImpl@666618d6"
17:28:02,744 (main) DEBUG [DataNucleus.Transaction] - Transaction created [DataNucleus Transaction, ID=1418522280-47, enlisted resources=[]]
17:28:02,744 (main) DEBUG [DataNucleus.Transaction] - Transacción empezada para el ExecutionContext org.datanucleus.ExecutionContextImpl@34dc85a (optimistic=false)
17:28:02,744 (main) DEBUG [DataNucleus.Query] - Query de JDOQL : Compilación (generic) de "SELECT FROM com.videoclub.pojo.Movie"
17:28:02,744 (main) DEBUG [DataNucleus.Query] - Query de JDOQL : Tiempo de compilar (generic) = 0 ms
17:28:02,744 (main) DEBUG [DataNucleus.Query] - QueryCompilation:
  [symbols: this type=com.videoclub.pojo.Movie]
17:28:02,744 (main) DEBUG [DataNucleus.Query] - Query de JDOQL : Compilación (base de datos) de "SELECT FROM com.videoclub.pojo.Movie"
17:28:02,744 (main) DEBUG [DataNucleus.Query] - Compile of JDOQL into SQL - JoinType : navigation(default=(using nullability), filter=(using nullability))
17:28:02,744 (main) DEBUG [DataNucleus.Query] - Query de JDOQL : Tiempo de compilar (base de datos) = 0
17:28:02,745 (main) DEBUG [DataNucleus.Connection] - ManagedConnection ABIERTO : "org.datanucleus.store.rdbms.ConnectionFactoryImpl$ManagedConnectionImpl@48bc2fce [conn=org.datanucleus.store.rdbms.datasource.dbcp2.PoolingDataSource$PoolGuardConnectionWrapper@1eca3ea7, commitOnRelease=false, closeOnRelease=false, closeOnTxnEnd=true]" en resource "tx" con isolación "read-committed" y auto-commit=false
17:28:02,745 (main) DEBUG [DataNucleus.Transaction] - Running enlist operation on resource: org.datanucleus.store.rdbms.ConnectionFactoryImpl$EmulatedXAResource@24fba488, error code TMNOFLAGS and transaction [DataNucleus Transaction, ID=1418522280-47, enlisted resources=[]]
17:28:02,745 (main) DEBUG [DataNucleus.Query] - Query de JDOQL : Ejecucion de "SELECT FROM com.videoclub.pojo.Movie" ...
17:28:02,745 (main) DEBUG [DataNucleus.Datastore] - Utilizando PreparedStatement "com.mysql.cj.jdbc.ClientPreparedStatement: SELECT 'com.videoclub.pojo.Movie' AS `DN_TYPE`,`A0`.`CODE`,`A0`.`DIRECTOR`,`A0`.`DURATION`,`A0`.`GENRE`,`A0`.`RENTALPRICE`,`A0`.`TITLE`,`A0`.`YEAR` FROM `MOVIE` `A0`" para la conneccion "org.datanucleus.store.rdbms.datasource.dbcp2.PoolingDataSource$PoolGuardConnectionWrapper@1eca3ea7"
17:28:02,745 (main) DEBUG [DataNucleus.Datastore.Native] - SELECT 'com.videoclub.pojo.Movie' AS `DN_TYPE`,`A0`.`CODE`,`A0`.`DIRECTOR`,`A0`.`DURATION`,`A0`.`GENRE`,`A0`.`RENTALPRICE`,`A0`.`TITLE`,`A0`.`YEAR` FROM `MOVIE` `A0`
17:28:02,745 (main) DEBUG [DataNucleus.Datastore.Retrieve] - SQL Tiempo de cumplir = 0 ms
17:28:02,745 (main) DEBUG [DataNucleus.Query] - Query de JDOQL : Tiempo de ejecutar = 0 ms
17:28:02,746 (main) DEBUG [DataNucleus.Transaction] - Haciendo commit de la transaacción para el ExecutionContext org.datanucleus.ExecutionContextImpl@34dc85a
17:28:02,746 (main) DEBUG [DataNucleus.Query] - Leyendo los resultados del query "SELECT FROM com.videoclub.pojo.Movie" como la conneccion va a cerrar o cometer
17:28:02,746 (main) DEBUG [DataNucleus.Cache] - Objeto con identidad "com.videoclub.pojo.Movie:1" no esta en la Cache de nivel 1
17:28:02,746 (main) DEBUG [DataNucleus.Cache] - Objeto con identidad "com.videoclub.pojo.Movie:1" añadido a la Cache de nivel 1 (loadedFlags="[YNNNNNN]")
17:28:02,746 (main) DEBUG [DataNucleus.Transaction] - Objeto con identidad "com.videoclub.pojo.Movie:1" ha sido puesto en la cache transaccional
17:28:02,746 (main) DEBUG [DataNucleus.Cache] - Objeto con identidad "com.videoclub.pojo.Movie:1" obtenido de la Cache nivel 2 (campos="[0, 1, 2, 3, 4, 5, 6]", version="") - representado como "com.videoclub.pojo.Movie@153d6d74"
17:28:02,746 (main) DEBUG [DataNucleus.Cache] - Objeto con identidad "com.videoclub.pojo.Movie:2" no esta en la Cache de nivel 1
17:28:02,746 (main) DEBUG [DataNucleus.Cache] - Objeto con identidad "com.videoclub.pojo.Movie:2" añadido a la Cache de nivel 1 (loadedFlags="[YNNNNNN]")
17:28:02,746 (main) DEBUG [DataNucleus.Transaction] - Objeto con identidad "com.videoclub.pojo.Movie:2" ha sido puesto en la cache transaccional
17:28:02,746 (main) DEBUG [DataNucleus.Cache] - Objeto con identidad "com.videoclub.pojo.Movie:2" obtenido de la Cache nivel 2 (campos="[0, 1, 2, 3, 4, 5, 6]", version="") - representado como "com.videoclub.pojo.Movie@6c9b44bf"
17:28:02,746 (main) DEBUG [DataNucleus.Cache] - Objeto con identidad "com.videoclub.pojo.Movie:3" no esta en la Cache de nivel 1
17:28:02,746 (main) DEBUG [DataNucleus.Cache] - Objeto con identidad "com.videoclub.pojo.Movie:3" añadido a la Cache de nivel 1 (loadedFlags="[YNNNNNN]")
17:28:02,746 (main) DEBUG [DataNucleus.Transaction] - Objeto con identidad "com.videoclub.pojo.Movie:3" ha sido puesto en la cache transaccional
17:28:02,746 (main) DEBUG [DataNucleus.Cache] - Objeto con identidad "com.videoclub.pojo.Movie:3" obtenido de la Cache nivel 2 (campos="[0, 1, 2, 3, 4, 5, 6]", version="") - representado como "com.videoclub.pojo.Movie@299b9851"
17:28:02,746 (main) DEBUG [DataNucleus.Cache] - Objeto con identidad "com.videoclub.pojo.Movie:4" no esta en la Cache de nivel 1
17:28:02,746 (main) DEBUG [DataNucleus.Cache] - Objeto con identidad "com.videoclub.pojo.Movie:4" añadido a la Cache de nivel 1 (loadedFlags="[YNNNNNN]")
17:28:02,746 (main) DEBUG [DataNucleus.Transaction] - Objeto con identidad "com.videoclub.pojo.Movie:4" ha sido puesto en la cache transaccional
17:28:02,746 (main) DEBUG [DataNucleus.Cache] - Objeto con identidad "com.videoclub.pojo.Movie:4" obtenido de la Cache nivel 2 (campos="[0, 1, 2, 3, 4, 5, 6]", version="") - representado como "com.videoclub.pojo.Movie@191a0351"
17:28:02,746 (main) DEBUG [DataNucleus.Cache] - Objeto con identidad "com.videoclub.pojo.Movie:5" no esta en la Cache de nivel 1
17:28:02,746 (main) DEBUG [DataNucleus.Cache] - Objeto con identidad "com.videoclub.pojo.Movie:5" añadido a la Cache de nivel 1 (loadedFlags="[YNNNNNN]")
17:28:02,746 (main) DEBUG [DataNucleus.Transaction] - Objeto con identidad "com.videoclub.pojo.Movie:5" ha sido puesto en la cache transaccional
17:28:02,746 (main) DEBUG [DataNucleus.Cache] - Objeto con identidad "com.videoclub.pojo.Movie:5" obtenido de la Cache nivel 2 (campos="[0, 1, 2, 3, 4, 5, 6]", version="") - representado como "com.videoclub.pojo.Movie@67328bcb"
17:28:02,746 (main) DEBUG [DataNucleus.Cache] - Objeto con identidad "com.videoclub.pojo.Movie:6" no esta en la Cache de nivel 1
17:28:02,746 (main) DEBUG [DataNucleus.Cache] - Objeto con identidad "com.videoclub.pojo.Movie:6" añadido a la Cache de nivel 1 (loadedFlags="[YNNNNNN]")
17:28:02,746 (main) DEBUG [DataNucleus.Transaction] - Objeto con identidad "com.videoclub.pojo.Movie:6" ha sido puesto en la cache transaccional
17:28:02,746 (main) DEBUG [DataNucleus.Cache] - Objeto con identidad "com.videoclub.pojo.Movie:6" obtenido de la Cache nivel 2 (campos="[0, 1, 2, 3, 4, 5, 6]", version="") - representado como "com.videoclub.pojo.Movie@51ba952e"
17:28:02,746 (main) DEBUG [DataNucleus.Cache] - Objeto con identidad "com.videoclub.pojo.Movie:7" no esta en la Cache de nivel 1
17:28:02,746 (main) DEBUG [DataNucleus.Cache] - Objeto con identidad "com.videoclub.pojo.Movie:7" añadido a la Cache de nivel 1 (loadedFlags="[YNNNNNN]")
17:28:02,746 (main) DEBUG [DataNucleus.Transaction] - Objeto con identidad "com.videoclub.pojo.Movie:7" ha sido puesto en la cache transaccional
17:28:02,746 (main) DEBUG [DataNucleus.Cache] - Objeto con identidad "com.videoclub.pojo.Movie:7" obtenido de la Cache nivel 2 (campos="[0, 1, 2, 3, 4, 5, 6]", version="") - representado como "com.videoclub.pojo.Movie@2416c658"
17:28:02,746 (main) DEBUG [DataNucleus.Persistence] - ExecutionContext.internalFlush() empezado con flush ordenado - 0 objetos registrados
17:28:02,746 (main) DEBUG [DataNucleus.Persistence] - ExecutionContext.internalFlush() terminado
17:28:02,746 (main) DEBUG [DataNucleus.Persistence] - Persistence-By-Reachability (commit) : EMPIEZA
17:28:02,746 (main) DEBUG [DataNucleus.Persistence] - Persistence-By-Reachability (commit) : TERMINADO
17:28:02,746 (main) DEBUG [DataNucleus.Cache] - El objeto con identidad "com.videoclub.pojo.Movie:3" va a tener los campos siguientes almacendados en el objeto de Level 2 cache : [0, 1, 2, 3, 4, 5, 6]
17:28:02,746 (main) DEBUG [DataNucleus.Cache] - El objeto con identidad "com.videoclub.pojo.Movie:5" va a tener los campos siguientes almacendados en el objeto de Level 2 cache : [0, 1, 2, 3, 4, 5, 6]
17:28:02,746 (main) DEBUG [DataNucleus.Cache] - El objeto con identidad "com.videoclub.pojo.Movie:4" va a tener los campos siguientes almacendados en el objeto de Level 2 cache : [0, 1, 2, 3, 4, 5, 6]
17:28:02,746 (main) DEBUG [DataNucleus.Cache] - El objeto con identidad "com.videoclub.pojo.Movie:7" va a tener los campos siguientes almacendados en el objeto de Level 2 cache : [0, 1, 2, 3, 4, 5, 6]
17:28:02,746 (main) DEBUG [DataNucleus.Cache] - El objeto con identidad "com.videoclub.pojo.Movie:6" va a tener los campos siguientes almacendados en el objeto de Level 2 cache : [0, 1, 2, 3, 4, 5, 6]
17:28:02,746 (main) DEBUG [DataNucleus.Cache] - El objeto con identidad "com.videoclub.pojo.Movie:1" va a tener los campos siguientes almacendados en el objeto de Level 2 cache : [0, 1, 2, 3, 4, 5, 6]
17:28:02,746 (main) DEBUG [DataNucleus.Cache] - El objeto con identidad "com.videoclub.pojo.Movie:2" va a tener los campos siguientes almacendados en el objeto de Level 2 cache : [0, 1, 2, 3, 4, 5, 6]
17:28:02,746 (main) DEBUG [DataNucleus.Transaction] - Committing [DataNucleus Transaction, ID=1418522280-47, enlisted resources=[org.datanucleus.store.rdbms.ConnectionFactoryImpl$EmulatedXAResource@24fba488]]
17:28:02,746 (main) DEBUG [DataNucleus.Connection] - ManagedConnection VA A COMMIT : "org.datanucleus.store.rdbms.ConnectionFactoryImpl$ManagedConnectionImpl@48bc2fce [conn=org.datanucleus.store.rdbms.datasource.dbcp2.PoolingDataSource$PoolGuardConnectionWrapper@1eca3ea7, commitOnRelease=false, closeOnRelease=false, closeOnTxnEnd=true]"
17:28:02,747 (main) DEBUG [DataNucleus.Connection] - ManagedConnection CERRADO : "org.datanucleus.store.rdbms.ConnectionFactoryImpl$ManagedConnectionImpl@48bc2fce [conn=org.datanucleus.store.rdbms.datasource.dbcp2.PoolingDataSource$PoolGuardConnectionWrapper@1eca3ea7, commitOnRelease=false, closeOnRelease=false, closeOnTxnEnd=true]" 
17:28:02,747 (main) DEBUG [DataNucleus.Persistence] - Haciendo el objeto detachado : "com.videoclub.pojo.Movie@299b9851" (profundidad=0)
17:28:02,747 (main) DEBUG [DataNucleus.Persistence] - Objeto con identidad "com.videoclub.pojo.Movie:3" tiene cambio de lifeycle : "P_CLEAN"->"DETACHED_CLEAN"
17:28:02,747 (main) DEBUG [DataNucleus.Transaction] - Objeto con identidad "com.videoclub.pojo.Movie:3" fue borrado de la cache transactional
17:28:02,747 (main) DEBUG [DataNucleus.Persistence] - Disconectando objeto con identidad "com.videoclub.pojo.Movie:3" de StateManager[pc=com.videoclub.pojo.Movie@299b9851, lifecycle=DETACHED_CLEAN]
17:28:02,747 (main) DEBUG [DataNucleus.Cache] - Objeto con identidad="com.videoclub.pojo.Movie:3" borrado de la Cache de nivel 1
17:28:02,747 (main) DEBUG [DataNucleus.Persistence] - Haciendo el objeto detachado : "com.videoclub.pojo.Movie@67328bcb" (profundidad=0)
17:28:02,747 (main) DEBUG [DataNucleus.Persistence] - Objeto con identidad "com.videoclub.pojo.Movie:5" tiene cambio de lifeycle : "P_CLEAN"->"DETACHED_CLEAN"
17:28:02,747 (main) DEBUG [DataNucleus.Transaction] - Objeto con identidad "com.videoclub.pojo.Movie:5" fue borrado de la cache transactional
17:28:02,747 (main) DEBUG [DataNucleus.Persistence] - Disconectando objeto con identidad "com.videoclub.pojo.Movie:5" de StateManager[pc=com.videoclub.pojo.Movie@67328bcb, lifecycle=DETACHED_CLEAN]
17:28:02,747 (main) DEBUG [DataNucleus.Cache] - Objeto con identidad="com.videoclub.pojo.Movie:5" borrado de la Cache de nivel 1
17:28:02,747 (main) DEBUG [DataNucleus.Persistence] - Haciendo el objeto detachado : "com.videoclub.pojo.Movie@191a0351" (profundidad=0)
17:28:02,747 (main) DEBUG [DataNucleus.Persistence] - Objeto con identidad "com.videoclub.pojo.Movie:4" tiene cambio de lifeycle : "P_CLEAN"->"DETACHED_CLEAN"
17:28:02,747 (main) DEBUG [DataNucleus.Transaction] - Objeto con identidad "com.videoclub.pojo.Movie:4" fue borrado de la cache transactional
17:28:02,747 (main) DEBUG [DataNucleus.Persistence] - Disconectando objeto con identidad "com.videoclub.pojo.Movie:4" de StateManager[pc=com.videoclub.pojo.Movie@191a0351, lifecycle=DETACHED_CLEAN]
17:28:02,747 (main) DEBUG [DataNucleus.Cache] - Objeto con identidad="com.videoclub.pojo.Movie:4" borrado de la Cache de nivel 1
17:28:02,747 (main) DEBUG [DataNucleus.Persistence] - Haciendo el objeto detachado : "com.videoclub.pojo.Movie@2416c658" (profundidad=0)
17:28:02,747 (main) DEBUG [DataNucleus.Persistence] - Objeto con identidad "com.videoclub.pojo.Movie:7" tiene cambio de lifeycle : "P_CLEAN"->"DETACHED_CLEAN"
17:28:02,747 (main) DEBUG [DataNucleus.Transaction] - Objeto con identidad "com.videoclub.pojo.Movie:7" fue borrado de la cache transactional
17:28:02,747 (main) DEBUG [DataNucleus.Persistence] - Disconectando objeto con identidad "com.videoclub.pojo.Movie:7" de StateManager[pc=com.videoclub.pojo.Movie@2416c658, lifecycle=DETACHED_CLEAN]
17:28:02,747 (main) DEBUG [DataNucleus.Cache] - Objeto con identidad="com.videoclub.pojo.Movie:7" borrado de la Cache de nivel 1
17:28:02,747 (main) DEBUG [DataNucleus.Persistence] - Haciendo el objeto detachado : "com.videoclub.pojo.Movie@51ba952e" (profundidad=0)
17:28:02,747 (main) DEBUG [DataNucleus.Persistence] - Objeto con identidad "com.videoclub.pojo.Movie:6" tiene cambio de lifeycle : "P_CLEAN"->"DETACHED_CLEAN"
17:28:02,747 (main) DEBUG [DataNucleus.Transaction] - Objeto con identidad "com.videoclub.pojo.Movie:6" fue borrado de la cache transactional
17:28:02,747 (main) DEBUG [DataNucleus.Persistence] - Disconectando objeto con identidad "com.videoclub.pojo.Movie:6" de StateManager[pc=com.videoclub.pojo.Movie@51ba952e, lifecycle=DETACHED_CLEAN]
17:28:02,747 (main) DEBUG [DataNucleus.Cache] - Objeto con identidad="com.videoclub.pojo.Movie:6" borrado de la Cache de nivel 1
17:28:02,747 (main) DEBUG [DataNucleus.Persistence] - Haciendo el objeto detachado : "com.videoclub.pojo.Movie@153d6d74" (profundidad=0)
17:28:02,747 (main) DEBUG [DataNucleus.Persistence] - Objeto con identidad "com.videoclub.pojo.Movie:1" tiene cambio de lifeycle : "P_CLEAN"->"DETACHED_CLEAN"
17:28:02,747 (main) DEBUG [DataNucleus.Transaction] - Objeto con identidad "com.videoclub.pojo.Movie:1" fue borrado de la cache transactional
17:28:02,748 (main) DEBUG [DataNucleus.Persistence] - Disconectando objeto con identidad "com.videoclub.pojo.Movie:1" de StateManager[pc=com.videoclub.pojo.Movie@153d6d74, lifecycle=DETACHED_CLEAN]
17:28:02,748 (main) DEBUG [DataNucleus.Cache] - Objeto con identidad="com.videoclub.pojo.Movie:1" borrado de la Cache de nivel 1
17:28:02,748 (main) DEBUG [DataNucleus.Persistence] - Haciendo el objeto detachado : "com.videoclub.pojo.Movie@6c9b44bf" (profundidad=0)
17:28:02,748 (main) DEBUG [DataNucleus.Persistence] - Objeto con identidad "com.videoclub.pojo.Movie:2" tiene cambio de lifeycle : "P_CLEAN"->"DETACHED_CLEAN"
17:28:02,748 (main) DEBUG [DataNucleus.Transaction] - Objeto con identidad "com.videoclub.pojo.Movie:2" fue borrado de la cache transactional
17:28:02,748 (main) DEBUG [DataNucleus.Persistence] - Disconectando objeto con identidad "com.videoclub.pojo.Movie:2" de StateManager[pc=com.videoclub.pojo.Movie@6c9b44bf, lifecycle=DETACHED_CLEAN]
17:28:02,748 (main) DEBUG [DataNucleus.Cache] - Objeto con identidad="com.videoclub.pojo.Movie:2" borrado de la Cache de nivel 1
17:28:02,748 (main) DEBUG [DataNucleus.Transaction] - Transacción committed en 2 ms
17:28:02,748 (main) DEBUG [DataNucleus.Persistence] - ExecutionContext "org.datanucleus.ExecutionContextImpl@34dc85a" se cerró
]]></system-out>
  </testcase>
</testsuite>