<?xml version="1.0" encoding="UTF-8"?>
<testsuite xmlns:xsi="http://www.w3.org/2001/XMLSchema-instance" xsi:noNamespaceSchemaLocation="https://maven.apache.org/surefire/maven-surefire-plugin/xsd/surefire-test-report-3.0.xsd" version="3.0" name="com.videoclub.testing.TestVideoclub" time="0.992" tests="3" errors="0" skipped="0" failures="0">
  <properties>
    <property name="java.specification.version" value="20"/>
    <property name="sun.jnu.encoding" value="UTF-8"/>
    <property name="java.class.path" value="/Users/alarencinas/Documents/GitHub/BSPQ23-E1/target/test-classes:/Users/alarencinas/Documents/GitHub/BSPQ23-E1/target/classes:/Users/alarencinas/.m2/repository/org/glassfish/jersey/containers/jersey-container-servlet-core/2.35/jersey-container-servlet-core-2.35.jar:/Users/alarencinas/.m2/repository/org/glassfish/hk2/external/jakarta.inject/2.6.1/jakarta.inject-2.6.1.jar:/Users/alarencinas/.m2/repository/org/glassfish/jersey/core/jersey-common/2.35/jersey-common-2.35.jar:/Users/alarencinas/.m2/repository/jakarta/annotation/jakarta.annotation-api/1.3.5/jakarta.annotation-api-1.3.5.jar:/Users/alarencinas/.m2/repository/org/glassfish/hk2/osgi-resource-locator/1.0.3/osgi-resource-locator-1.0.3.jar:/Users/alarencinas/.m2/repository/org/glassfish/jersey/core/jersey-server/2.35/jersey-server-2.35.jar:/Users/alarencinas/.m2/repository/org/glassfish/jersey/core/jersey-client/2.35/jersey-client-2.35.jar:/Users/alarencinas/.m2/repository/jakarta/validation/jakarta.validation-api/2.0.2/jakarta.validation-api-2.0.2.jar:/Users/alarencinas/.m2/repository/jakarta/ws/rs/jakarta.ws.rs-api/2.1.6/jakarta.ws.rs-api-2.1.6.jar:/Users/alarencinas/.m2/repository/com/github/noconnor/junitperf/1.22.1/junitperf-1.22.1.jar:/Users/alarencinas/.m2/repository/com/github/noconnor/junitperf-core/1.22.1/junitperf-core-1.22.1.jar:/Users/alarencinas/.m2/repository/org/projectlombok/lombok/1.18.24/lombok-1.18.24.jar:/Users/alarencinas/.m2/repository/org/apache/commons/commons-lang3/3.11/commons-lang3-3.11.jar:/Users/alarencinas/.m2/repository/ch/qos/logback/logback-classic/1.3.0/logback-classic-1.3.0.jar:/Users/alarencinas/.m2/repository/ch/qos/logback/logback-core/1.3.0/logback-core-1.3.0.jar:/Users/alarencinas/.m2/repository/org/slf4j/slf4j-api/2.0.0/slf4j-api-2.0.0.jar:/Users/alarencinas/.m2/repository/com/google/guava/guava/30.1-jre/guava-30.1-jre.jar:/Users/alarencinas/.m2/repository/com/google/guava/failureaccess/1.0.1/failureaccess-1.0.1.jar:/Users/alarencinas/.m2/repository/com/google/guava/listenablefuture/9999.0-empty-to-avoid-conflict-with-guava/listenablefuture-9999.0-empty-to-avoid-conflict-with-guava.jar:/Users/alarencinas/.m2/repository/com/google/code/findbugs/jsr305/3.0.2/jsr305-3.0.2.jar:/Users/alarencinas/.m2/repository/org/checkerframework/checker-qual/3.5.0/checker-qual-3.5.0.jar:/Users/alarencinas/.m2/repository/com/google/errorprone/error_prone_annotations/2.3.4/error_prone_annotations-2.3.4.jar:/Users/alarencinas/.m2/repository/com/google/j2objc/j2objc-annotations/1.3/j2objc-annotations-1.3.jar:/Users/alarencinas/.m2/repository/commons-collections/commons-collections/3.2.2/commons-collections-3.2.2.jar:/Users/alarencinas/.m2/repository/org/apache/commons/commons-math3/3.6.1/commons-math3-3.6.1.jar:/Users/alarencinas/.m2/repository/org/jtwig/jtwig-core/5.86.1.RELEASE/jtwig-core-5.86.1.RELEASE.jar:/Users/alarencinas/.m2/repository/org/jtwig/jtwig-reflection/5.86.1.RELEASE/jtwig-reflection-5.86.1.RELEASE.jar:/Users/alarencinas/.m2/repository/org/parboiled/parboiled-java/1.1.7/parboiled-java-1.1.7.jar:/Users/alarencinas/.m2/repository/org/parboiled/parboiled-core/1.1.7/parboiled-core-1.1.7.jar:/Users/alarencinas/.m2/repository/org/ow2/asm/asm/5.0.3/asm-5.0.3.jar:/Users/alarencinas/.m2/repository/org/ow2/asm/asm-tree/5.0.3/asm-tree-5.0.3.jar:/Users/alarencinas/.m2/repository/org/ow2/asm/asm-analysis/5.0.3/asm-analysis-5.0.3.jar:/Users/alarencinas/.m2/repository/org/ow2/asm/asm-util/5.0.3/asm-util-5.0.3.jar:/Users/alarencinas/.m2/repository/com/googlecode/concurrentlinkedhashmap/concurrentlinkedhashmap-lru/1.4.2/concurrentlinkedhashmap-lru-1.4.2.jar:/Users/alarencinas/.m2/repository/org/glassfish/jersey/inject/jersey-hk2/2.35/jersey-hk2-2.35.jar:/Users/alarencinas/.m2/repository/org/glassfish/hk2/hk2-locator/2.6.1/hk2-locator-2.6.1.jar:/Users/alarencinas/.m2/repository/org/glassfish/hk2/external/aopalliance-repackaged/2.6.1/aopalliance-repackaged-2.6.1.jar:/Users/alarencinas/.m2/repository/org/glassfish/hk2/hk2-api/2.6.1/hk2-api-2.6.1.jar:/Users/alarencinas/.m2/repository/org/glassfish/hk2/hk2-utils/2.6.1/hk2-utils-2.6.1.jar:/Users/alarencinas/.m2/repository/org/javassist/javassist/3.25.0-GA/javassist-3.25.0-GA.jar:/Users/alarencinas/.m2/repository/org/glassfish/jersey/media/jersey-media-json-jackson/2.35/jersey-media-json-jackson-2.35.jar:/Users/alarencinas/.m2/repository/org/glassfish/jersey/ext/jersey-entity-filtering/2.35/jersey-entity-filtering-2.35.jar:/Users/alarencinas/.m2/repository/com/fasterxml/jackson/core/jackson-annotations/2.12.2/jackson-annotations-2.12.2.jar:/Users/alarencinas/.m2/repository/com/fasterxml/jackson/core/jackson-databind/2.12.2/jackson-databind-2.12.2.jar:/Users/alarencinas/.m2/repository/com/fasterxml/jackson/core/jackson-core/2.12.2/jackson-core-2.12.2.jar:/Users/alarencinas/.m2/repository/com/fasterxml/jackson/module/jackson-module-jaxb-annotations/2.12.2/jackson-module-jaxb-annotations-2.12.2.jar:/Users/alarencinas/.m2/repository/jakarta/xml/bind/jakarta.xml.bind-api/2.3.2/jakarta.xml.bind-api-2.3.2.jar:/Users/alarencinas/.m2/repository/jakarta/activation/jakarta.activation-api/1.2.1/jakarta.activation-api-1.2.1.jar:/Users/alarencinas/.m2/repository/junit/junit/4.13.2/junit-4.13.2.jar:/Users/alarencinas/.m2/repository/org/hamcrest/hamcrest-core/1.3/hamcrest-core-1.3.jar:/Users/alarencinas/.m2/repository/org/apache/logging/log4j/log4j-api/2.20.0/log4j-api-2.20.0.jar:/Users/alarencinas/.m2/repository/org/apache/logging/log4j/log4j-core/2.20.0/log4j-core-2.20.0.jar:/Users/alarencinas/.m2/repository/org/datanucleus/javax.jdo/3.2.1/javax.jdo-3.2.1.jar:/Users/alarencinas/.m2/repository/javax/transaction/javax.transaction-api/1.3/javax.transaction-api-1.3.jar:/Users/alarencinas/.m2/repository/org/glassfish/corba/glassfish-corba-omgapi/4.2.2/glassfish-corba-omgapi-4.2.2.jar:/Users/alarencinas/.m2/repository/org/datanucleus/datanucleus-core/6.0.4/datanucleus-core-6.0.4.jar:/Users/alarencinas/.m2/repository/org/datanucleus/datanucleus-api-jdo/6.0.1/datanucleus-api-jdo-6.0.1.jar:/Users/alarencinas/.m2/repository/org/datanucleus/datanucleus-rdbms/6.0.4/datanucleus-rdbms-6.0.4.jar:/Users/alarencinas/.m2/repository/mysql/mysql-connector-java/8.0.29/mysql-connector-java-8.0.29.jar:/Users/alarencinas/.m2/repository/com/google/protobuf/protobuf-java/3.19.4/protobuf-java-3.19.4.jar:/Users/alarencinas/.m2/repository/org/datanucleus/datanucleus-maven-plugin/5.0.1/datanucleus-maven-plugin-5.0.1.jar:/Users/alarencinas/.m2/repository/org/codehaus/plexus/plexus-utils/3.0.8/plexus-utils-3.0.8.jar:/Users/alarencinas/.m2/repository/org/apache/maven/maven-artifact/3.0.4/maven-artifact-3.0.4.jar:/Users/alarencinas/.m2/repository/org/apache/maven/maven-plugin-api/3.0.4/maven-plugin-api-3.0.4.jar:/Users/alarencinas/.m2/repository/org/apache/maven/maven-model/3.0.4/maven-model-3.0.4.jar:/Users/alarencinas/.m2/repository/org/sonatype/sisu/sisu-inject-plexus/2.3.0/sisu-inject-plexus-2.3.0.jar:/Users/alarencinas/.m2/repository/org/codehaus/plexus/plexus-component-annotations/1.5.5/plexus-component-annotations-1.5.5.jar:/Users/alarencinas/.m2/repository/org/sonatype/sisu/sisu-inject-bean/2.3.0/sisu-inject-bean-2.3.0.jar:/Users/alarencinas/.m2/repository/org/sonatype/sisu/sisu-guice/3.1.0/sisu-guice-3.1.0-no_aop.jar:/Users/alarencinas/.m2/repository/org/sonatype/sisu/sisu-guava/0.9.9/sisu-guava-0.9.9.jar:/Users/alarencinas/.m2/repository/org/codehaus/plexus/plexus-container-default/1.5.5/plexus-container-default-1.5.5.jar:/Users/alarencinas/.m2/repository/org/codehaus/plexus/plexus-classworlds/2.2.2/plexus-classworlds-2.2.2.jar:/Users/alarencinas/.m2/repository/org/apache/xbean/xbean-reflect/3.4/xbean-reflect-3.4.jar:/Users/alarencinas/.m2/repository/log4j/log4j/1.2.12/log4j-1.2.12.jar:/Users/alarencinas/.m2/repository/commons-logging/commons-logging-api/1.1/commons-logging-api-1.1.jar:/Users/alarencinas/.m2/repository/com/google/collections/google-collections/1.0/google-collections-1.0.jar:/Users/alarencinas/.m2/repository/com/itextpdf/itextpdf/5.5.9/itextpdf-5.5.9.jar:/Users/alarencinas/.m2/repository/com/sun/mail/javax.mail/1.6.2/javax.mail-1.6.2.jar:/Users/alarencinas/.m2/repository/javax/activation/activation/1.1.1/activation-1.1.1.jar:/Users/alarencinas/.m2/repository/com/google/zxing/core/3.4.1/core-3.4.1.jar:/Users/alarencinas/.m2/repository/com/google/zxing/javase/3.4.1/javase-3.4.1.jar:/Users/alarencinas/.m2/repository/com/beust/jcommander/1.78/jcommander-1.78.jar:/Users/alarencinas/.m2/repository/com/github/jai-imageio/jai-imageio-core/1.4.0/jai-imageio-core-1.4.0.jar:"/>
    <property name="java.vm.vendor" value="Oracle Corporation"/>
    <property name="sun.arch.data.model" value="64"/>
    <property name="java.vendor.url" value="https://java.oracle.com/"/>
    <property name="os.name" value="Mac OS X"/>
    <property name="java.vm.specification.version" value="20"/>
    <property name="sun.java.launcher" value="SUN_STANDARD"/>
    <property name="user.country" value="ES"/>
    <property name="sun.boot.library.path" value="/Library/Java/JavaVirtualMachines/jdk-20.jdk/Contents/Home/lib"/>
    <property name="sun.java.command" value="/Users/alarencinas/Documents/GitHub/BSPQ23-E1/target/surefire/surefirebooter9262827115646338384.jar /Users/alarencinas/Documents/GitHub/BSPQ23-E1/target/surefire 2023-05-22T17-28-00_161-jvmRun1 surefire1685450481403207410tmp surefire_08631069605013906860tmp"/>
    <property name="jdk.debug" value="release"/>
    <property name="surefire.test.class.path" value="/Users/alarencinas/Documents/GitHub/BSPQ23-E1/target/test-classes:/Users/alarencinas/Documents/GitHub/BSPQ23-E1/target/classes:/Users/alarencinas/.m2/repository/org/glassfish/jersey/containers/jersey-container-servlet-core/2.35/jersey-container-servlet-core-2.35.jar:/Users/alarencinas/.m2/repository/org/glassfish/hk2/external/jakarta.inject/2.6.1/jakarta.inject-2.6.1.jar:/Users/alarencinas/.m2/repository/org/glassfish/jersey/core/jersey-common/2.35/jersey-common-2.35.jar:/Users/alarencinas/.m2/repository/jakarta/annotation/jakarta.annotation-api/1.3.5/jakarta.annotation-api-1.3.5.jar:/Users/alarencinas/.m2/repository/org/glassfish/hk2/osgi-resource-locator/1.0.3/osgi-resource-locator-1.0.3.jar:/Users/alarencinas/.m2/repository/org/glassfish/jersey/core/jersey-server/2.35/jersey-server-2.35.jar:/Users/alarencinas/.m2/repository/org/glassfish/jersey/core/jersey-client/2.35/jersey-client-2.35.jar:/Users/alarencinas/.m2/repository/jakarta/validation/jakarta.validation-api/2.0.2/jakarta.validation-api-2.0.2.jar:/Users/alarencinas/.m2/repository/jakarta/ws/rs/jakarta.ws.rs-api/2.1.6/jakarta.ws.rs-api-2.1.6.jar:/Users/alarencinas/.m2/repository/com/github/noconnor/junitperf/1.22.1/junitperf-1.22.1.jar:/Users/alarencinas/.m2/repository/com/github/noconnor/junitperf-core/1.22.1/junitperf-core-1.22.1.jar:/Users/alarencinas/.m2/repository/org/projectlombok/lombok/1.18.24/lombok-1.18.24.jar:/Users/alarencinas/.m2/repository/org/apache/commons/commons-lang3/3.11/commons-lang3-3.11.jar:/Users/alarencinas/.m2/repository/ch/qos/logback/logback-classic/1.3.0/logback-classic-1.3.0.jar:/Users/alarencinas/.m2/repository/ch/qos/logback/logback-core/1.3.0/logback-core-1.3.0.jar:/Users/alarencinas/.m2/repository/org/slf4j/slf4j-api/2.0.0/slf4j-api-2.0.0.jar:/Users/alarencinas/.m2/repository/com/google/guava/guava/30.1-jre/guava-30.1-jre.jar:/Users/alarencinas/.m2/repository/com/google/guava/failureaccess/1.0.1/failureaccess-1.0.1.jar:/Users/alarencinas/.m2/repository/com/google/guava/listenablefuture/9999.0-empty-to-avoid-conflict-with-guava/listenablefuture-9999.0-empty-to-avoid-conflict-with-guava.jar:/Users/alarencinas/.m2/repository/com/google/code/findbugs/jsr305/3.0.2/jsr305-3.0.2.jar:/Users/alarencinas/.m2/repository/org/checkerframework/checker-qual/3.5.0/checker-qual-3.5.0.jar:/Users/alarencinas/.m2/repository/com/google/errorprone/error_prone_annotations/2.3.4/error_prone_annotations-2.3.4.jar:/Users/alarencinas/.m2/repository/com/google/j2objc/j2objc-annotations/1.3/j2objc-annotations-1.3.jar:/Users/alarencinas/.m2/repository/commons-collections/commons-collections/3.2.2/commons-collections-3.2.2.jar:/Users/alarencinas/.m2/repository/org/apache/commons/commons-math3/3.6.1/commons-math3-3.6.1.jar:/Users/alarencinas/.m2/repository/org/jtwig/jtwig-core/5.86.1.RELEASE/jtwig-core-5.86.1.RELEASE.jar:/Users/alarencinas/.m2/repository/org/jtwig/jtwig-reflection/5.86.1.RELEASE/jtwig-reflection-5.86.1.RELEASE.jar:/Users/alarencinas/.m2/repository/org/parboiled/parboiled-java/1.1.7/parboiled-java-1.1.7.jar:/Users/alarencinas/.m2/repository/org/parboiled/parboiled-core/1.1.7/parboiled-core-1.1.7.jar:/Users/alarencinas/.m2/repository/org/ow2/asm/asm/5.0.3/asm-5.0.3.jar:/Users/alarencinas/.m2/repository/org/ow2/asm/asm-tree/5.0.3/asm-tree-5.0.3.jar:/Users/alarencinas/.m2/repository/org/ow2/asm/asm-analysis/5.0.3/asm-analysis-5.0.3.jar:/Users/alarencinas/.m2/repository/org/ow2/asm/asm-util/5.0.3/asm-util-5.0.3.jar:/Users/alarencinas/.m2/repository/com/googlecode/concurrentlinkedhashmap/concurrentlinkedhashmap-lru/1.4.2/concurrentlinkedhashmap-lru-1.4.2.jar:/Users/alarencinas/.m2/repository/org/glassfish/jersey/inject/jersey-hk2/2.35/jersey-hk2-2.35.jar:/Users/alarencinas/.m2/repository/org/glassfish/hk2/hk2-locator/2.6.1/hk2-locator-2.6.1.jar:/Users/alarencinas/.m2/repository/org/glassfish/hk2/external/aopalliance-repackaged/2.6.1/aopalliance-repackaged-2.6.1.jar:/Users/alarencinas/.m2/repository/org/glassfish/hk2/hk2-api/2.6.1/hk2-api-2.6.1.jar:/Users/alarencinas/.m2/repository/org/glassfish/hk2/hk2-utils/2.6.1/hk2-utils-2.6.1.jar:/Users/alarencinas/.m2/repository/org/javassist/javassist/3.25.0-GA/javassist-3.25.0-GA.jar:/Users/alarencinas/.m2/repository/org/glassfish/jersey/media/jersey-media-json-jackson/2.35/jersey-media-json-jackson-2.35.jar:/Users/alarencinas/.m2/repository/org/glassfish/jersey/ext/jersey-entity-filtering/2.35/jersey-entity-filtering-2.35.jar:/Users/alarencinas/.m2/repository/com/fasterxml/jackson/core/jackson-annotations/2.12.2/jackson-annotations-2.12.2.jar:/Users/alarencinas/.m2/repository/com/fasterxml/jackson/core/jackson-databind/2.12.2/jackson-databind-2.12.2.jar:/Users/alarencinas/.m2/repository/com/fasterxml/jackson/core/jackson-core/2.12.2/jackson-core-2.12.2.jar:/Users/alarencinas/.m2/repository/com/fasterxml/jackson/module/jackson-module-jaxb-annotations/2.12.2/jackson-module-jaxb-annotations-2.12.2.jar:/Users/alarencinas/.m2/repository/jakarta/xml/bind/jakarta.xml.bind-api/2.3.2/jakarta.xml.bind-api-2.3.2.jar:/Users/alarencinas/.m2/repository/jakarta/activation/jakarta.activation-api/1.2.1/jakarta.activation-api-1.2.1.jar:/Users/alarencinas/.m2/repository/junit/junit/4.13.2/junit-4.13.2.jar:/Users/alarencinas/.m2/repository/org/hamcrest/hamcrest-core/1.3/hamcrest-core-1.3.jar:/Users/alarencinas/.m2/repository/org/apache/logging/log4j/log4j-api/2.20.0/log4j-api-2.20.0.jar:/Users/alarencinas/.m2/repository/org/apache/logging/log4j/log4j-core/2.20.0/log4j-core-2.20.0.jar:/Users/alarencinas/.m2/repository/org/datanucleus/javax.jdo/3.2.1/javax.jdo-3.2.1.jar:/Users/alarencinas/.m2/repository/javax/transaction/javax.transaction-api/1.3/javax.transaction-api-1.3.jar:/Users/alarencinas/.m2/repository/org/glassfish/corba/glassfish-corba-omgapi/4.2.2/glassfish-corba-omgapi-4.2.2.jar:/Users/alarencinas/.m2/repository/org/datanucleus/datanucleus-core/6.0.4/datanucleus-core-6.0.4.jar:/Users/alarencinas/.m2/repository/org/datanucleus/datanucleus-api-jdo/6.0.1/datanucleus-api-jdo-6.0.1.jar:/Users/alarencinas/.m2/repository/org/datanucleus/datanucleus-rdbms/6.0.4/datanucleus-rdbms-6.0.4.jar:/Users/alarencinas/.m2/repository/mysql/mysql-connector-java/8.0.29/mysql-connector-java-8.0.29.jar:/Users/alarencinas/.m2/repository/com/google/protobuf/protobuf-java/3.19.4/protobuf-java-3.19.4.jar:/Users/alarencinas/.m2/repository/org/datanucleus/datanucleus-maven-plugin/5.0.1/datanucleus-maven-plugin-5.0.1.jar:/Users/alarencinas/.m2/repository/org/codehaus/plexus/plexus-utils/3.0.8/plexus-utils-3.0.8.jar:/Users/alarencinas/.m2/repository/org/apache/maven/maven-artifact/3.0.4/maven-artifact-3.0.4.jar:/Users/alarencinas/.m2/repository/org/apache/maven/maven-plugin-api/3.0.4/maven-plugin-api-3.0.4.jar:/Users/alarencinas/.m2/repository/org/apache/maven/maven-model/3.0.4/maven-model-3.0.4.jar:/Users/alarencinas/.m2/repository/org/sonatype/sisu/sisu-inject-plexus/2.3.0/sisu-inject-plexus-2.3.0.jar:/Users/alarencinas/.m2/repository/org/codehaus/plexus/plexus-component-annotations/1.5.5/plexus-component-annotations-1.5.5.jar:/Users/alarencinas/.m2/repository/org/sonatype/sisu/sisu-inject-bean/2.3.0/sisu-inject-bean-2.3.0.jar:/Users/alarencinas/.m2/repository/org/sonatype/sisu/sisu-guice/3.1.0/sisu-guice-3.1.0-no_aop.jar:/Users/alarencinas/.m2/repository/org/sonatype/sisu/sisu-guava/0.9.9/sisu-guava-0.9.9.jar:/Users/alarencinas/.m2/repository/org/codehaus/plexus/plexus-container-default/1.5.5/plexus-container-default-1.5.5.jar:/Users/alarencinas/.m2/repository/org/codehaus/plexus/plexus-classworlds/2.2.2/plexus-classworlds-2.2.2.jar:/Users/alarencinas/.m2/repository/org/apache/xbean/xbean-reflect/3.4/xbean-reflect-3.4.jar:/Users/alarencinas/.m2/repository/log4j/log4j/1.2.12/log4j-1.2.12.jar:/Users/alarencinas/.m2/repository/commons-logging/commons-logging-api/1.1/commons-logging-api-1.1.jar:/Users/alarencinas/.m2/repository/com/google/collections/google-collections/1.0/google-collections-1.0.jar:/Users/alarencinas/.m2/repository/com/itextpdf/itextpdf/5.5.9/itextpdf-5.5.9.jar:/Users/alarencinas/.m2/repository/com/sun/mail/javax.mail/1.6.2/javax.mail-1.6.2.jar:/Users/alarencinas/.m2/repository/javax/activation/activation/1.1.1/activation-1.1.1.jar:/Users/alarencinas/.m2/repository/com/google/zxing/core/3.4.1/core-3.4.1.jar:/Users/alarencinas/.m2/repository/com/google/zxing/javase/3.4.1/javase-3.4.1.jar:/Users/alarencinas/.m2/repository/com/beust/jcommander/1.78/jcommander-1.78.jar:/Users/alarencinas/.m2/repository/com/github/jai-imageio/jai-imageio-core/1.4.0/jai-imageio-core-1.4.0.jar:"/>
    <property name="sun.cpu.endian" value="little"/>
    <property name="user.home" value="/Users/alarencinas"/>
    <property name="user.language" value="es"/>
    <property name="java.specification.vendor" value="Oracle Corporation"/>
    <property name="java.version.date" value="2023-03-21"/>
    <property name="java.home" value="/Library/Java/JavaVirtualMachines/jdk-20.jdk/Contents/Home"/>
    <property name="file.separator" value="/"/>
    <property name="basedir" value="/Users/alarencinas/Documents/GitHub/BSPQ23-E1"/>
    <property name="java.vm.compressedOopsMode" value="Zero based"/>
    <property name="line.separator" value="&#10;"/>
    <property name="java.specification.name" value="Java Platform API Specification"/>
    <property name="java.vm.specification.vendor" value="Oracle Corporation"/>
    <property name="apple.awt.application.name" value="ForkedBooter"/>
    <property name="surefire.real.class.path" value="/Users/alarencinas/Documents/GitHub/BSPQ23-E1/target/surefire/surefirebooter9262827115646338384.jar"/>
    <property name="sun.management.compiler" value="HotSpot 64-Bit Tiered Compilers"/>
    <property name="java.runtime.version" value="20+36-2344"/>
    <property name="user.name" value="alarencinas"/>
    <property name="stdout.encoding" value="UTF-8"/>
    <property name="path.separator" value=":"/>
    <property name="os.version" value="13.3.1"/>
    <property name="java.runtime.name" value="Java(TM) SE Runtime Environment"/>
    <property name="file.encoding" value="UTF-8"/>
    <property name="java.vm.name" value="Java HotSpot(TM) 64-Bit Server VM"/>
    <property name="localRepository" value="/Users/alarencinas/.m2/repository"/>
    <property name="java.vendor.url.bug" value="https://bugreport.java.com/bugreport/"/>
    <property name="java.io.tmpdir" value="/var/folders/n8/t59bx4gj1l7bpmqkjfntk2gw0000gn/T/"/>
    <property name="java.version" value="20"/>
    <property name="user.dir" value="/Users/alarencinas/Documents/GitHub/BSPQ23-E1"/>
    <property name="os.arch" value="aarch64"/>
    <property name="java.vm.specification.name" value="Java Virtual Machine Specification"/>
    <property name="native.encoding" value="UTF-8"/>
    <property name="java.library.path" value="/Users/alarencinas/Library/Java/Extensions:/Library/Java/Extensions:/Network/Library/Java/Extensions:/System/Library/Java/Extensions:/usr/lib/java:."/>
    <property name="java.vm.info" value="mixed mode, sharing"/>
    <property name="stderr.encoding" value="UTF-8"/>
    <property name="java.vendor" value="Oracle Corporation"/>
    <property name="java.vm.version" value="20+36-2344"/>
    <property name="sun.io.unicode.encoding" value="UnicodeBig"/>
    <property name="java.class.version" value="64.0"/>
  </properties>
  <testcase name="databaseRentalChecking" classname="com.videoclub.testing.TestVideoclub" time="0.048">
    <system-out><![CDATA[17:28:00,645 (main) DEBUG [DataNucleus.General] - Using PluginRegistry org.datanucleus.plugin.NonManagedPluginRegistry
17:28:00,655 (main) DEBUG [DataNucleus.General] - Registering bundle org.datanucleus version 6.0.4 at URL file:/Users/alarencinas/.m2/repository/org/datanucleus/datanucleus-core/6.0.4/datanucleus-core-6.0.4.jar.
17:28:00,659 (main) DEBUG [DataNucleus.General] - Leyendo extension-points y extensiones del archivo de plug-in jar:file:/Users/alarencinas/.m2/repository/org/datanucleus/datanucleus-core/6.0.4/datanucleus-core-6.0.4.jar!/plugin.xml.
17:28:00,663 (main) DEBUG [DataNucleus.General] - Registering bundle org.datanucleus.api.jdo version 6.0.1 at URL file:/Users/alarencinas/.m2/repository/org/datanucleus/datanucleus-api-jdo/6.0.1/datanucleus-api-jdo-6.0.1.jar.
17:28:00,666 (main) DEBUG [DataNucleus.General] - Leyendo extension-points y extensiones del archivo de plug-in jar:file:/Users/alarencinas/.m2/repository/org/datanucleus/datanucleus-api-jdo/6.0.1/datanucleus-api-jdo-6.0.1.jar!/plugin.xml.
17:28:00,668 (main) DEBUG [DataNucleus.General] - Registering bundle org.datanucleus.store.rdbms version 6.0.4 at URL file:/Users/alarencinas/.m2/repository/org/datanucleus/datanucleus-rdbms/6.0.4/datanucleus-rdbms-6.0.4.jar.
17:28:00,669 (main) DEBUG [DataNucleus.General] - Leyendo extension-points y extensiones del archivo de plug-in jar:file:/Users/alarencinas/.m2/repository/org/datanucleus/datanucleus-rdbms/6.0.4/datanucleus-rdbms-6.0.4.jar!/plugin.xml.
17:28:00,672 (main) DEBUG [DataNucleus.General] - Registering bundle org.sonatype.inject version 2.3.0 at URL file:/Users/alarencinas/.m2/repository/org/sonatype/sisu/sisu-inject-bean/2.3.0/sisu-inject-bean-2.3.0.jar.
17:28:00,673 (main) DEBUG [DataNucleus.General] - Leyendo extension-points y extensiones del archivo de plug-in jar:file:/Users/alarencinas/.m2/repository/org/sonatype/sisu/sisu-inject-bean/2.3.0/sisu-inject-bean-2.3.0.jar!/plugin.xml.
17:28:00,679 (main) INFO  [DataNucleus.Persistence] - Propiedad datanucleus.metadata.validate desconocida - vamos a ignorarla
17:28:00,684 (main) DEBUG [DataNucleus.Persistence] - Tipos de Java inicializando ...
17:28:00,695 (main) DEBUG [DataNucleus.Persistence] - Soporte para tipos de Java listo : tipos soportados = [B, [C, [D, [F, [I, [J, [Ljava.lang.Boolean;, [Ljava.lang.Byte;, [Ljava.lang.Character;, [Ljava.lang.Double;, [Ljava.lang.Enum;, [Ljava.lang.Float;, [Ljava.lang.Integer;, [Ljava.lang.Long;, [Ljava.lang.Number;, [Ljava.lang.Object;, [Ljava.lang.Short;, [Ljava.lang.String;, [Ljava.math.BigDecimal;, [Ljava.math.BigInteger;, [Ljava.util.Date;, [Ljava.util.Locale;, [S, [Z, boolean, byte, char, double, float, int, java.awt.Color, java.awt.image.BufferedImage, java.lang.Boolean, java.lang.Byte, java.lang.Character, java.lang.Class, java.lang.Double, java.lang.Enum, java.lang.Float, java.lang.Integer, java.lang.Long, java.lang.Number, java.lang.Short, java.lang.String, java.lang.StringBuffer, java.lang.StringBuilder, java.math.BigDecimal, java.math.BigInteger, java.net.URI, java.net.URL, java.sql.Date, java.sql.Time, java.sql.Timestamp, java.time.Duration, java.time.Instant, java.time.LocalDate, java.time.LocalDateTime, java.time.LocalTime, java.time.MonthDay, java.time.OffsetDateTime, java.time.OffsetTime, java.time.Period, java.time.Year, java.time.YearMonth, java.time.ZonedDateTime, java.time.ZoneId, java.time.ZoneOffset, java.util.ArrayList, java.util.Arrays$ArrayList, java.util.BitSet, java.util.Calendar, java.util.Collection, java.util.Currency, java.util.Date, java.util.GregorianCalendar, java.util.HashMap, java.util.HashSet, java.util.Hashtable, java.util.LinkedHashMap, java.util.LinkedHashSet, java.util.LinkedList, java.util.List, java.util.Locale, java.util.Map, java.util.Optional, java.util.PriorityQueue, java.util.Properties, java.util.Queue, java.util.Set, java.util.SortedMap, java.util.SortedSet, java.util.Stack, java.util.TimeZone, java.util.TreeMap, java.util.TreeSet, java.util.UUID, java.util.Vector, long, short
17:28:00,695 (main) DEBUG [DataNucleus.Persistence] - Inicializando TypeConverters ...
17:28:00,701 (main) DEBUG [DataNucleus.Persistence] - TypeConverters listo
17:28:00,701 (main) DEBUG [DataNucleus.Persistence] - TypeConverter(s) available for byte[] to : java.nio.ByteBuffer
17:28:00,701 (main) DEBUG [DataNucleus.Persistence] - TypeConverter(s) available for char[] to : java.nio.ByteBuffer
17:28:00,701 (main) DEBUG [DataNucleus.Persistence] - TypeConverter(s) available for double[] to : java.nio.ByteBuffer
17:28:00,701 (main) DEBUG [DataNucleus.Persistence] - TypeConverter(s) available for float[] to : java.nio.ByteBuffer
17:28:00,701 (main) DEBUG [DataNucleus.Persistence] - TypeConverter(s) available for int[] to : java.nio.ByteBuffer
17:28:00,701 (main) DEBUG [DataNucleus.Persistence] - TypeConverter(s) available for long[] to : java.nio.ByteBuffer
17:28:00,701 (main) DEBUG [DataNucleus.Persistence] - TypeConverter(s) available for [Ljava.math.BigDecimal; to : java.nio.ByteBuffer
17:28:00,701 (main) DEBUG [DataNucleus.Persistence] - TypeConverter(s) available for [Ljava.math.BigInteger; to : java.nio.ByteBuffer
17:28:00,702 (main) DEBUG [DataNucleus.Persistence] - TypeConverter(s) available for short[] to : java.nio.ByteBuffer
17:28:00,702 (main) DEBUG [DataNucleus.Persistence] - TypeConverter(s) available for boolean[] to : java.nio.ByteBuffer
17:28:00,702 (main) DEBUG [DataNucleus.Persistence] - TypeConverter(s) available for java.awt.Color to : int[],java.lang.String
17:28:00,702 (main) DEBUG [DataNucleus.Persistence] - TypeConverter(s) available for java.awt.image.BufferedImage to : byte[],java.nio.ByteBuffer
17:28:00,702 (main) DEBUG [DataNucleus.Persistence] - TypeConverter(s) available for java.io.Serializable to : java.lang.String,byte[],java.nio.ByteBuffer
17:28:00,702 (main) DEBUG [DataNucleus.Persistence] - TypeConverter(s) available for java.lang.Boolean to : java.lang.Character,java.lang.Integer
17:28:00,702 (main) DEBUG [DataNucleus.Persistence] - TypeConverter(s) available for java.lang.Character to : java.lang.String
17:28:00,702 (main) DEBUG [DataNucleus.Persistence] - TypeConverter(s) available for java.lang.Class to : java.lang.String
17:28:00,702 (main) DEBUG [DataNucleus.Persistence] - TypeConverter(s) available for java.lang.Integer to : java.lang.String
17:28:00,702 (main) DEBUG [DataNucleus.Persistence] - TypeConverter(s) available for java.lang.Long to : java.lang.String
17:28:00,702 (main) DEBUG [DataNucleus.Persistence] - TypeConverter(s) available for java.lang.StringBuffer to : java.lang.String
17:28:00,702 (main) DEBUG [DataNucleus.Persistence] - TypeConverter(s) available for java.lang.StringBuilder to : java.lang.String
17:28:00,702 (main) DEBUG [DataNucleus.Persistence] - TypeConverter(s) available for java.math.BigDecimal to : java.lang.Double,java.lang.String
17:28:00,702 (main) DEBUG [DataNucleus.Persistence] - TypeConverter(s) available for java.math.BigInteger to : java.lang.String,java.lang.Long
17:28:00,702 (main) DEBUG [DataNucleus.Persistence] - TypeConverter(s) available for java.net.URI to : java.lang.String
17:28:00,702 (main) DEBUG [DataNucleus.Persistence] - TypeConverter(s) available for java.net.URL to : java.lang.String
17:28:00,702 (main) DEBUG [DataNucleus.Persistence] - TypeConverter(s) available for java.sql.Date to : java.lang.Long,java.lang.String,java.util.Date
17:28:00,702 (main) DEBUG [DataNucleus.Persistence] - TypeConverter(s) available for java.sql.Time to : java.lang.Long,java.lang.String,java.util.Date
17:28:00,702 (main) DEBUG [DataNucleus.Persistence] - TypeConverter(s) available for java.sql.Timestamp to : java.lang.Long,java.lang.String,java.util.Date
17:28:00,702 (main) DEBUG [DataNucleus.Persistence] - TypeConverter(s) available for java.time.Duration to : java.lang.Double,java.lang.String,java.lang.Long
17:28:00,702 (main) DEBUG [DataNucleus.Persistence] - TypeConverter(s) available for java.time.Instant to : java.sql.Timestamp,java.lang.String,java.lang.Long,java.util.Date
17:28:00,703 (main) DEBUG [DataNucleus.Persistence] - TypeConverter(s) available for java.time.LocalDate to : java.lang.String,java.sql.Date,java.util.Date
17:28:00,703 (main) DEBUG [DataNucleus.Persistence] - TypeConverter(s) available for java.time.LocalDateTime to : java.lang.String,java.sql.Timestamp,java.util.Date
17:28:00,703 (main) DEBUG [DataNucleus.Persistence] - TypeConverter(s) available for java.time.LocalTime to : java.lang.String,java.lang.Long,java.sql.Time,java.util.Date
17:28:00,703 (main) DEBUG [DataNucleus.Persistence] - TypeConverter(s) available for java.time.MonthDay to : int[],java.lang.String,java.sql.Date,java.util.Date
17:28:00,703 (main) DEBUG [DataNucleus.Persistence] - TypeConverter(s) available for java.time.OffsetDateTime to : java.lang.String,java.sql.Timestamp,java.util.Date
17:28:00,703 (main) DEBUG [DataNucleus.Persistence] - TypeConverter(s) available for java.time.OffsetTime to : java.lang.String,java.lang.Long,java.sql.Time
17:28:00,703 (main) DEBUG [DataNucleus.Persistence] - TypeConverter(s) available for java.time.Period to : int[],java.lang.String
17:28:00,703 (main) DEBUG [DataNucleus.Persistence] - TypeConverter(s) available for java.time.Year to : java.lang.String,java.lang.Integer
17:28:00,703 (main) DEBUG [DataNucleus.Persistence] - TypeConverter(s) available for java.time.YearMonth to : int[],java.lang.String,java.sql.Date,java.util.Date
17:28:00,703 (main) DEBUG [DataNucleus.Persistence] - TypeConverter(s) available for java.time.ZonedDateTime to : java.lang.String,java.sql.Timestamp
17:28:00,703 (main) DEBUG [DataNucleus.Persistence] - TypeConverter(s) available for java.time.ZoneId to : java.lang.String
17:28:00,703 (main) DEBUG [DataNucleus.Persistence] - TypeConverter(s) available for java.time.ZoneOffset to : java.lang.String
17:28:00,703 (main) DEBUG [DataNucleus.Persistence] - TypeConverter(s) available for java.util.BitSet to : java.lang.String
17:28:00,703 (main) DEBUG [DataNucleus.Persistence] - TypeConverter(s) available for java.util.Calendar to : java.lang.String,java.sql.Timestamp,[Ljava.lang.Object;,java.util.Date
17:28:00,703 (main) DEBUG [DataNucleus.Persistence] - TypeConverter(s) available for java.util.Currency to : java.lang.String
17:28:00,703 (main) DEBUG [DataNucleus.Persistence] - TypeConverter(s) available for java.util.Date to : java.lang.Long,java.lang.String
17:28:00,703 (main) DEBUG [DataNucleus.Persistence] - TypeConverter(s) available for java.util.Locale to : java.lang.String
17:28:00,703 (main) DEBUG [DataNucleus.Persistence] - TypeConverter(s) available for java.util.TimeZone to : java.lang.String
17:28:00,703 (main) DEBUG [DataNucleus.Persistence] - TypeConverter(s) available for java.util.UUID to : java.lang.String
17:28:00,706 (main) DEBUG [DataNucleus.MetaData] - MetaDataManager : Input=(XML,Annotations), XML-Validation=false, XML-Suffices=(persistence=*.jdo, orm=orm, query=*.jdoquery), JDO-listener=true
17:28:00,706 (main) DEBUG [DataNucleus.MetaData] - Registering listener for metadata initialisation
17:28:00,706 (main) DEBUG [DataNucleus.MetaData] - Listener found initialisation for persistable class com.videoclub.pojo.User
17:28:00,707 (main) DEBUG [DataNucleus.MetaData] - No encontramos el MetaData del tipo "jdo" por la clase "com.videoclub.pojo.User" en /META-INF/package.jdo
17:28:00,707 (main) DEBUG [DataNucleus.MetaData] - No encontramos el MetaData del tipo "jdo" por la clase "com.videoclub.pojo.User" en /WEB-INF/package.jdo
17:28:00,707 (main) DEBUG [DataNucleus.MetaData] - No encontramos el MetaData del tipo "jdo" por la clase "com.videoclub.pojo.User" en /package.jdo
17:28:00,707 (main) DEBUG [DataNucleus.MetaData] - No encontramos el MetaData del tipo "jdo" por la clase "com.videoclub.pojo.User" en /com/package.jdo
17:28:00,707 (main) DEBUG [DataNucleus.MetaData] - No encontramos el MetaData del tipo "jdo" por la clase "com.videoclub.pojo.User" en /com/videoclub/package.jdo
17:28:00,707 (main) DEBUG [DataNucleus.MetaData] - No encontramos el MetaData del tipo "jdo" por la clase "com.videoclub.pojo.User" en /com/videoclub/pojo/package.jdo
17:28:00,708 (main) DEBUG [DataNucleus.MetaData] - No encontramos el MetaData del tipo "jdo" por la clase "com.videoclub.pojo.User" en /com/videoclub/pojo/User.jdo
17:28:00,708 (main) DEBUG [DataNucleus.MetaData] - No hemos encontrado el MetaData del tipo "jdo" por la clase "com.videoclub.pojo.User"
17:28:00,717 (main) DEBUG [DataNucleus.MetaData] - Clase "com.videoclub.pojo.User" tiene anotaciones de JDO y vamos a usarlas.
17:28:00,722 (main) DEBUG [DataNucleus.MetaData] - Clase "com.videoclub.pojo.User" : Populando Meta-Data
17:28:00,723 (main) DEBUG [DataNucleus.MetaData] - No encontramos el MetaData del tipo "orm" por la clase "com.videoclub.pojo.User" en /META-INF/package.orm
17:28:00,723 (main) DEBUG [DataNucleus.MetaData] - No encontramos el MetaData del tipo "orm" por la clase "com.videoclub.pojo.User" en /WEB-INF/package.orm
17:28:00,723 (main) DEBUG [DataNucleus.MetaData] - No encontramos el MetaData del tipo "orm" por la clase "com.videoclub.pojo.User" en /package.orm
17:28:00,723 (main) DEBUG [DataNucleus.MetaData] - No encontramos el MetaData del tipo "orm" por la clase "com.videoclub.pojo.User" en /com/package.orm
17:28:00,723 (main) DEBUG [DataNucleus.MetaData] - No encontramos el MetaData del tipo "orm" por la clase "com.videoclub.pojo.User" en /com/videoclub/package.orm
17:28:00,723 (main) DEBUG [DataNucleus.MetaData] - No encontramos el MetaData del tipo "orm" por la clase "com.videoclub.pojo.User" en /com/videoclub/pojo/package.orm
17:28:00,723 (main) DEBUG [DataNucleus.MetaData] - No encontramos el MetaData del tipo "orm" por la clase "com.videoclub.pojo.User" en /com/videoclub/pojo/User.orm
17:28:00,723 (main) DEBUG [DataNucleus.MetaData] - No hemos encontrado el MetaData del tipo "orm" por la clase "com.videoclub.pojo.User"
17:28:00,723 (main) DEBUG [DataNucleus.MetaData] - Clase "com.videoclub.pojo.User" campo "type" : añadiendo el Meta-Data por el campo como no estaba en la definición de Meta-Data.
17:28:00,724 (main) DEBUG [DataNucleus.MetaData] - Clase "com.videoclub.pojo.User" campo "password" : añadiendo el Meta-Data por el campo como no estaba en la definición de Meta-Data.
17:28:00,724 (main) DEBUG [DataNucleus.MetaData] - Clase "com.videoclub.pojo.User" campo "email" : añadiendo el Meta-Data por el campo como no estaba en la definición de Meta-Data.
17:28:00,724 (main) DEBUG [DataNucleus.MetaData] - Clase "com.videoclub.pojo.User" campo "name" : añadiendo el Meta-Data por el campo como no estaba en la definición de Meta-Data.
17:28:00,724 (main) DEBUG [DataNucleus.MetaData] - Clase "com.videoclub.pojo.User" campo "surname" : añadiendo el Meta-Data por el campo como no estaba en la definición de Meta-Data.
17:28:00,724 (main) DEBUG [DataNucleus.Persistence] - Tipo de Java com.videoclub.pojo.typeUser como el tipo de Java java.lang.Enum
17:28:00,724 (main) DEBUG [DataNucleus.MetaData] - No encontramos el MetaData del tipo "jdo" por la clase "com.videoclub.pojo.typeUser" en /META-INF/package.jdo
17:28:00,724 (main) DEBUG [DataNucleus.MetaData] - No encontramos el MetaData del tipo "jdo" por la clase "com.videoclub.pojo.typeUser" en /WEB-INF/package.jdo
17:28:00,724 (main) DEBUG [DataNucleus.MetaData] - No encontramos el MetaData del tipo "jdo" por la clase "com.videoclub.pojo.typeUser" en /package.jdo
17:28:00,725 (main) DEBUG [DataNucleus.MetaData] - No encontramos el MetaData del tipo "jdo" por la clase "com.videoclub.pojo.typeUser" en /com/package.jdo
17:28:00,725 (main) DEBUG [DataNucleus.MetaData] - No encontramos el MetaData del tipo "jdo" por la clase "com.videoclub.pojo.typeUser" en /com/videoclub/package.jdo
17:28:00,725 (main) DEBUG [DataNucleus.MetaData] - No encontramos el MetaData del tipo "jdo" por la clase "com.videoclub.pojo.typeUser" en /com/videoclub/pojo/package.jdo
17:28:00,725 (main) DEBUG [DataNucleus.MetaData] - No encontramos el MetaData del tipo "jdo" por la clase "com.videoclub.pojo.typeUser" en /com/videoclub/pojo/typeUser.jdo
17:28:00,725 (main) DEBUG [DataNucleus.MetaData] - No hemos encontrado el MetaData del tipo "jdo" por la clase "com.videoclub.pojo.typeUser"
17:28:00,725 (main) DEBUG [DataNucleus.MetaData] - Registrando la clase "com.videoclub.pojo.typeUser" no tener Meta-Data
17:28:00,725 (main) DEBUG [DataNucleus.MetaData] - Clase "com.videoclub.pojo.User" : Inicializando Meta-Data
17:28:00,727 (main) DEBUG [DataNucleus.Datastore] - Creating StoreManager for datastore
17:28:00,748 (main) DEBUG [DataNucleus.Connection] - Creado ConnectionPool "tx" con data source de tipo dbcp2-builtin
17:28:00,748 (main) DEBUG [DataNucleus.Connection] - Registrado la factoria de connecciones transaccionales bajo el nombre "rdbms/tx"
17:28:00,748 (main) DEBUG [DataNucleus.Connection] - Registrado la factoria de connecciones nontransaccionales bajo el nombre "rdbms/nontx"
17:28:00,754 (main) DEBUG [DataNucleus.Connection] - Creado ConnectionPool "nontx" con data source de tipo dbcp2-builtin
17:28:00,920 (main) DEBUG [DataNucleus.Connection] - ManagedConnection ABIERTO : "org.datanucleus.store.rdbms.ConnectionFactoryImpl$ManagedConnectionImpl@cda0432 [conn=null, commitOnRelease=true, closeOnRelease=true, closeOnTxnEnd=true]" en resource "nontx"
17:28:00,958 (main) DEBUG [DataNucleus.Datastore] - No Soportando el tipo RDBMS de Java java.lang.Float, jdbc-type=REAL
17:28:00,958 (main) DEBUG [DataNucleus.Datastore] - No Soportando el tipo RDBMS de Java java.lang.String, jdbc-type=NVARCHAR
17:28:00,958 (main) DEBUG [DataNucleus.Datastore] - No Soportando el tipo RDBMS de Java java.lang.String, jdbc-type=NCHAR
17:28:00,958 (main) DEBUG [DataNucleus.Datastore] - Soporte de RDBMS configurado para el tipo "[B" con jdbc-types=[BLOB, BINARY, VARBINARY, LONGVARBINARY], sql-types=[BLOB, BINARY, VARBINARY, LONGVARBINARY] y defecto (jdbc-type=LONGVARBINARY, sql-type=LONGVARBINARY)
17:28:00,958 (main) DEBUG [DataNucleus.Datastore] - Soporte de RDBMS configurado para el tipo "java.io.File" con jdbc-types=[LONGVARBINARY], sql-types=[LONGVARBINARY] y defecto (jdbc-type=LONGVARBINARY, sql-type=LONGVARBINARY)
17:28:00,958 (main) DEBUG [DataNucleus.Datastore] - Soporte de RDBMS configurado para el tipo "java.io.Serializable" con jdbc-types=[BLOB, BINARY, VARBINARY, LONGVARBINARY], sql-types=[BLOB, BINARY, VARBINARY, LONGVARBINARY] y defecto (jdbc-type=LONGVARBINARY, sql-type=LONGVARBINARY)
17:28:00,958 (main) DEBUG [DataNucleus.Datastore] - Soporte de RDBMS configurado para el tipo "java.lang.Boolean" con jdbc-types=[SMALLINT, CHAR, BIT, BOOLEAN, TINYINT], sql-types=[SMALLINT, CHAR, BIT, BOOLEAN, TINYINT] y defecto (jdbc-type=BIT, sql-type=BIT)
17:28:00,958 (main) DEBUG [DataNucleus.Datastore] - Soporte de RDBMS configurado para el tipo "java.lang.Byte" con jdbc-types=[SMALLINT, TINYINT], sql-types=[SMALLINT, TINYINT] y defecto (jdbc-type=TINYINT, sql-type=TINYINT)
17:28:00,958 (main) DEBUG [DataNucleus.Datastore] - Soporte de RDBMS configurado para el tipo "java.lang.Character" con jdbc-types=[CHAR, INTEGER], sql-types=[CHAR, INTEGER] y defecto (jdbc-type=CHAR, sql-type=CHAR)
17:28:00,959 (main) DEBUG [DataNucleus.Datastore] - Soporte de RDBMS configurado para el tipo "java.lang.Double" con jdbc-types=[DECIMAL, DOUBLE], sql-types=[DECIMAL, DOUBLE] y defecto (jdbc-type=DOUBLE, sql-type=DOUBLE)
17:28:00,959 (main) DEBUG [DataNucleus.Datastore] - Soporte de RDBMS configurado para el tipo "java.lang.Float" con jdbc-types=[FLOAT, DECIMAL, DOUBLE], sql-types=[FLOAT, DECIMAL, DOUBLE] y defecto (jdbc-type=FLOAT, sql-type=FLOAT)
17:28:00,959 (main) DEBUG [DataNucleus.Datastore] - Soporte de RDBMS configurado para el tipo "java.lang.Integer" con jdbc-types=[NUMERIC, SMALLINT, BIGINT, TINYINT, INTEGER], sql-types=[NUMERIC, SMALLINT, BIGINT, TINYINT, INTEGER] y defecto (jdbc-type=INTEGER, sql-type=INTEGER)
17:28:00,959 (main) DEBUG [DataNucleus.Datastore] - Soporte de RDBMS configurado para el tipo "java.lang.Long" con jdbc-types=[NUMERIC, SMALLINT, BIGINT, TINYINT, INTEGER], sql-types=[NUMERIC, SMALLINT, BIGINT, INT, TINYINT] y defecto (jdbc-type=BIGINT, sql-type=BIGINT)
17:28:00,959 (main) DEBUG [DataNucleus.Datastore] - Soporte de RDBMS configurado para el tipo "java.lang.Short" con jdbc-types=[SMALLINT, TINYINT, INTEGER], sql-types=[SMALLINT, TINYINT, INTEGER] y defecto (jdbc-type=SMALLINT, sql-type=SMALLINT)
17:28:00,959 (main) DEBUG [DataNucleus.Datastore] - Soporte de RDBMS configurado para el tipo "java.lang.String" con jdbc-types=[BLOB, LONGVARCHAR, CLOB, VARCHAR, CHAR, BIGINT], sql-types=[BLOB, LONGVARCHAR, CLOB, LONGTEXT, CHAR, BIGINT, TEXT, MEDIUMTEXT, MEDIUMBLOB, VARCHAR, LONGBLOB] y defecto (jdbc-type=VARCHAR, sql-type=VARCHAR)
17:28:00,959 (main) DEBUG [DataNucleus.Datastore] - Soporte de RDBMS configurado para el tipo "java.math.BigDecimal" con jdbc-types=[NUMERIC, DECIMAL], sql-types=[NUMERIC, DECIMAL] y defecto (jdbc-type=DECIMAL, sql-type=DECIMAL)
17:28:00,959 (main) DEBUG [DataNucleus.Datastore] - Soporte de RDBMS configurado para el tipo "java.math.BigInteger" con jdbc-types=[NUMERIC, BIGINT], sql-types=[NUMERIC, BIGINT] y defecto (jdbc-type=NUMERIC, sql-type=NUMERIC)
17:28:00,959 (main) DEBUG [DataNucleus.Datastore] - Soporte de RDBMS configurado para el tipo "java.sql.Date" con jdbc-types=[DATE, TIMESTAMP, VARCHAR, CHAR, BIGINT], sql-types=[DATE, TIMESTAMP, VARCHAR, CHAR, BIGINT] y defecto (jdbc-type=DATE, sql-type=DATE)
17:28:00,959 (main) DEBUG [DataNucleus.Datastore] - Soporte de RDBMS configurado para el tipo "java.sql.Time" con jdbc-types=[TIMESTAMP, VARCHAR, CHAR, TIME, BIGINT], sql-types=[TIMESTAMP, VARCHAR, CHAR, TIME, BIGINT] y defecto (jdbc-type=TIME, sql-type=TIME)
17:28:00,959 (main) DEBUG [DataNucleus.Datastore] - Soporte de RDBMS configurado para el tipo "java.sql.Timestamp" con jdbc-types=[DATE, TIMESTAMP, VARCHAR, CHAR, TIME], sql-types=[DATE, TIMESTAMP, VARCHAR, CHAR, TIME] y defecto (jdbc-type=TIMESTAMP, sql-type=TIMESTAMP)
17:28:00,959 (main) DEBUG [DataNucleus.Datastore] - Soporte de RDBMS configurado para el tipo "java.util.Date" con jdbc-types=[DATE, TIMESTAMP, VARCHAR, CHAR, TIME, BIGINT], sql-types=[DATE, TIMESTAMP, VARCHAR, CHAR, TIME, BIGINT] y defecto (jdbc-type=TIMESTAMP, sql-type=TIMESTAMP)
17:28:00,959 (main) DEBUG [DataNucleus.Datastore] - Soporte de RDBMS configurado para el tipo "org.datanucleus.identity.DatastoreId" con jdbc-types=[NUMERIC, VARCHAR, CHAR, BIGINT, INTEGER], sql-types=[NUMERIC, VARCHAR, CHAR, BIGINT, INTEGER] y defecto (jdbc-type=BIGINT, sql-type=BIGINT)
17:28:00,961 (main) DEBUG [DataNucleus.Datastore.Schema] - Vamos a añadir/drop una tabla para determinar el catalogo/esquema para el datasource. Pon "datanucleus.mapping.Catalog"/"datanucleus.mapping.Schema" para evitarlo
17:28:00,969 (main) DEBUG [DataNucleus.Datastore.Schema] - CREATE TABLE `DELETEME1684769280963`
(
    `UNUSED` INTEGER NOT NULL
) ENGINE=INNODB
17:28:00,980 (main) DEBUG [DataNucleus.Datastore.Schema] - SQL Tiempo de cumplir = 11 ms
17:28:00,988 (main) DEBUG [DataNucleus.Datastore.Schema] - No era posible determinar el nombre del esquema por este DataStore
17:28:00,988 (main) DEBUG [DataNucleus.Datastore.Schema] - DROP TABLE `DELETEME1684769280963` CASCADE
17:28:00,994 (main) DEBUG [DataNucleus.Datastore.Schema] - SQL Tiempo de cumplir = 6 ms
17:28:00,994 (main) DEBUG [DataNucleus.Datastore] - ======================= Datastore =========================
17:28:00,994 (main) DEBUG [DataNucleus.Datastore] - StoreManager : "rdbms" (org.datanucleus.store.rdbms.RDBMSStoreManager)
17:28:00,994 (main) DEBUG [DataNucleus.Datastore] - Datastore : read-write
17:28:00,994 (main) DEBUG [DataNucleus.Datastore] - Schema Control : AutoCreate(Tables,Columns,Constraints), Validate(None)
17:28:00,994 (main) DEBUG [DataNucleus.Datastore] - Schema : NamingFactory=datanucleus2 identifierCase=null
17:28:00,994 (main) DEBUG [DataNucleus.Datastore] - Query Languages : JDOQL, JPQL, STOREDPROC, SQL
17:28:00,994 (main) DEBUG [DataNucleus.Datastore] - Queries : Timeout=0
17:28:00,994 (main) DEBUG [DataNucleus.Datastore] - ===========================================================
17:28:00,995 (main) DEBUG [DataNucleus.Datastore] - Datastore Adapter : org.datanucleus.store.rdbms.adapter.MySQLAdapter
17:28:00,995 (main) DEBUG [DataNucleus.Datastore] - Datastore : name="MySQL" version="8.0.32"
17:28:00,995 (main) DEBUG [DataNucleus.Datastore] - Datastore Driver : name="MySQL Connector/J" version="mysql-connector-java-8.0.29 (Revision: dd61577595edad45c398af508cf91ad26fc4144f)"
17:28:00,995 (main) DEBUG [DataNucleus.Datastore] - Primary Connection Factory : URL[jdbc:mysql://localhost/videoclubdb]
17:28:00,995 (main) DEBUG [DataNucleus.Datastore] - Secondary Connection Factory : URL[jdbc:mysql://localhost/videoclubdb]
17:28:00,996 (main) DEBUG [DataNucleus.Datastore] - Datastore Identifiers : factory="datanucleus2" case="UPPERCASE" catalog=videoclubdb
17:28:00,997 (main) DEBUG [DataNucleus.Datastore] - Supported Identifier Cases : MixedCase "MixedCase" "UPPERCASE" 
17:28:00,998 (main) DEBUG [DataNucleus.Datastore] - Supported Identifier Lengths (max) : Table=64 Column=64 Constraint=64 Index=64 Delimiter=`
17:28:00,998 (main) DEBUG [DataNucleus.Datastore] - Support for Identifiers in DDL : catalog=true schema=false
17:28:00,998 (main) DEBUG [DataNucleus.Datastore] - Datastore : rdbmsConstraintCreateMode=DataNucleus, initialiseColumnInfo=ALL, checkTableViewExistence
17:28:00,998 (main) DEBUG [DataNucleus.Datastore] - Support Statement Batching : yes (max-batch-size=50)
17:28:00,998 (main) DEBUG [DataNucleus.Datastore] - Queries : Results direction=forward, type=forward-only, concurrency=read-only
17:28:00,999 (main) DEBUG [DataNucleus.Datastore] - Java-Types : string-default-length=255
17:28:00,999 (main) DEBUG [DataNucleus.Datastore] - JDBC-Types : VARCHAR, LONGVARCHAR, BOOLEAN, BINARY, VARBINARY, LONGVARBINARY, BIGINT, TINYINT, BIT, CHAR, NUMERIC, DECIMAL, INTEGER, CLOB, SMALLINT, BLOB, FLOAT, DOUBLE, DATE, TIME, TIMESTAMP
17:28:00,999 (main) DEBUG [DataNucleus.Datastore] - ===========================================================
17:28:00,999 (main) DEBUG [DataNucleus.Connection] - ManagedConnection CERRADO : "org.datanucleus.store.rdbms.ConnectionFactoryImpl$ManagedConnectionImpl@cda0432 [conn=org.datanucleus.store.rdbms.datasource.dbcp2.PoolingDataSource$PoolGuardConnectionWrapper@35d3ab60, commitOnRelease=true, closeOnRelease=true, closeOnTxnEnd=true]" 
17:28:00,999 (main) DEBUG [DataNucleus.Datastore] - StoreManager now created
17:28:01,001 (main) DEBUG [DataNucleus.Persistence] - Started pool of ExecutionContext (maxPool=20, reaperThread=false)
17:28:01,002 (main) DEBUG [DataNucleus.Persistence] - ================= NucleusContext ===============
17:28:01,002 (main) DEBUG [DataNucleus.Persistence] - DataNucleus Context : Versión: "6.0.4" con JRE "20" en "Mac OS X"
17:28:01,002 (main) DEBUG [DataNucleus.Persistence] - Persistence API : JDO
17:28:01,002 (main) DEBUG [DataNucleus.Persistence] - Plugin Registry : org.datanucleus.plugin.NonManagedPluginRegistry
17:28:01,003 (main) DEBUG [DataNucleus.Persistence] - ClassLoading : default
17:28:01,005 (main) DEBUG [DataNucleus.Persistence] - Persistence : pm-singlethreaded, nontransactional-read, nontransactional-write, reachability-at-commit, detach-all-on-commit, copy-on-attach, managed-relations(checked), deletion-policy=JDO2, serverTimeZone=Europe/Madrid
17:28:01,006 (main) DEBUG [DataNucleus.Persistence] - Transactions : type=RESOURCE_LOCAL, mode=datastore, isolation=read-committed
17:28:01,006 (main) DEBUG [DataNucleus.Persistence] - ValueGeneration : txn-isolation=read-committed connection=New
17:28:01,007 (main) DEBUG [DataNucleus.Persistence] - Cache : Level1 (soft), Level2 (soft, mode=UNSPECIFIED), QueryResults (soft), Collections/Maps 
17:28:01,008 (main) DEBUG [DataNucleus.Persistence] - ================================================
17:28:01,013 (main) DEBUG [DataNucleus.Persistence] - ExecutionContext "org.datanucleus.ExecutionContextImpl@34dc85a" se abrió para la base de datos "org.datanucleus.store.rdbms.RDBMSStoreManager@6d4a65c6" con transaccion="org.datanucleus.transaction.TransactionImpl@67403656"
17:28:01,015 (main) DEBUG [DataNucleus.Transaction] - Transaction created [DataNucleus Transaction, ID=1418522280-1, enlisted resources=[]]
17:28:01,015 (main) DEBUG [DataNucleus.Transaction] - Transacción empezada para el ExecutionContext org.datanucleus.ExecutionContextImpl@34dc85a (optimistic=false)
* Storing a class com.videoclub.pojo.User : User [code=0, username=admin,type=ADMIN, password=8c6976e5b5410415bde908bd4dee15dfb167a9c873fc4bb8a81f6f2ab448a918, email=admin@email.com, name=AdminName, surname=AdminSurname]
17:28:01,017 (main) DEBUG [DataNucleus.Persistence] - Haciendo el objeto persistente : "com.videoclub.pojo.User@f202d6d"
17:28:01,023 (main) DEBUG [DataNucleus.Persistence] - Va a manjejar la persistencia de Clase : com.videoclub.pojo.User [Tabla : `USER`, Estrategia de heredar : new-table]
17:28:01,024 (main) DEBUG [DataNucleus.Datastore.Schema] - Campo [com.videoclub.pojo.User.code] -> Columnas [`USER`.`CODE`] usando mapping del tipo "org.datanucleus.store.rdbms.mapping.java.IntegerMapping" (org.datanucleus.store.rdbms.mapping.column.IntegerColumnMapping)
17:28:01,024 (main) DEBUG [DataNucleus.Datastore.Schema] - La tabla `USER` va a manejar la persistencia de los campos de la clase com.videoclub.pojo.User (estrategia de heredar="new-table")
17:28:01,025 (main) DEBUG [DataNucleus.Datastore.Schema] - Attempt to find JDBC driver 'typeInfo' for jdbc-type=VARCHAR but sql-type=VARCHAR is not found. Using default sql-type for this jdbc-type.
17:28:01,025 (main) DEBUG [DataNucleus.Datastore.Schema] - Campo [com.videoclub.pojo.User.email] -> Columnas [`USER`.`EMAIL`] usando mapping del tipo "org.datanucleus.store.rdbms.mapping.java.StringMapping" (org.datanucleus.store.rdbms.mapping.column.VarCharColumnMapping)
17:28:01,025 (main) DEBUG [DataNucleus.Datastore.Schema] - Attempt to find JDBC driver 'typeInfo' for jdbc-type=VARCHAR but sql-type=VARCHAR is not found. Using default sql-type for this jdbc-type.
17:28:01,025 (main) DEBUG [DataNucleus.Datastore.Schema] - Campo [com.videoclub.pojo.User.name] -> Columnas [`USER`.`NAME`] usando mapping del tipo "org.datanucleus.store.rdbms.mapping.java.StringMapping" (org.datanucleus.store.rdbms.mapping.column.VarCharColumnMapping)
17:28:01,025 (main) DEBUG [DataNucleus.Datastore.Schema] - Attempt to find JDBC driver 'typeInfo' for jdbc-type=VARCHAR but sql-type=VARCHAR is not found. Using default sql-type for this jdbc-type.
17:28:01,025 (main) DEBUG [DataNucleus.Datastore.Schema] - Campo [com.videoclub.pojo.User.password] -> Columnas [`USER`.`PASSWORD`] usando mapping del tipo "org.datanucleus.store.rdbms.mapping.java.StringMapping" (org.datanucleus.store.rdbms.mapping.column.VarCharColumnMapping)
17:28:01,025 (main) DEBUG [DataNucleus.Datastore.Schema] - Attempt to find JDBC driver 'typeInfo' for jdbc-type=VARCHAR but sql-type=VARCHAR is not found. Using default sql-type for this jdbc-type.
17:28:01,025 (main) DEBUG [DataNucleus.Datastore.Schema] - Campo [com.videoclub.pojo.User.surname] -> Columnas [`USER`.`SURNAME`] usando mapping del tipo "org.datanucleus.store.rdbms.mapping.java.StringMapping" (org.datanucleus.store.rdbms.mapping.column.VarCharColumnMapping)
17:28:01,026 (main) DEBUG [DataNucleus.Datastore.Schema] - Campo [com.videoclub.pojo.User.type] -> Columnas [`USER`.`TYPE`] usando mapping del tipo "org.datanucleus.store.rdbms.mapping.java.EnumMapping" (org.datanucleus.store.rdbms.mapping.column.VarCharColumnMapping)
17:28:01,026 (main) DEBUG [DataNucleus.Datastore.Schema] - Attempt to find JDBC driver 'typeInfo' for jdbc-type=VARCHAR but sql-type=VARCHAR is not found. Using default sql-type for this jdbc-type.
17:28:01,026 (main) DEBUG [DataNucleus.Datastore.Schema] - Campo [com.videoclub.pojo.User.username] -> Columnas [`USER`.`USERNAME`] usando mapping del tipo "org.datanucleus.store.rdbms.mapping.java.StringMapping" (org.datanucleus.store.rdbms.mapping.column.VarCharColumnMapping)
17:28:01,026 (main) DEBUG [DataNucleus.Datastore.Schema] - Table/View `USER` ha sido inicializado
17:28:01,028 (main) DEBUG [DataNucleus.Connection] - ManagedConnection ABIERTO : "org.datanucleus.store.rdbms.ConnectionFactoryImpl$ManagedConnectionImpl@6a9950f1 [conn=org.datanucleus.store.rdbms.datasource.dbcp2.PoolingDataSource$PoolGuardConnectionWrapper@7ad54c55, commitOnRelease=true, closeOnRelease=true, closeOnTxnEnd=true]" en resource "nontx" con isolación "serializable" y auto-commit=false
17:28:01,028 (main) DEBUG [DataNucleus.Datastore.Schema] - Empezando transaccion del esquema con conneccion "org.datanucleus.store.rdbms.datasource.dbcp2.PoolingDataSource$PoolGuardConnectionWrapper@7ad54c55" y isolacion "serializable"
17:28:01,030 (main) DEBUG [DataNucleus.Datastore.Schema] - Check of existence of `USER` returned table type of TABLE
17:28:01,030 (main) DEBUG [DataNucleus.Datastore.Schema] - Cargando información de columna para las tablas "user" por el Catalogo "videoclubdb", el Esquema ""
17:28:01,037 (main) DEBUG [DataNucleus.Datastore.Schema] - Información de columna cargado por el Catalogo "videoclubdb", el Esquema "", 1 tablas, tiempo = 7 ms
17:28:01,037 (main) DEBUG [DataNucleus.Datastore.Schema] - Información de columna cargado por la tabla "USER" : hemos encontrado 7 columnas
17:28:01,041 (main) DEBUG [DataNucleus.Datastore.Schema] - Validando 2 indic(es) de la tabla `USER`
17:28:01,056 (main) DEBUG [DataNucleus.Datastore.Schema] - Validando 0 foreign key(s) de la tabla `USER`
17:28:01,058 (main) DEBUG [DataNucleus.Datastore.Schema] - Validando 2 llaves unicas de la tabla `USER`
17:28:01,059 (main) DEBUG [DataNucleus.Datastore.Schema] - Committing transaccion del esquema "org.datanucleus.store.rdbms.datasource.dbcp2.PoolingDataSource$PoolGuardConnectionWrapper@7ad54c55"
17:28:01,059 (main) DEBUG [DataNucleus.Datastore.Schema] - Cerrando la conneccion de la transaccion del esquema "org.datanucleus.store.rdbms.datasource.dbcp2.PoolingDataSource$PoolGuardConnectionWrapper@7ad54c55"
17:28:01,059 (main) DEBUG [DataNucleus.Connection] - ManagedConnection VA A COMMIT : "org.datanucleus.store.rdbms.ConnectionFactoryImpl$ManagedConnectionImpl@6a9950f1 [conn=org.datanucleus.store.rdbms.datasource.dbcp2.PoolingDataSource$PoolGuardConnectionWrapper@7ad54c55, commitOnRelease=true, closeOnRelease=true, closeOnTxnEnd=true]"
17:28:01,059 (main) DEBUG [DataNucleus.Connection] - ManagedConnection CERRADO : "org.datanucleus.store.rdbms.ConnectionFactoryImpl$ManagedConnectionImpl@6a9950f1 [conn=org.datanucleus.store.rdbms.datasource.dbcp2.PoolingDataSource$PoolGuardConnectionWrapper@7ad54c55, commitOnRelease=true, closeOnRelease=true, closeOnTxnEnd=true]" 
17:28:01,061 (main) DEBUG [DataNucleus.Datastore.Schema] - Attempt to find JDBC driver 'typeInfo' for jdbc-type=VARCHAR but sql-type=VARCHAR is not found. Using default sql-type for this jdbc-type.
17:28:01,065 (main) DEBUG [DataNucleus.Connection] - ManagedConnection ABIERTO : "org.datanucleus.store.rdbms.ConnectionFactoryImpl$ManagedConnectionImpl@47547132 [conn=org.datanucleus.store.rdbms.datasource.dbcp2.PoolingDataSource$PoolGuardConnectionWrapper@655523dd, commitOnRelease=true, closeOnRelease=true, closeOnTxnEnd=true]" en resource "nontx" con isolación "read-committed" y auto-commit=false
17:28:01,068 (main) DEBUG [DataNucleus.Datastore.Schema] - Check of existence of videoclubdb.`SEQUENCE_TABLE` returned table type of TABLE
17:28:01,068 (main) DEBUG [DataNucleus.Datastore] - Utilizando PreparedStatement "com.mysql.cj.jdbc.ClientPreparedStatement: SELECT `NEXT_VAL` FROM videoclubdb.`SEQUENCE_TABLE` WHERE `SEQUENCE_NAME`=** NOT SPECIFIED ** FOR UPDATE" para la conneccion "org.datanucleus.store.rdbms.datasource.dbcp2.PoolingDataSource$PoolGuardConnectionWrapper@655523dd"
17:28:01,068 (main) DEBUG [DataNucleus.Datastore.Native] - SELECT `NEXT_VAL` FROM videoclubdb.`SEQUENCE_TABLE` WHERE `SEQUENCE_NAME`=? FOR UPDATE
17:28:01,070 (main) DEBUG [DataNucleus.Datastore.Retrieve] - SQL Tiempo de cumplir = 2 ms
17:28:01,070 (main) DEBUG [DataNucleus.Datastore] - Utilizando PreparedStatement "com.mysql.cj.jdbc.ClientPreparedStatement: SELECT MAX(`CODE`) FROM videoclubdb.`USER`" para la conneccion "org.datanucleus.store.rdbms.datasource.dbcp2.PoolingDataSource$PoolGuardConnectionWrapper@655523dd"
17:28:01,070 (main) DEBUG [DataNucleus.Datastore.Native] - SELECT MAX(`CODE`) FROM videoclubdb.`USER`
17:28:01,071 (main) DEBUG [DataNucleus.Datastore.Retrieve] - SQL Tiempo de cumplir = 1 ms
17:28:01,071 (main) DEBUG [DataNucleus.Datastore] - Utilizando PreparedStatement "com.mysql.cj.jdbc.ClientPreparedStatement: INSERT INTO videoclubdb.`SEQUENCE_TABLE` (`SEQUENCE_NAME`,`NEXT_VAL`) VALUES (** NOT SPECIFIED **,** NOT SPECIFIED **)" para la conneccion "org.datanucleus.store.rdbms.datasource.dbcp2.PoolingDataSource$PoolGuardConnectionWrapper@655523dd"
17:28:01,071 (main) DEBUG [DataNucleus.Datastore.Native] - INSERT INTO videoclubdb.`SEQUENCE_TABLE` (`SEQUENCE_NAME`,`NEXT_VAL`) VALUES (?,?)
17:28:01,074 (main) DEBUG [DataNucleus.Datastore.Persist] - SQL Tiempo de cumplir = 3 ms (numero de lineas cambiado = 1) con el PreparedStatement "org.datanucleus.store.rdbms.datasource.dbcp2.DelegatingPreparedStatement@21a66d45"
17:28:01,074 (main) DEBUG [DataNucleus.Datastore] - Cerrando PreparedStatement "org.datanucleus.store.rdbms.datasource.dbcp2.DelegatingPreparedStatement@21a66d45"
17:28:01,074 (main) DEBUG [DataNucleus.Datastore] - Cerrando PreparedStatement "org.datanucleus.store.rdbms.datasource.dbcp2.DelegatingPreparedStatement@7428de63"
17:28:01,074 (main) DEBUG [DataNucleus.Datastore] - Cerrando PreparedStatement "org.datanucleus.store.rdbms.datasource.dbcp2.DelegatingPreparedStatement@4a68135e"
17:28:01,074 (main) DEBUG [DataNucleus.ValueGeneration] - Hemos reservado un bloque de 10 valores
17:28:01,074 (main) DEBUG [DataNucleus.Connection] - ManagedConnection VA A COMMIT : "org.datanucleus.store.rdbms.ConnectionFactoryImpl$ManagedConnectionImpl@47547132 [conn=org.datanucleus.store.rdbms.datasource.dbcp2.PoolingDataSource$PoolGuardConnectionWrapper@655523dd, commitOnRelease=true, closeOnRelease=true, closeOnTxnEnd=true]"
17:28:01,075 (main) DEBUG [DataNucleus.Connection] - ManagedConnection CERRADO : "org.datanucleus.store.rdbms.ConnectionFactoryImpl$ManagedConnectionImpl@47547132 [conn=org.datanucleus.store.rdbms.datasource.dbcp2.PoolingDataSource$PoolGuardConnectionWrapper@655523dd, commitOnRelease=true, closeOnRelease=true, closeOnTxnEnd=true]" 
17:28:01,076 (main) DEBUG [DataNucleus.ValueGeneration] - Valor generado para el campo "com.videoclub.pojo.User.code" con estrategia="increment" (Generador="org.datanucleus.store.rdbms.valuegenerator.TableGenerator") : valor=1
17:28:01,077 (main) DEBUG [DataNucleus.Cache] - Objeto con identidad "com.videoclub.pojo.User:1" añadido a la Cache de nivel 1 (loadedFlags="[YYYYYYY]")
17:28:01,077 (main) DEBUG [DataNucleus.Transaction] - Objeto con identidad "com.videoclub.pojo.User:1" ha sido puesto en la cache transaccional
17:28:01,080 (main) DEBUG [DataNucleus.Persistence] - Objeto "com.videoclub.pojo.User@f202d6d" va a ser añadido a la tabla "`USER`"
17:28:01,094 (main) DEBUG [DataNucleus.Connection] - ManagedConnection ABIERTO : "org.datanucleus.store.rdbms.ConnectionFactoryImpl$ManagedConnectionImpl@7918c7f8 [conn=org.datanucleus.store.rdbms.datasource.dbcp2.PoolingDataSource$PoolGuardConnectionWrapper@17740dae, commitOnRelease=false, closeOnRelease=false, closeOnTxnEnd=true]" en resource "tx" con isolación "read-committed" y auto-commit=false
17:28:01,095 (main) DEBUG [DataNucleus.Transaction] - Running enlist operation on resource: org.datanucleus.store.rdbms.ConnectionFactoryImpl$EmulatedXAResource@30814f43, error code TMNOFLAGS and transaction [DataNucleus Transaction, ID=1418522280-1, enlisted resources=[]]
17:28:01,095 (main) DEBUG [DataNucleus.Datastore] - Utilizando PreparedStatement "com.mysql.cj.jdbc.ClientPreparedStatement: INSERT INTO `USER` (`EMAIL`,`NAME`,`PASSWORD`,`SURNAME`,`TYPE`,`USERNAME`,`CODE`) VALUES (** NOT SPECIFIED **,** NOT SPECIFIED **,** NOT SPECIFIED **,** NOT SPECIFIED **,** NOT SPECIFIED **,** NOT SPECIFIED **,** NOT SPECIFIED **)" para la conneccion "org.datanucleus.store.rdbms.datasource.dbcp2.PoolingDataSource$PoolGuardConnectionWrapper@17740dae"
17:28:01,095 (main) DEBUG [DataNucleus.Datastore.Persist] - El statement "INSERT INTO `USER` (`EMAIL`,`NAME`,`PASSWORD`,`SURNAME`,`TYPE`,`USERNAME`,`CODE`) VALUES (?,?,?,?,?,?,?)" ya es batchable
17:28:01,097 (main) DEBUG [DataNucleus.Datastore.Persist] - Añadiendo statement "INSERT INTO `USER` (`EMAIL`,`NAME`,`PASSWORD`,`SURNAME`,`TYPE`,`USERNAME`,`CODE`) VALUES (?,?,?,?,?,?,?)" al batch para procesar (tamaño de batch = 1)
17:28:01,098 (main) DEBUG [DataNucleus.Datastore.Native] - INSERT INTO `USER` (`EMAIL`,`NAME`,`PASSWORD`,`SURNAME`,`TYPE`,`USERNAME`,`CODE`) VALUES (?,?,?,?,?,?,?)
17:28:01,099 (main) DEBUG [DataNucleus.Datastore] - SQL Tiempo de cumplir = 1 ms (numero de lineas cambiado = [1]) con el PreparedStatement "org.datanucleus.store.rdbms.datasource.dbcp2.DelegatingPreparedStatement@314c8b4a"
17:28:01,099 (main) DEBUG [DataNucleus.Transaction] - Haciendo commit de la transaacción para el ExecutionContext org.datanucleus.ExecutionContextImpl@34dc85a
17:28:01,099 (main) DEBUG [DataNucleus.Persistence] - ExecutionContext.internalFlush() empezado con flush ordenado - 1 objetos registrados
17:28:01,101 (main) DEBUG [DataNucleus.Persistence] - ExecutionContext.internalFlush() terminado
17:28:01,101 (main) DEBUG [DataNucleus.Persistence] - Persistence-By-Reachability (commit) : EMPIEZA
17:28:01,101 (main) DEBUG [DataNucleus.Persistence] - Haciendo la calculación de alcanzables con objeto con identidad "com.videoclub.pojo.User:1"
17:28:01,101 (main) DEBUG [DataNucleus.Cache] - Objeto con identidad "com.videoclub.pojo.User:1" obtenido de la Cache nivel 1 (loadedFlags="[YYYYYYY]")
17:28:01,102 (main) DEBUG [DataNucleus.Persistence] - Object con id "com.videoclub.pojo.User:1" y estado de vida "P_NEW" añadido a la lista de alcanzables al commit.
17:28:01,102 (main) DEBUG [DataNucleus.Persistence] - ExecutionContext.internalFlush() empezado con flush ordenado - 0 objetos registrados
17:28:01,102 (main) DEBUG [DataNucleus.Persistence] - ExecutionContext.internalFlush() terminado
17:28:01,102 (main) DEBUG [DataNucleus.Persistence] - Persistence-By-Reachability (commit) : TERMINADO
17:28:01,103 (main) DEBUG [DataNucleus.Cache] - Objeto con identidad "com.videoclub.pojo.User:1" añadido a la Cache de nivel 2 (campos="[0, 1, 2, 3, 4, 5, 6]", version="")
17:28:01,104 (main) DEBUG [DataNucleus.Cache] - El objeto con identidad "com.videoclub.pojo.User:1" va a tener los campos siguientes almacendados en el objeto de Level 2 cache : [0, 1, 2, 3, 4, 5, 6]
17:28:01,104 (main) DEBUG [DataNucleus.Transaction] - Committing [DataNucleus Transaction, ID=1418522280-1, enlisted resources=[org.datanucleus.store.rdbms.ConnectionFactoryImpl$EmulatedXAResource@30814f43]]
17:28:01,104 (main) DEBUG [DataNucleus.Connection] - ManagedConnection VA A COMMIT : "org.datanucleus.store.rdbms.ConnectionFactoryImpl$ManagedConnectionImpl@7918c7f8 [conn=org.datanucleus.store.rdbms.datasource.dbcp2.PoolingDataSource$PoolGuardConnectionWrapper@17740dae, commitOnRelease=false, closeOnRelease=false, closeOnTxnEnd=true]"
17:28:01,111 (main) DEBUG [DataNucleus.Connection] - ManagedConnection CERRADO : "org.datanucleus.store.rdbms.ConnectionFactoryImpl$ManagedConnectionImpl@7918c7f8 [conn=org.datanucleus.store.rdbms.datasource.dbcp2.PoolingDataSource$PoolGuardConnectionWrapper@17740dae, commitOnRelease=false, closeOnRelease=false, closeOnTxnEnd=true]" 
17:28:01,112 (main) DEBUG [DataNucleus.Persistence] - Haciendo el objeto detachado : "com.videoclub.pojo.User@f202d6d" (profundidad=0)
17:28:01,112 (main) DEBUG [DataNucleus.Persistence] - Objeto con identidad "com.videoclub.pojo.User:1" tiene cambio de lifeycle : "P_NEW"->"DETACHED_CLEAN"
17:28:01,112 (main) DEBUG [DataNucleus.Transaction] - Objeto con identidad "com.videoclub.pojo.User:1" fue borrado de la cache transactional
17:28:01,112 (main) DEBUG [DataNucleus.Persistence] - Disconectando objeto con identidad "com.videoclub.pojo.User:1" de StateManager[pc=com.videoclub.pojo.User@f202d6d, lifecycle=DETACHED_CLEAN]
17:28:01,112 (main) DEBUG [DataNucleus.Cache] - Objeto con identidad="com.videoclub.pojo.User:1" borrado de la Cache de nivel 1
17:28:01,112 (main) DEBUG [DataNucleus.Transaction] - Transacción committed en 14 ms
17:28:01,113 (main) DEBUG [DataNucleus.Persistence] - ExecutionContext "org.datanucleus.ExecutionContextImpl@34dc85a" se cerró
17:28:01,113 (main) DEBUG [DataNucleus.Persistence] - ExecutionContext "org.datanucleus.ExecutionContextImpl@34dc85a" se abrió para la base de datos "org.datanucleus.store.rdbms.RDBMSStoreManager@6d4a65c6" con transaccion="org.datanucleus.transaction.TransactionImpl@4a8df3e2"
17:28:01,113 (main) DEBUG [DataNucleus.Transaction] - Transaction created [DataNucleus Transaction, ID=1418522280-2, enlisted resources=[]]
17:28:01,113 (main) DEBUG [DataNucleus.Transaction] - Transacción empezada para el ExecutionContext org.datanucleus.ExecutionContextImpl@34dc85a (optimistic=false)
* Storing a class com.videoclub.pojo.User : User [code=0, username=assaz,type=CLIENT, password=3200a7486419e1efd8cbbad503fb0c6140ef7e7cf69807249fda25d59c215e5c, email=asier.account@email.com, name=Asier, surname=Belloso]
17:28:01,113 (main) DEBUG [DataNucleus.Persistence] - Haciendo el objeto persistente : "com.videoclub.pojo.User@2f2d52ef"
17:28:01,113 (main) DEBUG [DataNucleus.ValueGeneration] - Valor generado para el campo "com.videoclub.pojo.User.code" con estrategia="increment" (Generador="org.datanucleus.store.rdbms.valuegenerator.TableGenerator") : valor=2
17:28:01,113 (main) DEBUG [DataNucleus.Cache] - Objeto con identidad "com.videoclub.pojo.User:2" añadido a la Cache de nivel 1 (loadedFlags="[YYYYYYY]")
17:28:01,113 (main) DEBUG [DataNucleus.Transaction] - Objeto con identidad "com.videoclub.pojo.User:2" ha sido puesto en la cache transaccional
17:28:01,113 (main) DEBUG [DataNucleus.Persistence] - Objeto "com.videoclub.pojo.User@2f2d52ef" va a ser añadido a la tabla "`USER`"
17:28:01,114 (main) DEBUG [DataNucleus.Connection] - ManagedConnection ABIERTO : "org.datanucleus.store.rdbms.ConnectionFactoryImpl$ManagedConnectionImpl@25c53f74 [conn=org.datanucleus.store.rdbms.datasource.dbcp2.PoolingDataSource$PoolGuardConnectionWrapper@5e2f3be5, commitOnRelease=false, closeOnRelease=false, closeOnTxnEnd=true]" en resource "tx" con isolación "read-committed" y auto-commit=false
17:28:01,114 (main) DEBUG [DataNucleus.Transaction] - Running enlist operation on resource: org.datanucleus.store.rdbms.ConnectionFactoryImpl$EmulatedXAResource@1bd0b0e5, error code TMNOFLAGS and transaction [DataNucleus Transaction, ID=1418522280-2, enlisted resources=[]]
17:28:01,114 (main) DEBUG [DataNucleus.Datastore] - Utilizando PreparedStatement "com.mysql.cj.jdbc.ClientPreparedStatement: INSERT INTO `USER` (`EMAIL`,`NAME`,`PASSWORD`,`SURNAME`,`TYPE`,`USERNAME`,`CODE`) VALUES (** NOT SPECIFIED **,** NOT SPECIFIED **,** NOT SPECIFIED **,** NOT SPECIFIED **,** NOT SPECIFIED **,** NOT SPECIFIED **,** NOT SPECIFIED **)" para la conneccion "org.datanucleus.store.rdbms.datasource.dbcp2.PoolingDataSource$PoolGuardConnectionWrapper@5e2f3be5"
17:28:01,114 (main) DEBUG [DataNucleus.Datastore.Persist] - El statement "INSERT INTO `USER` (`EMAIL`,`NAME`,`PASSWORD`,`SURNAME`,`TYPE`,`USERNAME`,`CODE`) VALUES (?,?,?,?,?,?,?)" ya es batchable
17:28:01,115 (main) DEBUG [DataNucleus.Datastore.Persist] - Añadiendo statement "INSERT INTO `USER` (`EMAIL`,`NAME`,`PASSWORD`,`SURNAME`,`TYPE`,`USERNAME`,`CODE`) VALUES (?,?,?,?,?,?,?)" al batch para procesar (tamaño de batch = 1)
17:28:01,115 (main) DEBUG [DataNucleus.Datastore.Native] - INSERT INTO `USER` (`EMAIL`,`NAME`,`PASSWORD`,`SURNAME`,`TYPE`,`USERNAME`,`CODE`) VALUES (?,?,?,?,?,?,?)
17:28:01,116 (main) DEBUG [DataNucleus.Datastore] - SQL Tiempo de cumplir = 1 ms (numero de lineas cambiado = [1]) con el PreparedStatement "org.datanucleus.store.rdbms.datasource.dbcp2.DelegatingPreparedStatement@26a2f7f9"
17:28:01,116 (main) DEBUG [DataNucleus.Transaction] - Haciendo commit de la transaacción para el ExecutionContext org.datanucleus.ExecutionContextImpl@34dc85a
17:28:01,116 (main) DEBUG [DataNucleus.Persistence] - ExecutionContext.internalFlush() empezado con flush ordenado - 1 objetos registrados
17:28:01,116 (main) DEBUG [DataNucleus.Persistence] - ExecutionContext.internalFlush() terminado
17:28:01,116 (main) DEBUG [DataNucleus.Persistence] - Persistence-By-Reachability (commit) : EMPIEZA
17:28:01,116 (main) DEBUG [DataNucleus.Persistence] - Haciendo la calculación de alcanzables con objeto con identidad "com.videoclub.pojo.User:2"
17:28:01,116 (main) DEBUG [DataNucleus.Cache] - Objeto con identidad "com.videoclub.pojo.User:2" obtenido de la Cache nivel 1 (loadedFlags="[YYYYYYY]")
17:28:01,116 (main) DEBUG [DataNucleus.Persistence] - Object con id "com.videoclub.pojo.User:2" y estado de vida "P_NEW" añadido a la lista de alcanzables al commit.
17:28:01,116 (main) DEBUG [DataNucleus.Persistence] - ExecutionContext.internalFlush() empezado con flush ordenado - 0 objetos registrados
17:28:01,116 (main) DEBUG [DataNucleus.Persistence] - ExecutionContext.internalFlush() terminado
17:28:01,116 (main) DEBUG [DataNucleus.Persistence] - Persistence-By-Reachability (commit) : TERMINADO
17:28:01,116 (main) DEBUG [DataNucleus.Cache] - Objeto con identidad "com.videoclub.pojo.User:2" añadido a la Cache de nivel 2 (campos="[0, 1, 2, 3, 4, 5, 6]", version="")
17:28:01,116 (main) DEBUG [DataNucleus.Cache] - El objeto con identidad "com.videoclub.pojo.User:2" va a tener los campos siguientes almacendados en el objeto de Level 2 cache : [0, 1, 2, 3, 4, 5, 6]
17:28:01,116 (main) DEBUG [DataNucleus.Transaction] - Committing [DataNucleus Transaction, ID=1418522280-2, enlisted resources=[org.datanucleus.store.rdbms.ConnectionFactoryImpl$EmulatedXAResource@1bd0b0e5]]
17:28:01,116 (main) DEBUG [DataNucleus.Connection] - ManagedConnection VA A COMMIT : "org.datanucleus.store.rdbms.ConnectionFactoryImpl$ManagedConnectionImpl@25c53f74 [conn=org.datanucleus.store.rdbms.datasource.dbcp2.PoolingDataSource$PoolGuardConnectionWrapper@5e2f3be5, commitOnRelease=false, closeOnRelease=false, closeOnTxnEnd=true]"
17:28:01,117 (main) DEBUG [DataNucleus.Connection] - ManagedConnection CERRADO : "org.datanucleus.store.rdbms.ConnectionFactoryImpl$ManagedConnectionImpl@25c53f74 [conn=org.datanucleus.store.rdbms.datasource.dbcp2.PoolingDataSource$PoolGuardConnectionWrapper@5e2f3be5, commitOnRelease=false, closeOnRelease=false, closeOnTxnEnd=true]" 
17:28:01,118 (main) DEBUG [DataNucleus.Persistence] - Haciendo el objeto detachado : "com.videoclub.pojo.User@2f2d52ef" (profundidad=0)
17:28:01,118 (main) DEBUG [DataNucleus.Persistence] - Objeto con identidad "com.videoclub.pojo.User:2" tiene cambio de lifeycle : "P_NEW"->"DETACHED_CLEAN"
17:28:01,118 (main) DEBUG [DataNucleus.Transaction] - Objeto con identidad "com.videoclub.pojo.User:2" fue borrado de la cache transactional
17:28:01,118 (main) DEBUG [DataNucleus.Persistence] - Disconectando objeto con identidad "com.videoclub.pojo.User:2" de StateManager[pc=com.videoclub.pojo.User@2f2d52ef, lifecycle=DETACHED_CLEAN]
17:28:01,118 (main) DEBUG [DataNucleus.Cache] - Objeto con identidad="com.videoclub.pojo.User:2" borrado de la Cache de nivel 1
17:28:01,118 (main) DEBUG [DataNucleus.Transaction] - Transacción committed en 3 ms
17:28:01,118 (main) DEBUG [DataNucleus.Persistence] - ExecutionContext "org.datanucleus.ExecutionContextImpl@34dc85a" se cerró
17:28:01,118 (main) DEBUG [DataNucleus.Persistence] - ExecutionContext "org.datanucleus.ExecutionContextImpl@34dc85a" se abrió para la base de datos "org.datanucleus.store.rdbms.RDBMSStoreManager@6d4a65c6" con transaccion="org.datanucleus.transaction.TransactionImpl@8bffb8b"
17:28:01,118 (main) DEBUG [DataNucleus.Transaction] - Transaction created [DataNucleus Transaction, ID=1418522280-3, enlisted resources=[]]
17:28:01,118 (main) DEBUG [DataNucleus.Transaction] - Transacción empezada para el ExecutionContext org.datanucleus.ExecutionContextImpl@34dc85a (optimistic=false)
* Storing a class com.videoclub.pojo.User : User [code=0, username=client,type=CLIENT, password=948fe603f61dc036b5c596dc09fe3ce3f3d30dc90f024c85f3c82db2ccab679d, email=client@email.com, name=ClientName, surname=ClientSurname]
17:28:01,118 (main) DEBUG [DataNucleus.Persistence] - Haciendo el objeto persistente : "com.videoclub.pojo.User@10ee04df"
17:28:01,118 (main) DEBUG [DataNucleus.ValueGeneration] - Valor generado para el campo "com.videoclub.pojo.User.code" con estrategia="increment" (Generador="org.datanucleus.store.rdbms.valuegenerator.TableGenerator") : valor=3
17:28:01,118 (main) DEBUG [DataNucleus.Cache] - Objeto con identidad "com.videoclub.pojo.User:3" añadido a la Cache de nivel 1 (loadedFlags="[YYYYYYY]")
17:28:01,118 (main) DEBUG [DataNucleus.Transaction] - Objeto con identidad "com.videoclub.pojo.User:3" ha sido puesto en la cache transaccional
17:28:01,118 (main) DEBUG [DataNucleus.Persistence] - Objeto "com.videoclub.pojo.User@10ee04df" va a ser añadido a la tabla "`USER`"
17:28:01,119 (main) DEBUG [DataNucleus.Connection] - ManagedConnection ABIERTO : "org.datanucleus.store.rdbms.ConnectionFactoryImpl$ManagedConnectionImpl@692fd26 [conn=org.datanucleus.store.rdbms.datasource.dbcp2.PoolingDataSource$PoolGuardConnectionWrapper@36f1046f, commitOnRelease=false, closeOnRelease=false, closeOnTxnEnd=true]" en resource "tx" con isolación "read-committed" y auto-commit=false
17:28:01,119 (main) DEBUG [DataNucleus.Transaction] - Running enlist operation on resource: org.datanucleus.store.rdbms.ConnectionFactoryImpl$EmulatedXAResource@56d93692, error code TMNOFLAGS and transaction [DataNucleus Transaction, ID=1418522280-3, enlisted resources=[]]
17:28:01,119 (main) DEBUG [DataNucleus.Datastore] - Utilizando PreparedStatement "com.mysql.cj.jdbc.ClientPreparedStatement: INSERT INTO `USER` (`EMAIL`,`NAME`,`PASSWORD`,`SURNAME`,`TYPE`,`USERNAME`,`CODE`) VALUES (** NOT SPECIFIED **,** NOT SPECIFIED **,** NOT SPECIFIED **,** NOT SPECIFIED **,** NOT SPECIFIED **,** NOT SPECIFIED **,** NOT SPECIFIED **)" para la conneccion "org.datanucleus.store.rdbms.datasource.dbcp2.PoolingDataSource$PoolGuardConnectionWrapper@36f1046f"
17:28:01,119 (main) DEBUG [DataNucleus.Datastore.Persist] - El statement "INSERT INTO `USER` (`EMAIL`,`NAME`,`PASSWORD`,`SURNAME`,`TYPE`,`USERNAME`,`CODE`) VALUES (?,?,?,?,?,?,?)" ya es batchable
17:28:01,119 (main) DEBUG [DataNucleus.Datastore.Persist] - Añadiendo statement "INSERT INTO `USER` (`EMAIL`,`NAME`,`PASSWORD`,`SURNAME`,`TYPE`,`USERNAME`,`CODE`) VALUES (?,?,?,?,?,?,?)" al batch para procesar (tamaño de batch = 1)
17:28:01,119 (main) DEBUG [DataNucleus.Datastore.Native] - INSERT INTO `USER` (`EMAIL`,`NAME`,`PASSWORD`,`SURNAME`,`TYPE`,`USERNAME`,`CODE`) VALUES (?,?,?,?,?,?,?)
17:28:01,121 (main) DEBUG [DataNucleus.Datastore] - SQL Tiempo de cumplir = 1 ms (numero de lineas cambiado = [1]) con el PreparedStatement "org.datanucleus.store.rdbms.datasource.dbcp2.DelegatingPreparedStatement@3900fa71"
17:28:01,121 (main) DEBUG [DataNucleus.Transaction] - Haciendo commit de la transaacción para el ExecutionContext org.datanucleus.ExecutionContextImpl@34dc85a
17:28:01,121 (main) DEBUG [DataNucleus.Persistence] - ExecutionContext.internalFlush() empezado con flush ordenado - 1 objetos registrados
17:28:01,121 (main) DEBUG [DataNucleus.Persistence] - ExecutionContext.internalFlush() terminado
17:28:01,121 (main) DEBUG [DataNucleus.Persistence] - Persistence-By-Reachability (commit) : EMPIEZA
17:28:01,121 (main) DEBUG [DataNucleus.Persistence] - Haciendo la calculación de alcanzables con objeto con identidad "com.videoclub.pojo.User:3"
17:28:01,121 (main) DEBUG [DataNucleus.Cache] - Objeto con identidad "com.videoclub.pojo.User:3" obtenido de la Cache nivel 1 (loadedFlags="[YYYYYYY]")
17:28:01,121 (main) DEBUG [DataNucleus.Persistence] - Object con id "com.videoclub.pojo.User:3" y estado de vida "P_NEW" añadido a la lista de alcanzables al commit.
17:28:01,121 (main) DEBUG [DataNucleus.Persistence] - ExecutionContext.internalFlush() empezado con flush ordenado - 0 objetos registrados
17:28:01,121 (main) DEBUG [DataNucleus.Persistence] - ExecutionContext.internalFlush() terminado
17:28:01,121 (main) DEBUG [DataNucleus.Persistence] - Persistence-By-Reachability (commit) : TERMINADO
17:28:01,121 (main) DEBUG [DataNucleus.Cache] - Objeto con identidad "com.videoclub.pojo.User:3" añadido a la Cache de nivel 2 (campos="[0, 1, 2, 3, 4, 5, 6]", version="")
17:28:01,121 (main) DEBUG [DataNucleus.Cache] - El objeto con identidad "com.videoclub.pojo.User:3" va a tener los campos siguientes almacendados en el objeto de Level 2 cache : [0, 1, 2, 3, 4, 5, 6]
17:28:01,121 (main) DEBUG [DataNucleus.Transaction] - Committing [DataNucleus Transaction, ID=1418522280-3, enlisted resources=[org.datanucleus.store.rdbms.ConnectionFactoryImpl$EmulatedXAResource@56d93692]]
17:28:01,121 (main) DEBUG [DataNucleus.Connection] - ManagedConnection VA A COMMIT : "org.datanucleus.store.rdbms.ConnectionFactoryImpl$ManagedConnectionImpl@692fd26 [conn=org.datanucleus.store.rdbms.datasource.dbcp2.PoolingDataSource$PoolGuardConnectionWrapper@36f1046f, commitOnRelease=false, closeOnRelease=false, closeOnTxnEnd=true]"
17:28:01,122 (main) DEBUG [DataNucleus.Connection] - ManagedConnection CERRADO : "org.datanucleus.store.rdbms.ConnectionFactoryImpl$ManagedConnectionImpl@692fd26 [conn=org.datanucleus.store.rdbms.datasource.dbcp2.PoolingDataSource$PoolGuardConnectionWrapper@36f1046f, commitOnRelease=false, closeOnRelease=false, closeOnTxnEnd=true]" 
17:28:01,123 (main) DEBUG [DataNucleus.Persistence] - Haciendo el objeto detachado : "com.videoclub.pojo.User@10ee04df" (profundidad=0)
17:28:01,123 (main) DEBUG [DataNucleus.Persistence] - Objeto con identidad "com.videoclub.pojo.User:3" tiene cambio de lifeycle : "P_NEW"->"DETACHED_CLEAN"
17:28:01,123 (main) DEBUG [DataNucleus.Transaction] - Objeto con identidad "com.videoclub.pojo.User:3" fue borrado de la cache transactional
17:28:01,123 (main) DEBUG [DataNucleus.Persistence] - Disconectando objeto con identidad "com.videoclub.pojo.User:3" de StateManager[pc=com.videoclub.pojo.User@10ee04df, lifecycle=DETACHED_CLEAN]
17:28:01,123 (main) DEBUG [DataNucleus.Cache] - Objeto con identidad="com.videoclub.pojo.User:3" borrado de la Cache de nivel 1
17:28:01,123 (main) DEBUG [DataNucleus.Transaction] - Transacción committed en 4 ms
17:28:01,123 (main) DEBUG [DataNucleus.Persistence] - ExecutionContext "org.datanucleus.ExecutionContextImpl@34dc85a" se cerró
17:28:01,123 (main) DEBUG [DataNucleus.MetaData] - Listener found initialisation for persistable class com.videoclub.pojo.Movie
17:28:01,123 (main) DEBUG [DataNucleus.MetaData] - No encontramos el MetaData del tipo "jdo" por la clase "com.videoclub.pojo.Movie" en /META-INF/package.jdo
17:28:01,123 (main) DEBUG [DataNucleus.MetaData] - No encontramos el MetaData del tipo "jdo" por la clase "com.videoclub.pojo.Movie" en /WEB-INF/package.jdo
17:28:01,123 (main) DEBUG [DataNucleus.MetaData] - No encontramos el MetaData del tipo "jdo" por la clase "com.videoclub.pojo.Movie" en /package.jdo
17:28:01,123 (main) DEBUG [DataNucleus.MetaData] - No encontramos el MetaData del tipo "jdo" por la clase "com.videoclub.pojo.Movie" en /com/package.jdo
17:28:01,123 (main) DEBUG [DataNucleus.MetaData] - No encontramos el MetaData del tipo "jdo" por la clase "com.videoclub.pojo.Movie" en /com/videoclub/package.jdo
17:28:01,124 (main) DEBUG [DataNucleus.MetaData] - No encontramos el MetaData del tipo "jdo" por la clase "com.videoclub.pojo.Movie" en /com/videoclub/pojo/package.jdo
17:28:01,124 (main) DEBUG [DataNucleus.MetaData] - No encontramos el MetaData del tipo "jdo" por la clase "com.videoclub.pojo.Movie" en /com/videoclub/pojo/Movie.jdo
17:28:01,124 (main) DEBUG [DataNucleus.MetaData] - No hemos encontrado el MetaData del tipo "jdo" por la clase "com.videoclub.pojo.Movie"
17:28:01,124 (main) DEBUG [DataNucleus.MetaData] - Clase "com.videoclub.pojo.Movie" tiene anotaciones de JDO y vamos a usarlas.
17:28:01,124 (main) DEBUG [DataNucleus.MetaData] - Clase "com.videoclub.pojo.Movie" : Populando Meta-Data
17:28:01,124 (main) DEBUG [DataNucleus.MetaData] - No encontramos el MetaData del tipo "orm" por la clase "com.videoclub.pojo.Movie" en /META-INF/package.orm
17:28:01,125 (main) DEBUG [DataNucleus.MetaData] - No encontramos el MetaData del tipo "orm" por la clase "com.videoclub.pojo.Movie" en /WEB-INF/package.orm
17:28:01,125 (main) DEBUG [DataNucleus.MetaData] - No encontramos el MetaData del tipo "orm" por la clase "com.videoclub.pojo.Movie" en /package.orm
17:28:01,125 (main) DEBUG [DataNucleus.MetaData] - No encontramos el MetaData del tipo "orm" por la clase "com.videoclub.pojo.Movie" en /com/package.orm
17:28:01,125 (main) DEBUG [DataNucleus.MetaData] - No encontramos el MetaData del tipo "orm" por la clase "com.videoclub.pojo.Movie" en /com/videoclub/package.orm
17:28:01,125 (main) DEBUG [DataNucleus.MetaData] - No encontramos el MetaData del tipo "orm" por la clase "com.videoclub.pojo.Movie" en /com/videoclub/pojo/package.orm
17:28:01,125 (main) DEBUG [DataNucleus.MetaData] - No encontramos el MetaData del tipo "orm" por la clase "com.videoclub.pojo.Movie" en /com/videoclub/pojo/Movie.orm
17:28:01,125 (main) DEBUG [DataNucleus.MetaData] - No hemos encontrado el MetaData del tipo "orm" por la clase "com.videoclub.pojo.Movie"
17:28:01,125 (main) DEBUG [DataNucleus.MetaData] - Clase "com.videoclub.pojo.Movie" campo "genre" : añadiendo el Meta-Data por el campo como no estaba en la definición de Meta-Data.
17:28:01,125 (main) DEBUG [DataNucleus.MetaData] - Clase "com.videoclub.pojo.Movie" campo "duration" : añadiendo el Meta-Data por el campo como no estaba en la definición de Meta-Data.
17:28:01,125 (main) DEBUG [DataNucleus.MetaData] - Clase "com.videoclub.pojo.Movie" campo "year" : añadiendo el Meta-Data por el campo como no estaba en la definición de Meta-Data.
17:28:01,125 (main) DEBUG [DataNucleus.MetaData] - Clase "com.videoclub.pojo.Movie" campo "director" : añadiendo el Meta-Data por el campo como no estaba en la definición de Meta-Data.
17:28:01,125 (main) DEBUG [DataNucleus.MetaData] - Clase "com.videoclub.pojo.Movie" campo "rentalPrice" : añadiendo el Meta-Data por el campo como no estaba en la definición de Meta-Data.
17:28:01,125 (main) DEBUG [DataNucleus.Persistence] - Tipo de Java com.videoclub.pojo.MovieGenre como el tipo de Java java.lang.Enum
17:28:01,125 (main) DEBUG [DataNucleus.MetaData] - No encontramos el MetaData del tipo "jdo" por la clase "com.videoclub.pojo.MovieGenre" en /META-INF/package.jdo
17:28:01,125 (main) DEBUG [DataNucleus.MetaData] - No encontramos el MetaData del tipo "jdo" por la clase "com.videoclub.pojo.MovieGenre" en /WEB-INF/package.jdo
17:28:01,125 (main) DEBUG [DataNucleus.MetaData] - No encontramos el MetaData del tipo "jdo" por la clase "com.videoclub.pojo.MovieGenre" en /package.jdo
17:28:01,126 (main) DEBUG [DataNucleus.MetaData] - No encontramos el MetaData del tipo "jdo" por la clase "com.videoclub.pojo.MovieGenre" en /com/package.jdo
17:28:01,126 (main) DEBUG [DataNucleus.MetaData] - No encontramos el MetaData del tipo "jdo" por la clase "com.videoclub.pojo.MovieGenre" en /com/videoclub/package.jdo
17:28:01,126 (main) DEBUG [DataNucleus.MetaData] - No encontramos el MetaData del tipo "jdo" por la clase "com.videoclub.pojo.MovieGenre" en /com/videoclub/pojo/package.jdo
17:28:01,126 (main) DEBUG [DataNucleus.MetaData] - No encontramos el MetaData del tipo "jdo" por la clase "com.videoclub.pojo.MovieGenre" en /com/videoclub/pojo/MovieGenre.jdo
17:28:01,126 (main) DEBUG [DataNucleus.MetaData] - No hemos encontrado el MetaData del tipo "jdo" por la clase "com.videoclub.pojo.MovieGenre"
17:28:01,126 (main) DEBUG [DataNucleus.MetaData] - Registrando la clase "com.videoclub.pojo.MovieGenre" no tener Meta-Data
17:28:01,126 (main) DEBUG [DataNucleus.MetaData] - Clase "com.videoclub.pojo.Movie" : Inicializando Meta-Data
17:28:01,126 (main) DEBUG [DataNucleus.Persistence] - ExecutionContext "org.datanucleus.ExecutionContextImpl@34dc85a" se abrió para la base de datos "org.datanucleus.store.rdbms.RDBMSStoreManager@6d4a65c6" con transaccion="org.datanucleus.transaction.TransactionImpl@61e3cf4d"
17:28:01,126 (main) DEBUG [DataNucleus.Transaction] - Transaction created [DataNucleus Transaction, ID=1418522280-4, enlisted resources=[]]
17:28:01,126 (main) DEBUG [DataNucleus.Transaction] - Transacción empezada para el ExecutionContext org.datanucleus.ExecutionContextImpl@34dc85a (optimistic=false)
* Storing a class com.videoclub.pojo.Movie : Movie [title=Movie1, genre=COMEDY, duration=90, year=2023, director=paco, rentalPrice=19.9]
17:28:01,128 (main) DEBUG [DataNucleus.Persistence] - Haciendo el objeto persistente : "com.videoclub.pojo.Movie@4bb003e9"
17:28:01,128 (main) DEBUG [DataNucleus.Persistence] - Va a manjejar la persistencia de Clase : com.videoclub.pojo.Movie [Tabla : `MOVIE`, Estrategia de heredar : new-table]
17:28:01,128 (main) DEBUG [DataNucleus.Datastore.Schema] - Campo [com.videoclub.pojo.Movie.code] -> Columnas [`MOVIE`.`CODE`] usando mapping del tipo "org.datanucleus.store.rdbms.mapping.java.IntegerMapping" (org.datanucleus.store.rdbms.mapping.column.IntegerColumnMapping)
17:28:01,128 (main) DEBUG [DataNucleus.Datastore.Schema] - La tabla `MOVIE` va a manejar la persistencia de los campos de la clase com.videoclub.pojo.Movie (estrategia de heredar="new-table")
17:28:01,128 (main) DEBUG [DataNucleus.Datastore.Schema] - Attempt to find JDBC driver 'typeInfo' for jdbc-type=VARCHAR but sql-type=VARCHAR is not found. Using default sql-type for this jdbc-type.
17:28:01,128 (main) DEBUG [DataNucleus.Datastore.Schema] - Campo [com.videoclub.pojo.Movie.director] -> Columnas [`MOVIE`.`DIRECTOR`] usando mapping del tipo "org.datanucleus.store.rdbms.mapping.java.StringMapping" (org.datanucleus.store.rdbms.mapping.column.VarCharColumnMapping)
17:28:01,128 (main) DEBUG [DataNucleus.Datastore.Schema] - Campo [com.videoclub.pojo.Movie.duration] -> Columnas [`MOVIE`.`DURATION`] usando mapping del tipo "org.datanucleus.store.rdbms.mapping.java.IntegerMapping" (org.datanucleus.store.rdbms.mapping.column.IntegerColumnMapping)
17:28:01,128 (main) DEBUG [DataNucleus.Datastore.Schema] - Campo [com.videoclub.pojo.Movie.genre] -> Columnas [`MOVIE`.`GENRE`] usando mapping del tipo "org.datanucleus.store.rdbms.mapping.java.EnumMapping" (org.datanucleus.store.rdbms.mapping.column.VarCharColumnMapping)
17:28:01,129 (main) DEBUG [DataNucleus.Datastore.Schema] - Campo [com.videoclub.pojo.Movie.rentalPrice] -> Columnas [`MOVIE`.`RENTALPRICE`] usando mapping del tipo "org.datanucleus.store.rdbms.mapping.java.DoubleMapping" (org.datanucleus.store.rdbms.mapping.column.DoubleColumnMapping)
17:28:01,129 (main) DEBUG [DataNucleus.Datastore.Schema] - Attempt to find JDBC driver 'typeInfo' for jdbc-type=VARCHAR but sql-type=VARCHAR is not found. Using default sql-type for this jdbc-type.
17:28:01,129 (main) DEBUG [DataNucleus.Datastore.Schema] - Campo [com.videoclub.pojo.Movie.title] -> Columnas [`MOVIE`.`TITLE`] usando mapping del tipo "org.datanucleus.store.rdbms.mapping.java.StringMapping" (org.datanucleus.store.rdbms.mapping.column.VarCharColumnMapping)
17:28:01,129 (main) DEBUG [DataNucleus.Datastore.Schema] - Campo [com.videoclub.pojo.Movie.year] -> Columnas [`MOVIE`.`YEAR`] usando mapping del tipo "org.datanucleus.store.rdbms.mapping.java.IntegerMapping" (org.datanucleus.store.rdbms.mapping.column.IntegerColumnMapping)
17:28:01,129 (main) DEBUG [DataNucleus.Datastore.Schema] - Table/View `MOVIE` ha sido inicializado
17:28:01,130 (main) DEBUG [DataNucleus.Connection] - ManagedConnection ABIERTO : "org.datanucleus.store.rdbms.ConnectionFactoryImpl$ManagedConnectionImpl@4b2d44bc [conn=org.datanucleus.store.rdbms.datasource.dbcp2.PoolingDataSource$PoolGuardConnectionWrapper@58e92c23, commitOnRelease=true, closeOnRelease=true, closeOnTxnEnd=true]" en resource "nontx" con isolación "serializable" y auto-commit=false
17:28:01,130 (main) DEBUG [DataNucleus.Datastore.Schema] - Empezando transaccion del esquema con conneccion "org.datanucleus.store.rdbms.datasource.dbcp2.PoolingDataSource$PoolGuardConnectionWrapper@58e92c23" y isolacion "serializable"
17:28:01,132 (main) DEBUG [DataNucleus.Datastore.Schema] - Check of existence of `MOVIE` returned table type of TABLE
17:28:01,132 (main) DEBUG [DataNucleus.Datastore.Schema] - Cargando información de columna para las tablas "movie" por el Catalogo "videoclubdb", el Esquema ""
17:28:01,136 (main) DEBUG [DataNucleus.Datastore.Schema] - Información de columna cargado por el Catalogo "videoclubdb", el Esquema "", 1 tablas, tiempo = 4 ms
17:28:01,136 (main) DEBUG [DataNucleus.Datastore.Schema] - Información de columna cargado por la tabla "MOVIE" : hemos encontrado 7 columnas
17:28:01,138 (main) DEBUG [DataNucleus.Datastore.Schema] - Validando 2 indic(es) de la tabla `MOVIE`
17:28:01,151 (main) DEBUG [DataNucleus.Datastore.Schema] - Validando 0 foreign key(s) de la tabla `MOVIE`
17:28:01,153 (main) DEBUG [DataNucleus.Datastore.Schema] - Validando 2 llaves unicas de la tabla `MOVIE`
17:28:01,153 (main) DEBUG [DataNucleus.Datastore.Schema] - Committing transaccion del esquema "org.datanucleus.store.rdbms.datasource.dbcp2.PoolingDataSource$PoolGuardConnectionWrapper@58e92c23"
17:28:01,153 (main) DEBUG [DataNucleus.Datastore.Schema] - Cerrando la conneccion de la transaccion del esquema "org.datanucleus.store.rdbms.datasource.dbcp2.PoolingDataSource$PoolGuardConnectionWrapper@58e92c23"
17:28:01,153 (main) DEBUG [DataNucleus.Connection] - ManagedConnection VA A COMMIT : "org.datanucleus.store.rdbms.ConnectionFactoryImpl$ManagedConnectionImpl@4b2d44bc [conn=org.datanucleus.store.rdbms.datasource.dbcp2.PoolingDataSource$PoolGuardConnectionWrapper@58e92c23, commitOnRelease=true, closeOnRelease=true, closeOnTxnEnd=true]"
17:28:01,153 (main) DEBUG [DataNucleus.Connection] - ManagedConnection CERRADO : "org.datanucleus.store.rdbms.ConnectionFactoryImpl$ManagedConnectionImpl@4b2d44bc [conn=org.datanucleus.store.rdbms.datasource.dbcp2.PoolingDataSource$PoolGuardConnectionWrapper@58e92c23, commitOnRelease=true, closeOnRelease=true, closeOnTxnEnd=true]" 
17:28:01,154 (main) DEBUG [DataNucleus.Datastore.Schema] - Attempt to find JDBC driver 'typeInfo' for jdbc-type=VARCHAR but sql-type=VARCHAR is not found. Using default sql-type for this jdbc-type.
17:28:01,155 (main) DEBUG [DataNucleus.Connection] - ManagedConnection ABIERTO : "org.datanucleus.store.rdbms.ConnectionFactoryImpl$ManagedConnectionImpl@3e7545e8 [conn=org.datanucleus.store.rdbms.datasource.dbcp2.PoolingDataSource$PoolGuardConnectionWrapper@75e710b, commitOnRelease=true, closeOnRelease=true, closeOnTxnEnd=true]" en resource "nontx" con isolación "read-committed" y auto-commit=false
17:28:01,157 (main) DEBUG [DataNucleus.Datastore.Schema] - Check of existence of videoclubdb.`SEQUENCE_TABLE` returned table type of TABLE
17:28:01,157 (main) DEBUG [DataNucleus.Datastore] - Utilizando PreparedStatement "com.mysql.cj.jdbc.ClientPreparedStatement: SELECT `NEXT_VAL` FROM videoclubdb.`SEQUENCE_TABLE` WHERE `SEQUENCE_NAME`=** NOT SPECIFIED ** FOR UPDATE" para la conneccion "org.datanucleus.store.rdbms.datasource.dbcp2.PoolingDataSource$PoolGuardConnectionWrapper@75e710b"
17:28:01,157 (main) DEBUG [DataNucleus.Datastore.Native] - SELECT `NEXT_VAL` FROM videoclubdb.`SEQUENCE_TABLE` WHERE `SEQUENCE_NAME`=? FOR UPDATE
17:28:01,157 (main) DEBUG [DataNucleus.Datastore.Retrieve] - SQL Tiempo de cumplir = 0 ms
17:28:01,157 (main) DEBUG [DataNucleus.Datastore] - Utilizando PreparedStatement "com.mysql.cj.jdbc.ClientPreparedStatement: SELECT MAX(`CODE`) FROM videoclubdb.`MOVIE`" para la conneccion "org.datanucleus.store.rdbms.datasource.dbcp2.PoolingDataSource$PoolGuardConnectionWrapper@75e710b"
17:28:01,157 (main) DEBUG [DataNucleus.Datastore.Native] - SELECT MAX(`CODE`) FROM videoclubdb.`MOVIE`
17:28:01,158 (main) DEBUG [DataNucleus.Datastore.Retrieve] - SQL Tiempo de cumplir = 1 ms
17:28:01,158 (main) DEBUG [DataNucleus.Datastore] - Utilizando PreparedStatement "com.mysql.cj.jdbc.ClientPreparedStatement: INSERT INTO videoclubdb.`SEQUENCE_TABLE` (`SEQUENCE_NAME`,`NEXT_VAL`) VALUES (** NOT SPECIFIED **,** NOT SPECIFIED **)" para la conneccion "org.datanucleus.store.rdbms.datasource.dbcp2.PoolingDataSource$PoolGuardConnectionWrapper@75e710b"
17:28:01,158 (main) DEBUG [DataNucleus.Datastore.Native] - INSERT INTO videoclubdb.`SEQUENCE_TABLE` (`SEQUENCE_NAME`,`NEXT_VAL`) VALUES (?,?)
17:28:01,158 (main) DEBUG [DataNucleus.Datastore.Persist] - SQL Tiempo de cumplir = 0 ms (numero de lineas cambiado = 1) con el PreparedStatement "org.datanucleus.store.rdbms.datasource.dbcp2.DelegatingPreparedStatement@26f7cdf8"
17:28:01,158 (main) DEBUG [DataNucleus.Datastore] - Cerrando PreparedStatement "org.datanucleus.store.rdbms.datasource.dbcp2.DelegatingPreparedStatement@26f7cdf8"
17:28:01,158 (main) DEBUG [DataNucleus.Datastore] - Cerrando PreparedStatement "org.datanucleus.store.rdbms.datasource.dbcp2.DelegatingPreparedStatement@5782d777"
17:28:01,158 (main) DEBUG [DataNucleus.Datastore] - Cerrando PreparedStatement "org.datanucleus.store.rdbms.datasource.dbcp2.DelegatingPreparedStatement@b016b4e"
17:28:01,158 (main) DEBUG [DataNucleus.ValueGeneration] - Hemos reservado un bloque de 10 valores
17:28:01,158 (main) DEBUG [DataNucleus.Connection] - ManagedConnection VA A COMMIT : "org.datanucleus.store.rdbms.ConnectionFactoryImpl$ManagedConnectionImpl@3e7545e8 [conn=org.datanucleus.store.rdbms.datasource.dbcp2.PoolingDataSource$PoolGuardConnectionWrapper@75e710b, commitOnRelease=true, closeOnRelease=true, closeOnTxnEnd=true]"
17:28:01,159 (main) DEBUG [DataNucleus.Connection] - ManagedConnection CERRADO : "org.datanucleus.store.rdbms.ConnectionFactoryImpl$ManagedConnectionImpl@3e7545e8 [conn=org.datanucleus.store.rdbms.datasource.dbcp2.PoolingDataSource$PoolGuardConnectionWrapper@75e710b, commitOnRelease=true, closeOnRelease=true, closeOnTxnEnd=true]" 
17:28:01,160 (main) DEBUG [DataNucleus.ValueGeneration] - Valor generado para el campo "com.videoclub.pojo.Movie.code" con estrategia="increment" (Generador="org.datanucleus.store.rdbms.valuegenerator.TableGenerator") : valor=1
17:28:01,160 (main) DEBUG [DataNucleus.Cache] - Objeto con identidad "com.videoclub.pojo.Movie:1" añadido a la Cache de nivel 1 (loadedFlags="[YYYYYYY]")
17:28:01,160 (main) DEBUG [DataNucleus.Transaction] - Objeto con identidad "com.videoclub.pojo.Movie:1" ha sido puesto en la cache transaccional
17:28:01,160 (main) DEBUG [DataNucleus.Persistence] - Objeto "com.videoclub.pojo.Movie@4bb003e9" va a ser añadido a la tabla "`MOVIE`"
17:28:01,161 (main) DEBUG [DataNucleus.Connection] - ManagedConnection ABIERTO : "org.datanucleus.store.rdbms.ConnectionFactoryImpl$ManagedConnectionImpl@681adc8f [conn=org.datanucleus.store.rdbms.datasource.dbcp2.PoolingDataSource$PoolGuardConnectionWrapper@3506d826, commitOnRelease=false, closeOnRelease=false, closeOnTxnEnd=true]" en resource "tx" con isolación "read-committed" y auto-commit=false
17:28:01,161 (main) DEBUG [DataNucleus.Transaction] - Running enlist operation on resource: org.datanucleus.store.rdbms.ConnectionFactoryImpl$EmulatedXAResource@35dd9ed3, error code TMNOFLAGS and transaction [DataNucleus Transaction, ID=1418522280-4, enlisted resources=[]]
17:28:01,161 (main) DEBUG [DataNucleus.Datastore] - Utilizando PreparedStatement "com.mysql.cj.jdbc.ClientPreparedStatement: INSERT INTO `MOVIE` (`DIRECTOR`,`DURATION`,`GENRE`,`RENTALPRICE`,`TITLE`,`YEAR`,`CODE`) VALUES (** NOT SPECIFIED **,** NOT SPECIFIED **,** NOT SPECIFIED **,** NOT SPECIFIED **,** NOT SPECIFIED **,** NOT SPECIFIED **,** NOT SPECIFIED **)" para la conneccion "org.datanucleus.store.rdbms.datasource.dbcp2.PoolingDataSource$PoolGuardConnectionWrapper@3506d826"
17:28:01,161 (main) DEBUG [DataNucleus.Datastore.Persist] - El statement "INSERT INTO `MOVIE` (`DIRECTOR`,`DURATION`,`GENRE`,`RENTALPRICE`,`TITLE`,`YEAR`,`CODE`) VALUES (?,?,?,?,?,?,?)" ya es batchable
17:28:01,161 (main) DEBUG [DataNucleus.Datastore.Persist] - Añadiendo statement "INSERT INTO `MOVIE` (`DIRECTOR`,`DURATION`,`GENRE`,`RENTALPRICE`,`TITLE`,`YEAR`,`CODE`) VALUES (?,?,?,?,?,?,?)" al batch para procesar (tamaño de batch = 1)
17:28:01,161 (main) DEBUG [DataNucleus.Datastore.Native] - INSERT INTO `MOVIE` (`DIRECTOR`,`DURATION`,`GENRE`,`RENTALPRICE`,`TITLE`,`YEAR`,`CODE`) VALUES (?,?,?,?,?,?,?)
17:28:01,163 (main) DEBUG [DataNucleus.Datastore] - SQL Tiempo de cumplir = 2 ms (numero de lineas cambiado = [1]) con el PreparedStatement "org.datanucleus.store.rdbms.datasource.dbcp2.DelegatingPreparedStatement@35fb22a9"
17:28:01,163 (main) DEBUG [DataNucleus.Transaction] - Haciendo commit de la transaacción para el ExecutionContext org.datanucleus.ExecutionContextImpl@34dc85a
17:28:01,163 (main) DEBUG [DataNucleus.Persistence] - ExecutionContext.internalFlush() empezado con flush ordenado - 1 objetos registrados
17:28:01,163 (main) DEBUG [DataNucleus.Persistence] - ExecutionContext.internalFlush() terminado
17:28:01,163 (main) DEBUG [DataNucleus.Persistence] - Persistence-By-Reachability (commit) : EMPIEZA
17:28:01,163 (main) DEBUG [DataNucleus.Persistence] - Haciendo la calculación de alcanzables con objeto con identidad "com.videoclub.pojo.Movie:1"
17:28:01,163 (main) DEBUG [DataNucleus.Cache] - Objeto con identidad "com.videoclub.pojo.Movie:1" obtenido de la Cache nivel 1 (loadedFlags="[YYYYYYY]")
17:28:01,163 (main) DEBUG [DataNucleus.Persistence] - Object con id "com.videoclub.pojo.Movie:1" y estado de vida "P_NEW" añadido a la lista de alcanzables al commit.
17:28:01,163 (main) DEBUG [DataNucleus.Persistence] - ExecutionContext.internalFlush() empezado con flush ordenado - 0 objetos registrados
17:28:01,163 (main) DEBUG [DataNucleus.Persistence] - ExecutionContext.internalFlush() terminado
17:28:01,163 (main) DEBUG [DataNucleus.Persistence] - Persistence-By-Reachability (commit) : TERMINADO
17:28:01,163 (main) DEBUG [DataNucleus.Cache] - Objeto con identidad "com.videoclub.pojo.Movie:1" añadido a la Cache de nivel 2 (campos="[0, 1, 2, 3, 4, 5, 6]", version="")
17:28:01,163 (main) DEBUG [DataNucleus.Cache] - El objeto con identidad "com.videoclub.pojo.Movie:1" va a tener los campos siguientes almacendados en el objeto de Level 2 cache : [0, 1, 2, 3, 4, 5, 6]
17:28:01,163 (main) DEBUG [DataNucleus.Transaction] - Committing [DataNucleus Transaction, ID=1418522280-4, enlisted resources=[org.datanucleus.store.rdbms.ConnectionFactoryImpl$EmulatedXAResource@35dd9ed3]]
17:28:01,163 (main) DEBUG [DataNucleus.Connection] - ManagedConnection VA A COMMIT : "org.datanucleus.store.rdbms.ConnectionFactoryImpl$ManagedConnectionImpl@681adc8f [conn=org.datanucleus.store.rdbms.datasource.dbcp2.PoolingDataSource$PoolGuardConnectionWrapper@3506d826, commitOnRelease=false, closeOnRelease=false, closeOnTxnEnd=true]"
17:28:01,164 (main) DEBUG [DataNucleus.Connection] - ManagedConnection CERRADO : "org.datanucleus.store.rdbms.ConnectionFactoryImpl$ManagedConnectionImpl@681adc8f [conn=org.datanucleus.store.rdbms.datasource.dbcp2.PoolingDataSource$PoolGuardConnectionWrapper@3506d826, commitOnRelease=false, closeOnRelease=false, closeOnTxnEnd=true]" 
17:28:01,166 (main) DEBUG [DataNucleus.Persistence] - Haciendo el objeto detachado : "com.videoclub.pojo.Movie@4bb003e9" (profundidad=0)
17:28:01,166 (main) DEBUG [DataNucleus.Persistence] - Objeto con identidad "com.videoclub.pojo.Movie:1" tiene cambio de lifeycle : "P_NEW"->"DETACHED_CLEAN"
17:28:01,166 (main) DEBUG [DataNucleus.Transaction] - Objeto con identidad "com.videoclub.pojo.Movie:1" fue borrado de la cache transactional
17:28:01,166 (main) DEBUG [DataNucleus.Persistence] - Disconectando objeto con identidad "com.videoclub.pojo.Movie:1" de StateManager[pc=com.videoclub.pojo.Movie@4bb003e9, lifecycle=DETACHED_CLEAN]
17:28:01,166 (main) DEBUG [DataNucleus.Cache] - Objeto con identidad="com.videoclub.pojo.Movie:1" borrado de la Cache de nivel 1
17:28:01,166 (main) DEBUG [DataNucleus.Transaction] - Transacción committed en 5 ms
17:28:01,166 (main) DEBUG [DataNucleus.Persistence] - ExecutionContext "org.datanucleus.ExecutionContextImpl@34dc85a" se cerró
17:28:01,166 (main) DEBUG [DataNucleus.Persistence] - ExecutionContext "org.datanucleus.ExecutionContextImpl@34dc85a" se abrió para la base de datos "org.datanucleus.store.rdbms.RDBMSStoreManager@6d4a65c6" con transaccion="org.datanucleus.transaction.TransactionImpl@1e008f36"
17:28:01,166 (main) DEBUG [DataNucleus.Transaction] - Transaction created [DataNucleus Transaction, ID=1418522280-5, enlisted resources=[]]
17:28:01,166 (main) DEBUG [DataNucleus.Transaction] - Transacción empezada para el ExecutionContext org.datanucleus.ExecutionContextImpl@34dc85a (optimistic=false)
* Storing a class com.videoclub.pojo.Movie : Movie [title=Movie2, genre=DETECTIVE, duration=180, year=1989, director=luis, rentalPrice=5.74]
17:28:01,166 (main) DEBUG [DataNucleus.Persistence] - Haciendo el objeto persistente : "com.videoclub.pojo.Movie@3cae7b8b"
17:28:01,166 (main) DEBUG [DataNucleus.ValueGeneration] - Valor generado para el campo "com.videoclub.pojo.Movie.code" con estrategia="increment" (Generador="org.datanucleus.store.rdbms.valuegenerator.TableGenerator") : valor=2
17:28:01,166 (main) DEBUG [DataNucleus.Cache] - Objeto con identidad "com.videoclub.pojo.Movie:2" añadido a la Cache de nivel 1 (loadedFlags="[YYYYYYY]")
17:28:01,166 (main) DEBUG [DataNucleus.Transaction] - Objeto con identidad "com.videoclub.pojo.Movie:2" ha sido puesto en la cache transaccional
17:28:01,166 (main) DEBUG [DataNucleus.Persistence] - Objeto "com.videoclub.pojo.Movie@3cae7b8b" va a ser añadido a la tabla "`MOVIE`"
17:28:01,169 (main) DEBUG [DataNucleus.Connection] - ManagedConnection ABIERTO : "org.datanucleus.store.rdbms.ConnectionFactoryImpl$ManagedConnectionImpl@2aeefcc [conn=org.datanucleus.store.rdbms.datasource.dbcp2.PoolingDataSource$PoolGuardConnectionWrapper@359ff4d9, commitOnRelease=false, closeOnRelease=false, closeOnTxnEnd=true]" en resource "tx" con isolación "read-committed" y auto-commit=false
17:28:01,169 (main) DEBUG [DataNucleus.Transaction] - Running enlist operation on resource: org.datanucleus.store.rdbms.ConnectionFactoryImpl$EmulatedXAResource@7a22a3c2, error code TMNOFLAGS and transaction [DataNucleus Transaction, ID=1418522280-5, enlisted resources=[]]
17:28:01,169 (main) DEBUG [DataNucleus.Datastore] - Utilizando PreparedStatement "com.mysql.cj.jdbc.ClientPreparedStatement: INSERT INTO `MOVIE` (`DIRECTOR`,`DURATION`,`GENRE`,`RENTALPRICE`,`TITLE`,`YEAR`,`CODE`) VALUES (** NOT SPECIFIED **,** NOT SPECIFIED **,** NOT SPECIFIED **,** NOT SPECIFIED **,** NOT SPECIFIED **,** NOT SPECIFIED **,** NOT SPECIFIED **)" para la conneccion "org.datanucleus.store.rdbms.datasource.dbcp2.PoolingDataSource$PoolGuardConnectionWrapper@359ff4d9"
17:28:01,169 (main) DEBUG [DataNucleus.Datastore.Persist] - El statement "INSERT INTO `MOVIE` (`DIRECTOR`,`DURATION`,`GENRE`,`RENTALPRICE`,`TITLE`,`YEAR`,`CODE`) VALUES (?,?,?,?,?,?,?)" ya es batchable
17:28:01,169 (main) DEBUG [DataNucleus.Datastore.Persist] - Añadiendo statement "INSERT INTO `MOVIE` (`DIRECTOR`,`DURATION`,`GENRE`,`RENTALPRICE`,`TITLE`,`YEAR`,`CODE`) VALUES (?,?,?,?,?,?,?)" al batch para procesar (tamaño de batch = 1)
17:28:01,169 (main) DEBUG [DataNucleus.Datastore.Native] - INSERT INTO `MOVIE` (`DIRECTOR`,`DURATION`,`GENRE`,`RENTALPRICE`,`TITLE`,`YEAR`,`CODE`) VALUES (?,?,?,?,?,?,?)
17:28:01,170 (main) DEBUG [DataNucleus.Datastore] - SQL Tiempo de cumplir = 1 ms (numero de lineas cambiado = [1]) con el PreparedStatement "org.datanucleus.store.rdbms.datasource.dbcp2.DelegatingPreparedStatement@301aa982"
17:28:01,170 (main) DEBUG [DataNucleus.Transaction] - Haciendo commit de la transaacción para el ExecutionContext org.datanucleus.ExecutionContextImpl@34dc85a
17:28:01,170 (main) DEBUG [DataNucleus.Persistence] - ExecutionContext.internalFlush() empezado con flush ordenado - 1 objetos registrados
17:28:01,170 (main) DEBUG [DataNucleus.Persistence] - ExecutionContext.internalFlush() terminado
17:28:01,170 (main) DEBUG [DataNucleus.Persistence] - Persistence-By-Reachability (commit) : EMPIEZA
17:28:01,170 (main) DEBUG [DataNucleus.Persistence] - Haciendo la calculación de alcanzables con objeto con identidad "com.videoclub.pojo.Movie:2"
17:28:01,170 (main) DEBUG [DataNucleus.Cache] - Objeto con identidad "com.videoclub.pojo.Movie:2" obtenido de la Cache nivel 1 (loadedFlags="[YYYYYYY]")
17:28:01,170 (main) DEBUG [DataNucleus.Persistence] - Object con id "com.videoclub.pojo.Movie:2" y estado de vida "P_NEW" añadido a la lista de alcanzables al commit.
17:28:01,170 (main) DEBUG [DataNucleus.Persistence] - ExecutionContext.internalFlush() empezado con flush ordenado - 0 objetos registrados
17:28:01,170 (main) DEBUG [DataNucleus.Persistence] - ExecutionContext.internalFlush() terminado
17:28:01,170 (main) DEBUG [DataNucleus.Persistence] - Persistence-By-Reachability (commit) : TERMINADO
17:28:01,170 (main) DEBUG [DataNucleus.Cache] - Objeto con identidad "com.videoclub.pojo.Movie:2" añadido a la Cache de nivel 2 (campos="[0, 1, 2, 3, 4, 5, 6]", version="")
17:28:01,170 (main) DEBUG [DataNucleus.Cache] - El objeto con identidad "com.videoclub.pojo.Movie:2" va a tener los campos siguientes almacendados en el objeto de Level 2 cache : [0, 1, 2, 3, 4, 5, 6]
17:28:01,170 (main) DEBUG [DataNucleus.Transaction] - Committing [DataNucleus Transaction, ID=1418522280-5, enlisted resources=[org.datanucleus.store.rdbms.ConnectionFactoryImpl$EmulatedXAResource@7a22a3c2]]
17:28:01,170 (main) DEBUG [DataNucleus.Connection] - ManagedConnection VA A COMMIT : "org.datanucleus.store.rdbms.ConnectionFactoryImpl$ManagedConnectionImpl@2aeefcc [conn=org.datanucleus.store.rdbms.datasource.dbcp2.PoolingDataSource$PoolGuardConnectionWrapper@359ff4d9, commitOnRelease=false, closeOnRelease=false, closeOnTxnEnd=true]"
17:28:01,171 (main) DEBUG [DataNucleus.Connection] - ManagedConnection CERRADO : "org.datanucleus.store.rdbms.ConnectionFactoryImpl$ManagedConnectionImpl@2aeefcc [conn=org.datanucleus.store.rdbms.datasource.dbcp2.PoolingDataSource$PoolGuardConnectionWrapper@359ff4d9, commitOnRelease=false, closeOnRelease=false, closeOnTxnEnd=true]" 
17:28:01,172 (main) DEBUG [DataNucleus.Persistence] - Haciendo el objeto detachado : "com.videoclub.pojo.Movie@3cae7b8b" (profundidad=0)
17:28:01,172 (main) DEBUG [DataNucleus.Persistence] - Objeto con identidad "com.videoclub.pojo.Movie:2" tiene cambio de lifeycle : "P_NEW"->"DETACHED_CLEAN"
17:28:01,172 (main) DEBUG [DataNucleus.Transaction] - Objeto con identidad "com.videoclub.pojo.Movie:2" fue borrado de la cache transactional
17:28:01,172 (main) DEBUG [DataNucleus.Persistence] - Disconectando objeto con identidad "com.videoclub.pojo.Movie:2" de StateManager[pc=com.videoclub.pojo.Movie@3cae7b8b, lifecycle=DETACHED_CLEAN]
17:28:01,172 (main) DEBUG [DataNucleus.Cache] - Objeto con identidad="com.videoclub.pojo.Movie:2" borrado de la Cache de nivel 1
17:28:01,172 (main) DEBUG [DataNucleus.Transaction] - Transacción committed en 3 ms
17:28:01,172 (main) DEBUG [DataNucleus.Persistence] - ExecutionContext "org.datanucleus.ExecutionContextImpl@34dc85a" se cerró
17:28:01,172 (main) DEBUG [DataNucleus.Persistence] - ExecutionContext "org.datanucleus.ExecutionContextImpl@34dc85a" se abrió para la base de datos "org.datanucleus.store.rdbms.RDBMSStoreManager@6d4a65c6" con transaccion="org.datanucleus.transaction.TransactionImpl@3701e6e4"
17:28:01,172 (main) DEBUG [DataNucleus.Transaction] - Transaction created [DataNucleus Transaction, ID=1418522280-6, enlisted resources=[]]
17:28:01,172 (main) DEBUG [DataNucleus.Transaction] - Transacción empezada para el ExecutionContext org.datanucleus.ExecutionContextImpl@34dc85a (optimistic=false)
* Storing a class com.videoclub.pojo.Movie : Movie [title=Movie3, genre=DRAMA, duration=90, year=2012, director=luis, rentalPrice=4.25]
17:28:01,172 (main) DEBUG [DataNucleus.Persistence] - Haciendo el objeto persistente : "com.videoclub.pojo.Movie@65f58c6e"
17:28:01,172 (main) DEBUG [DataNucleus.ValueGeneration] - Valor generado para el campo "com.videoclub.pojo.Movie.code" con estrategia="increment" (Generador="org.datanucleus.store.rdbms.valuegenerator.TableGenerator") : valor=3
17:28:01,172 (main) DEBUG [DataNucleus.Cache] - Objeto con identidad "com.videoclub.pojo.Movie:3" añadido a la Cache de nivel 1 (loadedFlags="[YYYYYYY]")
17:28:01,172 (main) DEBUG [DataNucleus.Transaction] - Objeto con identidad "com.videoclub.pojo.Movie:3" ha sido puesto en la cache transaccional
17:28:01,172 (main) DEBUG [DataNucleus.Persistence] - Objeto "com.videoclub.pojo.Movie@65f58c6e" va a ser añadido a la tabla "`MOVIE`"
17:28:01,173 (main) DEBUG [DataNucleus.Connection] - ManagedConnection ABIERTO : "org.datanucleus.store.rdbms.ConnectionFactoryImpl$ManagedConnectionImpl@4ba380c7 [conn=org.datanucleus.store.rdbms.datasource.dbcp2.PoolingDataSource$PoolGuardConnectionWrapper@784c5ef5, commitOnRelease=false, closeOnRelease=false, closeOnTxnEnd=true]" en resource "tx" con isolación "read-committed" y auto-commit=false
17:28:01,174 (main) DEBUG [DataNucleus.Transaction] - Running enlist operation on resource: org.datanucleus.store.rdbms.ConnectionFactoryImpl$EmulatedXAResource@31133b6e, error code TMNOFLAGS and transaction [DataNucleus Transaction, ID=1418522280-6, enlisted resources=[]]
17:28:01,174 (main) DEBUG [DataNucleus.Datastore] - Utilizando PreparedStatement "com.mysql.cj.jdbc.ClientPreparedStatement: INSERT INTO `MOVIE` (`DIRECTOR`,`DURATION`,`GENRE`,`RENTALPRICE`,`TITLE`,`YEAR`,`CODE`) VALUES (** NOT SPECIFIED **,** NOT SPECIFIED **,** NOT SPECIFIED **,** NOT SPECIFIED **,** NOT SPECIFIED **,** NOT SPECIFIED **,** NOT SPECIFIED **)" para la conneccion "org.datanucleus.store.rdbms.datasource.dbcp2.PoolingDataSource$PoolGuardConnectionWrapper@784c5ef5"
17:28:01,174 (main) DEBUG [DataNucleus.Datastore.Persist] - El statement "INSERT INTO `MOVIE` (`DIRECTOR`,`DURATION`,`GENRE`,`RENTALPRICE`,`TITLE`,`YEAR`,`CODE`) VALUES (?,?,?,?,?,?,?)" ya es batchable
17:28:01,174 (main) DEBUG [DataNucleus.Datastore.Persist] - Añadiendo statement "INSERT INTO `MOVIE` (`DIRECTOR`,`DURATION`,`GENRE`,`RENTALPRICE`,`TITLE`,`YEAR`,`CODE`) VALUES (?,?,?,?,?,?,?)" al batch para procesar (tamaño de batch = 1)
17:28:01,174 (main) DEBUG [DataNucleus.Datastore.Native] - INSERT INTO `MOVIE` (`DIRECTOR`,`DURATION`,`GENRE`,`RENTALPRICE`,`TITLE`,`YEAR`,`CODE`) VALUES (?,?,?,?,?,?,?)
17:28:01,175 (main) DEBUG [DataNucleus.Datastore] - SQL Tiempo de cumplir = 1 ms (numero de lineas cambiado = [1]) con el PreparedStatement "org.datanucleus.store.rdbms.datasource.dbcp2.DelegatingPreparedStatement@6401d0a0"
17:28:01,175 (main) DEBUG [DataNucleus.Transaction] - Haciendo commit de la transaacción para el ExecutionContext org.datanucleus.ExecutionContextImpl@34dc85a
17:28:01,175 (main) DEBUG [DataNucleus.Persistence] - ExecutionContext.internalFlush() empezado con flush ordenado - 1 objetos registrados
17:28:01,175 (main) DEBUG [DataNucleus.Persistence] - ExecutionContext.internalFlush() terminado
17:28:01,175 (main) DEBUG [DataNucleus.Persistence] - Persistence-By-Reachability (commit) : EMPIEZA
17:28:01,175 (main) DEBUG [DataNucleus.Persistence] - Haciendo la calculación de alcanzables con objeto con identidad "com.videoclub.pojo.Movie:3"
17:28:01,175 (main) DEBUG [DataNucleus.Cache] - Objeto con identidad "com.videoclub.pojo.Movie:3" obtenido de la Cache nivel 1 (loadedFlags="[YYYYYYY]")
17:28:01,175 (main) DEBUG [DataNucleus.Persistence] - Object con id "com.videoclub.pojo.Movie:3" y estado de vida "P_NEW" añadido a la lista de alcanzables al commit.
17:28:01,175 (main) DEBUG [DataNucleus.Persistence] - ExecutionContext.internalFlush() empezado con flush ordenado - 0 objetos registrados
17:28:01,175 (main) DEBUG [DataNucleus.Persistence] - ExecutionContext.internalFlush() terminado
17:28:01,175 (main) DEBUG [DataNucleus.Persistence] - Persistence-By-Reachability (commit) : TERMINADO
17:28:01,175 (main) DEBUG [DataNucleus.Cache] - Objeto con identidad "com.videoclub.pojo.Movie:3" añadido a la Cache de nivel 2 (campos="[0, 1, 2, 3, 4, 5, 6]", version="")
17:28:01,175 (main) DEBUG [DataNucleus.Cache] - El objeto con identidad "com.videoclub.pojo.Movie:3" va a tener los campos siguientes almacendados en el objeto de Level 2 cache : [0, 1, 2, 3, 4, 5, 6]
17:28:01,175 (main) DEBUG [DataNucleus.Transaction] - Committing [DataNucleus Transaction, ID=1418522280-6, enlisted resources=[org.datanucleus.store.rdbms.ConnectionFactoryImpl$EmulatedXAResource@31133b6e]]
17:28:01,175 (main) DEBUG [DataNucleus.Connection] - ManagedConnection VA A COMMIT : "org.datanucleus.store.rdbms.ConnectionFactoryImpl$ManagedConnectionImpl@4ba380c7 [conn=org.datanucleus.store.rdbms.datasource.dbcp2.PoolingDataSource$PoolGuardConnectionWrapper@784c5ef5, commitOnRelease=false, closeOnRelease=false, closeOnTxnEnd=true]"
17:28:01,175 (main) DEBUG [DataNucleus.Connection] - ManagedConnection CERRADO : "org.datanucleus.store.rdbms.ConnectionFactoryImpl$ManagedConnectionImpl@4ba380c7 [conn=org.datanucleus.store.rdbms.datasource.dbcp2.PoolingDataSource$PoolGuardConnectionWrapper@784c5ef5, commitOnRelease=false, closeOnRelease=false, closeOnTxnEnd=true]" 
17:28:01,176 (main) DEBUG [DataNucleus.Persistence] - Haciendo el objeto detachado : "com.videoclub.pojo.Movie@65f58c6e" (profundidad=0)
17:28:01,176 (main) DEBUG [DataNucleus.Persistence] - Objeto con identidad "com.videoclub.pojo.Movie:3" tiene cambio de lifeycle : "P_NEW"->"DETACHED_CLEAN"
17:28:01,176 (main) DEBUG [DataNucleus.Transaction] - Objeto con identidad "com.videoclub.pojo.Movie:3" fue borrado de la cache transactional
17:28:01,176 (main) DEBUG [DataNucleus.Persistence] - Disconectando objeto con identidad "com.videoclub.pojo.Movie:3" de StateManager[pc=com.videoclub.pojo.Movie@65f58c6e, lifecycle=DETACHED_CLEAN]
17:28:01,176 (main) DEBUG [DataNucleus.Cache] - Objeto con identidad="com.videoclub.pojo.Movie:3" borrado de la Cache de nivel 1
17:28:01,176 (main) DEBUG [DataNucleus.Transaction] - Transacción committed en 2 ms
17:28:01,176 (main) DEBUG [DataNucleus.Persistence] - ExecutionContext "org.datanucleus.ExecutionContextImpl@34dc85a" se cerró
17:28:01,176 (main) DEBUG [DataNucleus.Persistence] - ExecutionContext "org.datanucleus.ExecutionContextImpl@34dc85a" se abrió para la base de datos "org.datanucleus.store.rdbms.RDBMSStoreManager@6d4a65c6" con transaccion="org.datanucleus.transaction.TransactionImpl@71dfcf21"
17:28:01,177 (main) DEBUG [DataNucleus.Transaction] - Transaction created [DataNucleus Transaction, ID=1418522280-7, enlisted resources=[]]
17:28:01,177 (main) DEBUG [DataNucleus.Transaction] - Transacción empezada para el ExecutionContext org.datanucleus.ExecutionContextImpl@34dc85a (optimistic=false)
* Storing a class com.videoclub.pojo.Movie : Movie [title=Movie4, genre=COMEDY, duration=160, year=2004, director=juana, rentalPrice=14.34]
17:28:01,177 (main) DEBUG [DataNucleus.Persistence] - Haciendo el objeto persistente : "com.videoclub.pojo.Movie@61f80d55"
17:28:01,177 (main) DEBUG [DataNucleus.ValueGeneration] - Valor generado para el campo "com.videoclub.pojo.Movie.code" con estrategia="increment" (Generador="org.datanucleus.store.rdbms.valuegenerator.TableGenerator") : valor=4
17:28:01,177 (main) DEBUG [DataNucleus.Cache] - Objeto con identidad "com.videoclub.pojo.Movie:4" añadido a la Cache de nivel 1 (loadedFlags="[YYYYYYY]")
17:28:01,177 (main) DEBUG [DataNucleus.Transaction] - Objeto con identidad "com.videoclub.pojo.Movie:4" ha sido puesto en la cache transaccional
17:28:01,177 (main) DEBUG [DataNucleus.Persistence] - Objeto "com.videoclub.pojo.Movie@61f80d55" va a ser añadido a la tabla "`MOVIE`"
17:28:01,177 (main) DEBUG [DataNucleus.Connection] - ManagedConnection ABIERTO : "org.datanucleus.store.rdbms.ConnectionFactoryImpl$ManagedConnectionImpl@280e8a1a [conn=org.datanucleus.store.rdbms.datasource.dbcp2.PoolingDataSource$PoolGuardConnectionWrapper@11e33bac, commitOnRelease=false, closeOnRelease=false, closeOnTxnEnd=true]" en resource "tx" con isolación "read-committed" y auto-commit=false
17:28:01,178 (main) DEBUG [DataNucleus.Transaction] - Running enlist operation on resource: org.datanucleus.store.rdbms.ConnectionFactoryImpl$EmulatedXAResource@30501e60, error code TMNOFLAGS and transaction [DataNucleus Transaction, ID=1418522280-7, enlisted resources=[]]
17:28:01,178 (main) DEBUG [DataNucleus.Datastore] - Utilizando PreparedStatement "com.mysql.cj.jdbc.ClientPreparedStatement: INSERT INTO `MOVIE` (`DIRECTOR`,`DURATION`,`GENRE`,`RENTALPRICE`,`TITLE`,`YEAR`,`CODE`) VALUES (** NOT SPECIFIED **,** NOT SPECIFIED **,** NOT SPECIFIED **,** NOT SPECIFIED **,** NOT SPECIFIED **,** NOT SPECIFIED **,** NOT SPECIFIED **)" para la conneccion "org.datanucleus.store.rdbms.datasource.dbcp2.PoolingDataSource$PoolGuardConnectionWrapper@11e33bac"
17:28:01,178 (main) DEBUG [DataNucleus.Datastore.Persist] - El statement "INSERT INTO `MOVIE` (`DIRECTOR`,`DURATION`,`GENRE`,`RENTALPRICE`,`TITLE`,`YEAR`,`CODE`) VALUES (?,?,?,?,?,?,?)" ya es batchable
17:28:01,178 (main) DEBUG [DataNucleus.Datastore.Persist] - Añadiendo statement "INSERT INTO `MOVIE` (`DIRECTOR`,`DURATION`,`GENRE`,`RENTALPRICE`,`TITLE`,`YEAR`,`CODE`) VALUES (?,?,?,?,?,?,?)" al batch para procesar (tamaño de batch = 1)
17:28:01,178 (main) DEBUG [DataNucleus.Datastore.Native] - INSERT INTO `MOVIE` (`DIRECTOR`,`DURATION`,`GENRE`,`RENTALPRICE`,`TITLE`,`YEAR`,`CODE`) VALUES (?,?,?,?,?,?,?)
17:28:01,179 (main) DEBUG [DataNucleus.Datastore] - SQL Tiempo de cumplir = 1 ms (numero de lineas cambiado = [1]) con el PreparedStatement "org.datanucleus.store.rdbms.datasource.dbcp2.DelegatingPreparedStatement@7c2312fa"
17:28:01,179 (main) DEBUG [DataNucleus.Transaction] - Haciendo commit de la transaacción para el ExecutionContext org.datanucleus.ExecutionContextImpl@34dc85a
17:28:01,179 (main) DEBUG [DataNucleus.Persistence] - ExecutionContext.internalFlush() empezado con flush ordenado - 1 objetos registrados
17:28:01,179 (main) DEBUG [DataNucleus.Persistence] - ExecutionContext.internalFlush() terminado
17:28:01,179 (main) DEBUG [DataNucleus.Persistence] - Persistence-By-Reachability (commit) : EMPIEZA
17:28:01,179 (main) DEBUG [DataNucleus.Persistence] - Haciendo la calculación de alcanzables con objeto con identidad "com.videoclub.pojo.Movie:4"
17:28:01,179 (main) DEBUG [DataNucleus.Cache] - Objeto con identidad "com.videoclub.pojo.Movie:4" obtenido de la Cache nivel 1 (loadedFlags="[YYYYYYY]")
17:28:01,179 (main) DEBUG [DataNucleus.Persistence] - Object con id "com.videoclub.pojo.Movie:4" y estado de vida "P_NEW" añadido a la lista de alcanzables al commit.
17:28:01,179 (main) DEBUG [DataNucleus.Persistence] - ExecutionContext.internalFlush() empezado con flush ordenado - 0 objetos registrados
17:28:01,179 (main) DEBUG [DataNucleus.Persistence] - ExecutionContext.internalFlush() terminado
17:28:01,179 (main) DEBUG [DataNucleus.Persistence] - Persistence-By-Reachability (commit) : TERMINADO
17:28:01,179 (main) DEBUG [DataNucleus.Cache] - Objeto con identidad "com.videoclub.pojo.Movie:4" añadido a la Cache de nivel 2 (campos="[0, 1, 2, 3, 4, 5, 6]", version="")
17:28:01,179 (main) DEBUG [DataNucleus.Cache] - El objeto con identidad "com.videoclub.pojo.Movie:4" va a tener los campos siguientes almacendados en el objeto de Level 2 cache : [0, 1, 2, 3, 4, 5, 6]
17:28:01,179 (main) DEBUG [DataNucleus.Transaction] - Committing [DataNucleus Transaction, ID=1418522280-7, enlisted resources=[org.datanucleus.store.rdbms.ConnectionFactoryImpl$EmulatedXAResource@30501e60]]
17:28:01,179 (main) DEBUG [DataNucleus.Connection] - ManagedConnection VA A COMMIT : "org.datanucleus.store.rdbms.ConnectionFactoryImpl$ManagedConnectionImpl@280e8a1a [conn=org.datanucleus.store.rdbms.datasource.dbcp2.PoolingDataSource$PoolGuardConnectionWrapper@11e33bac, commitOnRelease=false, closeOnRelease=false, closeOnTxnEnd=true]"
17:28:01,180 (main) DEBUG [DataNucleus.Connection] - ManagedConnection CERRADO : "org.datanucleus.store.rdbms.ConnectionFactoryImpl$ManagedConnectionImpl@280e8a1a [conn=org.datanucleus.store.rdbms.datasource.dbcp2.PoolingDataSource$PoolGuardConnectionWrapper@11e33bac, commitOnRelease=false, closeOnRelease=false, closeOnTxnEnd=true]" 
17:28:01,180 (main) DEBUG [DataNucleus.Persistence] - Haciendo el objeto detachado : "com.videoclub.pojo.Movie@61f80d55" (profundidad=0)
17:28:01,180 (main) DEBUG [DataNucleus.Persistence] - Objeto con identidad "com.videoclub.pojo.Movie:4" tiene cambio de lifeycle : "P_NEW"->"DETACHED_CLEAN"
17:28:01,180 (main) DEBUG [DataNucleus.Transaction] - Objeto con identidad "com.videoclub.pojo.Movie:4" fue borrado de la cache transactional
17:28:01,180 (main) DEBUG [DataNucleus.Persistence] - Disconectando objeto con identidad "com.videoclub.pojo.Movie:4" de StateManager[pc=com.videoclub.pojo.Movie@61f80d55, lifecycle=DETACHED_CLEAN]
17:28:01,180 (main) DEBUG [DataNucleus.Cache] - Objeto con identidad="com.videoclub.pojo.Movie:4" borrado de la Cache de nivel 1
17:28:01,180 (main) DEBUG [DataNucleus.Transaction] - Transacción committed en 2 ms
17:28:01,180 (main) DEBUG [DataNucleus.Persistence] - ExecutionContext "org.datanucleus.ExecutionContextImpl@34dc85a" se cerró
17:28:01,180 (main) DEBUG [DataNucleus.Persistence] - ExecutionContext "org.datanucleus.ExecutionContextImpl@34dc85a" se abrió para la base de datos "org.datanucleus.store.rdbms.RDBMSStoreManager@6d4a65c6" con transaccion="org.datanucleus.transaction.TransactionImpl@5ff2e84b"
17:28:01,181 (main) DEBUG [DataNucleus.Transaction] - Transaction created [DataNucleus Transaction, ID=1418522280-8, enlisted resources=[]]
17:28:01,181 (main) DEBUG [DataNucleus.Transaction] - Transacción empezada para el ExecutionContext org.datanucleus.ExecutionContextImpl@34dc85a (optimistic=false)
* Storing a class com.videoclub.pojo.Movie : Movie [title=Movie5, genre=MUSICAL, duration=90, year=1997, director=paco, rentalPrice=9.25]
17:28:01,181 (main) DEBUG [DataNucleus.Persistence] - Haciendo el objeto persistente : "com.videoclub.pojo.Movie@64a4dd8d"
17:28:01,181 (main) DEBUG [DataNucleus.ValueGeneration] - Valor generado para el campo "com.videoclub.pojo.Movie.code" con estrategia="increment" (Generador="org.datanucleus.store.rdbms.valuegenerator.TableGenerator") : valor=5
17:28:01,181 (main) DEBUG [DataNucleus.Cache] - Objeto con identidad "com.videoclub.pojo.Movie:5" añadido a la Cache de nivel 1 (loadedFlags="[YYYYYYY]")
17:28:01,181 (main) DEBUG [DataNucleus.Transaction] - Objeto con identidad "com.videoclub.pojo.Movie:5" ha sido puesto en la cache transaccional
17:28:01,181 (main) DEBUG [DataNucleus.Persistence] - Objeto "com.videoclub.pojo.Movie@64a4dd8d" va a ser añadido a la tabla "`MOVIE`"
17:28:01,181 (main) DEBUG [DataNucleus.Connection] - ManagedConnection ABIERTO : "org.datanucleus.store.rdbms.ConnectionFactoryImpl$ManagedConnectionImpl@65a5d4f9 [conn=org.datanucleus.store.rdbms.datasource.dbcp2.PoolingDataSource$PoolGuardConnectionWrapper@40298285, commitOnRelease=false, closeOnRelease=false, closeOnTxnEnd=true]" en resource "tx" con isolación "read-committed" y auto-commit=false
17:28:01,181 (main) DEBUG [DataNucleus.Transaction] - Running enlist operation on resource: org.datanucleus.store.rdbms.ConnectionFactoryImpl$EmulatedXAResource@22367b8, error code TMNOFLAGS and transaction [DataNucleus Transaction, ID=1418522280-8, enlisted resources=[]]
17:28:01,182 (main) DEBUG [DataNucleus.Datastore] - Utilizando PreparedStatement "com.mysql.cj.jdbc.ClientPreparedStatement: INSERT INTO `MOVIE` (`DIRECTOR`,`DURATION`,`GENRE`,`RENTALPRICE`,`TITLE`,`YEAR`,`CODE`) VALUES (** NOT SPECIFIED **,** NOT SPECIFIED **,** NOT SPECIFIED **,** NOT SPECIFIED **,** NOT SPECIFIED **,** NOT SPECIFIED **,** NOT SPECIFIED **)" para la conneccion "org.datanucleus.store.rdbms.datasource.dbcp2.PoolingDataSource$PoolGuardConnectionWrapper@40298285"
17:28:01,182 (main) DEBUG [DataNucleus.Datastore.Persist] - El statement "INSERT INTO `MOVIE` (`DIRECTOR`,`DURATION`,`GENRE`,`RENTALPRICE`,`TITLE`,`YEAR`,`CODE`) VALUES (?,?,?,?,?,?,?)" ya es batchable
17:28:01,182 (main) DEBUG [DataNucleus.Datastore.Persist] - Añadiendo statement "INSERT INTO `MOVIE` (`DIRECTOR`,`DURATION`,`GENRE`,`RENTALPRICE`,`TITLE`,`YEAR`,`CODE`) VALUES (?,?,?,?,?,?,?)" al batch para procesar (tamaño de batch = 1)
17:28:01,182 (main) DEBUG [DataNucleus.Datastore.Native] - INSERT INTO `MOVIE` (`DIRECTOR`,`DURATION`,`GENRE`,`RENTALPRICE`,`TITLE`,`YEAR`,`CODE`) VALUES (?,?,?,?,?,?,?)
17:28:01,182 (main) DEBUG [DataNucleus.Datastore] - SQL Tiempo de cumplir = 0 ms (numero de lineas cambiado = [1]) con el PreparedStatement "org.datanucleus.store.rdbms.datasource.dbcp2.DelegatingPreparedStatement@6482eef"
17:28:01,182 (main) DEBUG [DataNucleus.Transaction] - Haciendo commit de la transaacción para el ExecutionContext org.datanucleus.ExecutionContextImpl@34dc85a
17:28:01,182 (main) DEBUG [DataNucleus.Persistence] - ExecutionContext.internalFlush() empezado con flush ordenado - 1 objetos registrados
17:28:01,182 (main) DEBUG [DataNucleus.Persistence] - ExecutionContext.internalFlush() terminado
17:28:01,182 (main) DEBUG [DataNucleus.Persistence] - Persistence-By-Reachability (commit) : EMPIEZA
17:28:01,182 (main) DEBUG [DataNucleus.Persistence] - Haciendo la calculación de alcanzables con objeto con identidad "com.videoclub.pojo.Movie:5"
17:28:01,182 (main) DEBUG [DataNucleus.Cache] - Objeto con identidad "com.videoclub.pojo.Movie:5" obtenido de la Cache nivel 1 (loadedFlags="[YYYYYYY]")
17:28:01,182 (main) DEBUG [DataNucleus.Persistence] - Object con id "com.videoclub.pojo.Movie:5" y estado de vida "P_NEW" añadido a la lista de alcanzables al commit.
17:28:01,182 (main) DEBUG [DataNucleus.Persistence] - ExecutionContext.internalFlush() empezado con flush ordenado - 0 objetos registrados
17:28:01,182 (main) DEBUG [DataNucleus.Persistence] - ExecutionContext.internalFlush() terminado
17:28:01,183 (main) DEBUG [DataNucleus.Persistence] - Persistence-By-Reachability (commit) : TERMINADO
17:28:01,183 (main) DEBUG [DataNucleus.Cache] - Objeto con identidad "com.videoclub.pojo.Movie:5" añadido a la Cache de nivel 2 (campos="[0, 1, 2, 3, 4, 5, 6]", version="")
17:28:01,183 (main) DEBUG [DataNucleus.Cache] - El objeto con identidad "com.videoclub.pojo.Movie:5" va a tener los campos siguientes almacendados en el objeto de Level 2 cache : [0, 1, 2, 3, 4, 5, 6]
17:28:01,183 (main) DEBUG [DataNucleus.Transaction] - Committing [DataNucleus Transaction, ID=1418522280-8, enlisted resources=[org.datanucleus.store.rdbms.ConnectionFactoryImpl$EmulatedXAResource@22367b8]]
17:28:01,183 (main) DEBUG [DataNucleus.Connection] - ManagedConnection VA A COMMIT : "org.datanucleus.store.rdbms.ConnectionFactoryImpl$ManagedConnectionImpl@65a5d4f9 [conn=org.datanucleus.store.rdbms.datasource.dbcp2.PoolingDataSource$PoolGuardConnectionWrapper@40298285, commitOnRelease=false, closeOnRelease=false, closeOnTxnEnd=true]"
17:28:01,183 (main) DEBUG [DataNucleus.Connection] - ManagedConnection CERRADO : "org.datanucleus.store.rdbms.ConnectionFactoryImpl$ManagedConnectionImpl@65a5d4f9 [conn=org.datanucleus.store.rdbms.datasource.dbcp2.PoolingDataSource$PoolGuardConnectionWrapper@40298285, commitOnRelease=false, closeOnRelease=false, closeOnTxnEnd=true]" 
17:28:01,184 (main) DEBUG [DataNucleus.Persistence] - Haciendo el objeto detachado : "com.videoclub.pojo.Movie@64a4dd8d" (profundidad=0)
17:28:01,184 (main) DEBUG [DataNucleus.Persistence] - Objeto con identidad "com.videoclub.pojo.Movie:5" tiene cambio de lifeycle : "P_NEW"->"DETACHED_CLEAN"
17:28:01,184 (main) DEBUG [DataNucleus.Transaction] - Objeto con identidad "com.videoclub.pojo.Movie:5" fue borrado de la cache transactional
17:28:01,184 (main) DEBUG [DataNucleus.Persistence] - Disconectando objeto con identidad "com.videoclub.pojo.Movie:5" de StateManager[pc=com.videoclub.pojo.Movie@64a4dd8d, lifecycle=DETACHED_CLEAN]
17:28:01,184 (main) DEBUG [DataNucleus.Cache] - Objeto con identidad="com.videoclub.pojo.Movie:5" borrado de la Cache de nivel 1
17:28:01,184 (main) DEBUG [DataNucleus.Transaction] - Transacción committed en 2 ms
17:28:01,184 (main) DEBUG [DataNucleus.Persistence] - ExecutionContext "org.datanucleus.ExecutionContextImpl@34dc85a" se cerró
17:28:01,184 (main) DEBUG [DataNucleus.Persistence] - ExecutionContext "org.datanucleus.ExecutionContextImpl@34dc85a" se abrió para la base de datos "org.datanucleus.store.rdbms.RDBMSStoreManager@6d4a65c6" con transaccion="org.datanucleus.transaction.TransactionImpl@5b498842"
17:28:01,184 (main) DEBUG [DataNucleus.Transaction] - Transaction created [DataNucleus Transaction, ID=1418522280-9, enlisted resources=[]]
17:28:01,184 (main) DEBUG [DataNucleus.Transaction] - Transacción empezada para el ExecutionContext org.datanucleus.ExecutionContextImpl@34dc85a (optimistic=false)
* Storing a class com.videoclub.pojo.Movie : Movie [title=Movie6, genre=FANTASY, duration=120, year=2015, director=juana, rentalPrice=6.74]
17:28:01,184 (main) DEBUG [DataNucleus.Persistence] - Haciendo el objeto persistente : "com.videoclub.pojo.Movie@5bcb04cb"
17:28:01,184 (main) DEBUG [DataNucleus.ValueGeneration] - Valor generado para el campo "com.videoclub.pojo.Movie.code" con estrategia="increment" (Generador="org.datanucleus.store.rdbms.valuegenerator.TableGenerator") : valor=6
17:28:01,184 (main) DEBUG [DataNucleus.Cache] - Objeto con identidad "com.videoclub.pojo.Movie:6" añadido a la Cache de nivel 1 (loadedFlags="[YYYYYYY]")
17:28:01,184 (main) DEBUG [DataNucleus.Transaction] - Objeto con identidad "com.videoclub.pojo.Movie:6" ha sido puesto en la cache transaccional
17:28:01,184 (main) DEBUG [DataNucleus.Persistence] - Objeto "com.videoclub.pojo.Movie@5bcb04cb" va a ser añadido a la tabla "`MOVIE`"
17:28:01,185 (main) DEBUG [DataNucleus.Connection] - ManagedConnection ABIERTO : "org.datanucleus.store.rdbms.ConnectionFactoryImpl$ManagedConnectionImpl@2fc2a205 [conn=org.datanucleus.store.rdbms.datasource.dbcp2.PoolingDataSource$PoolGuardConnectionWrapper@2881ad47, commitOnRelease=false, closeOnRelease=false, closeOnTxnEnd=true]" en resource "tx" con isolación "read-committed" y auto-commit=false
17:28:01,185 (main) DEBUG [DataNucleus.Transaction] - Running enlist operation on resource: org.datanucleus.store.rdbms.ConnectionFactoryImpl$EmulatedXAResource@2bef09c0, error code TMNOFLAGS and transaction [DataNucleus Transaction, ID=1418522280-9, enlisted resources=[]]
17:28:01,185 (main) DEBUG [DataNucleus.Datastore] - Utilizando PreparedStatement "com.mysql.cj.jdbc.ClientPreparedStatement: INSERT INTO `MOVIE` (`DIRECTOR`,`DURATION`,`GENRE`,`RENTALPRICE`,`TITLE`,`YEAR`,`CODE`) VALUES (** NOT SPECIFIED **,** NOT SPECIFIED **,** NOT SPECIFIED **,** NOT SPECIFIED **,** NOT SPECIFIED **,** NOT SPECIFIED **,** NOT SPECIFIED **)" para la conneccion "org.datanucleus.store.rdbms.datasource.dbcp2.PoolingDataSource$PoolGuardConnectionWrapper@2881ad47"
17:28:01,185 (main) DEBUG [DataNucleus.Datastore.Persist] - El statement "INSERT INTO `MOVIE` (`DIRECTOR`,`DURATION`,`GENRE`,`RENTALPRICE`,`TITLE`,`YEAR`,`CODE`) VALUES (?,?,?,?,?,?,?)" ya es batchable
17:28:01,185 (main) DEBUG [DataNucleus.Datastore.Persist] - Añadiendo statement "INSERT INTO `MOVIE` (`DIRECTOR`,`DURATION`,`GENRE`,`RENTALPRICE`,`TITLE`,`YEAR`,`CODE`) VALUES (?,?,?,?,?,?,?)" al batch para procesar (tamaño de batch = 1)
17:28:01,185 (main) DEBUG [DataNucleus.Datastore.Native] - INSERT INTO `MOVIE` (`DIRECTOR`,`DURATION`,`GENRE`,`RENTALPRICE`,`TITLE`,`YEAR`,`CODE`) VALUES (?,?,?,?,?,?,?)
17:28:01,186 (main) DEBUG [DataNucleus.Datastore] - SQL Tiempo de cumplir = 1 ms (numero de lineas cambiado = [1]) con el PreparedStatement "org.datanucleus.store.rdbms.datasource.dbcp2.DelegatingPreparedStatement@7de843ef"
17:28:01,186 (main) DEBUG [DataNucleus.Transaction] - Haciendo commit de la transaacción para el ExecutionContext org.datanucleus.ExecutionContextImpl@34dc85a
17:28:01,186 (main) DEBUG [DataNucleus.Persistence] - ExecutionContext.internalFlush() empezado con flush ordenado - 1 objetos registrados
17:28:01,186 (main) DEBUG [DataNucleus.Persistence] - ExecutionContext.internalFlush() terminado
17:28:01,186 (main) DEBUG [DataNucleus.Persistence] - Persistence-By-Reachability (commit) : EMPIEZA
17:28:01,186 (main) DEBUG [DataNucleus.Persistence] - Haciendo la calculación de alcanzables con objeto con identidad "com.videoclub.pojo.Movie:6"
17:28:01,186 (main) DEBUG [DataNucleus.Cache] - Objeto con identidad "com.videoclub.pojo.Movie:6" obtenido de la Cache nivel 1 (loadedFlags="[YYYYYYY]")
17:28:01,186 (main) DEBUG [DataNucleus.Persistence] - Object con id "com.videoclub.pojo.Movie:6" y estado de vida "P_NEW" añadido a la lista de alcanzables al commit.
17:28:01,186 (main) DEBUG [DataNucleus.Persistence] - ExecutionContext.internalFlush() empezado con flush ordenado - 0 objetos registrados
17:28:01,186 (main) DEBUG [DataNucleus.Persistence] - ExecutionContext.internalFlush() terminado
17:28:01,186 (main) DEBUG [DataNucleus.Persistence] - Persistence-By-Reachability (commit) : TERMINADO
17:28:01,186 (main) DEBUG [DataNucleus.Cache] - Objeto con identidad "com.videoclub.pojo.Movie:6" añadido a la Cache de nivel 2 (campos="[0, 1, 2, 3, 4, 5, 6]", version="")
17:28:01,191 (main) DEBUG [DataNucleus.Cache] - El objeto con identidad "com.videoclub.pojo.Movie:6" va a tener los campos siguientes almacendados en el objeto de Level 2 cache : [0, 1, 2, 3, 4, 5, 6]
17:28:01,191 (main) DEBUG [DataNucleus.Transaction] - Committing [DataNucleus Transaction, ID=1418522280-9, enlisted resources=[org.datanucleus.store.rdbms.ConnectionFactoryImpl$EmulatedXAResource@2bef09c0]]
17:28:01,191 (main) DEBUG [DataNucleus.Connection] - ManagedConnection VA A COMMIT : "org.datanucleus.store.rdbms.ConnectionFactoryImpl$ManagedConnectionImpl@2fc2a205 [conn=org.datanucleus.store.rdbms.datasource.dbcp2.PoolingDataSource$PoolGuardConnectionWrapper@2881ad47, commitOnRelease=false, closeOnRelease=false, closeOnTxnEnd=true]"
17:28:01,192 (main) DEBUG [DataNucleus.Connection] - ManagedConnection CERRADO : "org.datanucleus.store.rdbms.ConnectionFactoryImpl$ManagedConnectionImpl@2fc2a205 [conn=org.datanucleus.store.rdbms.datasource.dbcp2.PoolingDataSource$PoolGuardConnectionWrapper@2881ad47, commitOnRelease=false, closeOnRelease=false, closeOnTxnEnd=true]" 
17:28:01,192 (main) DEBUG [DataNucleus.Persistence] - Haciendo el objeto detachado : "com.videoclub.pojo.Movie@5bcb04cb" (profundidad=0)
17:28:01,192 (main) DEBUG [DataNucleus.Persistence] - Objeto con identidad "com.videoclub.pojo.Movie:6" tiene cambio de lifeycle : "P_NEW"->"DETACHED_CLEAN"
17:28:01,192 (main) DEBUG [DataNucleus.Transaction] - Objeto con identidad "com.videoclub.pojo.Movie:6" fue borrado de la cache transactional
17:28:01,192 (main) DEBUG [DataNucleus.Persistence] - Disconectando objeto con identidad "com.videoclub.pojo.Movie:6" de StateManager[pc=com.videoclub.pojo.Movie@5bcb04cb, lifecycle=DETACHED_CLEAN]
17:28:01,192 (main) DEBUG [DataNucleus.Cache] - Objeto con identidad="com.videoclub.pojo.Movie:6" borrado de la Cache de nivel 1
17:28:01,193 (main) DEBUG [DataNucleus.Transaction] - Transacción committed en 8 ms
17:28:01,193 (main) DEBUG [DataNucleus.Persistence] - ExecutionContext "org.datanucleus.ExecutionContextImpl@34dc85a" se cerró
17:28:01,193 (main) DEBUG [DataNucleus.Persistence] - ExecutionContext "org.datanucleus.ExecutionContextImpl@34dc85a" se abrió para la base de datos "org.datanucleus.store.rdbms.RDBMSStoreManager@6d4a65c6" con transaccion="org.datanucleus.transaction.TransactionImpl@3fd2322d"
17:28:01,193 (main) DEBUG [DataNucleus.Transaction] - Transaction created [DataNucleus Transaction, ID=1418522280-10, enlisted resources=[]]
17:28:01,193 (main) DEBUG [DataNucleus.Transaction] - Transacción empezada para el ExecutionContext org.datanucleus.ExecutionContextImpl@34dc85a (optimistic=false)
* Storing a class com.videoclub.pojo.Movie : Movie [title=Movie7, genre=THRILLER, duration=90, year=1990, director=paco, rentalPrice=6.75]
17:28:01,193 (main) DEBUG [DataNucleus.Persistence] - Haciendo el objeto persistente : "com.videoclub.pojo.Movie@69e49a81"
17:28:01,193 (main) DEBUG [DataNucleus.ValueGeneration] - Valor generado para el campo "com.videoclub.pojo.Movie.code" con estrategia="increment" (Generador="org.datanucleus.store.rdbms.valuegenerator.TableGenerator") : valor=7
17:28:01,193 (main) DEBUG [DataNucleus.Cache] - Objeto con identidad "com.videoclub.pojo.Movie:7" añadido a la Cache de nivel 1 (loadedFlags="[YYYYYYY]")
17:28:01,193 (main) DEBUG [DataNucleus.Transaction] - Objeto con identidad "com.videoclub.pojo.Movie:7" ha sido puesto en la cache transaccional
17:28:01,193 (main) DEBUG [DataNucleus.Persistence] - Objeto "com.videoclub.pojo.Movie@69e49a81" va a ser añadido a la tabla "`MOVIE`"
17:28:01,194 (main) DEBUG [DataNucleus.Connection] - ManagedConnection ABIERTO : "org.datanucleus.store.rdbms.ConnectionFactoryImpl$ManagedConnectionImpl@3ece1e79 [conn=org.datanucleus.store.rdbms.datasource.dbcp2.PoolingDataSource$PoolGuardConnectionWrapper@ab20d7c, commitOnRelease=false, closeOnRelease=false, closeOnTxnEnd=true]" en resource "tx" con isolación "read-committed" y auto-commit=false
17:28:01,194 (main) DEBUG [DataNucleus.Transaction] - Running enlist operation on resource: org.datanucleus.store.rdbms.ConnectionFactoryImpl$EmulatedXAResource@474fae39, error code TMNOFLAGS and transaction [DataNucleus Transaction, ID=1418522280-10, enlisted resources=[]]
17:28:01,194 (main) DEBUG [DataNucleus.Datastore] - Utilizando PreparedStatement "com.mysql.cj.jdbc.ClientPreparedStatement: INSERT INTO `MOVIE` (`DIRECTOR`,`DURATION`,`GENRE`,`RENTALPRICE`,`TITLE`,`YEAR`,`CODE`) VALUES (** NOT SPECIFIED **,** NOT SPECIFIED **,** NOT SPECIFIED **,** NOT SPECIFIED **,** NOT SPECIFIED **,** NOT SPECIFIED **,** NOT SPECIFIED **)" para la conneccion "org.datanucleus.store.rdbms.datasource.dbcp2.PoolingDataSource$PoolGuardConnectionWrapper@ab20d7c"
17:28:01,194 (main) DEBUG [DataNucleus.Datastore.Persist] - El statement "INSERT INTO `MOVIE` (`DIRECTOR`,`DURATION`,`GENRE`,`RENTALPRICE`,`TITLE`,`YEAR`,`CODE`) VALUES (?,?,?,?,?,?,?)" ya es batchable
17:28:01,194 (main) DEBUG [DataNucleus.Datastore.Persist] - Añadiendo statement "INSERT INTO `MOVIE` (`DIRECTOR`,`DURATION`,`GENRE`,`RENTALPRICE`,`TITLE`,`YEAR`,`CODE`) VALUES (?,?,?,?,?,?,?)" al batch para procesar (tamaño de batch = 1)
17:28:01,194 (main) DEBUG [DataNucleus.Datastore.Native] - INSERT INTO `MOVIE` (`DIRECTOR`,`DURATION`,`GENRE`,`RENTALPRICE`,`TITLE`,`YEAR`,`CODE`) VALUES (?,?,?,?,?,?,?)
17:28:01,206 (main) DEBUG [DataNucleus.Datastore] - SQL Tiempo de cumplir = 12 ms (numero de lineas cambiado = [1]) con el PreparedStatement "org.datanucleus.store.rdbms.datasource.dbcp2.DelegatingPreparedStatement@1b7cae6f"
17:28:01,206 (main) DEBUG [DataNucleus.Transaction] - Haciendo commit de la transaacción para el ExecutionContext org.datanucleus.ExecutionContextImpl@34dc85a
17:28:01,206 (main) DEBUG [DataNucleus.Persistence] - ExecutionContext.internalFlush() empezado con flush ordenado - 1 objetos registrados
17:28:01,206 (main) DEBUG [DataNucleus.Persistence] - ExecutionContext.internalFlush() terminado
17:28:01,206 (main) DEBUG [DataNucleus.Persistence] - Persistence-By-Reachability (commit) : EMPIEZA
17:28:01,206 (main) DEBUG [DataNucleus.Persistence] - Haciendo la calculación de alcanzables con objeto con identidad "com.videoclub.pojo.Movie:7"
17:28:01,206 (main) DEBUG [DataNucleus.Cache] - Objeto con identidad "com.videoclub.pojo.Movie:7" obtenido de la Cache nivel 1 (loadedFlags="[YYYYYYY]")
17:28:01,206 (main) DEBUG [DataNucleus.Persistence] - Object con id "com.videoclub.pojo.Movie:7" y estado de vida "P_NEW" añadido a la lista de alcanzables al commit.
17:28:01,206 (main) DEBUG [DataNucleus.Persistence] - ExecutionContext.internalFlush() empezado con flush ordenado - 0 objetos registrados
17:28:01,206 (main) DEBUG [DataNucleus.Persistence] - ExecutionContext.internalFlush() terminado
17:28:01,206 (main) DEBUG [DataNucleus.Persistence] - Persistence-By-Reachability (commit) : TERMINADO
17:28:01,206 (main) DEBUG [DataNucleus.Cache] - Objeto con identidad "com.videoclub.pojo.Movie:7" añadido a la Cache de nivel 2 (campos="[0, 1, 2, 3, 4, 5, 6]", version="")
17:28:01,206 (main) DEBUG [DataNucleus.Cache] - El objeto con identidad "com.videoclub.pojo.Movie:7" va a tener los campos siguientes almacendados en el objeto de Level 2 cache : [0, 1, 2, 3, 4, 5, 6]
17:28:01,207 (main) DEBUG [DataNucleus.Transaction] - Committing [DataNucleus Transaction, ID=1418522280-10, enlisted resources=[org.datanucleus.store.rdbms.ConnectionFactoryImpl$EmulatedXAResource@474fae39]]
17:28:01,207 (main) DEBUG [DataNucleus.Connection] - ManagedConnection VA A COMMIT : "org.datanucleus.store.rdbms.ConnectionFactoryImpl$ManagedConnectionImpl@3ece1e79 [conn=org.datanucleus.store.rdbms.datasource.dbcp2.PoolingDataSource$PoolGuardConnectionWrapper@ab20d7c, commitOnRelease=false, closeOnRelease=false, closeOnTxnEnd=true]"
17:28:01,207 (main) DEBUG [DataNucleus.Connection] - ManagedConnection CERRADO : "org.datanucleus.store.rdbms.ConnectionFactoryImpl$ManagedConnectionImpl@3ece1e79 [conn=org.datanucleus.store.rdbms.datasource.dbcp2.PoolingDataSource$PoolGuardConnectionWrapper@ab20d7c, commitOnRelease=false, closeOnRelease=false, closeOnTxnEnd=true]" 
17:28:01,208 (main) DEBUG [DataNucleus.Persistence] - Haciendo el objeto detachado : "com.videoclub.pojo.Movie@69e49a81" (profundidad=0)
17:28:01,208 (main) DEBUG [DataNucleus.Persistence] - Objeto con identidad "com.videoclub.pojo.Movie:7" tiene cambio de lifeycle : "P_NEW"->"DETACHED_CLEAN"
17:28:01,208 (main) DEBUG [DataNucleus.Transaction] - Objeto con identidad "com.videoclub.pojo.Movie:7" fue borrado de la cache transactional
17:28:01,208 (main) DEBUG [DataNucleus.Persistence] - Disconectando objeto con identidad "com.videoclub.pojo.Movie:7" de StateManager[pc=com.videoclub.pojo.Movie@69e49a81, lifecycle=DETACHED_CLEAN]
17:28:01,208 (main) DEBUG [DataNucleus.Cache] - Objeto con identidad="com.videoclub.pojo.Movie:7" borrado de la Cache de nivel 1
17:28:01,208 (main) DEBUG [DataNucleus.Transaction] - Transacción committed en 14 ms
17:28:01,208 (main) DEBUG [DataNucleus.Persistence] - ExecutionContext "org.datanucleus.ExecutionContextImpl@34dc85a" se cerró
17:28:01,208 (main) DEBUG [DataNucleus.MetaData] - Listener found initialisation for persistable class com.videoclub.pojo.Rental
17:28:01,208 (main) DEBUG [DataNucleus.MetaData] - No encontramos el MetaData del tipo "jdo" por la clase "com.videoclub.pojo.Rental" en /META-INF/package.jdo
17:28:01,208 (main) DEBUG [DataNucleus.MetaData] - No encontramos el MetaData del tipo "jdo" por la clase "com.videoclub.pojo.Rental" en /WEB-INF/package.jdo
17:28:01,209 (main) DEBUG [DataNucleus.MetaData] - No encontramos el MetaData del tipo "jdo" por la clase "com.videoclub.pojo.Rental" en /package.jdo
17:28:01,209 (main) DEBUG [DataNucleus.MetaData] - No encontramos el MetaData del tipo "jdo" por la clase "com.videoclub.pojo.Rental" en /com/package.jdo
17:28:01,209 (main) DEBUG [DataNucleus.MetaData] - No encontramos el MetaData del tipo "jdo" por la clase "com.videoclub.pojo.Rental" en /com/videoclub/package.jdo
17:28:01,209 (main) DEBUG [DataNucleus.MetaData] - No encontramos el MetaData del tipo "jdo" por la clase "com.videoclub.pojo.Rental" en /com/videoclub/pojo/package.jdo
17:28:01,209 (main) DEBUG [DataNucleus.MetaData] - No encontramos el MetaData del tipo "jdo" por la clase "com.videoclub.pojo.Rental" en /com/videoclub/pojo/Rental.jdo
17:28:01,209 (main) DEBUG [DataNucleus.MetaData] - No hemos encontrado el MetaData del tipo "jdo" por la clase "com.videoclub.pojo.Rental"
17:28:01,209 (main) DEBUG [DataNucleus.MetaData] - Clase "com.videoclub.pojo.Rental" tiene anotaciones de JDO y vamos a usarlas.
17:28:01,210 (main) DEBUG [DataNucleus.MetaData] - Clase "com.videoclub.pojo.Rental" : Populando Meta-Data
17:28:01,210 (main) DEBUG [DataNucleus.MetaData] - No encontramos el MetaData del tipo "orm" por la clase "com.videoclub.pojo.Rental" en /META-INF/package.orm
17:28:01,210 (main) DEBUG [DataNucleus.MetaData] - No encontramos el MetaData del tipo "orm" por la clase "com.videoclub.pojo.Rental" en /WEB-INF/package.orm
17:28:01,210 (main) DEBUG [DataNucleus.MetaData] - No encontramos el MetaData del tipo "orm" por la clase "com.videoclub.pojo.Rental" en /package.orm
17:28:01,210 (main) DEBUG [DataNucleus.MetaData] - No encontramos el MetaData del tipo "orm" por la clase "com.videoclub.pojo.Rental" en /com/package.orm
17:28:01,210 (main) DEBUG [DataNucleus.MetaData] - No encontramos el MetaData del tipo "orm" por la clase "com.videoclub.pojo.Rental" en /com/videoclub/package.orm
17:28:01,211 (main) DEBUG [DataNucleus.MetaData] - No encontramos el MetaData del tipo "orm" por la clase "com.videoclub.pojo.Rental" en /com/videoclub/pojo/package.orm
17:28:01,211 (main) DEBUG [DataNucleus.MetaData] - No encontramos el MetaData del tipo "orm" por la clase "com.videoclub.pojo.Rental" en /com/videoclub/pojo/Rental.orm
17:28:01,211 (main) DEBUG [DataNucleus.MetaData] - No hemos encontrado el MetaData del tipo "orm" por la clase "com.videoclub.pojo.Rental"
17:28:01,211 (main) DEBUG [DataNucleus.MetaData] - Clase "com.videoclub.pojo.Rental" campo "title" : añadiendo el Meta-Data por el campo como no estaba en la definición de Meta-Data.
17:28:01,211 (main) DEBUG [DataNucleus.MetaData] - Clase "com.videoclub.pojo.Rental" campo "code" : añadiendo el Meta-Data por el campo como no estaba en la definición de Meta-Data.
17:28:01,211 (main) DEBUG [DataNucleus.MetaData] - Clase "com.videoclub.pojo.Rental" campo "rentalDate" : añadiendo el Meta-Data por el campo como no estaba en la definición de Meta-Data.
17:28:01,211 (main) DEBUG [DataNucleus.MetaData] - Clase "com.videoclub.pojo.Rental" campo "returnDate" : añadiendo el Meta-Data por el campo como no estaba en la definición de Meta-Data.
17:28:01,211 (main) DEBUG [DataNucleus.MetaData] - Clase "com.videoclub.pojo.Rental" : Inicializando Meta-Data
17:28:01,211 (main) DEBUG [DataNucleus.Persistence] - ExecutionContext "org.datanucleus.ExecutionContextImpl@34dc85a" se abrió para la base de datos "org.datanucleus.store.rdbms.RDBMSStoreManager@6d4a65c6" con transaccion="org.datanucleus.transaction.TransactionImpl@70101687"
17:28:01,211 (main) DEBUG [DataNucleus.Transaction] - Transaction created [DataNucleus Transaction, ID=1418522280-11, enlisted resources=[]]
17:28:01,211 (main) DEBUG [DataNucleus.Transaction] - Transacción empezada para el ExecutionContext org.datanucleus.ExecutionContextImpl@34dc85a (optimistic=false)
* Storing a class com.videoclub.pojo.Rental : Rental [id=0, title=Movie2, movie=Movie [title=Movie2, genre=DETECTIVE, duration=180, year=1989, director=luis, rentalPrice=5.74], code=3, customer=User [code=3, username=client,type=CLIENT, password=948fe603f61dc036b5c596dc09fe3ce3f3d30dc90f024c85f3c82db2ccab679d, email=client@email.com, name=ClientName, surname=ClientSurname], rentalDate=Mon May 22 17:28:01 CEST 2023, returnDate=Mon May 22 17:28:01 CEST 2023]
17:28:01,218 (main) DEBUG [DataNucleus.Persistence] - Haciendo el objeto persistente : "com.videoclub.pojo.Rental@7c75db8b"
17:28:01,219 (main) DEBUG [DataNucleus.Persistence] - Va a manjejar la persistencia de Clase : com.videoclub.pojo.Rental [Tabla : `RENTAL`, Estrategia de heredar : new-table]
17:28:01,219 (main) DEBUG [DataNucleus.Datastore.Schema] - Campo [com.videoclub.pojo.Rental.id] -> Columnas [`RENTAL`.`ID`] usando mapping del tipo "org.datanucleus.store.rdbms.mapping.java.IntegerMapping" (org.datanucleus.store.rdbms.mapping.column.IntegerColumnMapping)
17:28:01,219 (main) DEBUG [DataNucleus.Datastore.Schema] - La tabla `RENTAL` va a manejar la persistencia de los campos de la clase com.videoclub.pojo.Rental (estrategia de heredar="new-table")
17:28:01,219 (main) DEBUG [DataNucleus.Datastore.Schema] - Campo [com.videoclub.pojo.Rental.code] -> Columnas [`RENTAL`.`CODE`] usando mapping del tipo "org.datanucleus.store.rdbms.mapping.java.IntegerMapping" (org.datanucleus.store.rdbms.mapping.column.IntegerColumnMapping)
17:28:01,219 (main) DEBUG [DataNucleus.Datastore.Schema] - Campo [com.videoclub.pojo.Rental.rentalDate] -> Columnas [`RENTAL`.`RENTALDATE`] usando mapping del tipo "org.datanucleus.store.rdbms.mapping.java.DateMapping" (org.datanucleus.store.rdbms.mapping.column.TimestampColumnMapping)
17:28:01,219 (main) DEBUG [DataNucleus.Datastore.Schema] - Campo [com.videoclub.pojo.Rental.returnDate] -> Columnas [`RENTAL`.`RETURNDATE`] usando mapping del tipo "org.datanucleus.store.rdbms.mapping.java.DateMapping" (org.datanucleus.store.rdbms.mapping.column.TimestampColumnMapping)
17:28:01,219 (main) DEBUG [DataNucleus.Datastore.Schema] - Attempt to find JDBC driver 'typeInfo' for jdbc-type=VARCHAR but sql-type=VARCHAR is not found. Using default sql-type for this jdbc-type.
17:28:01,219 (main) DEBUG [DataNucleus.Datastore.Schema] - Campo [com.videoclub.pojo.Rental.title] -> Columnas [`RENTAL`.`TITLE`] usando mapping del tipo "org.datanucleus.store.rdbms.mapping.java.StringMapping" (org.datanucleus.store.rdbms.mapping.column.VarCharColumnMapping)
17:28:01,219 (main) DEBUG [DataNucleus.Datastore.Schema] - Table/View `RENTAL` ha sido inicializado
17:28:01,220 (main) DEBUG [DataNucleus.Connection] - ManagedConnection ABIERTO : "org.datanucleus.store.rdbms.ConnectionFactoryImpl$ManagedConnectionImpl@31da3d60 [conn=org.datanucleus.store.rdbms.datasource.dbcp2.PoolingDataSource$PoolGuardConnectionWrapper@60acd609, commitOnRelease=true, closeOnRelease=true, closeOnTxnEnd=true]" en resource "nontx" con isolación "serializable" y auto-commit=false
17:28:01,220 (main) DEBUG [DataNucleus.Datastore.Schema] - Empezando transaccion del esquema con conneccion "org.datanucleus.store.rdbms.datasource.dbcp2.PoolingDataSource$PoolGuardConnectionWrapper@60acd609" y isolacion "serializable"
17:28:01,222 (main) DEBUG [DataNucleus.Datastore.Schema] - Check of existence of `RENTAL` returned table type of TABLE
17:28:01,223 (main) DEBUG [DataNucleus.Datastore.Schema] - Cargando información de columna para las tablas "rental" por el Catalogo "videoclubdb", el Esquema ""
17:28:01,227 (main) DEBUG [DataNucleus.Datastore.Schema] - Información de columna cargado por el Catalogo "videoclubdb", el Esquema "", 1 tablas, tiempo = 4 ms
17:28:01,227 (main) DEBUG [DataNucleus.Datastore.Schema] - Información de columna cargado por la tabla "RENTAL" : hemos encontrado 5 columnas
17:28:01,229 (main) DEBUG [DataNucleus.Datastore.Schema] - Validando 1 indic(es) de la tabla `RENTAL`
17:28:01,239 (main) DEBUG [DataNucleus.Datastore.Schema] - Validando 0 foreign key(s) de la tabla `RENTAL`
17:28:01,240 (main) DEBUG [DataNucleus.Datastore.Schema] - Validando 1 llaves unicas de la tabla `RENTAL`
17:28:01,240 (main) DEBUG [DataNucleus.Datastore.Schema] - Committing transaccion del esquema "org.datanucleus.store.rdbms.datasource.dbcp2.PoolingDataSource$PoolGuardConnectionWrapper@60acd609"
17:28:01,241 (main) DEBUG [DataNucleus.Datastore.Schema] - Cerrando la conneccion de la transaccion del esquema "org.datanucleus.store.rdbms.datasource.dbcp2.PoolingDataSource$PoolGuardConnectionWrapper@60acd609"
17:28:01,241 (main) DEBUG [DataNucleus.Connection] - ManagedConnection VA A COMMIT : "org.datanucleus.store.rdbms.ConnectionFactoryImpl$ManagedConnectionImpl@31da3d60 [conn=org.datanucleus.store.rdbms.datasource.dbcp2.PoolingDataSource$PoolGuardConnectionWrapper@60acd609, commitOnRelease=true, closeOnRelease=true, closeOnTxnEnd=true]"
17:28:01,241 (main) DEBUG [DataNucleus.Connection] - ManagedConnection CERRADO : "org.datanucleus.store.rdbms.ConnectionFactoryImpl$ManagedConnectionImpl@31da3d60 [conn=org.datanucleus.store.rdbms.datasource.dbcp2.PoolingDataSource$PoolGuardConnectionWrapper@60acd609, commitOnRelease=true, closeOnRelease=true, closeOnTxnEnd=true]" 
17:28:01,242 (main) DEBUG [DataNucleus.Datastore.Schema] - Attempt to find JDBC driver 'typeInfo' for jdbc-type=VARCHAR but sql-type=VARCHAR is not found. Using default sql-type for this jdbc-type.
17:28:01,243 (main) DEBUG [DataNucleus.Connection] - ManagedConnection ABIERTO : "org.datanucleus.store.rdbms.ConnectionFactoryImpl$ManagedConnectionImpl@65ec8b24 [conn=org.datanucleus.store.rdbms.datasource.dbcp2.PoolingDataSource$PoolGuardConnectionWrapper@3f49e266, commitOnRelease=true, closeOnRelease=true, closeOnTxnEnd=true]" en resource "nontx" con isolación "read-committed" y auto-commit=false
17:28:01,245 (main) DEBUG [DataNucleus.Datastore.Schema] - Check of existence of videoclubdb.`SEQUENCE_TABLE` returned table type of TABLE
17:28:01,245 (main) DEBUG [DataNucleus.Datastore] - Utilizando PreparedStatement "com.mysql.cj.jdbc.ClientPreparedStatement: SELECT `NEXT_VAL` FROM videoclubdb.`SEQUENCE_TABLE` WHERE `SEQUENCE_NAME`=** NOT SPECIFIED ** FOR UPDATE" para la conneccion "org.datanucleus.store.rdbms.datasource.dbcp2.PoolingDataSource$PoolGuardConnectionWrapper@3f49e266"
17:28:01,245 (main) DEBUG [DataNucleus.Datastore.Native] - SELECT `NEXT_VAL` FROM videoclubdb.`SEQUENCE_TABLE` WHERE `SEQUENCE_NAME`=? FOR UPDATE
17:28:01,245 (main) DEBUG [DataNucleus.Datastore.Retrieve] - SQL Tiempo de cumplir = 0 ms
17:28:01,245 (main) DEBUG [DataNucleus.Datastore] - Utilizando PreparedStatement "com.mysql.cj.jdbc.ClientPreparedStatement: SELECT MAX(`ID`) FROM videoclubdb.`RENTAL`" para la conneccion "org.datanucleus.store.rdbms.datasource.dbcp2.PoolingDataSource$PoolGuardConnectionWrapper@3f49e266"
17:28:01,245 (main) DEBUG [DataNucleus.Datastore.Native] - SELECT MAX(`ID`) FROM videoclubdb.`RENTAL`
17:28:01,247 (main) DEBUG [DataNucleus.Datastore.Retrieve] - SQL Tiempo de cumplir = 2 ms
17:28:01,247 (main) DEBUG [DataNucleus.Datastore] - Utilizando PreparedStatement "com.mysql.cj.jdbc.ClientPreparedStatement: INSERT INTO videoclubdb.`SEQUENCE_TABLE` (`SEQUENCE_NAME`,`NEXT_VAL`) VALUES (** NOT SPECIFIED **,** NOT SPECIFIED **)" para la conneccion "org.datanucleus.store.rdbms.datasource.dbcp2.PoolingDataSource$PoolGuardConnectionWrapper@3f49e266"
17:28:01,247 (main) DEBUG [DataNucleus.Datastore.Native] - INSERT INTO videoclubdb.`SEQUENCE_TABLE` (`SEQUENCE_NAME`,`NEXT_VAL`) VALUES (?,?)
17:28:01,247 (main) DEBUG [DataNucleus.Datastore.Persist] - SQL Tiempo de cumplir = 0 ms (numero de lineas cambiado = 1) con el PreparedStatement "org.datanucleus.store.rdbms.datasource.dbcp2.DelegatingPreparedStatement@5f18f9d2"
17:28:01,247 (main) DEBUG [DataNucleus.Datastore] - Cerrando PreparedStatement "org.datanucleus.store.rdbms.datasource.dbcp2.DelegatingPreparedStatement@5f18f9d2"
17:28:01,247 (main) DEBUG [DataNucleus.Datastore] - Cerrando PreparedStatement "org.datanucleus.store.rdbms.datasource.dbcp2.DelegatingPreparedStatement@281ce6bb"
17:28:01,248 (main) DEBUG [DataNucleus.Datastore] - Cerrando PreparedStatement "org.datanucleus.store.rdbms.datasource.dbcp2.DelegatingPreparedStatement@7a1f8def"
17:28:01,248 (main) DEBUG [DataNucleus.ValueGeneration] - Hemos reservado un bloque de 10 valores
17:28:01,248 (main) DEBUG [DataNucleus.Connection] - ManagedConnection VA A COMMIT : "org.datanucleus.store.rdbms.ConnectionFactoryImpl$ManagedConnectionImpl@65ec8b24 [conn=org.datanucleus.store.rdbms.datasource.dbcp2.PoolingDataSource$PoolGuardConnectionWrapper@3f49e266, commitOnRelease=true, closeOnRelease=true, closeOnTxnEnd=true]"
17:28:01,248 (main) DEBUG [DataNucleus.Connection] - ManagedConnection CERRADO : "org.datanucleus.store.rdbms.ConnectionFactoryImpl$ManagedConnectionImpl@65ec8b24 [conn=org.datanucleus.store.rdbms.datasource.dbcp2.PoolingDataSource$PoolGuardConnectionWrapper@3f49e266, commitOnRelease=true, closeOnRelease=true, closeOnTxnEnd=true]" 
17:28:01,249 (main) DEBUG [DataNucleus.ValueGeneration] - Valor generado para el campo "com.videoclub.pojo.Rental.id" con estrategia="increment" (Generador="org.datanucleus.store.rdbms.valuegenerator.TableGenerator") : valor=1
17:28:01,249 (main) DEBUG [DataNucleus.Cache] - Objeto con identidad "com.videoclub.pojo.Rental:1" añadido a la Cache de nivel 1 (loadedFlags="[YYYYY]")
17:28:01,249 (main) DEBUG [DataNucleus.Transaction] - Objeto con identidad "com.videoclub.pojo.Rental:1" ha sido puesto en la cache transaccional
17:28:01,249 (main) DEBUG [DataNucleus.Persistence] - Objeto "com.videoclub.pojo.Rental@7c75db8b" va a ser añadido a la tabla "`RENTAL`"
17:28:01,250 (main) DEBUG [DataNucleus.Connection] - ManagedConnection ABIERTO : "org.datanucleus.store.rdbms.ConnectionFactoryImpl$ManagedConnectionImpl@5e8c34a0 [conn=org.datanucleus.store.rdbms.datasource.dbcp2.PoolingDataSource$PoolGuardConnectionWrapper@7c1c5936, commitOnRelease=false, closeOnRelease=false, closeOnTxnEnd=true]" en resource "tx" con isolación "read-committed" y auto-commit=false
17:28:01,250 (main) DEBUG [DataNucleus.Transaction] - Running enlist operation on resource: org.datanucleus.store.rdbms.ConnectionFactoryImpl$EmulatedXAResource@7aead3af, error code TMNOFLAGS and transaction [DataNucleus Transaction, ID=1418522280-11, enlisted resources=[]]
17:28:01,250 (main) DEBUG [DataNucleus.Datastore] - Utilizando PreparedStatement "com.mysql.cj.jdbc.ClientPreparedStatement: INSERT INTO `RENTAL` (`CODE`,`RENTALDATE`,`RETURNDATE`,`TITLE`,`ID`) VALUES (** NOT SPECIFIED **,** NOT SPECIFIED **,** NOT SPECIFIED **,** NOT SPECIFIED **,** NOT SPECIFIED **)" para la conneccion "org.datanucleus.store.rdbms.datasource.dbcp2.PoolingDataSource$PoolGuardConnectionWrapper@7c1c5936"
17:28:01,250 (main) DEBUG [DataNucleus.Datastore.Persist] - El statement "INSERT INTO `RENTAL` (`CODE`,`RENTALDATE`,`RETURNDATE`,`TITLE`,`ID`) VALUES (?,?,?,?,?)" ya es batchable
17:28:01,250 (main) DEBUG [DataNucleus.Persistence] - El objeto con identidad "com.videoclub.pojo.Rental:1" va a tener el valor en el campo "returnDate" cambiado por un SCO wrapper
17:28:01,251 (main) DEBUG [DataNucleus.Persistence] - El objeto con identidad "com.videoclub.pojo.Rental:1" va a tener el valor en el campo "rentalDate" cambiado por un SCO wrapper
17:28:01,251 (main) DEBUG [DataNucleus.Datastore.Persist] - Añadiendo statement "INSERT INTO `RENTAL` (`CODE`,`RENTALDATE`,`RETURNDATE`,`TITLE`,`ID`) VALUES (?,?,?,?,?)" al batch para procesar (tamaño de batch = 1)
17:28:01,251 (main) DEBUG [DataNucleus.Datastore.Native] - INSERT INTO `RENTAL` (`CODE`,`RENTALDATE`,`RETURNDATE`,`TITLE`,`ID`) VALUES (?,?,?,?,?)
17:28:01,255 (main) DEBUG [DataNucleus.Datastore] - SQL Tiempo de cumplir = 4 ms (numero de lineas cambiado = [1]) con el PreparedStatement "org.datanucleus.store.rdbms.datasource.dbcp2.DelegatingPreparedStatement@270b6b5e"
17:28:01,255 (main) DEBUG [DataNucleus.Transaction] - Haciendo commit de la transaacción para el ExecutionContext org.datanucleus.ExecutionContextImpl@34dc85a
17:28:01,255 (main) DEBUG [DataNucleus.Persistence] - ExecutionContext.internalFlush() empezado con flush ordenado - 1 objetos registrados
17:28:01,255 (main) DEBUG [DataNucleus.Persistence] - ExecutionContext.internalFlush() terminado
17:28:01,255 (main) DEBUG [DataNucleus.Persistence] - Persistence-By-Reachability (commit) : EMPIEZA
17:28:01,255 (main) DEBUG [DataNucleus.Persistence] - Haciendo la calculación de alcanzables con objeto con identidad "com.videoclub.pojo.Rental:1"
17:28:01,255 (main) DEBUG [DataNucleus.Cache] - Objeto con identidad "com.videoclub.pojo.Rental:1" obtenido de la Cache nivel 1 (loadedFlags="[YYYYY]")
17:28:01,255 (main) DEBUG [DataNucleus.Persistence] - Object con id "com.videoclub.pojo.Rental:1" y estado de vida "P_NEW" añadido a la lista de alcanzables al commit.
17:28:01,255 (main) DEBUG [DataNucleus.Persistence] - ExecutionContext.internalFlush() empezado con flush ordenado - 0 objetos registrados
17:28:01,255 (main) DEBUG [DataNucleus.Persistence] - ExecutionContext.internalFlush() terminado
17:28:01,255 (main) DEBUG [DataNucleus.Persistence] - Persistence-By-Reachability (commit) : TERMINADO
17:28:01,255 (main) DEBUG [DataNucleus.Cache] - Objeto con identidad "com.videoclub.pojo.Rental:1" añadido a la Cache de nivel 2 (campos="[0, 1, 2, 3, 4]", version="")
17:28:01,255 (main) DEBUG [DataNucleus.Cache] - El objeto con identidad "com.videoclub.pojo.Rental:1" va a tener los campos siguientes almacendados en el objeto de Level 2 cache : [0, 1, 2, 3, 4]
17:28:01,255 (main) DEBUG [DataNucleus.Transaction] - Committing [DataNucleus Transaction, ID=1418522280-11, enlisted resources=[org.datanucleus.store.rdbms.ConnectionFactoryImpl$EmulatedXAResource@7aead3af]]
17:28:01,255 (main) DEBUG [DataNucleus.Connection] - ManagedConnection VA A COMMIT : "org.datanucleus.store.rdbms.ConnectionFactoryImpl$ManagedConnectionImpl@5e8c34a0 [conn=org.datanucleus.store.rdbms.datasource.dbcp2.PoolingDataSource$PoolGuardConnectionWrapper@7c1c5936, commitOnRelease=false, closeOnRelease=false, closeOnTxnEnd=true]"
17:28:01,256 (main) DEBUG [DataNucleus.Connection] - ManagedConnection CERRADO : "org.datanucleus.store.rdbms.ConnectionFactoryImpl$ManagedConnectionImpl@5e8c34a0 [conn=org.datanucleus.store.rdbms.datasource.dbcp2.PoolingDataSource$PoolGuardConnectionWrapper@7c1c5936, commitOnRelease=false, closeOnRelease=false, closeOnTxnEnd=true]" 
17:28:01,257 (main) DEBUG [DataNucleus.Persistence] - Haciendo el objeto detachado : "com.videoclub.pojo.Rental@7c75db8b" (profundidad=0)
17:28:01,257 (main) DEBUG [DataNucleus.Persistence] - El objeto con identidad "com.videoclub.pojo.Rental:1" va a tener el SCO wrapper en el campo "rentalDate" cambiado por el valor
17:28:01,257 (main) DEBUG [DataNucleus.Persistence] - El objeto con identidad "com.videoclub.pojo.Rental:1" va a tener el SCO wrapper en el campo "returnDate" cambiado por el valor
17:28:01,257 (main) DEBUG [DataNucleus.Persistence] - Objeto con identidad "com.videoclub.pojo.Rental:1" tiene cambio de lifeycle : "P_NEW"->"DETACHED_CLEAN"
17:28:01,257 (main) DEBUG [DataNucleus.Transaction] - Objeto con identidad "com.videoclub.pojo.Rental:1" fue borrado de la cache transactional
17:28:01,257 (main) DEBUG [DataNucleus.Persistence] - Disconectando objeto con identidad "com.videoclub.pojo.Rental:1" de StateManager[pc=com.videoclub.pojo.Rental@7c75db8b, lifecycle=DETACHED_CLEAN]
17:28:01,257 (main) DEBUG [DataNucleus.Cache] - Objeto con identidad="com.videoclub.pojo.Rental:1" borrado de la Cache de nivel 1
17:28:01,257 (main) DEBUG [DataNucleus.Transaction] - Transacción committed en 6 ms
17:28:01,257 (main) DEBUG [DataNucleus.Persistence] - ExecutionContext "org.datanucleus.ExecutionContextImpl@34dc85a" se cerró
17:28:01,257 (main) DEBUG [DataNucleus.Persistence] - ExecutionContext "org.datanucleus.ExecutionContextImpl@34dc85a" se abrió para la base de datos "org.datanucleus.store.rdbms.RDBMSStoreManager@6d4a65c6" con transaccion="org.datanucleus.transaction.TransactionImpl@66ad7bf0"
17:28:01,257 (main) DEBUG [DataNucleus.Transaction] - Transaction created [DataNucleus Transaction, ID=1418522280-12, enlisted resources=[]]
17:28:01,257 (main) DEBUG [DataNucleus.Transaction] - Transacción empezada para el ExecutionContext org.datanucleus.ExecutionContextImpl@34dc85a (optimistic=false)
* Storing a class com.videoclub.pojo.Rental : Rental [id=0, title=Movie1, movie=Movie [title=Movie1, genre=COMEDY, duration=90, year=2023, director=paco, rentalPrice=19.9], code=2, customer=User [code=2, username=assaz,type=CLIENT, password=3200a7486419e1efd8cbbad503fb0c6140ef7e7cf69807249fda25d59c215e5c, email=asier.account@email.com, name=Asier, surname=Belloso], rentalDate=Mon May 22 17:28:01 CEST 2023, returnDate=Mon May 22 17:28:01 CEST 2023]
17:28:01,257 (main) DEBUG [DataNucleus.Persistence] - Haciendo el objeto persistente : "com.videoclub.pojo.Rental@138caeca"
17:28:01,257 (main) DEBUG [DataNucleus.ValueGeneration] - Valor generado para el campo "com.videoclub.pojo.Rental.id" con estrategia="increment" (Generador="org.datanucleus.store.rdbms.valuegenerator.TableGenerator") : valor=2
17:28:01,257 (main) DEBUG [DataNucleus.Cache] - Objeto con identidad "com.videoclub.pojo.Rental:2" añadido a la Cache de nivel 1 (loadedFlags="[YYYYY]")
17:28:01,257 (main) DEBUG [DataNucleus.Transaction] - Objeto con identidad "com.videoclub.pojo.Rental:2" ha sido puesto en la cache transaccional
17:28:01,257 (main) DEBUG [DataNucleus.Persistence] - Objeto "com.videoclub.pojo.Rental@138caeca" va a ser añadido a la tabla "`RENTAL`"
17:28:01,258 (main) DEBUG [DataNucleus.Connection] - ManagedConnection ABIERTO : "org.datanucleus.store.rdbms.ConnectionFactoryImpl$ManagedConnectionImpl@9a6fbc0 [conn=org.datanucleus.store.rdbms.datasource.dbcp2.PoolingDataSource$PoolGuardConnectionWrapper@c1fa7d4, commitOnRelease=false, closeOnRelease=false, closeOnTxnEnd=true]" en resource "tx" con isolación "read-committed" y auto-commit=false
17:28:01,258 (main) DEBUG [DataNucleus.Transaction] - Running enlist operation on resource: org.datanucleus.store.rdbms.ConnectionFactoryImpl$EmulatedXAResource@7a93b263, error code TMNOFLAGS and transaction [DataNucleus Transaction, ID=1418522280-12, enlisted resources=[]]
17:28:01,258 (main) DEBUG [DataNucleus.Datastore] - Utilizando PreparedStatement "com.mysql.cj.jdbc.ClientPreparedStatement: INSERT INTO `RENTAL` (`CODE`,`RENTALDATE`,`RETURNDATE`,`TITLE`,`ID`) VALUES (** NOT SPECIFIED **,** NOT SPECIFIED **,** NOT SPECIFIED **,** NOT SPECIFIED **,** NOT SPECIFIED **)" para la conneccion "org.datanucleus.store.rdbms.datasource.dbcp2.PoolingDataSource$PoolGuardConnectionWrapper@c1fa7d4"
17:28:01,258 (main) DEBUG [DataNucleus.Datastore.Persist] - El statement "INSERT INTO `RENTAL` (`CODE`,`RENTALDATE`,`RETURNDATE`,`TITLE`,`ID`) VALUES (?,?,?,?,?)" ya es batchable
17:28:01,258 (main) DEBUG [DataNucleus.Persistence] - El objeto con identidad "com.videoclub.pojo.Rental:2" va a tener el valor en el campo "returnDate" cambiado por un SCO wrapper
17:28:01,258 (main) DEBUG [DataNucleus.Persistence] - El objeto con identidad "com.videoclub.pojo.Rental:2" va a tener el valor en el campo "rentalDate" cambiado por un SCO wrapper
17:28:01,258 (main) DEBUG [DataNucleus.Datastore.Persist] - Añadiendo statement "INSERT INTO `RENTAL` (`CODE`,`RENTALDATE`,`RETURNDATE`,`TITLE`,`ID`) VALUES (?,?,?,?,?)" al batch para procesar (tamaño de batch = 1)
17:28:01,259 (main) DEBUG [DataNucleus.Datastore.Native] - INSERT INTO `RENTAL` (`CODE`,`RENTALDATE`,`RETURNDATE`,`TITLE`,`ID`) VALUES (?,?,?,?,?)
17:28:01,259 (main) DEBUG [DataNucleus.Datastore] - SQL Tiempo de cumplir = 0 ms (numero de lineas cambiado = [1]) con el PreparedStatement "org.datanucleus.store.rdbms.datasource.dbcp2.DelegatingPreparedStatement@7a8136b3"
17:28:01,259 (main) DEBUG [DataNucleus.Transaction] - Haciendo commit de la transaacción para el ExecutionContext org.datanucleus.ExecutionContextImpl@34dc85a
17:28:01,259 (main) DEBUG [DataNucleus.Persistence] - ExecutionContext.internalFlush() empezado con flush ordenado - 1 objetos registrados
17:28:01,259 (main) DEBUG [DataNucleus.Persistence] - ExecutionContext.internalFlush() terminado
17:28:01,259 (main) DEBUG [DataNucleus.Persistence] - Persistence-By-Reachability (commit) : EMPIEZA
17:28:01,259 (main) DEBUG [DataNucleus.Persistence] - Haciendo la calculación de alcanzables con objeto con identidad "com.videoclub.pojo.Rental:2"
17:28:01,259 (main) DEBUG [DataNucleus.Cache] - Objeto con identidad "com.videoclub.pojo.Rental:2" obtenido de la Cache nivel 1 (loadedFlags="[YYYYY]")
17:28:01,259 (main) DEBUG [DataNucleus.Persistence] - Object con id "com.videoclub.pojo.Rental:2" y estado de vida "P_NEW" añadido a la lista de alcanzables al commit.
17:28:01,260 (main) DEBUG [DataNucleus.Persistence] - ExecutionContext.internalFlush() empezado con flush ordenado - 0 objetos registrados
17:28:01,260 (main) DEBUG [DataNucleus.Persistence] - ExecutionContext.internalFlush() terminado
17:28:01,260 (main) DEBUG [DataNucleus.Persistence] - Persistence-By-Reachability (commit) : TERMINADO
17:28:01,260 (main) DEBUG [DataNucleus.Cache] - Objeto con identidad "com.videoclub.pojo.Rental:2" añadido a la Cache de nivel 2 (campos="[0, 1, 2, 3, 4]", version="")
17:28:01,260 (main) DEBUG [DataNucleus.Cache] - El objeto con identidad "com.videoclub.pojo.Rental:2" va a tener los campos siguientes almacendados en el objeto de Level 2 cache : [0, 1, 2, 3, 4]
17:28:01,260 (main) DEBUG [DataNucleus.Transaction] - Committing [DataNucleus Transaction, ID=1418522280-12, enlisted resources=[org.datanucleus.store.rdbms.ConnectionFactoryImpl$EmulatedXAResource@7a93b263]]
17:28:01,260 (main) DEBUG [DataNucleus.Connection] - ManagedConnection VA A COMMIT : "org.datanucleus.store.rdbms.ConnectionFactoryImpl$ManagedConnectionImpl@9a6fbc0 [conn=org.datanucleus.store.rdbms.datasource.dbcp2.PoolingDataSource$PoolGuardConnectionWrapper@c1fa7d4, commitOnRelease=false, closeOnRelease=false, closeOnTxnEnd=true]"
17:28:01,260 (main) DEBUG [DataNucleus.Connection] - ManagedConnection CERRADO : "org.datanucleus.store.rdbms.ConnectionFactoryImpl$ManagedConnectionImpl@9a6fbc0 [conn=org.datanucleus.store.rdbms.datasource.dbcp2.PoolingDataSource$PoolGuardConnectionWrapper@c1fa7d4, commitOnRelease=false, closeOnRelease=false, closeOnTxnEnd=true]" 
17:28:01,261 (main) DEBUG [DataNucleus.Persistence] - Haciendo el objeto detachado : "com.videoclub.pojo.Rental@138caeca" (profundidad=0)
17:28:01,261 (main) DEBUG [DataNucleus.Persistence] - El objeto con identidad "com.videoclub.pojo.Rental:2" va a tener el SCO wrapper en el campo "rentalDate" cambiado por el valor
17:28:01,261 (main) DEBUG [DataNucleus.Persistence] - El objeto con identidad "com.videoclub.pojo.Rental:2" va a tener el SCO wrapper en el campo "returnDate" cambiado por el valor
17:28:01,261 (main) DEBUG [DataNucleus.Persistence] - Objeto con identidad "com.videoclub.pojo.Rental:2" tiene cambio de lifeycle : "P_NEW"->"DETACHED_CLEAN"
17:28:01,261 (main) DEBUG [DataNucleus.Transaction] - Objeto con identidad "com.videoclub.pojo.Rental:2" fue borrado de la cache transactional
17:28:01,261 (main) DEBUG [DataNucleus.Persistence] - Disconectando objeto con identidad "com.videoclub.pojo.Rental:2" de StateManager[pc=com.videoclub.pojo.Rental@138caeca, lifecycle=DETACHED_CLEAN]
17:28:01,261 (main) DEBUG [DataNucleus.Cache] - Objeto con identidad="com.videoclub.pojo.Rental:2" borrado de la Cache de nivel 1
17:28:01,261 (main) DEBUG [DataNucleus.Transaction] - Transacción committed en 2 ms
17:28:01,261 (main) DEBUG [DataNucleus.Persistence] - ExecutionContext "org.datanucleus.ExecutionContextImpl@34dc85a" se cerró
17:28:01,261 (main) DEBUG [DataNucleus.Persistence] - ExecutionContext "org.datanucleus.ExecutionContextImpl@34dc85a" se abrió para la base de datos "org.datanucleus.store.rdbms.RDBMSStoreManager@6d4a65c6" con transaccion="org.datanucleus.transaction.TransactionImpl@14dc3f89"
17:28:01,261 (main) DEBUG [DataNucleus.Transaction] - Transaction created [DataNucleus Transaction, ID=1418522280-13, enlisted resources=[]]
17:28:01,261 (main) DEBUG [DataNucleus.Transaction] - Transacción empezada para el ExecutionContext org.datanucleus.ExecutionContextImpl@34dc85a (optimistic=false)
* Storing a class com.videoclub.pojo.Rental : Rental [id=0, title=Movie1, movie=Movie [title=Movie1, genre=COMEDY, duration=90, year=2023, director=paco, rentalPrice=19.9], code=3, customer=User [code=3, username=client,type=CLIENT, password=948fe603f61dc036b5c596dc09fe3ce3f3d30dc90f024c85f3c82db2ccab679d, email=client@email.com, name=ClientName, surname=ClientSurname], rentalDate=Mon May 22 17:28:01 CEST 2023, returnDate=Mon May 22 17:28:01 CEST 2023]
17:28:01,261 (main) DEBUG [DataNucleus.Persistence] - Haciendo el objeto persistente : "com.videoclub.pojo.Rental@64412d34"
17:28:01,261 (main) DEBUG [DataNucleus.ValueGeneration] - Valor generado para el campo "com.videoclub.pojo.Rental.id" con estrategia="increment" (Generador="org.datanucleus.store.rdbms.valuegenerator.TableGenerator") : valor=3
17:28:01,261 (main) DEBUG [DataNucleus.Cache] - Objeto con identidad "com.videoclub.pojo.Rental:3" añadido a la Cache de nivel 1 (loadedFlags="[YYYYY]")
17:28:01,261 (main) DEBUG [DataNucleus.Transaction] - Objeto con identidad "com.videoclub.pojo.Rental:3" ha sido puesto en la cache transaccional
17:28:01,261 (main) DEBUG [DataNucleus.Persistence] - Objeto "com.videoclub.pojo.Rental@64412d34" va a ser añadido a la tabla "`RENTAL`"
17:28:01,262 (main) DEBUG [DataNucleus.Connection] - ManagedConnection ABIERTO : "org.datanucleus.store.rdbms.ConnectionFactoryImpl$ManagedConnectionImpl@38c2c309 [conn=org.datanucleus.store.rdbms.datasource.dbcp2.PoolingDataSource$PoolGuardConnectionWrapper@1a480135, commitOnRelease=false, closeOnRelease=false, closeOnTxnEnd=true]" en resource "tx" con isolación "read-committed" y auto-commit=false
17:28:01,262 (main) DEBUG [DataNucleus.Transaction] - Running enlist operation on resource: org.datanucleus.store.rdbms.ConnectionFactoryImpl$EmulatedXAResource@778db7c5, error code TMNOFLAGS and transaction [DataNucleus Transaction, ID=1418522280-13, enlisted resources=[]]
17:28:01,262 (main) DEBUG [DataNucleus.Datastore] - Utilizando PreparedStatement "com.mysql.cj.jdbc.ClientPreparedStatement: INSERT INTO `RENTAL` (`CODE`,`RENTALDATE`,`RETURNDATE`,`TITLE`,`ID`) VALUES (** NOT SPECIFIED **,** NOT SPECIFIED **,** NOT SPECIFIED **,** NOT SPECIFIED **,** NOT SPECIFIED **)" para la conneccion "org.datanucleus.store.rdbms.datasource.dbcp2.PoolingDataSource$PoolGuardConnectionWrapper@1a480135"
17:28:01,262 (main) DEBUG [DataNucleus.Datastore.Persist] - El statement "INSERT INTO `RENTAL` (`CODE`,`RENTALDATE`,`RETURNDATE`,`TITLE`,`ID`) VALUES (?,?,?,?,?)" ya es batchable
17:28:01,262 (main) DEBUG [DataNucleus.Persistence] - El objeto con identidad "com.videoclub.pojo.Rental:3" va a tener el valor en el campo "returnDate" cambiado por un SCO wrapper
17:28:01,262 (main) DEBUG [DataNucleus.Persistence] - El objeto con identidad "com.videoclub.pojo.Rental:3" va a tener el valor en el campo "rentalDate" cambiado por un SCO wrapper
17:28:01,262 (main) DEBUG [DataNucleus.Datastore.Persist] - Añadiendo statement "INSERT INTO `RENTAL` (`CODE`,`RENTALDATE`,`RETURNDATE`,`TITLE`,`ID`) VALUES (?,?,?,?,?)" al batch para procesar (tamaño de batch = 1)
17:28:01,262 (main) DEBUG [DataNucleus.Datastore.Native] - INSERT INTO `RENTAL` (`CODE`,`RENTALDATE`,`RETURNDATE`,`TITLE`,`ID`) VALUES (?,?,?,?,?)
17:28:01,263 (main) DEBUG [DataNucleus.Datastore] - SQL Tiempo de cumplir = 1 ms (numero de lineas cambiado = [1]) con el PreparedStatement "org.datanucleus.store.rdbms.datasource.dbcp2.DelegatingPreparedStatement@72ee5d84"
17:28:01,263 (main) DEBUG [DataNucleus.Transaction] - Haciendo commit de la transaacción para el ExecutionContext org.datanucleus.ExecutionContextImpl@34dc85a
17:28:01,263 (main) DEBUG [DataNucleus.Persistence] - ExecutionContext.internalFlush() empezado con flush ordenado - 1 objetos registrados
17:28:01,263 (main) DEBUG [DataNucleus.Persistence] - ExecutionContext.internalFlush() terminado
17:28:01,263 (main) DEBUG [DataNucleus.Persistence] - Persistence-By-Reachability (commit) : EMPIEZA
17:28:01,263 (main) DEBUG [DataNucleus.Persistence] - Haciendo la calculación de alcanzables con objeto con identidad "com.videoclub.pojo.Rental:3"
17:28:01,263 (main) DEBUG [DataNucleus.Cache] - Objeto con identidad "com.videoclub.pojo.Rental:3" obtenido de la Cache nivel 1 (loadedFlags="[YYYYY]")
17:28:01,263 (main) DEBUG [DataNucleus.Persistence] - Object con id "com.videoclub.pojo.Rental:3" y estado de vida "P_NEW" añadido a la lista de alcanzables al commit.
17:28:01,263 (main) DEBUG [DataNucleus.Persistence] - ExecutionContext.internalFlush() empezado con flush ordenado - 0 objetos registrados
17:28:01,264 (main) DEBUG [DataNucleus.Persistence] - ExecutionContext.internalFlush() terminado
17:28:01,264 (main) DEBUG [DataNucleus.Persistence] - Persistence-By-Reachability (commit) : TERMINADO
17:28:01,264 (main) DEBUG [DataNucleus.Cache] - Objeto con identidad "com.videoclub.pojo.Rental:3" añadido a la Cache de nivel 2 (campos="[0, 1, 2, 3, 4]", version="")
17:28:01,264 (main) DEBUG [DataNucleus.Cache] - El objeto con identidad "com.videoclub.pojo.Rental:3" va a tener los campos siguientes almacendados en el objeto de Level 2 cache : [0, 1, 2, 3, 4]
17:28:01,264 (main) DEBUG [DataNucleus.Transaction] - Committing [DataNucleus Transaction, ID=1418522280-13, enlisted resources=[org.datanucleus.store.rdbms.ConnectionFactoryImpl$EmulatedXAResource@778db7c5]]
17:28:01,264 (main) DEBUG [DataNucleus.Connection] - ManagedConnection VA A COMMIT : "org.datanucleus.store.rdbms.ConnectionFactoryImpl$ManagedConnectionImpl@38c2c309 [conn=org.datanucleus.store.rdbms.datasource.dbcp2.PoolingDataSource$PoolGuardConnectionWrapper@1a480135, commitOnRelease=false, closeOnRelease=false, closeOnTxnEnd=true]"
17:28:01,264 (main) DEBUG [DataNucleus.Connection] - ManagedConnection CERRADO : "org.datanucleus.store.rdbms.ConnectionFactoryImpl$ManagedConnectionImpl@38c2c309 [conn=org.datanucleus.store.rdbms.datasource.dbcp2.PoolingDataSource$PoolGuardConnectionWrapper@1a480135, commitOnRelease=false, closeOnRelease=false, closeOnTxnEnd=true]" 
17:28:01,265 (main) DEBUG [DataNucleus.Persistence] - Haciendo el objeto detachado : "com.videoclub.pojo.Rental@64412d34" (profundidad=0)
17:28:01,265 (main) DEBUG [DataNucleus.Persistence] - El objeto con identidad "com.videoclub.pojo.Rental:3" va a tener el SCO wrapper en el campo "rentalDate" cambiado por el valor
17:28:01,265 (main) DEBUG [DataNucleus.Persistence] - El objeto con identidad "com.videoclub.pojo.Rental:3" va a tener el SCO wrapper en el campo "returnDate" cambiado por el valor
17:28:01,265 (main) DEBUG [DataNucleus.Persistence] - Objeto con identidad "com.videoclub.pojo.Rental:3" tiene cambio de lifeycle : "P_NEW"->"DETACHED_CLEAN"
17:28:01,265 (main) DEBUG [DataNucleus.Transaction] - Objeto con identidad "com.videoclub.pojo.Rental:3" fue borrado de la cache transactional
17:28:01,265 (main) DEBUG [DataNucleus.Persistence] - Disconectando objeto con identidad "com.videoclub.pojo.Rental:3" de StateManager[pc=com.videoclub.pojo.Rental@64412d34, lifecycle=DETACHED_CLEAN]
17:28:01,265 (main) DEBUG [DataNucleus.Cache] - Objeto con identidad="com.videoclub.pojo.Rental:3" borrado de la Cache de nivel 1
17:28:01,265 (main) DEBUG [DataNucleus.Transaction] - Transacción committed en 3 ms
17:28:01,265 (main) DEBUG [DataNucleus.Persistence] - ExecutionContext "org.datanucleus.ExecutionContextImpl@34dc85a" se cerró
17:28:01,265 (main) DEBUG [DataNucleus.Persistence] - ExecutionContext "org.datanucleus.ExecutionContextImpl@34dc85a" se abrió para la base de datos "org.datanucleus.store.rdbms.RDBMSStoreManager@6d4a65c6" con transaccion="org.datanucleus.transaction.TransactionImpl@6145b81e"
17:28:01,265 (main) DEBUG [DataNucleus.Transaction] - Transaction created [DataNucleus Transaction, ID=1418522280-14, enlisted resources=[]]
17:28:01,265 (main) DEBUG [DataNucleus.Transaction] - Transacción empezada para el ExecutionContext org.datanucleus.ExecutionContextImpl@34dc85a (optimistic=false)
* Storing a class com.videoclub.pojo.Rental : Rental [id=0, title=Movie2, movie=Movie [title=Movie2, genre=DETECTIVE, duration=180, year=1989, director=luis, rentalPrice=5.74], code=1, customer=User [code=1, username=admin,type=ADMIN, password=8c6976e5b5410415bde908bd4dee15dfb167a9c873fc4bb8a81f6f2ab448a918, email=admin@email.com, name=AdminName, surname=AdminSurname], rentalDate=Mon May 22 17:28:01 CEST 2023, returnDate=Mon May 22 17:28:01 CEST 2023]
17:28:01,265 (main) DEBUG [DataNucleus.Persistence] - Haciendo el objeto persistente : "com.videoclub.pojo.Rental@64b7225f"
17:28:01,265 (main) DEBUG [DataNucleus.ValueGeneration] - Valor generado para el campo "com.videoclub.pojo.Rental.id" con estrategia="increment" (Generador="org.datanucleus.store.rdbms.valuegenerator.TableGenerator") : valor=4
17:28:01,266 (main) DEBUG [DataNucleus.Cache] - Objeto con identidad "com.videoclub.pojo.Rental:4" añadido a la Cache de nivel 1 (loadedFlags="[YYYYY]")
17:28:01,266 (main) DEBUG [DataNucleus.Transaction] - Objeto con identidad "com.videoclub.pojo.Rental:4" ha sido puesto en la cache transaccional
17:28:01,266 (main) DEBUG [DataNucleus.Persistence] - Objeto "com.videoclub.pojo.Rental@64b7225f" va a ser añadido a la tabla "`RENTAL`"
17:28:01,266 (main) DEBUG [DataNucleus.Connection] - ManagedConnection ABIERTO : "org.datanucleus.store.rdbms.ConnectionFactoryImpl$ManagedConnectionImpl@7f92b990 [conn=org.datanucleus.store.rdbms.datasource.dbcp2.PoolingDataSource$PoolGuardConnectionWrapper@31e04b13, commitOnRelease=false, closeOnRelease=false, closeOnTxnEnd=true]" en resource "tx" con isolación "read-committed" y auto-commit=false
17:28:01,266 (main) DEBUG [DataNucleus.Transaction] - Running enlist operation on resource: org.datanucleus.store.rdbms.ConnectionFactoryImpl$EmulatedXAResource@6c1832aa, error code TMNOFLAGS and transaction [DataNucleus Transaction, ID=1418522280-14, enlisted resources=[]]
17:28:01,266 (main) DEBUG [DataNucleus.Datastore] - Utilizando PreparedStatement "com.mysql.cj.jdbc.ClientPreparedStatement: INSERT INTO `RENTAL` (`CODE`,`RENTALDATE`,`RETURNDATE`,`TITLE`,`ID`) VALUES (** NOT SPECIFIED **,** NOT SPECIFIED **,** NOT SPECIFIED **,** NOT SPECIFIED **,** NOT SPECIFIED **)" para la conneccion "org.datanucleus.store.rdbms.datasource.dbcp2.PoolingDataSource$PoolGuardConnectionWrapper@31e04b13"
17:28:01,266 (main) DEBUG [DataNucleus.Datastore.Persist] - El statement "INSERT INTO `RENTAL` (`CODE`,`RENTALDATE`,`RETURNDATE`,`TITLE`,`ID`) VALUES (?,?,?,?,?)" ya es batchable
17:28:01,267 (main) DEBUG [DataNucleus.Persistence] - El objeto con identidad "com.videoclub.pojo.Rental:4" va a tener el valor en el campo "returnDate" cambiado por un SCO wrapper
17:28:01,267 (main) DEBUG [DataNucleus.Persistence] - El objeto con identidad "com.videoclub.pojo.Rental:4" va a tener el valor en el campo "rentalDate" cambiado por un SCO wrapper
17:28:01,267 (main) DEBUG [DataNucleus.Datastore.Persist] - Añadiendo statement "INSERT INTO `RENTAL` (`CODE`,`RENTALDATE`,`RETURNDATE`,`TITLE`,`ID`) VALUES (?,?,?,?,?)" al batch para procesar (tamaño de batch = 1)
17:28:01,267 (main) DEBUG [DataNucleus.Datastore.Native] - INSERT INTO `RENTAL` (`CODE`,`RENTALDATE`,`RETURNDATE`,`TITLE`,`ID`) VALUES (?,?,?,?,?)
17:28:01,267 (main) DEBUG [DataNucleus.Datastore] - SQL Tiempo de cumplir = 0 ms (numero de lineas cambiado = [1]) con el PreparedStatement "org.datanucleus.store.rdbms.datasource.dbcp2.DelegatingPreparedStatement@5d01ea21"
17:28:01,268 (main) DEBUG [DataNucleus.Transaction] - Haciendo commit de la transaacción para el ExecutionContext org.datanucleus.ExecutionContextImpl@34dc85a
17:28:01,268 (main) DEBUG [DataNucleus.Persistence] - ExecutionContext.internalFlush() empezado con flush ordenado - 1 objetos registrados
17:28:01,268 (main) DEBUG [DataNucleus.Persistence] - ExecutionContext.internalFlush() terminado
17:28:01,268 (main) DEBUG [DataNucleus.Persistence] - Persistence-By-Reachability (commit) : EMPIEZA
17:28:01,268 (main) DEBUG [DataNucleus.Persistence] - Haciendo la calculación de alcanzables con objeto con identidad "com.videoclub.pojo.Rental:4"
17:28:01,268 (main) DEBUG [DataNucleus.Cache] - Objeto con identidad "com.videoclub.pojo.Rental:4" obtenido de la Cache nivel 1 (loadedFlags="[YYYYY]")
17:28:01,268 (main) DEBUG [DataNucleus.Persistence] - Object con id "com.videoclub.pojo.Rental:4" y estado de vida "P_NEW" añadido a la lista de alcanzables al commit.
17:28:01,268 (main) DEBUG [DataNucleus.Persistence] - ExecutionContext.internalFlush() empezado con flush ordenado - 0 objetos registrados
17:28:01,268 (main) DEBUG [DataNucleus.Persistence] - ExecutionContext.internalFlush() terminado
17:28:01,268 (main) DEBUG [DataNucleus.Persistence] - Persistence-By-Reachability (commit) : TERMINADO
17:28:01,268 (main) DEBUG [DataNucleus.Cache] - Objeto con identidad "com.videoclub.pojo.Rental:4" añadido a la Cache de nivel 2 (campos="[0, 1, 2, 3, 4]", version="")
17:28:01,268 (main) DEBUG [DataNucleus.Cache] - El objeto con identidad "com.videoclub.pojo.Rental:4" va a tener los campos siguientes almacendados en el objeto de Level 2 cache : [0, 1, 2, 3, 4]
17:28:01,268 (main) DEBUG [DataNucleus.Transaction] - Committing [DataNucleus Transaction, ID=1418522280-14, enlisted resources=[org.datanucleus.store.rdbms.ConnectionFactoryImpl$EmulatedXAResource@6c1832aa]]
17:28:01,268 (main) DEBUG [DataNucleus.Connection] - ManagedConnection VA A COMMIT : "org.datanucleus.store.rdbms.ConnectionFactoryImpl$ManagedConnectionImpl@7f92b990 [conn=org.datanucleus.store.rdbms.datasource.dbcp2.PoolingDataSource$PoolGuardConnectionWrapper@31e04b13, commitOnRelease=false, closeOnRelease=false, closeOnTxnEnd=true]"
17:28:01,269 (main) DEBUG [DataNucleus.Connection] - ManagedConnection CERRADO : "org.datanucleus.store.rdbms.ConnectionFactoryImpl$ManagedConnectionImpl@7f92b990 [conn=org.datanucleus.store.rdbms.datasource.dbcp2.PoolingDataSource$PoolGuardConnectionWrapper@31e04b13, commitOnRelease=false, closeOnRelease=false, closeOnTxnEnd=true]" 
17:28:01,269 (main) DEBUG [DataNucleus.Persistence] - Haciendo el objeto detachado : "com.videoclub.pojo.Rental@64b7225f" (profundidad=0)
17:28:01,269 (main) DEBUG [DataNucleus.Persistence] - El objeto con identidad "com.videoclub.pojo.Rental:4" va a tener el SCO wrapper en el campo "rentalDate" cambiado por el valor
17:28:01,269 (main) DEBUG [DataNucleus.Persistence] - El objeto con identidad "com.videoclub.pojo.Rental:4" va a tener el SCO wrapper en el campo "returnDate" cambiado por el valor
17:28:01,269 (main) DEBUG [DataNucleus.Persistence] - Objeto con identidad "com.videoclub.pojo.Rental:4" tiene cambio de lifeycle : "P_NEW"->"DETACHED_CLEAN"
17:28:01,269 (main) DEBUG [DataNucleus.Transaction] - Objeto con identidad "com.videoclub.pojo.Rental:4" fue borrado de la cache transactional
17:28:01,269 (main) DEBUG [DataNucleus.Persistence] - Disconectando objeto con identidad "com.videoclub.pojo.Rental:4" de StateManager[pc=com.videoclub.pojo.Rental@64b7225f, lifecycle=DETACHED_CLEAN]
17:28:01,269 (main) DEBUG [DataNucleus.Cache] - Objeto con identidad="com.videoclub.pojo.Rental:4" borrado de la Cache de nivel 1
17:28:01,269 (main) DEBUG [DataNucleus.Transaction] - Transacción committed en 2 ms
17:28:01,269 (main) DEBUG [DataNucleus.Persistence] - ExecutionContext "org.datanucleus.ExecutionContextImpl@34dc85a" se cerró
17:28:01,269 (main) DEBUG [DataNucleus.Persistence] - ExecutionContext "org.datanucleus.ExecutionContextImpl@34dc85a" se abrió para la base de datos "org.datanucleus.store.rdbms.RDBMSStoreManager@6d4a65c6" con transaccion="org.datanucleus.transaction.TransactionImpl@3b46dd8"
17:28:01,269 (main) DEBUG [DataNucleus.Transaction] - Transaction created [DataNucleus Transaction, ID=1418522280-15, enlisted resources=[]]
17:28:01,269 (main) DEBUG [DataNucleus.Transaction] - Transacción empezada para el ExecutionContext org.datanucleus.ExecutionContextImpl@34dc85a (optimistic=false)
* Storing a class com.videoclub.pojo.Rental : Rental [id=0, title=Movie1, movie=Movie [title=Movie1, genre=COMEDY, duration=90, year=2023, director=paco, rentalPrice=19.9], code=2, customer=User [code=2, username=assaz,type=CLIENT, password=3200a7486419e1efd8cbbad503fb0c6140ef7e7cf69807249fda25d59c215e5c, email=asier.account@email.com, name=Asier, surname=Belloso], rentalDate=Mon May 22 17:28:01 CEST 2023, returnDate=Mon May 22 17:28:01 CEST 2023]
17:28:01,269 (main) DEBUG [DataNucleus.Persistence] - Haciendo el objeto persistente : "com.videoclub.pojo.Rental@6be7bf6d"
17:28:01,270 (main) DEBUG [DataNucleus.ValueGeneration] - Valor generado para el campo "com.videoclub.pojo.Rental.id" con estrategia="increment" (Generador="org.datanucleus.store.rdbms.valuegenerator.TableGenerator") : valor=5
17:28:01,270 (main) DEBUG [DataNucleus.Cache] - Objeto con identidad "com.videoclub.pojo.Rental:5" añadido a la Cache de nivel 1 (loadedFlags="[YYYYY]")
17:28:01,270 (main) DEBUG [DataNucleus.Transaction] - Objeto con identidad "com.videoclub.pojo.Rental:5" ha sido puesto en la cache transaccional
17:28:01,270 (main) DEBUG [DataNucleus.Persistence] - Objeto "com.videoclub.pojo.Rental@6be7bf6d" va a ser añadido a la tabla "`RENTAL`"
17:28:01,270 (main) DEBUG [DataNucleus.Connection] - ManagedConnection ABIERTO : "org.datanucleus.store.rdbms.ConnectionFactoryImpl$ManagedConnectionImpl@33364212 [conn=org.datanucleus.store.rdbms.datasource.dbcp2.PoolingDataSource$PoolGuardConnectionWrapper@2216effc, commitOnRelease=false, closeOnRelease=false, closeOnTxnEnd=true]" en resource "tx" con isolación "read-committed" y auto-commit=false
17:28:01,270 (main) DEBUG [DataNucleus.Transaction] - Running enlist operation on resource: org.datanucleus.store.rdbms.ConnectionFactoryImpl$EmulatedXAResource@745c2004, error code TMNOFLAGS and transaction [DataNucleus Transaction, ID=1418522280-15, enlisted resources=[]]
17:28:01,270 (main) DEBUG [DataNucleus.Datastore] - Utilizando PreparedStatement "com.mysql.cj.jdbc.ClientPreparedStatement: INSERT INTO `RENTAL` (`CODE`,`RENTALDATE`,`RETURNDATE`,`TITLE`,`ID`) VALUES (** NOT SPECIFIED **,** NOT SPECIFIED **,** NOT SPECIFIED **,** NOT SPECIFIED **,** NOT SPECIFIED **)" para la conneccion "org.datanucleus.store.rdbms.datasource.dbcp2.PoolingDataSource$PoolGuardConnectionWrapper@2216effc"
17:28:01,270 (main) DEBUG [DataNucleus.Datastore.Persist] - El statement "INSERT INTO `RENTAL` (`CODE`,`RENTALDATE`,`RETURNDATE`,`TITLE`,`ID`) VALUES (?,?,?,?,?)" ya es batchable
17:28:01,270 (main) DEBUG [DataNucleus.Persistence] - El objeto con identidad "com.videoclub.pojo.Rental:5" va a tener el valor en el campo "returnDate" cambiado por un SCO wrapper
17:28:01,270 (main) DEBUG [DataNucleus.Persistence] - El objeto con identidad "com.videoclub.pojo.Rental:5" va a tener el valor en el campo "rentalDate" cambiado por un SCO wrapper
17:28:01,270 (main) DEBUG [DataNucleus.Datastore.Persist] - Añadiendo statement "INSERT INTO `RENTAL` (`CODE`,`RENTALDATE`,`RETURNDATE`,`TITLE`,`ID`) VALUES (?,?,?,?,?)" al batch para procesar (tamaño de batch = 1)
17:28:01,270 (main) DEBUG [DataNucleus.Datastore.Native] - INSERT INTO `RENTAL` (`CODE`,`RENTALDATE`,`RETURNDATE`,`TITLE`,`ID`) VALUES (?,?,?,?,?)
17:28:01,271 (main) DEBUG [DataNucleus.Datastore] - SQL Tiempo de cumplir = 1 ms (numero de lineas cambiado = [1]) con el PreparedStatement "org.datanucleus.store.rdbms.datasource.dbcp2.DelegatingPreparedStatement@12010fd1"
17:28:01,271 (main) DEBUG [DataNucleus.Transaction] - Haciendo commit de la transaacción para el ExecutionContext org.datanucleus.ExecutionContextImpl@34dc85a
17:28:01,271 (main) DEBUG [DataNucleus.Persistence] - ExecutionContext.internalFlush() empezado con flush ordenado - 1 objetos registrados
17:28:01,271 (main) DEBUG [DataNucleus.Persistence] - ExecutionContext.internalFlush() terminado
17:28:01,271 (main) DEBUG [DataNucleus.Persistence] - Persistence-By-Reachability (commit) : EMPIEZA
17:28:01,271 (main) DEBUG [DataNucleus.Persistence] - Haciendo la calculación de alcanzables con objeto con identidad "com.videoclub.pojo.Rental:5"
17:28:01,272 (main) DEBUG [DataNucleus.Cache] - Objeto con identidad "com.videoclub.pojo.Rental:5" obtenido de la Cache nivel 1 (loadedFlags="[YYYYY]")
17:28:01,272 (main) DEBUG [DataNucleus.Persistence] - Object con id "com.videoclub.pojo.Rental:5" y estado de vida "P_NEW" añadido a la lista de alcanzables al commit.
17:28:01,272 (main) DEBUG [DataNucleus.Persistence] - ExecutionContext.internalFlush() empezado con flush ordenado - 0 objetos registrados
17:28:01,272 (main) DEBUG [DataNucleus.Persistence] - ExecutionContext.internalFlush() terminado
17:28:01,272 (main) DEBUG [DataNucleus.Persistence] - Persistence-By-Reachability (commit) : TERMINADO
17:28:01,272 (main) DEBUG [DataNucleus.Cache] - Objeto con identidad "com.videoclub.pojo.Rental:5" añadido a la Cache de nivel 2 (campos="[0, 1, 2, 3, 4]", version="")
17:28:01,272 (main) DEBUG [DataNucleus.Cache] - El objeto con identidad "com.videoclub.pojo.Rental:5" va a tener los campos siguientes almacendados en el objeto de Level 2 cache : [0, 1, 2, 3, 4]
17:28:01,272 (main) DEBUG [DataNucleus.Transaction] - Committing [DataNucleus Transaction, ID=1418522280-15, enlisted resources=[org.datanucleus.store.rdbms.ConnectionFactoryImpl$EmulatedXAResource@745c2004]]
17:28:01,272 (main) DEBUG [DataNucleus.Connection] - ManagedConnection VA A COMMIT : "org.datanucleus.store.rdbms.ConnectionFactoryImpl$ManagedConnectionImpl@33364212 [conn=org.datanucleus.store.rdbms.datasource.dbcp2.PoolingDataSource$PoolGuardConnectionWrapper@2216effc, commitOnRelease=false, closeOnRelease=false, closeOnTxnEnd=true]"
17:28:01,272 (main) DEBUG [DataNucleus.Connection] - ManagedConnection CERRADO : "org.datanucleus.store.rdbms.ConnectionFactoryImpl$ManagedConnectionImpl@33364212 [conn=org.datanucleus.store.rdbms.datasource.dbcp2.PoolingDataSource$PoolGuardConnectionWrapper@2216effc, commitOnRelease=false, closeOnRelease=false, closeOnTxnEnd=true]" 
17:28:01,273 (main) DEBUG [DataNucleus.Persistence] - Haciendo el objeto detachado : "com.videoclub.pojo.Rental@6be7bf6d" (profundidad=0)
17:28:01,273 (main) DEBUG [DataNucleus.Persistence] - El objeto con identidad "com.videoclub.pojo.Rental:5" va a tener el SCO wrapper en el campo "rentalDate" cambiado por el valor
17:28:01,273 (main) DEBUG [DataNucleus.Persistence] - El objeto con identidad "com.videoclub.pojo.Rental:5" va a tener el SCO wrapper en el campo "returnDate" cambiado por el valor
17:28:01,273 (main) DEBUG [DataNucleus.Persistence] - Objeto con identidad "com.videoclub.pojo.Rental:5" tiene cambio de lifeycle : "P_NEW"->"DETACHED_CLEAN"
17:28:01,273 (main) DEBUG [DataNucleus.Transaction] - Objeto con identidad "com.videoclub.pojo.Rental:5" fue borrado de la cache transactional
17:28:01,273 (main) DEBUG [DataNucleus.Persistence] - Disconectando objeto con identidad "com.videoclub.pojo.Rental:5" de StateManager[pc=com.videoclub.pojo.Rental@6be7bf6d, lifecycle=DETACHED_CLEAN]
17:28:01,273 (main) DEBUG [DataNucleus.Cache] - Objeto con identidad="com.videoclub.pojo.Rental:5" borrado de la Cache de nivel 1
17:28:01,273 (main) DEBUG [DataNucleus.Transaction] - Transacción committed en 3 ms
17:28:01,273 (main) DEBUG [DataNucleus.Persistence] - ExecutionContext "org.datanucleus.ExecutionContextImpl@34dc85a" se cerró
17:28:01,273 (main) DEBUG [DataNucleus.Persistence] - ExecutionContext "org.datanucleus.ExecutionContextImpl@34dc85a" se abrió para la base de datos "org.datanucleus.store.rdbms.RDBMSStoreManager@6d4a65c6" con transaccion="org.datanucleus.transaction.TransactionImpl@552ed807"
17:28:01,273 (main) DEBUG [DataNucleus.Transaction] - Transaction created [DataNucleus Transaction, ID=1418522280-16, enlisted resources=[]]
17:28:01,273 (main) DEBUG [DataNucleus.Transaction] - Transacción empezada para el ExecutionContext org.datanucleus.ExecutionContextImpl@34dc85a (optimistic=false)
* Storing a class com.videoclub.pojo.Rental : Rental [id=0, title=Movie3, movie=Movie [title=Movie3, genre=DRAMA, duration=90, year=2012, director=luis, rentalPrice=4.25], code=3, customer=User [code=3, username=client,type=CLIENT, password=948fe603f61dc036b5c596dc09fe3ce3f3d30dc90f024c85f3c82db2ccab679d, email=client@email.com, name=ClientName, surname=ClientSurname], rentalDate=Mon May 22 17:28:01 CEST 2023, returnDate=Mon May 22 17:28:01 CEST 2023]
17:28:01,273 (main) DEBUG [DataNucleus.Persistence] - Haciendo el objeto persistente : "com.videoclub.pojo.Rental@23940f86"
17:28:01,273 (main) DEBUG [DataNucleus.ValueGeneration] - Valor generado para el campo "com.videoclub.pojo.Rental.id" con estrategia="increment" (Generador="org.datanucleus.store.rdbms.valuegenerator.TableGenerator") : valor=6
17:28:01,273 (main) DEBUG [DataNucleus.Cache] - Objeto con identidad "com.videoclub.pojo.Rental:6" añadido a la Cache de nivel 1 (loadedFlags="[YYYYY]")
17:28:01,273 (main) DEBUG [DataNucleus.Transaction] - Objeto con identidad "com.videoclub.pojo.Rental:6" ha sido puesto en la cache transaccional
17:28:01,273 (main) DEBUG [DataNucleus.Persistence] - Objeto "com.videoclub.pojo.Rental@23940f86" va a ser añadido a la tabla "`RENTAL`"
17:28:01,273 (main) DEBUG [DataNucleus.Connection] - ManagedConnection ABIERTO : "org.datanucleus.store.rdbms.ConnectionFactoryImpl$ManagedConnectionImpl@455824ad [conn=org.datanucleus.store.rdbms.datasource.dbcp2.PoolingDataSource$PoolGuardConnectionWrapper@7318daf8, commitOnRelease=false, closeOnRelease=false, closeOnTxnEnd=true]" en resource "tx" con isolación "read-committed" y auto-commit=false
17:28:01,274 (main) DEBUG [DataNucleus.Transaction] - Running enlist operation on resource: org.datanucleus.store.rdbms.ConnectionFactoryImpl$EmulatedXAResource@70f31322, error code TMNOFLAGS and transaction [DataNucleus Transaction, ID=1418522280-16, enlisted resources=[]]
17:28:01,274 (main) DEBUG [DataNucleus.Datastore] - Utilizando PreparedStatement "com.mysql.cj.jdbc.ClientPreparedStatement: INSERT INTO `RENTAL` (`CODE`,`RENTALDATE`,`RETURNDATE`,`TITLE`,`ID`) VALUES (** NOT SPECIFIED **,** NOT SPECIFIED **,** NOT SPECIFIED **,** NOT SPECIFIED **,** NOT SPECIFIED **)" para la conneccion "org.datanucleus.store.rdbms.datasource.dbcp2.PoolingDataSource$PoolGuardConnectionWrapper@7318daf8"
17:28:01,274 (main) DEBUG [DataNucleus.Datastore.Persist] - El statement "INSERT INTO `RENTAL` (`CODE`,`RENTALDATE`,`RETURNDATE`,`TITLE`,`ID`) VALUES (?,?,?,?,?)" ya es batchable
17:28:01,274 (main) DEBUG [DataNucleus.Persistence] - El objeto con identidad "com.videoclub.pojo.Rental:6" va a tener el valor en el campo "returnDate" cambiado por un SCO wrapper
17:28:01,274 (main) DEBUG [DataNucleus.Persistence] - El objeto con identidad "com.videoclub.pojo.Rental:6" va a tener el valor en el campo "rentalDate" cambiado por un SCO wrapper
17:28:01,274 (main) DEBUG [DataNucleus.Datastore.Persist] - Añadiendo statement "INSERT INTO `RENTAL` (`CODE`,`RENTALDATE`,`RETURNDATE`,`TITLE`,`ID`) VALUES (?,?,?,?,?)" al batch para procesar (tamaño de batch = 1)
17:28:01,274 (main) DEBUG [DataNucleus.Datastore.Native] - INSERT INTO `RENTAL` (`CODE`,`RENTALDATE`,`RETURNDATE`,`TITLE`,`ID`) VALUES (?,?,?,?,?)
17:28:01,274 (main) DEBUG [DataNucleus.Datastore] - SQL Tiempo de cumplir = 0 ms (numero de lineas cambiado = [1]) con el PreparedStatement "org.datanucleus.store.rdbms.datasource.dbcp2.DelegatingPreparedStatement@e1e2e5e"
17:28:01,274 (main) DEBUG [DataNucleus.Transaction] - Haciendo commit de la transaacción para el ExecutionContext org.datanucleus.ExecutionContextImpl@34dc85a
17:28:01,274 (main) DEBUG [DataNucleus.Persistence] - ExecutionContext.internalFlush() empezado con flush ordenado - 1 objetos registrados
17:28:01,274 (main) DEBUG [DataNucleus.Persistence] - ExecutionContext.internalFlush() terminado
17:28:01,274 (main) DEBUG [DataNucleus.Persistence] - Persistence-By-Reachability (commit) : EMPIEZA
17:28:01,274 (main) DEBUG [DataNucleus.Persistence] - Haciendo la calculación de alcanzables con objeto con identidad "com.videoclub.pojo.Rental:6"
17:28:01,274 (main) DEBUG [DataNucleus.Cache] - Objeto con identidad "com.videoclub.pojo.Rental:6" obtenido de la Cache nivel 1 (loadedFlags="[YYYYY]")
17:28:01,274 (main) DEBUG [DataNucleus.Persistence] - Object con id "com.videoclub.pojo.Rental:6" y estado de vida "P_NEW" añadido a la lista de alcanzables al commit.
17:28:01,274 (main) DEBUG [DataNucleus.Persistence] - ExecutionContext.internalFlush() empezado con flush ordenado - 0 objetos registrados
17:28:01,274 (main) DEBUG [DataNucleus.Persistence] - ExecutionContext.internalFlush() terminado
17:28:01,274 (main) DEBUG [DataNucleus.Persistence] - Persistence-By-Reachability (commit) : TERMINADO
17:28:01,275 (main) DEBUG [DataNucleus.Cache] - Objeto con identidad "com.videoclub.pojo.Rental:6" añadido a la Cache de nivel 2 (campos="[0, 1, 2, 3, 4]", version="")
17:28:01,275 (main) DEBUG [DataNucleus.Cache] - El objeto con identidad "com.videoclub.pojo.Rental:6" va a tener los campos siguientes almacendados en el objeto de Level 2 cache : [0, 1, 2, 3, 4]
17:28:01,275 (main) DEBUG [DataNucleus.Transaction] - Committing [DataNucleus Transaction, ID=1418522280-16, enlisted resources=[org.datanucleus.store.rdbms.ConnectionFactoryImpl$EmulatedXAResource@70f31322]]
17:28:01,275 (main) DEBUG [DataNucleus.Connection] - ManagedConnection VA A COMMIT : "org.datanucleus.store.rdbms.ConnectionFactoryImpl$ManagedConnectionImpl@455824ad [conn=org.datanucleus.store.rdbms.datasource.dbcp2.PoolingDataSource$PoolGuardConnectionWrapper@7318daf8, commitOnRelease=false, closeOnRelease=false, closeOnTxnEnd=true]"
17:28:01,275 (main) DEBUG [DataNucleus.Connection] - ManagedConnection CERRADO : "org.datanucleus.store.rdbms.ConnectionFactoryImpl$ManagedConnectionImpl@455824ad [conn=org.datanucleus.store.rdbms.datasource.dbcp2.PoolingDataSource$PoolGuardConnectionWrapper@7318daf8, commitOnRelease=false, closeOnRelease=false, closeOnTxnEnd=true]" 
17:28:01,276 (main) DEBUG [DataNucleus.Persistence] - Haciendo el objeto detachado : "com.videoclub.pojo.Rental@23940f86" (profundidad=0)
17:28:01,276 (main) DEBUG [DataNucleus.Persistence] - El objeto con identidad "com.videoclub.pojo.Rental:6" va a tener el SCO wrapper en el campo "rentalDate" cambiado por el valor
17:28:01,276 (main) DEBUG [DataNucleus.Persistence] - El objeto con identidad "com.videoclub.pojo.Rental:6" va a tener el SCO wrapper en el campo "returnDate" cambiado por el valor
17:28:01,276 (main) DEBUG [DataNucleus.Persistence] - Objeto con identidad "com.videoclub.pojo.Rental:6" tiene cambio de lifeycle : "P_NEW"->"DETACHED_CLEAN"
17:28:01,276 (main) DEBUG [DataNucleus.Transaction] - Objeto con identidad "com.videoclub.pojo.Rental:6" fue borrado de la cache transactional
17:28:01,276 (main) DEBUG [DataNucleus.Persistence] - Disconectando objeto con identidad "com.videoclub.pojo.Rental:6" de StateManager[pc=com.videoclub.pojo.Rental@23940f86, lifecycle=DETACHED_CLEAN]
17:28:01,276 (main) DEBUG [DataNucleus.Cache] - Objeto con identidad="com.videoclub.pojo.Rental:6" borrado de la Cache de nivel 1
17:28:01,276 (main) DEBUG [DataNucleus.Transaction] - Transacción committed en 2 ms
17:28:01,276 (main) DEBUG [DataNucleus.Persistence] - ExecutionContext "org.datanucleus.ExecutionContextImpl@34dc85a" se cerró
17:28:01,276 (main) DEBUG [DataNucleus.Persistence] - ExecutionContext "org.datanucleus.ExecutionContextImpl@34dc85a" se abrió para la base de datos "org.datanucleus.store.rdbms.RDBMSStoreManager@6d4a65c6" con transaccion="org.datanucleus.transaction.TransactionImpl@37864b77"
17:28:01,276 (main) DEBUG [DataNucleus.Transaction] - Transaction created [DataNucleus Transaction, ID=1418522280-17, enlisted resources=[]]
17:28:01,276 (main) DEBUG [DataNucleus.Transaction] - Transacción empezada para el ExecutionContext org.datanucleus.ExecutionContextImpl@34dc85a (optimistic=false)
* Storing a class com.videoclub.pojo.Rental : Rental [id=0, title=Movie4, movie=Movie [title=Movie4, genre=COMEDY, duration=160, year=2004, director=juana, rentalPrice=14.34], code=2, customer=User [code=2, username=assaz,type=CLIENT, password=3200a7486419e1efd8cbbad503fb0c6140ef7e7cf69807249fda25d59c215e5c, email=asier.account@email.com, name=Asier, surname=Belloso], rentalDate=Mon May 22 17:28:01 CEST 2023, returnDate=Mon May 22 17:28:01 CEST 2023]
17:28:01,276 (main) DEBUG [DataNucleus.Persistence] - Haciendo el objeto persistente : "com.videoclub.pojo.Rental@540b0448"
17:28:01,276 (main) DEBUG [DataNucleus.ValueGeneration] - Valor generado para el campo "com.videoclub.pojo.Rental.id" con estrategia="increment" (Generador="org.datanucleus.store.rdbms.valuegenerator.TableGenerator") : valor=7
17:28:01,276 (main) DEBUG [DataNucleus.Cache] - Objeto con identidad "com.videoclub.pojo.Rental:7" añadido a la Cache de nivel 1 (loadedFlags="[YYYYY]")
17:28:01,276 (main) DEBUG [DataNucleus.Transaction] - Objeto con identidad "com.videoclub.pojo.Rental:7" ha sido puesto en la cache transaccional
17:28:01,276 (main) DEBUG [DataNucleus.Persistence] - Objeto "com.videoclub.pojo.Rental@540b0448" va a ser añadido a la tabla "`RENTAL`"
17:28:01,277 (main) DEBUG [DataNucleus.Connection] - ManagedConnection ABIERTO : "org.datanucleus.store.rdbms.ConnectionFactoryImpl$ManagedConnectionImpl@557eb543 [conn=org.datanucleus.store.rdbms.datasource.dbcp2.PoolingDataSource$PoolGuardConnectionWrapper@3b95d13c, commitOnRelease=false, closeOnRelease=false, closeOnTxnEnd=true]" en resource "tx" con isolación "read-committed" y auto-commit=false
17:28:01,277 (main) DEBUG [DataNucleus.Transaction] - Running enlist operation on resource: org.datanucleus.store.rdbms.ConnectionFactoryImpl$EmulatedXAResource@3730ab42, error code TMNOFLAGS and transaction [DataNucleus Transaction, ID=1418522280-17, enlisted resources=[]]
17:28:01,277 (main) DEBUG [DataNucleus.Datastore] - Utilizando PreparedStatement "com.mysql.cj.jdbc.ClientPreparedStatement: INSERT INTO `RENTAL` (`CODE`,`RENTALDATE`,`RETURNDATE`,`TITLE`,`ID`) VALUES (** NOT SPECIFIED **,** NOT SPECIFIED **,** NOT SPECIFIED **,** NOT SPECIFIED **,** NOT SPECIFIED **)" para la conneccion "org.datanucleus.store.rdbms.datasource.dbcp2.PoolingDataSource$PoolGuardConnectionWrapper@3b95d13c"
17:28:01,277 (main) DEBUG [DataNucleus.Datastore.Persist] - El statement "INSERT INTO `RENTAL` (`CODE`,`RENTALDATE`,`RETURNDATE`,`TITLE`,`ID`) VALUES (?,?,?,?,?)" ya es batchable
17:28:01,277 (main) DEBUG [DataNucleus.Persistence] - El objeto con identidad "com.videoclub.pojo.Rental:7" va a tener el valor en el campo "returnDate" cambiado por un SCO wrapper
17:28:01,277 (main) DEBUG [DataNucleus.Persistence] - El objeto con identidad "com.videoclub.pojo.Rental:7" va a tener el valor en el campo "rentalDate" cambiado por un SCO wrapper
17:28:01,277 (main) DEBUG [DataNucleus.Datastore.Persist] - Añadiendo statement "INSERT INTO `RENTAL` (`CODE`,`RENTALDATE`,`RETURNDATE`,`TITLE`,`ID`) VALUES (?,?,?,?,?)" al batch para procesar (tamaño de batch = 1)
17:28:01,277 (main) DEBUG [DataNucleus.Datastore.Native] - INSERT INTO `RENTAL` (`CODE`,`RENTALDATE`,`RETURNDATE`,`TITLE`,`ID`) VALUES (?,?,?,?,?)
17:28:01,278 (main) DEBUG [DataNucleus.Datastore] - SQL Tiempo de cumplir = 1 ms (numero de lineas cambiado = [1]) con el PreparedStatement "org.datanucleus.store.rdbms.datasource.dbcp2.DelegatingPreparedStatement@6601cc93"
17:28:01,278 (main) DEBUG [DataNucleus.Transaction] - Haciendo commit de la transaacción para el ExecutionContext org.datanucleus.ExecutionContextImpl@34dc85a
17:28:01,278 (main) DEBUG [DataNucleus.Persistence] - ExecutionContext.internalFlush() empezado con flush ordenado - 1 objetos registrados
17:28:01,278 (main) DEBUG [DataNucleus.Persistence] - ExecutionContext.internalFlush() terminado
17:28:01,278 (main) DEBUG [DataNucleus.Persistence] - Persistence-By-Reachability (commit) : EMPIEZA
17:28:01,278 (main) DEBUG [DataNucleus.Persistence] - Haciendo la calculación de alcanzables con objeto con identidad "com.videoclub.pojo.Rental:7"
17:28:01,278 (main) DEBUG [DataNucleus.Cache] - Objeto con identidad "com.videoclub.pojo.Rental:7" obtenido de la Cache nivel 1 (loadedFlags="[YYYYY]")
17:28:01,278 (main) DEBUG [DataNucleus.Persistence] - Object con id "com.videoclub.pojo.Rental:7" y estado de vida "P_NEW" añadido a la lista de alcanzables al commit.
17:28:01,278 (main) DEBUG [DataNucleus.Persistence] - ExecutionContext.internalFlush() empezado con flush ordenado - 0 objetos registrados
17:28:01,278 (main) DEBUG [DataNucleus.Persistence] - ExecutionContext.internalFlush() terminado
17:28:01,278 (main) DEBUG [DataNucleus.Persistence] - Persistence-By-Reachability (commit) : TERMINADO
17:28:01,278 (main) DEBUG [DataNucleus.Cache] - Objeto con identidad "com.videoclub.pojo.Rental:7" añadido a la Cache de nivel 2 (campos="[0, 1, 2, 3, 4]", version="")
17:28:01,278 (main) DEBUG [DataNucleus.Cache] - El objeto con identidad "com.videoclub.pojo.Rental:7" va a tener los campos siguientes almacendados en el objeto de Level 2 cache : [0, 1, 2, 3, 4]
17:28:01,278 (main) DEBUG [DataNucleus.Transaction] - Committing [DataNucleus Transaction, ID=1418522280-17, enlisted resources=[org.datanucleus.store.rdbms.ConnectionFactoryImpl$EmulatedXAResource@3730ab42]]
17:28:01,278 (main) DEBUG [DataNucleus.Connection] - ManagedConnection VA A COMMIT : "org.datanucleus.store.rdbms.ConnectionFactoryImpl$ManagedConnectionImpl@557eb543 [conn=org.datanucleus.store.rdbms.datasource.dbcp2.PoolingDataSource$PoolGuardConnectionWrapper@3b95d13c, commitOnRelease=false, closeOnRelease=false, closeOnTxnEnd=true]"
17:28:01,279 (main) DEBUG [DataNucleus.Connection] - ManagedConnection CERRADO : "org.datanucleus.store.rdbms.ConnectionFactoryImpl$ManagedConnectionImpl@557eb543 [conn=org.datanucleus.store.rdbms.datasource.dbcp2.PoolingDataSource$PoolGuardConnectionWrapper@3b95d13c, commitOnRelease=false, closeOnRelease=false, closeOnTxnEnd=true]" 
17:28:01,280 (main) DEBUG [DataNucleus.Persistence] - Haciendo el objeto detachado : "com.videoclub.pojo.Rental@540b0448" (profundidad=0)
17:28:01,280 (main) DEBUG [DataNucleus.Persistence] - El objeto con identidad "com.videoclub.pojo.Rental:7" va a tener el SCO wrapper en el campo "rentalDate" cambiado por el valor
17:28:01,280 (main) DEBUG [DataNucleus.Persistence] - El objeto con identidad "com.videoclub.pojo.Rental:7" va a tener el SCO wrapper en el campo "returnDate" cambiado por el valor
17:28:01,280 (main) DEBUG [DataNucleus.Persistence] - Objeto con identidad "com.videoclub.pojo.Rental:7" tiene cambio de lifeycle : "P_NEW"->"DETACHED_CLEAN"
17:28:01,280 (main) DEBUG [DataNucleus.Transaction] - Objeto con identidad "com.videoclub.pojo.Rental:7" fue borrado de la cache transactional
17:28:01,280 (main) DEBUG [DataNucleus.Persistence] - Disconectando objeto con identidad "com.videoclub.pojo.Rental:7" de StateManager[pc=com.videoclub.pojo.Rental@540b0448, lifecycle=DETACHED_CLEAN]
17:28:01,280 (main) DEBUG [DataNucleus.Cache] - Objeto con identidad="com.videoclub.pojo.Rental:7" borrado de la Cache de nivel 1
17:28:01,280 (main) DEBUG [DataNucleus.Transaction] - Transacción committed en 3 ms
17:28:01,280 (main) DEBUG [DataNucleus.Persistence] - ExecutionContext "org.datanucleus.ExecutionContextImpl@34dc85a" se cerró
17:28:01,280 (main) DEBUG [DataNucleus.Persistence] - ExecutionContext "org.datanucleus.ExecutionContextImpl@34dc85a" se abrió para la base de datos "org.datanucleus.store.rdbms.RDBMSStoreManager@6d4a65c6" con transaccion="org.datanucleus.transaction.TransactionImpl@63716833"
17:28:01,280 (main) DEBUG [DataNucleus.Transaction] - Transaction created [DataNucleus Transaction, ID=1418522280-18, enlisted resources=[]]
17:28:01,280 (main) DEBUG [DataNucleus.Transaction] - Transacción empezada para el ExecutionContext org.datanucleus.ExecutionContextImpl@34dc85a (optimistic=false)
* Storing a class com.videoclub.pojo.Rental : Rental [id=0, title=Movie5, movie=Movie [title=Movie5, genre=MUSICAL, duration=90, year=1997, director=paco, rentalPrice=9.25], code=1, customer=User [code=1, username=admin,type=ADMIN, password=8c6976e5b5410415bde908bd4dee15dfb167a9c873fc4bb8a81f6f2ab448a918, email=admin@email.com, name=AdminName, surname=AdminSurname], rentalDate=Mon May 22 17:28:01 CEST 2023, returnDate=Mon May 22 17:28:01 CEST 2023]
17:28:01,280 (main) DEBUG [DataNucleus.Persistence] - Haciendo el objeto persistente : "com.videoclub.pojo.Rental@3fbfbf84"
17:28:01,280 (main) DEBUG [DataNucleus.ValueGeneration] - Valor generado para el campo "com.videoclub.pojo.Rental.id" con estrategia="increment" (Generador="org.datanucleus.store.rdbms.valuegenerator.TableGenerator") : valor=8
17:28:01,280 (main) DEBUG [DataNucleus.Cache] - Objeto con identidad "com.videoclub.pojo.Rental:8" añadido a la Cache de nivel 1 (loadedFlags="[YYYYY]")
17:28:01,280 (main) DEBUG [DataNucleus.Transaction] - Objeto con identidad "com.videoclub.pojo.Rental:8" ha sido puesto en la cache transaccional
17:28:01,280 (main) DEBUG [DataNucleus.Persistence] - Objeto "com.videoclub.pojo.Rental@3fbfbf84" va a ser añadido a la tabla "`RENTAL`"
17:28:01,281 (main) DEBUG [DataNucleus.Connection] - ManagedConnection ABIERTO : "org.datanucleus.store.rdbms.ConnectionFactoryImpl$ManagedConnectionImpl@4bafe935 [conn=org.datanucleus.store.rdbms.datasource.dbcp2.PoolingDataSource$PoolGuardConnectionWrapper@87b5b49, commitOnRelease=false, closeOnRelease=false, closeOnTxnEnd=true]" en resource "tx" con isolación "read-committed" y auto-commit=false
17:28:01,281 (main) DEBUG [DataNucleus.Transaction] - Running enlist operation on resource: org.datanucleus.store.rdbms.ConnectionFactoryImpl$EmulatedXAResource@4a7a965d, error code TMNOFLAGS and transaction [DataNucleus Transaction, ID=1418522280-18, enlisted resources=[]]
17:28:01,281 (main) DEBUG [DataNucleus.Datastore] - Utilizando PreparedStatement "com.mysql.cj.jdbc.ClientPreparedStatement: INSERT INTO `RENTAL` (`CODE`,`RENTALDATE`,`RETURNDATE`,`TITLE`,`ID`) VALUES (** NOT SPECIFIED **,** NOT SPECIFIED **,** NOT SPECIFIED **,** NOT SPECIFIED **,** NOT SPECIFIED **)" para la conneccion "org.datanucleus.store.rdbms.datasource.dbcp2.PoolingDataSource$PoolGuardConnectionWrapper@87b5b49"
17:28:01,281 (main) DEBUG [DataNucleus.Datastore.Persist] - El statement "INSERT INTO `RENTAL` (`CODE`,`RENTALDATE`,`RETURNDATE`,`TITLE`,`ID`) VALUES (?,?,?,?,?)" ya es batchable
17:28:01,281 (main) DEBUG [DataNucleus.Persistence] - El objeto con identidad "com.videoclub.pojo.Rental:8" va a tener el valor en el campo "returnDate" cambiado por un SCO wrapper
17:28:01,281 (main) DEBUG [DataNucleus.Persistence] - El objeto con identidad "com.videoclub.pojo.Rental:8" va a tener el valor en el campo "rentalDate" cambiado por un SCO wrapper
17:28:01,281 (main) DEBUG [DataNucleus.Datastore.Persist] - Añadiendo statement "INSERT INTO `RENTAL` (`CODE`,`RENTALDATE`,`RETURNDATE`,`TITLE`,`ID`) VALUES (?,?,?,?,?)" al batch para procesar (tamaño de batch = 1)
17:28:01,281 (main) DEBUG [DataNucleus.Datastore.Native] - INSERT INTO `RENTAL` (`CODE`,`RENTALDATE`,`RETURNDATE`,`TITLE`,`ID`) VALUES (?,?,?,?,?)
17:28:01,282 (main) DEBUG [DataNucleus.Datastore] - SQL Tiempo de cumplir = 1 ms (numero de lineas cambiado = [1]) con el PreparedStatement "org.datanucleus.store.rdbms.datasource.dbcp2.DelegatingPreparedStatement@365a6a43"
17:28:01,282 (main) DEBUG [DataNucleus.Transaction] - Haciendo commit de la transaacción para el ExecutionContext org.datanucleus.ExecutionContextImpl@34dc85a
17:28:01,282 (main) DEBUG [DataNucleus.Persistence] - ExecutionContext.internalFlush() empezado con flush ordenado - 1 objetos registrados
17:28:01,282 (main) DEBUG [DataNucleus.Persistence] - ExecutionContext.internalFlush() terminado
17:28:01,282 (main) DEBUG [DataNucleus.Persistence] - Persistence-By-Reachability (commit) : EMPIEZA
17:28:01,282 (main) DEBUG [DataNucleus.Persistence] - Haciendo la calculación de alcanzables con objeto con identidad "com.videoclub.pojo.Rental:8"
17:28:01,282 (main) DEBUG [DataNucleus.Cache] - Objeto con identidad "com.videoclub.pojo.Rental:8" obtenido de la Cache nivel 1 (loadedFlags="[YYYYY]")
17:28:01,282 (main) DEBUG [DataNucleus.Persistence] - Object con id "com.videoclub.pojo.Rental:8" y estado de vida "P_NEW" añadido a la lista de alcanzables al commit.
17:28:01,282 (main) DEBUG [DataNucleus.Persistence] - ExecutionContext.internalFlush() empezado con flush ordenado - 0 objetos registrados
17:28:01,282 (main) DEBUG [DataNucleus.Persistence] - ExecutionContext.internalFlush() terminado
17:28:01,282 (main) DEBUG [DataNucleus.Persistence] - Persistence-By-Reachability (commit) : TERMINADO
17:28:01,282 (main) DEBUG [DataNucleus.Cache] - Objeto con identidad "com.videoclub.pojo.Rental:8" añadido a la Cache de nivel 2 (campos="[0, 1, 2, 3, 4]", version="")
17:28:01,282 (main) DEBUG [DataNucleus.Cache] - El objeto con identidad "com.videoclub.pojo.Rental:8" va a tener los campos siguientes almacendados en el objeto de Level 2 cache : [0, 1, 2, 3, 4]
17:28:01,282 (main) DEBUG [DataNucleus.Transaction] - Committing [DataNucleus Transaction, ID=1418522280-18, enlisted resources=[org.datanucleus.store.rdbms.ConnectionFactoryImpl$EmulatedXAResource@4a7a965d]]
17:28:01,282 (main) DEBUG [DataNucleus.Connection] - ManagedConnection VA A COMMIT : "org.datanucleus.store.rdbms.ConnectionFactoryImpl$ManagedConnectionImpl@4bafe935 [conn=org.datanucleus.store.rdbms.datasource.dbcp2.PoolingDataSource$PoolGuardConnectionWrapper@87b5b49, commitOnRelease=false, closeOnRelease=false, closeOnTxnEnd=true]"
17:28:01,283 (main) DEBUG [DataNucleus.Connection] - ManagedConnection CERRADO : "org.datanucleus.store.rdbms.ConnectionFactoryImpl$ManagedConnectionImpl@4bafe935 [conn=org.datanucleus.store.rdbms.datasource.dbcp2.PoolingDataSource$PoolGuardConnectionWrapper@87b5b49, commitOnRelease=false, closeOnRelease=false, closeOnTxnEnd=true]" 
17:28:01,283 (main) DEBUG [DataNucleus.Persistence] - Haciendo el objeto detachado : "com.videoclub.pojo.Rental@3fbfbf84" (profundidad=0)
17:28:01,283 (main) DEBUG [DataNucleus.Persistence] - El objeto con identidad "com.videoclub.pojo.Rental:8" va a tener el SCO wrapper en el campo "rentalDate" cambiado por el valor
17:28:01,283 (main) DEBUG [DataNucleus.Persistence] - El objeto con identidad "com.videoclub.pojo.Rental:8" va a tener el SCO wrapper en el campo "returnDate" cambiado por el valor
17:28:01,283 (main) DEBUG [DataNucleus.Persistence] - Objeto con identidad "com.videoclub.pojo.Rental:8" tiene cambio de lifeycle : "P_NEW"->"DETACHED_CLEAN"
17:28:01,283 (main) DEBUG [DataNucleus.Transaction] - Objeto con identidad "com.videoclub.pojo.Rental:8" fue borrado de la cache transactional
17:28:01,283 (main) DEBUG [DataNucleus.Persistence] - Disconectando objeto con identidad "com.videoclub.pojo.Rental:8" de StateManager[pc=com.videoclub.pojo.Rental@3fbfbf84, lifecycle=DETACHED_CLEAN]
17:28:01,283 (main) DEBUG [DataNucleus.Cache] - Objeto con identidad="com.videoclub.pojo.Rental:8" borrado de la Cache de nivel 1
17:28:01,283 (main) DEBUG [DataNucleus.Transaction] - Transacción committed en 2 ms
17:28:01,284 (main) DEBUG [DataNucleus.Persistence] - ExecutionContext "org.datanucleus.ExecutionContextImpl@34dc85a" se cerró
17:28:01,284 (main) DEBUG [DataNucleus.Persistence] - ExecutionContext "org.datanucleus.ExecutionContextImpl@34dc85a" se abrió para la base de datos "org.datanucleus.store.rdbms.RDBMSStoreManager@6d4a65c6" con transaccion="org.datanucleus.transaction.TransactionImpl@23b3aa8c"
17:28:01,284 (main) DEBUG [DataNucleus.Transaction] - Transaction created [DataNucleus Transaction, ID=1418522280-19, enlisted resources=[]]
17:28:01,284 (main) DEBUG [DataNucleus.Transaction] - Transacción empezada para el ExecutionContext org.datanucleus.ExecutionContextImpl@34dc85a (optimistic=false)
* Storing a class com.videoclub.pojo.Rental : Rental [id=0, title=Movie6, movie=Movie [title=Movie6, genre=FANTASY, duration=120, year=2015, director=juana, rentalPrice=6.74], code=3, customer=User [code=3, username=client,type=CLIENT, password=948fe603f61dc036b5c596dc09fe3ce3f3d30dc90f024c85f3c82db2ccab679d, email=client@email.com, name=ClientName, surname=ClientSurname], rentalDate=Mon May 22 17:28:01 CEST 2023, returnDate=Mon May 22 17:28:01 CEST 2023]
17:28:01,284 (main) DEBUG [DataNucleus.Persistence] - Haciendo el objeto persistente : "com.videoclub.pojo.Rental@6c796cc1"
17:28:01,284 (main) DEBUG [DataNucleus.ValueGeneration] - Valor generado para el campo "com.videoclub.pojo.Rental.id" con estrategia="increment" (Generador="org.datanucleus.store.rdbms.valuegenerator.TableGenerator") : valor=9
17:28:01,284 (main) DEBUG [DataNucleus.Cache] - Objeto con identidad "com.videoclub.pojo.Rental:9" añadido a la Cache de nivel 1 (loadedFlags="[YYYYY]")
17:28:01,284 (main) DEBUG [DataNucleus.Transaction] - Objeto con identidad "com.videoclub.pojo.Rental:9" ha sido puesto en la cache transaccional
17:28:01,284 (main) DEBUG [DataNucleus.Persistence] - Objeto "com.videoclub.pojo.Rental@6c796cc1" va a ser añadido a la tabla "`RENTAL`"
17:28:01,285 (main) DEBUG [DataNucleus.Connection] - ManagedConnection ABIERTO : "org.datanucleus.store.rdbms.ConnectionFactoryImpl$ManagedConnectionImpl@1cb7936c [conn=org.datanucleus.store.rdbms.datasource.dbcp2.PoolingDataSource$PoolGuardConnectionWrapper@35342d2f, commitOnRelease=false, closeOnRelease=false, closeOnTxnEnd=true]" en resource "tx" con isolación "read-committed" y auto-commit=false
17:28:01,285 (main) DEBUG [DataNucleus.Transaction] - Running enlist operation on resource: org.datanucleus.store.rdbms.ConnectionFactoryImpl$EmulatedXAResource@128c502c, error code TMNOFLAGS and transaction [DataNucleus Transaction, ID=1418522280-19, enlisted resources=[]]
17:28:01,285 (main) DEBUG [DataNucleus.Datastore] - Utilizando PreparedStatement "com.mysql.cj.jdbc.ClientPreparedStatement: INSERT INTO `RENTAL` (`CODE`,`RENTALDATE`,`RETURNDATE`,`TITLE`,`ID`) VALUES (** NOT SPECIFIED **,** NOT SPECIFIED **,** NOT SPECIFIED **,** NOT SPECIFIED **,** NOT SPECIFIED **)" para la conneccion "org.datanucleus.store.rdbms.datasource.dbcp2.PoolingDataSource$PoolGuardConnectionWrapper@35342d2f"
17:28:01,285 (main) DEBUG [DataNucleus.Datastore.Persist] - El statement "INSERT INTO `RENTAL` (`CODE`,`RENTALDATE`,`RETURNDATE`,`TITLE`,`ID`) VALUES (?,?,?,?,?)" ya es batchable
17:28:01,285 (main) DEBUG [DataNucleus.Persistence] - El objeto con identidad "com.videoclub.pojo.Rental:9" va a tener el valor en el campo "returnDate" cambiado por un SCO wrapper
17:28:01,285 (main) DEBUG [DataNucleus.Persistence] - El objeto con identidad "com.videoclub.pojo.Rental:9" va a tener el valor en el campo "rentalDate" cambiado por un SCO wrapper
17:28:01,285 (main) DEBUG [DataNucleus.Datastore.Persist] - Añadiendo statement "INSERT INTO `RENTAL` (`CODE`,`RENTALDATE`,`RETURNDATE`,`TITLE`,`ID`) VALUES (?,?,?,?,?)" al batch para procesar (tamaño de batch = 1)
17:28:01,285 (main) DEBUG [DataNucleus.Datastore.Native] - INSERT INTO `RENTAL` (`CODE`,`RENTALDATE`,`RETURNDATE`,`TITLE`,`ID`) VALUES (?,?,?,?,?)
17:28:01,286 (main) DEBUG [DataNucleus.Datastore] - SQL Tiempo de cumplir = 1 ms (numero de lineas cambiado = [1]) con el PreparedStatement "org.datanucleus.store.rdbms.datasource.dbcp2.DelegatingPreparedStatement@7123be6c"
17:28:01,286 (main) DEBUG [DataNucleus.Transaction] - Haciendo commit de la transaacción para el ExecutionContext org.datanucleus.ExecutionContextImpl@34dc85a
17:28:01,286 (main) DEBUG [DataNucleus.Persistence] - ExecutionContext.internalFlush() empezado con flush ordenado - 1 objetos registrados
17:28:01,286 (main) DEBUG [DataNucleus.Persistence] - ExecutionContext.internalFlush() terminado
17:28:01,286 (main) DEBUG [DataNucleus.Persistence] - Persistence-By-Reachability (commit) : EMPIEZA
17:28:01,286 (main) DEBUG [DataNucleus.Persistence] - Haciendo la calculación de alcanzables con objeto con identidad "com.videoclub.pojo.Rental:9"
17:28:01,286 (main) DEBUG [DataNucleus.Cache] - Objeto con identidad "com.videoclub.pojo.Rental:9" obtenido de la Cache nivel 1 (loadedFlags="[YYYYY]")
17:28:01,286 (main) DEBUG [DataNucleus.Persistence] - Object con id "com.videoclub.pojo.Rental:9" y estado de vida "P_NEW" añadido a la lista de alcanzables al commit.
17:28:01,286 (main) DEBUG [DataNucleus.Persistence] - ExecutionContext.internalFlush() empezado con flush ordenado - 0 objetos registrados
17:28:01,286 (main) DEBUG [DataNucleus.Persistence] - ExecutionContext.internalFlush() terminado
17:28:01,286 (main) DEBUG [DataNucleus.Persistence] - Persistence-By-Reachability (commit) : TERMINADO
17:28:01,286 (main) DEBUG [DataNucleus.Cache] - Objeto con identidad "com.videoclub.pojo.Rental:9" añadido a la Cache de nivel 2 (campos="[0, 1, 2, 3, 4]", version="")
17:28:01,286 (main) DEBUG [DataNucleus.Cache] - El objeto con identidad "com.videoclub.pojo.Rental:9" va a tener los campos siguientes almacendados en el objeto de Level 2 cache : [0, 1, 2, 3, 4]
17:28:01,286 (main) DEBUG [DataNucleus.Transaction] - Committing [DataNucleus Transaction, ID=1418522280-19, enlisted resources=[org.datanucleus.store.rdbms.ConnectionFactoryImpl$EmulatedXAResource@128c502c]]
17:28:01,286 (main) DEBUG [DataNucleus.Connection] - ManagedConnection VA A COMMIT : "org.datanucleus.store.rdbms.ConnectionFactoryImpl$ManagedConnectionImpl@1cb7936c [conn=org.datanucleus.store.rdbms.datasource.dbcp2.PoolingDataSource$PoolGuardConnectionWrapper@35342d2f, commitOnRelease=false, closeOnRelease=false, closeOnTxnEnd=true]"
17:28:01,287 (main) DEBUG [DataNucleus.Connection] - ManagedConnection CERRADO : "org.datanucleus.store.rdbms.ConnectionFactoryImpl$ManagedConnectionImpl@1cb7936c [conn=org.datanucleus.store.rdbms.datasource.dbcp2.PoolingDataSource$PoolGuardConnectionWrapper@35342d2f, commitOnRelease=false, closeOnRelease=false, closeOnTxnEnd=true]" 
17:28:01,287 (main) DEBUG [DataNucleus.Persistence] - Haciendo el objeto detachado : "com.videoclub.pojo.Rental@6c796cc1" (profundidad=0)
17:28:01,287 (main) DEBUG [DataNucleus.Persistence] - El objeto con identidad "com.videoclub.pojo.Rental:9" va a tener el SCO wrapper en el campo "rentalDate" cambiado por el valor
17:28:01,287 (main) DEBUG [DataNucleus.Persistence] - El objeto con identidad "com.videoclub.pojo.Rental:9" va a tener el SCO wrapper en el campo "returnDate" cambiado por el valor
17:28:01,287 (main) DEBUG [DataNucleus.Persistence] - Objeto con identidad "com.videoclub.pojo.Rental:9" tiene cambio de lifeycle : "P_NEW"->"DETACHED_CLEAN"
17:28:01,287 (main) DEBUG [DataNucleus.Transaction] - Objeto con identidad "com.videoclub.pojo.Rental:9" fue borrado de la cache transactional
17:28:01,287 (main) DEBUG [DataNucleus.Persistence] - Disconectando objeto con identidad "com.videoclub.pojo.Rental:9" de StateManager[pc=com.videoclub.pojo.Rental@6c796cc1, lifecycle=DETACHED_CLEAN]
17:28:01,287 (main) DEBUG [DataNucleus.Cache] - Objeto con identidad="com.videoclub.pojo.Rental:9" borrado de la Cache de nivel 1
17:28:01,287 (main) DEBUG [DataNucleus.Transaction] - Transacción committed en 2 ms
17:28:01,287 (main) DEBUG [DataNucleus.Persistence] - ExecutionContext "org.datanucleus.ExecutionContextImpl@34dc85a" se cerró
17:28:01,287 (main) DEBUG [DataNucleus.Persistence] - ExecutionContext "org.datanucleus.ExecutionContextImpl@34dc85a" se abrió para la base de datos "org.datanucleus.store.rdbms.RDBMSStoreManager@6d4a65c6" con transaccion="org.datanucleus.transaction.TransactionImpl@77a2aa4a"
17:28:01,287 (main) DEBUG [DataNucleus.Transaction] - Transaction created [DataNucleus Transaction, ID=1418522280-20, enlisted resources=[]]
17:28:01,287 (main) DEBUG [DataNucleus.Transaction] - Transacción empezada para el ExecutionContext org.datanucleus.ExecutionContextImpl@34dc85a (optimistic=false)
* Storing a class com.videoclub.pojo.Rental : Rental [id=0, title=Movie7, movie=Movie [title=Movie7, genre=THRILLER, duration=90, year=1990, director=paco, rentalPrice=6.75], code=2, customer=User [code=2, username=assaz,type=CLIENT, password=3200a7486419e1efd8cbbad503fb0c6140ef7e7cf69807249fda25d59c215e5c, email=asier.account@email.com, name=Asier, surname=Belloso], rentalDate=Mon May 22 17:28:01 CEST 2023, returnDate=Mon May 22 17:28:01 CEST 2023]
17:28:01,287 (main) DEBUG [DataNucleus.Persistence] - Haciendo el objeto persistente : "com.videoclub.pojo.Rental@2b917fb0"
17:28:01,287 (main) DEBUG [DataNucleus.ValueGeneration] - Valor generado para el campo "com.videoclub.pojo.Rental.id" con estrategia="increment" (Generador="org.datanucleus.store.rdbms.valuegenerator.TableGenerator") : valor=10
17:28:01,287 (main) DEBUG [DataNucleus.Cache] - Objeto con identidad "com.videoclub.pojo.Rental:10" añadido a la Cache de nivel 1 (loadedFlags="[YYYYY]")
17:28:01,288 (main) DEBUG [DataNucleus.Transaction] - Objeto con identidad "com.videoclub.pojo.Rental:10" ha sido puesto en la cache transaccional
17:28:01,288 (main) DEBUG [DataNucleus.Persistence] - Objeto "com.videoclub.pojo.Rental@2b917fb0" va a ser añadido a la tabla "`RENTAL`"
17:28:01,288 (main) DEBUG [DataNucleus.Connection] - ManagedConnection ABIERTO : "org.datanucleus.store.rdbms.ConnectionFactoryImpl$ManagedConnectionImpl@3c4262d1 [conn=org.datanucleus.store.rdbms.datasource.dbcp2.PoolingDataSource$PoolGuardConnectionWrapper@100c567f, commitOnRelease=false, closeOnRelease=false, closeOnTxnEnd=true]" en resource "tx" con isolación "read-committed" y auto-commit=false
17:28:01,288 (main) DEBUG [DataNucleus.Transaction] - Running enlist operation on resource: org.datanucleus.store.rdbms.ConnectionFactoryImpl$EmulatedXAResource@30c0d731, error code TMNOFLAGS and transaction [DataNucleus Transaction, ID=1418522280-20, enlisted resources=[]]
17:28:01,288 (main) DEBUG [DataNucleus.Datastore] - Utilizando PreparedStatement "com.mysql.cj.jdbc.ClientPreparedStatement: INSERT INTO `RENTAL` (`CODE`,`RENTALDATE`,`RETURNDATE`,`TITLE`,`ID`) VALUES (** NOT SPECIFIED **,** NOT SPECIFIED **,** NOT SPECIFIED **,** NOT SPECIFIED **,** NOT SPECIFIED **)" para la conneccion "org.datanucleus.store.rdbms.datasource.dbcp2.PoolingDataSource$PoolGuardConnectionWrapper@100c567f"
17:28:01,288 (main) DEBUG [DataNucleus.Datastore.Persist] - El statement "INSERT INTO `RENTAL` (`CODE`,`RENTALDATE`,`RETURNDATE`,`TITLE`,`ID`) VALUES (?,?,?,?,?)" ya es batchable
17:28:01,288 (main) DEBUG [DataNucleus.Persistence] - El objeto con identidad "com.videoclub.pojo.Rental:10" va a tener el valor en el campo "returnDate" cambiado por un SCO wrapper
17:28:01,288 (main) DEBUG [DataNucleus.Persistence] - El objeto con identidad "com.videoclub.pojo.Rental:10" va a tener el valor en el campo "rentalDate" cambiado por un SCO wrapper
17:28:01,288 (main) DEBUG [DataNucleus.Datastore.Persist] - Añadiendo statement "INSERT INTO `RENTAL` (`CODE`,`RENTALDATE`,`RETURNDATE`,`TITLE`,`ID`) VALUES (?,?,?,?,?)" al batch para procesar (tamaño de batch = 1)
17:28:01,288 (main) DEBUG [DataNucleus.Datastore.Native] - INSERT INTO `RENTAL` (`CODE`,`RENTALDATE`,`RETURNDATE`,`TITLE`,`ID`) VALUES (?,?,?,?,?)
17:28:01,289 (main) DEBUG [DataNucleus.Datastore] - SQL Tiempo de cumplir = 1 ms (numero de lineas cambiado = [1]) con el PreparedStatement "org.datanucleus.store.rdbms.datasource.dbcp2.DelegatingPreparedStatement@30669dac"
17:28:01,289 (main) DEBUG [DataNucleus.Transaction] - Haciendo commit de la transaacción para el ExecutionContext org.datanucleus.ExecutionContextImpl@34dc85a
17:28:01,289 (main) DEBUG [DataNucleus.Persistence] - ExecutionContext.internalFlush() empezado con flush ordenado - 1 objetos registrados
17:28:01,289 (main) DEBUG [DataNucleus.Persistence] - ExecutionContext.internalFlush() terminado
17:28:01,289 (main) DEBUG [DataNucleus.Persistence] - Persistence-By-Reachability (commit) : EMPIEZA
17:28:01,289 (main) DEBUG [DataNucleus.Persistence] - Haciendo la calculación de alcanzables con objeto con identidad "com.videoclub.pojo.Rental:10"
17:28:01,289 (main) DEBUG [DataNucleus.Cache] - Objeto con identidad "com.videoclub.pojo.Rental:10" obtenido de la Cache nivel 1 (loadedFlags="[YYYYY]")
17:28:01,289 (main) DEBUG [DataNucleus.Persistence] - Object con id "com.videoclub.pojo.Rental:10" y estado de vida "P_NEW" añadido a la lista de alcanzables al commit.
17:28:01,289 (main) DEBUG [DataNucleus.Persistence] - ExecutionContext.internalFlush() empezado con flush ordenado - 0 objetos registrados
17:28:01,289 (main) DEBUG [DataNucleus.Persistence] - ExecutionContext.internalFlush() terminado
17:28:01,289 (main) DEBUG [DataNucleus.Persistence] - Persistence-By-Reachability (commit) : TERMINADO
17:28:01,289 (main) DEBUG [DataNucleus.Cache] - Objeto con identidad "com.videoclub.pojo.Rental:10" añadido a la Cache de nivel 2 (campos="[0, 1, 2, 3, 4]", version="")
17:28:01,289 (main) DEBUG [DataNucleus.Cache] - El objeto con identidad "com.videoclub.pojo.Rental:10" va a tener los campos siguientes almacendados en el objeto de Level 2 cache : [0, 1, 2, 3, 4]
17:28:01,289 (main) DEBUG [DataNucleus.Transaction] - Committing [DataNucleus Transaction, ID=1418522280-20, enlisted resources=[org.datanucleus.store.rdbms.ConnectionFactoryImpl$EmulatedXAResource@30c0d731]]
17:28:01,289 (main) DEBUG [DataNucleus.Connection] - ManagedConnection VA A COMMIT : "org.datanucleus.store.rdbms.ConnectionFactoryImpl$ManagedConnectionImpl@3c4262d1 [conn=org.datanucleus.store.rdbms.datasource.dbcp2.PoolingDataSource$PoolGuardConnectionWrapper@100c567f, commitOnRelease=false, closeOnRelease=false, closeOnTxnEnd=true]"
17:28:01,289 (main) DEBUG [DataNucleus.Connection] - ManagedConnection CERRADO : "org.datanucleus.store.rdbms.ConnectionFactoryImpl$ManagedConnectionImpl@3c4262d1 [conn=org.datanucleus.store.rdbms.datasource.dbcp2.PoolingDataSource$PoolGuardConnectionWrapper@100c567f, commitOnRelease=false, closeOnRelease=false, closeOnTxnEnd=true]" 
17:28:01,290 (main) DEBUG [DataNucleus.Persistence] - Haciendo el objeto detachado : "com.videoclub.pojo.Rental@2b917fb0" (profundidad=0)
17:28:01,290 (main) DEBUG [DataNucleus.Persistence] - El objeto con identidad "com.videoclub.pojo.Rental:10" va a tener el SCO wrapper en el campo "rentalDate" cambiado por el valor
17:28:01,290 (main) DEBUG [DataNucleus.Persistence] - El objeto con identidad "com.videoclub.pojo.Rental:10" va a tener el SCO wrapper en el campo "returnDate" cambiado por el valor
17:28:01,290 (main) DEBUG [DataNucleus.Persistence] - Objeto con identidad "com.videoclub.pojo.Rental:10" tiene cambio de lifeycle : "P_NEW"->"DETACHED_CLEAN"
17:28:01,290 (main) DEBUG [DataNucleus.Transaction] - Objeto con identidad "com.videoclub.pojo.Rental:10" fue borrado de la cache transactional
17:28:01,290 (main) DEBUG [DataNucleus.Persistence] - Disconectando objeto con identidad "com.videoclub.pojo.Rental:10" de StateManager[pc=com.videoclub.pojo.Rental@2b917fb0, lifecycle=DETACHED_CLEAN]
17:28:01,290 (main) DEBUG [DataNucleus.Cache] - Objeto con identidad="com.videoclub.pojo.Rental:10" borrado de la Cache de nivel 1
17:28:01,290 (main) DEBUG [DataNucleus.Transaction] - Transacción committed en 2 ms
17:28:01,290 (main) DEBUG [DataNucleus.Persistence] - ExecutionContext "org.datanucleus.ExecutionContextImpl@34dc85a" se cerró
17:28:01,290 (main) DEBUG [DataNucleus.Persistence] - ExecutionContext "org.datanucleus.ExecutionContextImpl@34dc85a" se abrió para la base de datos "org.datanucleus.store.rdbms.RDBMSStoreManager@6d4a65c6" con transaccion="org.datanucleus.transaction.TransactionImpl@6a282fdd"
17:28:01,290 (main) DEBUG [DataNucleus.Transaction] - Transaction created [DataNucleus Transaction, ID=1418522280-21, enlisted resources=[]]
17:28:01,290 (main) DEBUG [DataNucleus.Transaction] - Transacción empezada para el ExecutionContext org.datanucleus.ExecutionContextImpl@34dc85a (optimistic=false)
* Storing a class com.videoclub.pojo.Rental : Rental [id=0, title=Movie3, movie=Movie [title=Movie3, genre=DRAMA, duration=90, year=2012, director=luis, rentalPrice=4.25], code=1, customer=User [code=1, username=admin,type=ADMIN, password=8c6976e5b5410415bde908bd4dee15dfb167a9c873fc4bb8a81f6f2ab448a918, email=admin@email.com, name=AdminName, surname=AdminSurname], rentalDate=Mon May 22 17:28:01 CEST 2023, returnDate=Mon May 22 17:28:01 CEST 2023]
17:28:01,290 (main) DEBUG [DataNucleus.Persistence] - Haciendo el objeto persistente : "com.videoclub.pojo.Rental@70331432"
17:28:01,291 (main) DEBUG [DataNucleus.Connection] - ManagedConnection ABIERTO : "org.datanucleus.store.rdbms.ConnectionFactoryImpl$ManagedConnectionImpl@3bbf9027 [conn=org.datanucleus.store.rdbms.datasource.dbcp2.PoolingDataSource$PoolGuardConnectionWrapper@10c2064a, commitOnRelease=true, closeOnRelease=true, closeOnTxnEnd=true]" en resource "nontx" con isolación "read-committed" y auto-commit=false
17:28:01,291 (main) DEBUG [DataNucleus.Datastore] - Utilizando PreparedStatement "com.mysql.cj.jdbc.ClientPreparedStatement: SELECT `NEXT_VAL` FROM videoclubdb.`SEQUENCE_TABLE` WHERE `SEQUENCE_NAME`=** NOT SPECIFIED ** FOR UPDATE" para la conneccion "org.datanucleus.store.rdbms.datasource.dbcp2.PoolingDataSource$PoolGuardConnectionWrapper@10c2064a"
17:28:01,291 (main) DEBUG [DataNucleus.Datastore.Native] - SELECT `NEXT_VAL` FROM videoclubdb.`SEQUENCE_TABLE` WHERE `SEQUENCE_NAME`=? FOR UPDATE
17:28:01,291 (main) DEBUG [DataNucleus.Datastore.Retrieve] - SQL Tiempo de cumplir = 0 ms
17:28:01,291 (main) DEBUG [DataNucleus.Datastore] - Utilizando PreparedStatement "com.mysql.cj.jdbc.ClientPreparedStatement: UPDATE videoclubdb.`SEQUENCE_TABLE` SET `NEXT_VAL`=(`NEXT_VAL`+** NOT SPECIFIED **) WHERE `SEQUENCE_NAME`=** NOT SPECIFIED **" para la conneccion "org.datanucleus.store.rdbms.datasource.dbcp2.PoolingDataSource$PoolGuardConnectionWrapper@10c2064a"
17:28:01,291 (main) DEBUG [DataNucleus.Datastore.Native] - UPDATE videoclubdb.`SEQUENCE_TABLE` SET `NEXT_VAL`=(`NEXT_VAL`+?) WHERE `SEQUENCE_NAME`=?
17:28:01,292 (main) DEBUG [DataNucleus.Datastore.Persist] - SQL Tiempo de cumplir = 1 ms (numero de lineas cambiado = 1) con el PreparedStatement "org.datanucleus.store.rdbms.datasource.dbcp2.DelegatingPreparedStatement@70e13fa"
17:28:01,292 (main) DEBUG [DataNucleus.Datastore] - Cerrando PreparedStatement "org.datanucleus.store.rdbms.datasource.dbcp2.DelegatingPreparedStatement@70e13fa"
17:28:01,292 (main) DEBUG [DataNucleus.Datastore] - Cerrando PreparedStatement "org.datanucleus.store.rdbms.datasource.dbcp2.DelegatingPreparedStatement@28fd3dc1"
17:28:01,292 (main) DEBUG [DataNucleus.ValueGeneration] - Hemos reservado un bloque de 10 valores
17:28:01,292 (main) DEBUG [DataNucleus.Connection] - ManagedConnection VA A COMMIT : "org.datanucleus.store.rdbms.ConnectionFactoryImpl$ManagedConnectionImpl@3bbf9027 [conn=org.datanucleus.store.rdbms.datasource.dbcp2.PoolingDataSource$PoolGuardConnectionWrapper@10c2064a, commitOnRelease=true, closeOnRelease=true, closeOnTxnEnd=true]"
17:28:01,293 (main) DEBUG [DataNucleus.Connection] - ManagedConnection CERRADO : "org.datanucleus.store.rdbms.ConnectionFactoryImpl$ManagedConnectionImpl@3bbf9027 [conn=org.datanucleus.store.rdbms.datasource.dbcp2.PoolingDataSource$PoolGuardConnectionWrapper@10c2064a, commitOnRelease=true, closeOnRelease=true, closeOnTxnEnd=true]" 
17:28:01,293 (main) DEBUG [DataNucleus.ValueGeneration] - Valor generado para el campo "com.videoclub.pojo.Rental.id" con estrategia="increment" (Generador="org.datanucleus.store.rdbms.valuegenerator.TableGenerator") : valor=11
17:28:01,294 (main) DEBUG [DataNucleus.Cache] - Objeto con identidad "com.videoclub.pojo.Rental:11" añadido a la Cache de nivel 1 (loadedFlags="[YYYYY]")
17:28:01,294 (main) DEBUG [DataNucleus.Transaction] - Objeto con identidad "com.videoclub.pojo.Rental:11" ha sido puesto en la cache transaccional
17:28:01,294 (main) DEBUG [DataNucleus.Persistence] - Objeto "com.videoclub.pojo.Rental@70331432" va a ser añadido a la tabla "`RENTAL`"
17:28:01,294 (main) DEBUG [DataNucleus.Connection] - ManagedConnection ABIERTO : "org.datanucleus.store.rdbms.ConnectionFactoryImpl$ManagedConnectionImpl@108d55c4 [conn=org.datanucleus.store.rdbms.datasource.dbcp2.PoolingDataSource$PoolGuardConnectionWrapper@5432c277, commitOnRelease=false, closeOnRelease=false, closeOnTxnEnd=true]" en resource "tx" con isolación "read-committed" y auto-commit=false
17:28:01,294 (main) DEBUG [DataNucleus.Transaction] - Running enlist operation on resource: org.datanucleus.store.rdbms.ConnectionFactoryImpl$EmulatedXAResource@15e0fe05, error code TMNOFLAGS and transaction [DataNucleus Transaction, ID=1418522280-21, enlisted resources=[]]
17:28:01,294 (main) DEBUG [DataNucleus.Datastore] - Utilizando PreparedStatement "com.mysql.cj.jdbc.ClientPreparedStatement: INSERT INTO `RENTAL` (`CODE`,`RENTALDATE`,`RETURNDATE`,`TITLE`,`ID`) VALUES (** NOT SPECIFIED **,** NOT SPECIFIED **,** NOT SPECIFIED **,** NOT SPECIFIED **,** NOT SPECIFIED **)" para la conneccion "org.datanucleus.store.rdbms.datasource.dbcp2.PoolingDataSource$PoolGuardConnectionWrapper@5432c277"
17:28:01,294 (main) DEBUG [DataNucleus.Datastore.Persist] - El statement "INSERT INTO `RENTAL` (`CODE`,`RENTALDATE`,`RETURNDATE`,`TITLE`,`ID`) VALUES (?,?,?,?,?)" ya es batchable
17:28:01,294 (main) DEBUG [DataNucleus.Persistence] - El objeto con identidad "com.videoclub.pojo.Rental:11" va a tener el valor en el campo "returnDate" cambiado por un SCO wrapper
17:28:01,295 (main) DEBUG [DataNucleus.Persistence] - El objeto con identidad "com.videoclub.pojo.Rental:11" va a tener el valor en el campo "rentalDate" cambiado por un SCO wrapper
17:28:01,295 (main) DEBUG [DataNucleus.Datastore.Persist] - Añadiendo statement "INSERT INTO `RENTAL` (`CODE`,`RENTALDATE`,`RETURNDATE`,`TITLE`,`ID`) VALUES (?,?,?,?,?)" al batch para procesar (tamaño de batch = 1)
17:28:01,295 (main) DEBUG [DataNucleus.Datastore.Native] - INSERT INTO `RENTAL` (`CODE`,`RENTALDATE`,`RETURNDATE`,`TITLE`,`ID`) VALUES (?,?,?,?,?)
17:28:01,295 (main) DEBUG [DataNucleus.Datastore] - SQL Tiempo de cumplir = 0 ms (numero de lineas cambiado = [1]) con el PreparedStatement "org.datanucleus.store.rdbms.datasource.dbcp2.DelegatingPreparedStatement@299270eb"
17:28:01,295 (main) DEBUG [DataNucleus.Transaction] - Haciendo commit de la transaacción para el ExecutionContext org.datanucleus.ExecutionContextImpl@34dc85a
17:28:01,295 (main) DEBUG [DataNucleus.Persistence] - ExecutionContext.internalFlush() empezado con flush ordenado - 1 objetos registrados
17:28:01,295 (main) DEBUG [DataNucleus.Persistence] - ExecutionContext.internalFlush() terminado
17:28:01,295 (main) DEBUG [DataNucleus.Persistence] - Persistence-By-Reachability (commit) : EMPIEZA
17:28:01,295 (main) DEBUG [DataNucleus.Persistence] - Haciendo la calculación de alcanzables con objeto con identidad "com.videoclub.pojo.Rental:11"
17:28:01,295 (main) DEBUG [DataNucleus.Cache] - Objeto con identidad "com.videoclub.pojo.Rental:11" obtenido de la Cache nivel 1 (loadedFlags="[YYYYY]")
17:28:01,295 (main) DEBUG [DataNucleus.Persistence] - Object con id "com.videoclub.pojo.Rental:11" y estado de vida "P_NEW" añadido a la lista de alcanzables al commit.
17:28:01,295 (main) DEBUG [DataNucleus.Persistence] - ExecutionContext.internalFlush() empezado con flush ordenado - 0 objetos registrados
17:28:01,295 (main) DEBUG [DataNucleus.Persistence] - ExecutionContext.internalFlush() terminado
17:28:01,295 (main) DEBUG [DataNucleus.Persistence] - Persistence-By-Reachability (commit) : TERMINADO
17:28:01,296 (main) DEBUG [DataNucleus.Cache] - Objeto con identidad "com.videoclub.pojo.Rental:11" añadido a la Cache de nivel 2 (campos="[0, 1, 2, 3, 4]", version="")
17:28:01,296 (main) DEBUG [DataNucleus.Cache] - El objeto con identidad "com.videoclub.pojo.Rental:11" va a tener los campos siguientes almacendados en el objeto de Level 2 cache : [0, 1, 2, 3, 4]
17:28:01,296 (main) DEBUG [DataNucleus.Transaction] - Committing [DataNucleus Transaction, ID=1418522280-21, enlisted resources=[org.datanucleus.store.rdbms.ConnectionFactoryImpl$EmulatedXAResource@15e0fe05]]
17:28:01,296 (main) DEBUG [DataNucleus.Connection] - ManagedConnection VA A COMMIT : "org.datanucleus.store.rdbms.ConnectionFactoryImpl$ManagedConnectionImpl@108d55c4 [conn=org.datanucleus.store.rdbms.datasource.dbcp2.PoolingDataSource$PoolGuardConnectionWrapper@5432c277, commitOnRelease=false, closeOnRelease=false, closeOnTxnEnd=true]"
17:28:01,296 (main) DEBUG [DataNucleus.Connection] - ManagedConnection CERRADO : "org.datanucleus.store.rdbms.ConnectionFactoryImpl$ManagedConnectionImpl@108d55c4 [conn=org.datanucleus.store.rdbms.datasource.dbcp2.PoolingDataSource$PoolGuardConnectionWrapper@5432c277, commitOnRelease=false, closeOnRelease=false, closeOnTxnEnd=true]" 
17:28:01,297 (main) DEBUG [DataNucleus.Persistence] - Haciendo el objeto detachado : "com.videoclub.pojo.Rental@70331432" (profundidad=0)
17:28:01,297 (main) DEBUG [DataNucleus.Persistence] - El objeto con identidad "com.videoclub.pojo.Rental:11" va a tener el SCO wrapper en el campo "rentalDate" cambiado por el valor
17:28:01,297 (main) DEBUG [DataNucleus.Persistence] - El objeto con identidad "com.videoclub.pojo.Rental:11" va a tener el SCO wrapper en el campo "returnDate" cambiado por el valor
17:28:01,297 (main) DEBUG [DataNucleus.Persistence] - Objeto con identidad "com.videoclub.pojo.Rental:11" tiene cambio de lifeycle : "P_NEW"->"DETACHED_CLEAN"
17:28:01,297 (main) DEBUG [DataNucleus.Transaction] - Objeto con identidad "com.videoclub.pojo.Rental:11" fue borrado de la cache transactional
17:28:01,297 (main) DEBUG [DataNucleus.Persistence] - Disconectando objeto con identidad "com.videoclub.pojo.Rental:11" de StateManager[pc=com.videoclub.pojo.Rental@70331432, lifecycle=DETACHED_CLEAN]
17:28:01,297 (main) DEBUG [DataNucleus.Cache] - Objeto con identidad="com.videoclub.pojo.Rental:11" borrado de la Cache de nivel 1
17:28:01,297 (main) DEBUG [DataNucleus.Transaction] - Transacción committed en 2 ms
17:28:01,297 (main) DEBUG [DataNucleus.Persistence] - ExecutionContext "org.datanucleus.ExecutionContextImpl@34dc85a" se cerró
17:28:01,297 (main) DEBUG [DataNucleus.Persistence] - ExecutionContext "org.datanucleus.ExecutionContextImpl@34dc85a" se abrió para la base de datos "org.datanucleus.store.rdbms.RDBMSStoreManager@6d4a65c6" con transaccion="org.datanucleus.transaction.TransactionImpl@69fa8e76"
17:28:01,297 (main) DEBUG [DataNucleus.Transaction] - Transaction created [DataNucleus Transaction, ID=1418522280-22, enlisted resources=[]]
17:28:01,297 (main) DEBUG [DataNucleus.Transaction] - Transacción empezada para el ExecutionContext org.datanucleus.ExecutionContextImpl@34dc85a (optimistic=false)
* Storing a class com.videoclub.pojo.Rental : Rental [id=0, title=Movie4, movie=Movie [title=Movie4, genre=COMEDY, duration=160, year=2004, director=juana, rentalPrice=14.34], code=3, customer=User [code=3, username=client,type=CLIENT, password=948fe603f61dc036b5c596dc09fe3ce3f3d30dc90f024c85f3c82db2ccab679d, email=client@email.com, name=ClientName, surname=ClientSurname], rentalDate=Mon May 22 17:28:01 CEST 2023, returnDate=Mon May 22 17:28:01 CEST 2023]
17:28:01,297 (main) DEBUG [DataNucleus.Persistence] - Haciendo el objeto persistente : "com.videoclub.pojo.Rental@31f20c9f"
17:28:01,297 (main) DEBUG [DataNucleus.ValueGeneration] - Valor generado para el campo "com.videoclub.pojo.Rental.id" con estrategia="increment" (Generador="org.datanucleus.store.rdbms.valuegenerator.TableGenerator") : valor=12
17:28:01,297 (main) DEBUG [DataNucleus.Cache] - Objeto con identidad "com.videoclub.pojo.Rental:12" añadido a la Cache de nivel 1 (loadedFlags="[YYYYY]")
17:28:01,297 (main) DEBUG [DataNucleus.Transaction] - Objeto con identidad "com.videoclub.pojo.Rental:12" ha sido puesto en la cache transaccional
17:28:01,297 (main) DEBUG [DataNucleus.Persistence] - Objeto "com.videoclub.pojo.Rental@31f20c9f" va a ser añadido a la tabla "`RENTAL`"
17:28:01,298 (main) DEBUG [DataNucleus.Connection] - ManagedConnection ABIERTO : "org.datanucleus.store.rdbms.ConnectionFactoryImpl$ManagedConnectionImpl@32f0c7f8 [conn=org.datanucleus.store.rdbms.datasource.dbcp2.PoolingDataSource$PoolGuardConnectionWrapper@504e1599, commitOnRelease=false, closeOnRelease=false, closeOnTxnEnd=true]" en resource "tx" con isolación "read-committed" y auto-commit=false
17:28:01,298 (main) DEBUG [DataNucleus.Transaction] - Running enlist operation on resource: org.datanucleus.store.rdbms.ConnectionFactoryImpl$EmulatedXAResource@71f96dfb, error code TMNOFLAGS and transaction [DataNucleus Transaction, ID=1418522280-22, enlisted resources=[]]
17:28:01,298 (main) DEBUG [DataNucleus.Datastore] - Utilizando PreparedStatement "com.mysql.cj.jdbc.ClientPreparedStatement: INSERT INTO `RENTAL` (`CODE`,`RENTALDATE`,`RETURNDATE`,`TITLE`,`ID`) VALUES (** NOT SPECIFIED **,** NOT SPECIFIED **,** NOT SPECIFIED **,** NOT SPECIFIED **,** NOT SPECIFIED **)" para la conneccion "org.datanucleus.store.rdbms.datasource.dbcp2.PoolingDataSource$PoolGuardConnectionWrapper@504e1599"
17:28:01,298 (main) DEBUG [DataNucleus.Datastore.Persist] - El statement "INSERT INTO `RENTAL` (`CODE`,`RENTALDATE`,`RETURNDATE`,`TITLE`,`ID`) VALUES (?,?,?,?,?)" ya es batchable
17:28:01,298 (main) DEBUG [DataNucleus.Persistence] - El objeto con identidad "com.videoclub.pojo.Rental:12" va a tener el valor en el campo "returnDate" cambiado por un SCO wrapper
17:28:01,298 (main) DEBUG [DataNucleus.Persistence] - El objeto con identidad "com.videoclub.pojo.Rental:12" va a tener el valor en el campo "rentalDate" cambiado por un SCO wrapper
17:28:01,298 (main) DEBUG [DataNucleus.Datastore.Persist] - Añadiendo statement "INSERT INTO `RENTAL` (`CODE`,`RENTALDATE`,`RETURNDATE`,`TITLE`,`ID`) VALUES (?,?,?,?,?)" al batch para procesar (tamaño de batch = 1)
17:28:01,298 (main) DEBUG [DataNucleus.Datastore.Native] - INSERT INTO `RENTAL` (`CODE`,`RENTALDATE`,`RETURNDATE`,`TITLE`,`ID`) VALUES (?,?,?,?,?)
17:28:01,299 (main) DEBUG [DataNucleus.Datastore] - SQL Tiempo de cumplir = 1 ms (numero de lineas cambiado = [1]) con el PreparedStatement "org.datanucleus.store.rdbms.datasource.dbcp2.DelegatingPreparedStatement@49a26d19"
17:28:01,299 (main) DEBUG [DataNucleus.Transaction] - Haciendo commit de la transaacción para el ExecutionContext org.datanucleus.ExecutionContextImpl@34dc85a
17:28:01,299 (main) DEBUG [DataNucleus.Persistence] - ExecutionContext.internalFlush() empezado con flush ordenado - 1 objetos registrados
17:28:01,299 (main) DEBUG [DataNucleus.Persistence] - ExecutionContext.internalFlush() terminado
17:28:01,299 (main) DEBUG [DataNucleus.Persistence] - Persistence-By-Reachability (commit) : EMPIEZA
17:28:01,299 (main) DEBUG [DataNucleus.Persistence] - Haciendo la calculación de alcanzables con objeto con identidad "com.videoclub.pojo.Rental:12"
17:28:01,299 (main) DEBUG [DataNucleus.Cache] - Objeto con identidad "com.videoclub.pojo.Rental:12" obtenido de la Cache nivel 1 (loadedFlags="[YYYYY]")
17:28:01,299 (main) DEBUG [DataNucleus.Persistence] - Object con id "com.videoclub.pojo.Rental:12" y estado de vida "P_NEW" añadido a la lista de alcanzables al commit.
17:28:01,299 (main) DEBUG [DataNucleus.Persistence] - ExecutionContext.internalFlush() empezado con flush ordenado - 0 objetos registrados
17:28:01,299 (main) DEBUG [DataNucleus.Persistence] - ExecutionContext.internalFlush() terminado
17:28:01,299 (main) DEBUG [DataNucleus.Persistence] - Persistence-By-Reachability (commit) : TERMINADO
17:28:01,299 (main) DEBUG [DataNucleus.Cache] - Objeto con identidad "com.videoclub.pojo.Rental:12" añadido a la Cache de nivel 2 (campos="[0, 1, 2, 3, 4]", version="")
17:28:01,299 (main) DEBUG [DataNucleus.Cache] - El objeto con identidad "com.videoclub.pojo.Rental:12" va a tener los campos siguientes almacendados en el objeto de Level 2 cache : [0, 1, 2, 3, 4]
17:28:01,299 (main) DEBUG [DataNucleus.Transaction] - Committing [DataNucleus Transaction, ID=1418522280-22, enlisted resources=[org.datanucleus.store.rdbms.ConnectionFactoryImpl$EmulatedXAResource@71f96dfb]]
17:28:01,299 (main) DEBUG [DataNucleus.Connection] - ManagedConnection VA A COMMIT : "org.datanucleus.store.rdbms.ConnectionFactoryImpl$ManagedConnectionImpl@32f0c7f8 [conn=org.datanucleus.store.rdbms.datasource.dbcp2.PoolingDataSource$PoolGuardConnectionWrapper@504e1599, commitOnRelease=false, closeOnRelease=false, closeOnTxnEnd=true]"
17:28:01,300 (main) DEBUG [DataNucleus.Connection] - ManagedConnection CERRADO : "org.datanucleus.store.rdbms.ConnectionFactoryImpl$ManagedConnectionImpl@32f0c7f8 [conn=org.datanucleus.store.rdbms.datasource.dbcp2.PoolingDataSource$PoolGuardConnectionWrapper@504e1599, commitOnRelease=false, closeOnRelease=false, closeOnTxnEnd=true]" 
17:28:01,300 (main) DEBUG [DataNucleus.Persistence] - Haciendo el objeto detachado : "com.videoclub.pojo.Rental@31f20c9f" (profundidad=0)
17:28:01,300 (main) DEBUG [DataNucleus.Persistence] - El objeto con identidad "com.videoclub.pojo.Rental:12" va a tener el SCO wrapper en el campo "rentalDate" cambiado por el valor
17:28:01,300 (main) DEBUG [DataNucleus.Persistence] - El objeto con identidad "com.videoclub.pojo.Rental:12" va a tener el SCO wrapper en el campo "returnDate" cambiado por el valor
17:28:01,300 (main) DEBUG [DataNucleus.Persistence] - Objeto con identidad "com.videoclub.pojo.Rental:12" tiene cambio de lifeycle : "P_NEW"->"DETACHED_CLEAN"
17:28:01,300 (main) DEBUG [DataNucleus.Transaction] - Objeto con identidad "com.videoclub.pojo.Rental:12" fue borrado de la cache transactional
17:28:01,300 (main) DEBUG [DataNucleus.Persistence] - Disconectando objeto con identidad "com.videoclub.pojo.Rental:12" de StateManager[pc=com.videoclub.pojo.Rental@31f20c9f, lifecycle=DETACHED_CLEAN]
17:28:01,300 (main) DEBUG [DataNucleus.Cache] - Objeto con identidad="com.videoclub.pojo.Rental:12" borrado de la Cache de nivel 1
17:28:01,300 (main) DEBUG [DataNucleus.Transaction] - Transacción committed en 2 ms
17:28:01,300 (main) DEBUG [DataNucleus.Persistence] - ExecutionContext "org.datanucleus.ExecutionContextImpl@34dc85a" se cerró
17:28:01,300 (main) DEBUG [DataNucleus.Persistence] - ExecutionContext "org.datanucleus.ExecutionContextImpl@34dc85a" se abrió para la base de datos "org.datanucleus.store.rdbms.RDBMSStoreManager@6d4a65c6" con transaccion="org.datanucleus.transaction.TransactionImpl@7275c74b"
17:28:01,300 (main) DEBUG [DataNucleus.Transaction] - Transaction created [DataNucleus Transaction, ID=1418522280-23, enlisted resources=[]]
17:28:01,300 (main) DEBUG [DataNucleus.Transaction] - Transacción empezada para el ExecutionContext org.datanucleus.ExecutionContextImpl@34dc85a (optimistic=false)
* Storing a class com.videoclub.pojo.Rental : Rental [id=0, title=Movie5, movie=Movie [title=Movie5, genre=MUSICAL, duration=90, year=1997, director=paco, rentalPrice=9.25], code=2, customer=User [code=2, username=assaz,type=CLIENT, password=3200a7486419e1efd8cbbad503fb0c6140ef7e7cf69807249fda25d59c215e5c, email=asier.account@email.com, name=Asier, surname=Belloso], rentalDate=Mon May 22 17:28:01 CEST 2023, returnDate=Mon May 22 17:28:01 CEST 2023]
17:28:01,301 (main) DEBUG [DataNucleus.Persistence] - Haciendo el objeto persistente : "com.videoclub.pojo.Rental@4315e9af"
17:28:01,301 (main) DEBUG [DataNucleus.ValueGeneration] - Valor generado para el campo "com.videoclub.pojo.Rental.id" con estrategia="increment" (Generador="org.datanucleus.store.rdbms.valuegenerator.TableGenerator") : valor=13
17:28:01,301 (main) DEBUG [DataNucleus.Cache] - Objeto con identidad "com.videoclub.pojo.Rental:13" añadido a la Cache de nivel 1 (loadedFlags="[YYYYY]")
17:28:01,301 (main) DEBUG [DataNucleus.Transaction] - Objeto con identidad "com.videoclub.pojo.Rental:13" ha sido puesto en la cache transaccional
17:28:01,301 (main) DEBUG [DataNucleus.Persistence] - Objeto "com.videoclub.pojo.Rental@4315e9af" va a ser añadido a la tabla "`RENTAL`"
17:28:01,301 (main) DEBUG [DataNucleus.Connection] - ManagedConnection ABIERTO : "org.datanucleus.store.rdbms.ConnectionFactoryImpl$ManagedConnectionImpl@1eb2d371 [conn=org.datanucleus.store.rdbms.datasource.dbcp2.PoolingDataSource$PoolGuardConnectionWrapper@2babf189, commitOnRelease=false, closeOnRelease=false, closeOnTxnEnd=true]" en resource "tx" con isolación "read-committed" y auto-commit=false
17:28:01,301 (main) DEBUG [DataNucleus.Transaction] - Running enlist operation on resource: org.datanucleus.store.rdbms.ConnectionFactoryImpl$EmulatedXAResource@479f2dc2, error code TMNOFLAGS and transaction [DataNucleus Transaction, ID=1418522280-23, enlisted resources=[]]
17:28:01,302 (main) DEBUG [DataNucleus.Datastore] - Utilizando PreparedStatement "com.mysql.cj.jdbc.ClientPreparedStatement: INSERT INTO `RENTAL` (`CODE`,`RENTALDATE`,`RETURNDATE`,`TITLE`,`ID`) VALUES (** NOT SPECIFIED **,** NOT SPECIFIED **,** NOT SPECIFIED **,** NOT SPECIFIED **,** NOT SPECIFIED **)" para la conneccion "org.datanucleus.store.rdbms.datasource.dbcp2.PoolingDataSource$PoolGuardConnectionWrapper@2babf189"
17:28:01,302 (main) DEBUG [DataNucleus.Datastore.Persist] - El statement "INSERT INTO `RENTAL` (`CODE`,`RENTALDATE`,`RETURNDATE`,`TITLE`,`ID`) VALUES (?,?,?,?,?)" ya es batchable
17:28:01,302 (main) DEBUG [DataNucleus.Persistence] - El objeto con identidad "com.videoclub.pojo.Rental:13" va a tener el valor en el campo "returnDate" cambiado por un SCO wrapper
17:28:01,302 (main) DEBUG [DataNucleus.Persistence] - El objeto con identidad "com.videoclub.pojo.Rental:13" va a tener el valor en el campo "rentalDate" cambiado por un SCO wrapper
17:28:01,302 (main) DEBUG [DataNucleus.Datastore.Persist] - Añadiendo statement "INSERT INTO `RENTAL` (`CODE`,`RENTALDATE`,`RETURNDATE`,`TITLE`,`ID`) VALUES (?,?,?,?,?)" al batch para procesar (tamaño de batch = 1)
17:28:01,302 (main) DEBUG [DataNucleus.Datastore.Native] - INSERT INTO `RENTAL` (`CODE`,`RENTALDATE`,`RETURNDATE`,`TITLE`,`ID`) VALUES (?,?,?,?,?)
17:28:01,303 (main) DEBUG [DataNucleus.Datastore] - SQL Tiempo de cumplir = 1 ms (numero de lineas cambiado = [1]) con el PreparedStatement "org.datanucleus.store.rdbms.datasource.dbcp2.DelegatingPreparedStatement@7159a5cd"
17:28:01,303 (main) DEBUG [DataNucleus.Transaction] - Haciendo commit de la transaacción para el ExecutionContext org.datanucleus.ExecutionContextImpl@34dc85a
17:28:01,303 (main) DEBUG [DataNucleus.Persistence] - ExecutionContext.internalFlush() empezado con flush ordenado - 1 objetos registrados
17:28:01,303 (main) DEBUG [DataNucleus.Persistence] - ExecutionContext.internalFlush() terminado
17:28:01,303 (main) DEBUG [DataNucleus.Persistence] - Persistence-By-Reachability (commit) : EMPIEZA
17:28:01,303 (main) DEBUG [DataNucleus.Persistence] - Haciendo la calculación de alcanzables con objeto con identidad "com.videoclub.pojo.Rental:13"
17:28:01,303 (main) DEBUG [DataNucleus.Cache] - Objeto con identidad "com.videoclub.pojo.Rental:13" obtenido de la Cache nivel 1 (loadedFlags="[YYYYY]")
17:28:01,303 (main) DEBUG [DataNucleus.Persistence] - Object con id "com.videoclub.pojo.Rental:13" y estado de vida "P_NEW" añadido a la lista de alcanzables al commit.
17:28:01,303 (main) DEBUG [DataNucleus.Persistence] - ExecutionContext.internalFlush() empezado con flush ordenado - 0 objetos registrados
17:28:01,303 (main) DEBUG [DataNucleus.Persistence] - ExecutionContext.internalFlush() terminado
17:28:01,303 (main) DEBUG [DataNucleus.Persistence] - Persistence-By-Reachability (commit) : TERMINADO
17:28:01,303 (main) DEBUG [DataNucleus.Cache] - Objeto con identidad "com.videoclub.pojo.Rental:13" añadido a la Cache de nivel 2 (campos="[0, 1, 2, 3, 4]", version="")
17:28:01,303 (main) DEBUG [DataNucleus.Cache] - El objeto con identidad "com.videoclub.pojo.Rental:13" va a tener los campos siguientes almacendados en el objeto de Level 2 cache : [0, 1, 2, 3, 4]
17:28:01,303 (main) DEBUG [DataNucleus.Transaction] - Committing [DataNucleus Transaction, ID=1418522280-23, enlisted resources=[org.datanucleus.store.rdbms.ConnectionFactoryImpl$EmulatedXAResource@479f2dc2]]
17:28:01,303 (main) DEBUG [DataNucleus.Connection] - ManagedConnection VA A COMMIT : "org.datanucleus.store.rdbms.ConnectionFactoryImpl$ManagedConnectionImpl@1eb2d371 [conn=org.datanucleus.store.rdbms.datasource.dbcp2.PoolingDataSource$PoolGuardConnectionWrapper@2babf189, commitOnRelease=false, closeOnRelease=false, closeOnTxnEnd=true]"
17:28:01,304 (main) DEBUG [DataNucleus.Connection] - ManagedConnection CERRADO : "org.datanucleus.store.rdbms.ConnectionFactoryImpl$ManagedConnectionImpl@1eb2d371 [conn=org.datanucleus.store.rdbms.datasource.dbcp2.PoolingDataSource$PoolGuardConnectionWrapper@2babf189, commitOnRelease=false, closeOnRelease=false, closeOnTxnEnd=true]" 
17:28:01,304 (main) DEBUG [DataNucleus.Persistence] - Haciendo el objeto detachado : "com.videoclub.pojo.Rental@4315e9af" (profundidad=0)
17:28:01,304 (main) DEBUG [DataNucleus.Persistence] - El objeto con identidad "com.videoclub.pojo.Rental:13" va a tener el SCO wrapper en el campo "rentalDate" cambiado por el valor
17:28:01,304 (main) DEBUG [DataNucleus.Persistence] - El objeto con identidad "com.videoclub.pojo.Rental:13" va a tener el SCO wrapper en el campo "returnDate" cambiado por el valor
17:28:01,304 (main) DEBUG [DataNucleus.Persistence] - Objeto con identidad "com.videoclub.pojo.Rental:13" tiene cambio de lifeycle : "P_NEW"->"DETACHED_CLEAN"
17:28:01,304 (main) DEBUG [DataNucleus.Transaction] - Objeto con identidad "com.videoclub.pojo.Rental:13" fue borrado de la cache transactional
17:28:01,304 (main) DEBUG [DataNucleus.Persistence] - Disconectando objeto con identidad "com.videoclub.pojo.Rental:13" de StateManager[pc=com.videoclub.pojo.Rental@4315e9af, lifecycle=DETACHED_CLEAN]
17:28:01,304 (main) DEBUG [DataNucleus.Cache] - Objeto con identidad="com.videoclub.pojo.Rental:13" borrado de la Cache de nivel 1
17:28:01,304 (main) DEBUG [DataNucleus.Transaction] - Transacción committed en 2 ms
17:28:01,304 (main) DEBUG [DataNucleus.Persistence] - ExecutionContext "org.datanucleus.ExecutionContextImpl@34dc85a" se cerró
17:28:01,304 (main) DEBUG [DataNucleus.Persistence] - ExecutionContext "org.datanucleus.ExecutionContextImpl@34dc85a" se abrió para la base de datos "org.datanucleus.store.rdbms.RDBMSStoreManager@6d4a65c6" con transaccion="org.datanucleus.transaction.TransactionImpl@18ac53e8"
17:28:01,304 (main) DEBUG [DataNucleus.Transaction] - Transaction created [DataNucleus Transaction, ID=1418522280-24, enlisted resources=[]]
17:28:01,304 (main) DEBUG [DataNucleus.Transaction] - Transacción empezada para el ExecutionContext org.datanucleus.ExecutionContextImpl@34dc85a (optimistic=false)
* Storing a class com.videoclub.pojo.Rental : Rental [id=0, title=Movie6, movie=Movie [title=Movie6, genre=FANTASY, duration=120, year=2015, director=juana, rentalPrice=6.74], code=1, customer=User [code=1, username=admin,type=ADMIN, password=8c6976e5b5410415bde908bd4dee15dfb167a9c873fc4bb8a81f6f2ab448a918, email=admin@email.com, name=AdminName, surname=AdminSurname], rentalDate=Mon May 22 17:28:01 CEST 2023, returnDate=Mon May 22 17:28:01 CEST 2023]
17:28:01,304 (main) DEBUG [DataNucleus.Persistence] - Haciendo el objeto persistente : "com.videoclub.pojo.Rental@7063686f"
17:28:01,305 (main) DEBUG [DataNucleus.ValueGeneration] - Valor generado para el campo "com.videoclub.pojo.Rental.id" con estrategia="increment" (Generador="org.datanucleus.store.rdbms.valuegenerator.TableGenerator") : valor=14
17:28:01,305 (main) DEBUG [DataNucleus.Cache] - Objeto con identidad "com.videoclub.pojo.Rental:14" añadido a la Cache de nivel 1 (loadedFlags="[YYYYY]")
17:28:01,305 (main) DEBUG [DataNucleus.Transaction] - Objeto con identidad "com.videoclub.pojo.Rental:14" ha sido puesto en la cache transaccional
17:28:01,305 (main) DEBUG [DataNucleus.Persistence] - Objeto "com.videoclub.pojo.Rental@7063686f" va a ser añadido a la tabla "`RENTAL`"
17:28:01,305 (main) DEBUG [DataNucleus.Connection] - ManagedConnection ABIERTO : "org.datanucleus.store.rdbms.ConnectionFactoryImpl$ManagedConnectionImpl@76f856a8 [conn=org.datanucleus.store.rdbms.datasource.dbcp2.PoolingDataSource$PoolGuardConnectionWrapper@7c853486, commitOnRelease=false, closeOnRelease=false, closeOnTxnEnd=true]" en resource "tx" con isolación "read-committed" y auto-commit=false
17:28:01,305 (main) DEBUG [DataNucleus.Transaction] - Running enlist operation on resource: org.datanucleus.store.rdbms.ConnectionFactoryImpl$EmulatedXAResource@174e1b69, error code TMNOFLAGS and transaction [DataNucleus Transaction, ID=1418522280-24, enlisted resources=[]]
17:28:01,305 (main) DEBUG [DataNucleus.Datastore] - Utilizando PreparedStatement "com.mysql.cj.jdbc.ClientPreparedStatement: INSERT INTO `RENTAL` (`CODE`,`RENTALDATE`,`RETURNDATE`,`TITLE`,`ID`) VALUES (** NOT SPECIFIED **,** NOT SPECIFIED **,** NOT SPECIFIED **,** NOT SPECIFIED **,** NOT SPECIFIED **)" para la conneccion "org.datanucleus.store.rdbms.datasource.dbcp2.PoolingDataSource$PoolGuardConnectionWrapper@7c853486"
17:28:01,305 (main) DEBUG [DataNucleus.Datastore.Persist] - El statement "INSERT INTO `RENTAL` (`CODE`,`RENTALDATE`,`RETURNDATE`,`TITLE`,`ID`) VALUES (?,?,?,?,?)" ya es batchable
17:28:01,305 (main) DEBUG [DataNucleus.Persistence] - El objeto con identidad "com.videoclub.pojo.Rental:14" va a tener el valor en el campo "returnDate" cambiado por un SCO wrapper
17:28:01,305 (main) DEBUG [DataNucleus.Persistence] - El objeto con identidad "com.videoclub.pojo.Rental:14" va a tener el valor en el campo "rentalDate" cambiado por un SCO wrapper
17:28:01,305 (main) DEBUG [DataNucleus.Datastore.Persist] - Añadiendo statement "INSERT INTO `RENTAL` (`CODE`,`RENTALDATE`,`RETURNDATE`,`TITLE`,`ID`) VALUES (?,?,?,?,?)" al batch para procesar (tamaño de batch = 1)
17:28:01,305 (main) DEBUG [DataNucleus.Datastore.Native] - INSERT INTO `RENTAL` (`CODE`,`RENTALDATE`,`RETURNDATE`,`TITLE`,`ID`) VALUES (?,?,?,?,?)
17:28:01,306 (main) DEBUG [DataNucleus.Datastore] - SQL Tiempo de cumplir = 1 ms (numero de lineas cambiado = [1]) con el PreparedStatement "org.datanucleus.store.rdbms.datasource.dbcp2.DelegatingPreparedStatement@71cb3139"
17:28:01,306 (main) DEBUG [DataNucleus.Transaction] - Haciendo commit de la transaacción para el ExecutionContext org.datanucleus.ExecutionContextImpl@34dc85a
17:28:01,306 (main) DEBUG [DataNucleus.Persistence] - ExecutionContext.internalFlush() empezado con flush ordenado - 1 objetos registrados
17:28:01,306 (main) DEBUG [DataNucleus.Persistence] - ExecutionContext.internalFlush() terminado
17:28:01,306 (main) DEBUG [DataNucleus.Persistence] - Persistence-By-Reachability (commit) : EMPIEZA
17:28:01,306 (main) DEBUG [DataNucleus.Persistence] - Haciendo la calculación de alcanzables con objeto con identidad "com.videoclub.pojo.Rental:14"
17:28:01,306 (main) DEBUG [DataNucleus.Cache] - Objeto con identidad "com.videoclub.pojo.Rental:14" obtenido de la Cache nivel 1 (loadedFlags="[YYYYY]")
17:28:01,306 (main) DEBUG [DataNucleus.Persistence] - Object con id "com.videoclub.pojo.Rental:14" y estado de vida "P_NEW" añadido a la lista de alcanzables al commit.
17:28:01,306 (main) DEBUG [DataNucleus.Persistence] - ExecutionContext.internalFlush() empezado con flush ordenado - 0 objetos registrados
17:28:01,306 (main) DEBUG [DataNucleus.Persistence] - ExecutionContext.internalFlush() terminado
17:28:01,306 (main) DEBUG [DataNucleus.Persistence] - Persistence-By-Reachability (commit) : TERMINADO
17:28:01,306 (main) DEBUG [DataNucleus.Cache] - Objeto con identidad "com.videoclub.pojo.Rental:14" añadido a la Cache de nivel 2 (campos="[0, 1, 2, 3, 4]", version="")
17:28:01,306 (main) DEBUG [DataNucleus.Cache] - El objeto con identidad "com.videoclub.pojo.Rental:14" va a tener los campos siguientes almacendados en el objeto de Level 2 cache : [0, 1, 2, 3, 4]
17:28:01,306 (main) DEBUG [DataNucleus.Transaction] - Committing [DataNucleus Transaction, ID=1418522280-24, enlisted resources=[org.datanucleus.store.rdbms.ConnectionFactoryImpl$EmulatedXAResource@174e1b69]]
17:28:01,306 (main) DEBUG [DataNucleus.Connection] - ManagedConnection VA A COMMIT : "org.datanucleus.store.rdbms.ConnectionFactoryImpl$ManagedConnectionImpl@76f856a8 [conn=org.datanucleus.store.rdbms.datasource.dbcp2.PoolingDataSource$PoolGuardConnectionWrapper@7c853486, commitOnRelease=false, closeOnRelease=false, closeOnTxnEnd=true]"
17:28:01,306 (main) DEBUG [DataNucleus.Connection] - ManagedConnection CERRADO : "org.datanucleus.store.rdbms.ConnectionFactoryImpl$ManagedConnectionImpl@76f856a8 [conn=org.datanucleus.store.rdbms.datasource.dbcp2.PoolingDataSource$PoolGuardConnectionWrapper@7c853486, commitOnRelease=false, closeOnRelease=false, closeOnTxnEnd=true]" 
17:28:01,307 (main) DEBUG [DataNucleus.Persistence] - Haciendo el objeto detachado : "com.videoclub.pojo.Rental@7063686f" (profundidad=0)
17:28:01,307 (main) DEBUG [DataNucleus.Persistence] - El objeto con identidad "com.videoclub.pojo.Rental:14" va a tener el SCO wrapper en el campo "rentalDate" cambiado por el valor
17:28:01,307 (main) DEBUG [DataNucleus.Persistence] - El objeto con identidad "com.videoclub.pojo.Rental:14" va a tener el SCO wrapper en el campo "returnDate" cambiado por el valor
17:28:01,307 (main) DEBUG [DataNucleus.Persistence] - Objeto con identidad "com.videoclub.pojo.Rental:14" tiene cambio de lifeycle : "P_NEW"->"DETACHED_CLEAN"
17:28:01,307 (main) DEBUG [DataNucleus.Transaction] - Objeto con identidad "com.videoclub.pojo.Rental:14" fue borrado de la cache transactional
17:28:01,307 (main) DEBUG [DataNucleus.Persistence] - Disconectando objeto con identidad "com.videoclub.pojo.Rental:14" de StateManager[pc=com.videoclub.pojo.Rental@7063686f, lifecycle=DETACHED_CLEAN]
17:28:01,307 (main) DEBUG [DataNucleus.Cache] - Objeto con identidad="com.videoclub.pojo.Rental:14" borrado de la Cache de nivel 1
17:28:01,307 (main) DEBUG [DataNucleus.Transaction] - Transacción committed en 2 ms
17:28:01,307 (main) DEBUG [DataNucleus.Persistence] - ExecutionContext "org.datanucleus.ExecutionContextImpl@34dc85a" se cerró
17:28:01,307 (main) DEBUG [DataNucleus.Persistence] - ExecutionContext "org.datanucleus.ExecutionContextImpl@34dc85a" se abrió para la base de datos "org.datanucleus.store.rdbms.RDBMSStoreManager@6d4a65c6" con transaccion="org.datanucleus.transaction.TransactionImpl@3491e86e"
17:28:01,307 (main) DEBUG [DataNucleus.Transaction] - Transaction created [DataNucleus Transaction, ID=1418522280-25, enlisted resources=[]]
17:28:01,307 (main) DEBUG [DataNucleus.Transaction] - Transacción empezada para el ExecutionContext org.datanucleus.ExecutionContextImpl@34dc85a (optimistic=false)
* Storing a class com.videoclub.pojo.Rental : Rental [id=0, title=Movie7, movie=Movie [title=Movie7, genre=THRILLER, duration=90, year=1990, director=paco, rentalPrice=6.75], code=3, customer=User [code=3, username=client,type=CLIENT, password=948fe603f61dc036b5c596dc09fe3ce3f3d30dc90f024c85f3c82db2ccab679d, email=client@email.com, name=ClientName, surname=ClientSurname], rentalDate=Mon May 22 17:28:01 CEST 2023, returnDate=Mon May 22 17:28:01 CEST 2023]
17:28:01,307 (main) DEBUG [DataNucleus.Persistence] - Haciendo el objeto persistente : "com.videoclub.pojo.Rental@409986fe"
17:28:01,307 (main) DEBUG [DataNucleus.ValueGeneration] - Valor generado para el campo "com.videoclub.pojo.Rental.id" con estrategia="increment" (Generador="org.datanucleus.store.rdbms.valuegenerator.TableGenerator") : valor=15
17:28:01,308 (main) DEBUG [DataNucleus.Cache] - Objeto con identidad "com.videoclub.pojo.Rental:15" añadido a la Cache de nivel 1 (loadedFlags="[YYYYY]")
17:28:01,308 (main) DEBUG [DataNucleus.Transaction] - Objeto con identidad "com.videoclub.pojo.Rental:15" ha sido puesto en la cache transaccional
17:28:01,308 (main) DEBUG [DataNucleus.Persistence] - Objeto "com.videoclub.pojo.Rental@409986fe" va a ser añadido a la tabla "`RENTAL`"
17:28:01,308 (main) DEBUG [DataNucleus.Connection] - ManagedConnection ABIERTO : "org.datanucleus.store.rdbms.ConnectionFactoryImpl$ManagedConnectionImpl@22590e3e [conn=org.datanucleus.store.rdbms.datasource.dbcp2.PoolingDataSource$PoolGuardConnectionWrapper@53dad875, commitOnRelease=false, closeOnRelease=false, closeOnTxnEnd=true]" en resource "tx" con isolación "read-committed" y auto-commit=false
17:28:01,308 (main) DEBUG [DataNucleus.Transaction] - Running enlist operation on resource: org.datanucleus.store.rdbms.ConnectionFactoryImpl$EmulatedXAResource@5f780a86, error code TMNOFLAGS and transaction [DataNucleus Transaction, ID=1418522280-25, enlisted resources=[]]
17:28:01,308 (main) DEBUG [DataNucleus.Datastore] - Utilizando PreparedStatement "com.mysql.cj.jdbc.ClientPreparedStatement: INSERT INTO `RENTAL` (`CODE`,`RENTALDATE`,`RETURNDATE`,`TITLE`,`ID`) VALUES (** NOT SPECIFIED **,** NOT SPECIFIED **,** NOT SPECIFIED **,** NOT SPECIFIED **,** NOT SPECIFIED **)" para la conneccion "org.datanucleus.store.rdbms.datasource.dbcp2.PoolingDataSource$PoolGuardConnectionWrapper@53dad875"
17:28:01,308 (main) DEBUG [DataNucleus.Datastore.Persist] - El statement "INSERT INTO `RENTAL` (`CODE`,`RENTALDATE`,`RETURNDATE`,`TITLE`,`ID`) VALUES (?,?,?,?,?)" ya es batchable
17:28:01,308 (main) DEBUG [DataNucleus.Persistence] - El objeto con identidad "com.videoclub.pojo.Rental:15" va a tener el valor en el campo "returnDate" cambiado por un SCO wrapper
17:28:01,308 (main) DEBUG [DataNucleus.Persistence] - El objeto con identidad "com.videoclub.pojo.Rental:15" va a tener el valor en el campo "rentalDate" cambiado por un SCO wrapper
17:28:01,308 (main) DEBUG [DataNucleus.Datastore.Persist] - Añadiendo statement "INSERT INTO `RENTAL` (`CODE`,`RENTALDATE`,`RETURNDATE`,`TITLE`,`ID`) VALUES (?,?,?,?,?)" al batch para procesar (tamaño de batch = 1)
17:28:01,308 (main) DEBUG [DataNucleus.Datastore.Native] - INSERT INTO `RENTAL` (`CODE`,`RENTALDATE`,`RETURNDATE`,`TITLE`,`ID`) VALUES (?,?,?,?,?)
17:28:01,309 (main) DEBUG [DataNucleus.Datastore] - SQL Tiempo de cumplir = 1 ms (numero de lineas cambiado = [1]) con el PreparedStatement "org.datanucleus.store.rdbms.datasource.dbcp2.DelegatingPreparedStatement@2b329bbd"
17:28:01,309 (main) DEBUG [DataNucleus.Transaction] - Haciendo commit de la transaacción para el ExecutionContext org.datanucleus.ExecutionContextImpl@34dc85a
17:28:01,309 (main) DEBUG [DataNucleus.Persistence] - ExecutionContext.internalFlush() empezado con flush ordenado - 1 objetos registrados
17:28:01,309 (main) DEBUG [DataNucleus.Persistence] - ExecutionContext.internalFlush() terminado
17:28:01,309 (main) DEBUG [DataNucleus.Persistence] - Persistence-By-Reachability (commit) : EMPIEZA
17:28:01,309 (main) DEBUG [DataNucleus.Persistence] - Haciendo la calculación de alcanzables con objeto con identidad "com.videoclub.pojo.Rental:15"
17:28:01,309 (main) DEBUG [DataNucleus.Cache] - Objeto con identidad "com.videoclub.pojo.Rental:15" obtenido de la Cache nivel 1 (loadedFlags="[YYYYY]")
17:28:01,309 (main) DEBUG [DataNucleus.Persistence] - Object con id "com.videoclub.pojo.Rental:15" y estado de vida "P_NEW" añadido a la lista de alcanzables al commit.
17:28:01,309 (main) DEBUG [DataNucleus.Persistence] - ExecutionContext.internalFlush() empezado con flush ordenado - 0 objetos registrados
17:28:01,309 (main) DEBUG [DataNucleus.Persistence] - ExecutionContext.internalFlush() terminado
17:28:01,309 (main) DEBUG [DataNucleus.Persistence] - Persistence-By-Reachability (commit) : TERMINADO
17:28:01,309 (main) DEBUG [DataNucleus.Cache] - Objeto con identidad "com.videoclub.pojo.Rental:15" añadido a la Cache de nivel 2 (campos="[0, 1, 2, 3, 4]", version="")
17:28:01,309 (main) DEBUG [DataNucleus.Cache] - El objeto con identidad "com.videoclub.pojo.Rental:15" va a tener los campos siguientes almacendados en el objeto de Level 2 cache : [0, 1, 2, 3, 4]
17:28:01,309 (main) DEBUG [DataNucleus.Transaction] - Committing [DataNucleus Transaction, ID=1418522280-25, enlisted resources=[org.datanucleus.store.rdbms.ConnectionFactoryImpl$EmulatedXAResource@5f780a86]]
17:28:01,309 (main) DEBUG [DataNucleus.Connection] - ManagedConnection VA A COMMIT : "org.datanucleus.store.rdbms.ConnectionFactoryImpl$ManagedConnectionImpl@22590e3e [conn=org.datanucleus.store.rdbms.datasource.dbcp2.PoolingDataSource$PoolGuardConnectionWrapper@53dad875, commitOnRelease=false, closeOnRelease=false, closeOnTxnEnd=true]"
17:28:01,309 (main) DEBUG [DataNucleus.Connection] - ManagedConnection CERRADO : "org.datanucleus.store.rdbms.ConnectionFactoryImpl$ManagedConnectionImpl@22590e3e [conn=org.datanucleus.store.rdbms.datasource.dbcp2.PoolingDataSource$PoolGuardConnectionWrapper@53dad875, commitOnRelease=false, closeOnRelease=false, closeOnTxnEnd=true]" 
17:28:01,310 (main) DEBUG [DataNucleus.Persistence] - Haciendo el objeto detachado : "com.videoclub.pojo.Rental@409986fe" (profundidad=0)
17:28:01,310 (main) DEBUG [DataNucleus.Persistence] - El objeto con identidad "com.videoclub.pojo.Rental:15" va a tener el SCO wrapper en el campo "rentalDate" cambiado por el valor
17:28:01,310 (main) DEBUG [DataNucleus.Persistence] - El objeto con identidad "com.videoclub.pojo.Rental:15" va a tener el SCO wrapper en el campo "returnDate" cambiado por el valor
17:28:01,310 (main) DEBUG [DataNucleus.Persistence] - Objeto con identidad "com.videoclub.pojo.Rental:15" tiene cambio de lifeycle : "P_NEW"->"DETACHED_CLEAN"
17:28:01,310 (main) DEBUG [DataNucleus.Transaction] - Objeto con identidad "com.videoclub.pojo.Rental:15" fue borrado de la cache transactional
17:28:01,310 (main) DEBUG [DataNucleus.Persistence] - Disconectando objeto con identidad "com.videoclub.pojo.Rental:15" de StateManager[pc=com.videoclub.pojo.Rental@409986fe, lifecycle=DETACHED_CLEAN]
17:28:01,310 (main) DEBUG [DataNucleus.Cache] - Objeto con identidad="com.videoclub.pojo.Rental:15" borrado de la Cache de nivel 1
17:28:01,310 (main) DEBUG [DataNucleus.Transaction] - Transacción committed en 2 ms
17:28:01,310 (main) DEBUG [DataNucleus.Persistence] - ExecutionContext "org.datanucleus.ExecutionContextImpl@34dc85a" se cerró
17:28:01,310 (main) DEBUG [DataNucleus.Persistence] - ExecutionContext "org.datanucleus.ExecutionContextImpl@34dc85a" se abrió para la base de datos "org.datanucleus.store.rdbms.RDBMSStoreManager@6d4a65c6" con transaccion="org.datanucleus.transaction.TransactionImpl@118102ee"
17:28:01,310 (main) DEBUG [DataNucleus.Transaction] - Transaction created [DataNucleus Transaction, ID=1418522280-26, enlisted resources=[]]
17:28:01,310 (main) DEBUG [DataNucleus.Transaction] - Transacción empezada para el ExecutionContext org.datanucleus.ExecutionContextImpl@34dc85a (optimistic=false)
* Storing a class com.videoclub.pojo.Rental : Rental [id=0, title=Movie3, movie=Movie [title=Movie3, genre=DRAMA, duration=90, year=2012, director=luis, rentalPrice=4.25], code=2, customer=User [code=2, username=assaz,type=CLIENT, password=3200a7486419e1efd8cbbad503fb0c6140ef7e7cf69807249fda25d59c215e5c, email=asier.account@email.com, name=Asier, surname=Belloso], rentalDate=Mon May 22 17:28:01 CEST 2023, returnDate=Mon May 22 17:28:01 CEST 2023]
17:28:01,310 (main) DEBUG [DataNucleus.Persistence] - Haciendo el objeto persistente : "com.videoclub.pojo.Rental@771d1ffb"
17:28:01,310 (main) DEBUG [DataNucleus.ValueGeneration] - Valor generado para el campo "com.videoclub.pojo.Rental.id" con estrategia="increment" (Generador="org.datanucleus.store.rdbms.valuegenerator.TableGenerator") : valor=16
17:28:01,310 (main) DEBUG [DataNucleus.Cache] - Objeto con identidad "com.videoclub.pojo.Rental:16" añadido a la Cache de nivel 1 (loadedFlags="[YYYYY]")
17:28:01,310 (main) DEBUG [DataNucleus.Transaction] - Objeto con identidad "com.videoclub.pojo.Rental:16" ha sido puesto en la cache transaccional
17:28:01,310 (main) DEBUG [DataNucleus.Persistence] - Objeto "com.videoclub.pojo.Rental@771d1ffb" va a ser añadido a la tabla "`RENTAL`"
17:28:01,311 (main) DEBUG [DataNucleus.Connection] - ManagedConnection ABIERTO : "org.datanucleus.store.rdbms.ConnectionFactoryImpl$ManagedConnectionImpl@56681eaf [conn=org.datanucleus.store.rdbms.datasource.dbcp2.PoolingDataSource$PoolGuardConnectionWrapper@72d0f2b4, commitOnRelease=false, closeOnRelease=false, closeOnTxnEnd=true]" en resource "tx" con isolación "read-committed" y auto-commit=false
17:28:01,311 (main) DEBUG [DataNucleus.Transaction] - Running enlist operation on resource: org.datanucleus.store.rdbms.ConnectionFactoryImpl$EmulatedXAResource@6d2dc9d2, error code TMNOFLAGS and transaction [DataNucleus Transaction, ID=1418522280-26, enlisted resources=[]]
17:28:01,311 (main) DEBUG [DataNucleus.Datastore] - Utilizando PreparedStatement "com.mysql.cj.jdbc.ClientPreparedStatement: INSERT INTO `RENTAL` (`CODE`,`RENTALDATE`,`RETURNDATE`,`TITLE`,`ID`) VALUES (** NOT SPECIFIED **,** NOT SPECIFIED **,** NOT SPECIFIED **,** NOT SPECIFIED **,** NOT SPECIFIED **)" para la conneccion "org.datanucleus.store.rdbms.datasource.dbcp2.PoolingDataSource$PoolGuardConnectionWrapper@72d0f2b4"
17:28:01,311 (main) DEBUG [DataNucleus.Datastore.Persist] - El statement "INSERT INTO `RENTAL` (`CODE`,`RENTALDATE`,`RETURNDATE`,`TITLE`,`ID`) VALUES (?,?,?,?,?)" ya es batchable
17:28:01,311 (main) DEBUG [DataNucleus.Persistence] - El objeto con identidad "com.videoclub.pojo.Rental:16" va a tener el valor en el campo "returnDate" cambiado por un SCO wrapper
17:28:01,311 (main) DEBUG [DataNucleus.Persistence] - El objeto con identidad "com.videoclub.pojo.Rental:16" va a tener el valor en el campo "rentalDate" cambiado por un SCO wrapper
17:28:01,311 (main) DEBUG [DataNucleus.Datastore.Persist] - Añadiendo statement "INSERT INTO `RENTAL` (`CODE`,`RENTALDATE`,`RETURNDATE`,`TITLE`,`ID`) VALUES (?,?,?,?,?)" al batch para procesar (tamaño de batch = 1)
17:28:01,311 (main) DEBUG [DataNucleus.Datastore.Native] - INSERT INTO `RENTAL` (`CODE`,`RENTALDATE`,`RETURNDATE`,`TITLE`,`ID`) VALUES (?,?,?,?,?)
17:28:01,312 (main) DEBUG [DataNucleus.Datastore] - SQL Tiempo de cumplir = 1 ms (numero de lineas cambiado = [1]) con el PreparedStatement "org.datanucleus.store.rdbms.datasource.dbcp2.DelegatingPreparedStatement@7e1f584d"
17:28:01,312 (main) DEBUG [DataNucleus.Transaction] - Haciendo commit de la transaacción para el ExecutionContext org.datanucleus.ExecutionContextImpl@34dc85a
17:28:01,312 (main) DEBUG [DataNucleus.Persistence] - ExecutionContext.internalFlush() empezado con flush ordenado - 1 objetos registrados
17:28:01,312 (main) DEBUG [DataNucleus.Persistence] - ExecutionContext.internalFlush() terminado
17:28:01,312 (main) DEBUG [DataNucleus.Persistence] - Persistence-By-Reachability (commit) : EMPIEZA
17:28:01,312 (main) DEBUG [DataNucleus.Persistence] - Haciendo la calculación de alcanzables con objeto con identidad "com.videoclub.pojo.Rental:16"
17:28:01,312 (main) DEBUG [DataNucleus.Cache] - Objeto con identidad "com.videoclub.pojo.Rental:16" obtenido de la Cache nivel 1 (loadedFlags="[YYYYY]")
17:28:01,312 (main) DEBUG [DataNucleus.Persistence] - Object con id "com.videoclub.pojo.Rental:16" y estado de vida "P_NEW" añadido a la lista de alcanzables al commit.
17:28:01,312 (main) DEBUG [DataNucleus.Persistence] - ExecutionContext.internalFlush() empezado con flush ordenado - 0 objetos registrados
17:28:01,312 (main) DEBUG [DataNucleus.Persistence] - ExecutionContext.internalFlush() terminado
17:28:01,312 (main) DEBUG [DataNucleus.Persistence] - Persistence-By-Reachability (commit) : TERMINADO
17:28:01,312 (main) DEBUG [DataNucleus.Cache] - Objeto con identidad "com.videoclub.pojo.Rental:16" añadido a la Cache de nivel 2 (campos="[0, 1, 2, 3, 4]", version="")
17:28:01,312 (main) DEBUG [DataNucleus.Cache] - El objeto con identidad "com.videoclub.pojo.Rental:16" va a tener los campos siguientes almacendados en el objeto de Level 2 cache : [0, 1, 2, 3, 4]
17:28:01,312 (main) DEBUG [DataNucleus.Transaction] - Committing [DataNucleus Transaction, ID=1418522280-26, enlisted resources=[org.datanucleus.store.rdbms.ConnectionFactoryImpl$EmulatedXAResource@6d2dc9d2]]
17:28:01,312 (main) DEBUG [DataNucleus.Connection] - ManagedConnection VA A COMMIT : "org.datanucleus.store.rdbms.ConnectionFactoryImpl$ManagedConnectionImpl@56681eaf [conn=org.datanucleus.store.rdbms.datasource.dbcp2.PoolingDataSource$PoolGuardConnectionWrapper@72d0f2b4, commitOnRelease=false, closeOnRelease=false, closeOnTxnEnd=true]"
17:28:01,313 (main) DEBUG [DataNucleus.Connection] - ManagedConnection CERRADO : "org.datanucleus.store.rdbms.ConnectionFactoryImpl$ManagedConnectionImpl@56681eaf [conn=org.datanucleus.store.rdbms.datasource.dbcp2.PoolingDataSource$PoolGuardConnectionWrapper@72d0f2b4, commitOnRelease=false, closeOnRelease=false, closeOnTxnEnd=true]" 
17:28:01,313 (main) DEBUG [DataNucleus.Persistence] - Haciendo el objeto detachado : "com.videoclub.pojo.Rental@771d1ffb" (profundidad=0)
17:28:01,313 (main) DEBUG [DataNucleus.Persistence] - El objeto con identidad "com.videoclub.pojo.Rental:16" va a tener el SCO wrapper en el campo "rentalDate" cambiado por el valor
17:28:01,314 (main) DEBUG [DataNucleus.Persistence] - El objeto con identidad "com.videoclub.pojo.Rental:16" va a tener el SCO wrapper en el campo "returnDate" cambiado por el valor
17:28:01,314 (main) DEBUG [DataNucleus.Persistence] - Objeto con identidad "com.videoclub.pojo.Rental:16" tiene cambio de lifeycle : "P_NEW"->"DETACHED_CLEAN"
17:28:01,314 (main) DEBUG [DataNucleus.Transaction] - Objeto con identidad "com.videoclub.pojo.Rental:16" fue borrado de la cache transactional
17:28:01,314 (main) DEBUG [DataNucleus.Persistence] - Disconectando objeto con identidad "com.videoclub.pojo.Rental:16" de StateManager[pc=com.videoclub.pojo.Rental@771d1ffb, lifecycle=DETACHED_CLEAN]
17:28:01,314 (main) DEBUG [DataNucleus.Cache] - Objeto con identidad="com.videoclub.pojo.Rental:16" borrado de la Cache de nivel 1
17:28:01,314 (main) DEBUG [DataNucleus.Transaction] - Transacción committed en 3 ms
17:28:01,314 (main) DEBUG [DataNucleus.Persistence] - ExecutionContext "org.datanucleus.ExecutionContextImpl@34dc85a" se cerró
17:28:01,314 (main) DEBUG [DataNucleus.Persistence] - ExecutionContext "org.datanucleus.ExecutionContextImpl@34dc85a" se abrió para la base de datos "org.datanucleus.store.rdbms.RDBMSStoreManager@6d4a65c6" con transaccion="org.datanucleus.transaction.TransactionImpl@45d64d27"
17:28:01,314 (main) DEBUG [DataNucleus.Transaction] - Transaction created [DataNucleus Transaction, ID=1418522280-27, enlisted resources=[]]
17:28:01,314 (main) DEBUG [DataNucleus.Transaction] - Transacción empezada para el ExecutionContext org.datanucleus.ExecutionContextImpl@34dc85a (optimistic=false)
* Storing a class com.videoclub.pojo.Rental : Rental [id=0, title=Movie4, movie=Movie [title=Movie4, genre=COMEDY, duration=160, year=2004, director=juana, rentalPrice=14.34], code=1, customer=User [code=1, username=admin,type=ADMIN, password=8c6976e5b5410415bde908bd4dee15dfb167a9c873fc4bb8a81f6f2ab448a918, email=admin@email.com, name=AdminName, surname=AdminSurname], rentalDate=Mon May 22 17:28:01 CEST 2023, returnDate=Mon May 22 17:28:01 CEST 2023]
17:28:01,314 (main) DEBUG [DataNucleus.Persistence] - Haciendo el objeto persistente : "com.videoclub.pojo.Rental@30a7c98f"
17:28:01,314 (main) DEBUG [DataNucleus.ValueGeneration] - Valor generado para el campo "com.videoclub.pojo.Rental.id" con estrategia="increment" (Generador="org.datanucleus.store.rdbms.valuegenerator.TableGenerator") : valor=17
17:28:01,314 (main) DEBUG [DataNucleus.Cache] - Objeto con identidad "com.videoclub.pojo.Rental:17" añadido a la Cache de nivel 1 (loadedFlags="[YYYYY]")
17:28:01,314 (main) DEBUG [DataNucleus.Transaction] - Objeto con identidad "com.videoclub.pojo.Rental:17" ha sido puesto en la cache transaccional
17:28:01,314 (main) DEBUG [DataNucleus.Persistence] - Objeto "com.videoclub.pojo.Rental@30a7c98f" va a ser añadido a la tabla "`RENTAL`"
17:28:01,315 (main) DEBUG [DataNucleus.Connection] - ManagedConnection ABIERTO : "org.datanucleus.store.rdbms.ConnectionFactoryImpl$ManagedConnectionImpl@41fed14f [conn=org.datanucleus.store.rdbms.datasource.dbcp2.PoolingDataSource$PoolGuardConnectionWrapper@4d6ee47, commitOnRelease=false, closeOnRelease=false, closeOnTxnEnd=true]" en resource "tx" con isolación "read-committed" y auto-commit=false
17:28:01,315 (main) DEBUG [DataNucleus.Transaction] - Running enlist operation on resource: org.datanucleus.store.rdbms.ConnectionFactoryImpl$EmulatedXAResource@a33b4e3, error code TMNOFLAGS and transaction [DataNucleus Transaction, ID=1418522280-27, enlisted resources=[]]
17:28:01,315 (main) DEBUG [DataNucleus.Datastore] - Utilizando PreparedStatement "com.mysql.cj.jdbc.ClientPreparedStatement: INSERT INTO `RENTAL` (`CODE`,`RENTALDATE`,`RETURNDATE`,`TITLE`,`ID`) VALUES (** NOT SPECIFIED **,** NOT SPECIFIED **,** NOT SPECIFIED **,** NOT SPECIFIED **,** NOT SPECIFIED **)" para la conneccion "org.datanucleus.store.rdbms.datasource.dbcp2.PoolingDataSource$PoolGuardConnectionWrapper@4d6ee47"
17:28:01,315 (main) DEBUG [DataNucleus.Datastore.Persist] - El statement "INSERT INTO `RENTAL` (`CODE`,`RENTALDATE`,`RETURNDATE`,`TITLE`,`ID`) VALUES (?,?,?,?,?)" ya es batchable
17:28:01,315 (main) DEBUG [DataNucleus.Persistence] - El objeto con identidad "com.videoclub.pojo.Rental:17" va a tener el valor en el campo "returnDate" cambiado por un SCO wrapper
17:28:01,315 (main) DEBUG [DataNucleus.Persistence] - El objeto con identidad "com.videoclub.pojo.Rental:17" va a tener el valor en el campo "rentalDate" cambiado por un SCO wrapper
17:28:01,315 (main) DEBUG [DataNucleus.Datastore.Persist] - Añadiendo statement "INSERT INTO `RENTAL` (`CODE`,`RENTALDATE`,`RETURNDATE`,`TITLE`,`ID`) VALUES (?,?,?,?,?)" al batch para procesar (tamaño de batch = 1)
17:28:01,315 (main) DEBUG [DataNucleus.Datastore.Native] - INSERT INTO `RENTAL` (`CODE`,`RENTALDATE`,`RETURNDATE`,`TITLE`,`ID`) VALUES (?,?,?,?,?)
17:28:01,316 (main) DEBUG [DataNucleus.Datastore] - SQL Tiempo de cumplir = 1 ms (numero de lineas cambiado = [1]) con el PreparedStatement "org.datanucleus.store.rdbms.datasource.dbcp2.DelegatingPreparedStatement@8b91134"
17:28:01,316 (main) DEBUG [DataNucleus.Transaction] - Haciendo commit de la transaacción para el ExecutionContext org.datanucleus.ExecutionContextImpl@34dc85a
17:28:01,316 (main) DEBUG [DataNucleus.Persistence] - ExecutionContext.internalFlush() empezado con flush ordenado - 1 objetos registrados
17:28:01,316 (main) DEBUG [DataNucleus.Persistence] - ExecutionContext.internalFlush() terminado
17:28:01,316 (main) DEBUG [DataNucleus.Persistence] - Persistence-By-Reachability (commit) : EMPIEZA
17:28:01,316 (main) DEBUG [DataNucleus.Persistence] - Haciendo la calculación de alcanzables con objeto con identidad "com.videoclub.pojo.Rental:17"
17:28:01,316 (main) DEBUG [DataNucleus.Cache] - Objeto con identidad "com.videoclub.pojo.Rental:17" obtenido de la Cache nivel 1 (loadedFlags="[YYYYY]")
17:28:01,316 (main) DEBUG [DataNucleus.Persistence] - Object con id "com.videoclub.pojo.Rental:17" y estado de vida "P_NEW" añadido a la lista de alcanzables al commit.
17:28:01,316 (main) DEBUG [DataNucleus.Persistence] - ExecutionContext.internalFlush() empezado con flush ordenado - 0 objetos registrados
17:28:01,316 (main) DEBUG [DataNucleus.Persistence] - ExecutionContext.internalFlush() terminado
17:28:01,316 (main) DEBUG [DataNucleus.Persistence] - Persistence-By-Reachability (commit) : TERMINADO
17:28:01,316 (main) DEBUG [DataNucleus.Cache] - Objeto con identidad "com.videoclub.pojo.Rental:17" añadido a la Cache de nivel 2 (campos="[0, 1, 2, 3, 4]", version="")
17:28:01,316 (main) DEBUG [DataNucleus.Cache] - El objeto con identidad "com.videoclub.pojo.Rental:17" va a tener los campos siguientes almacendados en el objeto de Level 2 cache : [0, 1, 2, 3, 4]
17:28:01,316 (main) DEBUG [DataNucleus.Transaction] - Committing [DataNucleus Transaction, ID=1418522280-27, enlisted resources=[org.datanucleus.store.rdbms.ConnectionFactoryImpl$EmulatedXAResource@a33b4e3]]
17:28:01,316 (main) DEBUG [DataNucleus.Connection] - ManagedConnection VA A COMMIT : "org.datanucleus.store.rdbms.ConnectionFactoryImpl$ManagedConnectionImpl@41fed14f [conn=org.datanucleus.store.rdbms.datasource.dbcp2.PoolingDataSource$PoolGuardConnectionWrapper@4d6ee47, commitOnRelease=false, closeOnRelease=false, closeOnTxnEnd=true]"
17:28:01,316 (main) DEBUG [DataNucleus.Connection] - ManagedConnection CERRADO : "org.datanucleus.store.rdbms.ConnectionFactoryImpl$ManagedConnectionImpl@41fed14f [conn=org.datanucleus.store.rdbms.datasource.dbcp2.PoolingDataSource$PoolGuardConnectionWrapper@4d6ee47, commitOnRelease=false, closeOnRelease=false, closeOnTxnEnd=true]" 
17:28:01,317 (main) DEBUG [DataNucleus.Persistence] - Haciendo el objeto detachado : "com.videoclub.pojo.Rental@30a7c98f" (profundidad=0)
17:28:01,317 (main) DEBUG [DataNucleus.Persistence] - El objeto con identidad "com.videoclub.pojo.Rental:17" va a tener el SCO wrapper en el campo "rentalDate" cambiado por el valor
17:28:01,317 (main) DEBUG [DataNucleus.Persistence] - El objeto con identidad "com.videoclub.pojo.Rental:17" va a tener el SCO wrapper en el campo "returnDate" cambiado por el valor
17:28:01,317 (main) DEBUG [DataNucleus.Persistence] - Objeto con identidad "com.videoclub.pojo.Rental:17" tiene cambio de lifeycle : "P_NEW"->"DETACHED_CLEAN"
17:28:01,317 (main) DEBUG [DataNucleus.Transaction] - Objeto con identidad "com.videoclub.pojo.Rental:17" fue borrado de la cache transactional
17:28:01,317 (main) DEBUG [DataNucleus.Persistence] - Disconectando objeto con identidad "com.videoclub.pojo.Rental:17" de StateManager[pc=com.videoclub.pojo.Rental@30a7c98f, lifecycle=DETACHED_CLEAN]
17:28:01,317 (main) DEBUG [DataNucleus.Cache] - Objeto con identidad="com.videoclub.pojo.Rental:17" borrado de la Cache de nivel 1
17:28:01,317 (main) DEBUG [DataNucleus.Transaction] - Transacción committed en 2 ms
17:28:01,317 (main) DEBUG [DataNucleus.Persistence] - ExecutionContext "org.datanucleus.ExecutionContextImpl@34dc85a" se cerró
17:28:01,317 (main) DEBUG [DataNucleus.Persistence] - ExecutionContext "org.datanucleus.ExecutionContextImpl@34dc85a" se abrió para la base de datos "org.datanucleus.store.rdbms.RDBMSStoreManager@6d4a65c6" con transaccion="org.datanucleus.transaction.TransactionImpl@7e736350"
17:28:01,317 (main) DEBUG [DataNucleus.Transaction] - Transaction created [DataNucleus Transaction, ID=1418522280-28, enlisted resources=[]]
17:28:01,317 (main) DEBUG [DataNucleus.Transaction] - Transacción empezada para el ExecutionContext org.datanucleus.ExecutionContextImpl@34dc85a (optimistic=false)
* Storing a class com.videoclub.pojo.Rental : Rental [id=0, title=Movie5, movie=Movie [title=Movie5, genre=MUSICAL, duration=90, year=1997, director=paco, rentalPrice=9.25], code=3, customer=User [code=3, username=client,type=CLIENT, password=948fe603f61dc036b5c596dc09fe3ce3f3d30dc90f024c85f3c82db2ccab679d, email=client@email.com, name=ClientName, surname=ClientSurname], rentalDate=Mon May 22 17:28:01 CEST 2023, returnDate=Mon May 22 17:28:01 CEST 2023]
17:28:01,317 (main) DEBUG [DataNucleus.Persistence] - Haciendo el objeto persistente : "com.videoclub.pojo.Rental@76c387f9"
17:28:01,317 (main) DEBUG [DataNucleus.ValueGeneration] - Valor generado para el campo "com.videoclub.pojo.Rental.id" con estrategia="increment" (Generador="org.datanucleus.store.rdbms.valuegenerator.TableGenerator") : valor=18
17:28:01,317 (main) DEBUG [DataNucleus.Cache] - Objeto con identidad "com.videoclub.pojo.Rental:18" añadido a la Cache de nivel 1 (loadedFlags="[YYYYY]")
17:28:01,317 (main) DEBUG [DataNucleus.Transaction] - Objeto con identidad "com.videoclub.pojo.Rental:18" ha sido puesto en la cache transaccional
17:28:01,317 (main) DEBUG [DataNucleus.Persistence] - Objeto "com.videoclub.pojo.Rental@76c387f9" va a ser añadido a la tabla "`RENTAL`"
17:28:01,318 (main) DEBUG [DataNucleus.Connection] - ManagedConnection ABIERTO : "org.datanucleus.store.rdbms.ConnectionFactoryImpl$ManagedConnectionImpl@5d7835a8 [conn=org.datanucleus.store.rdbms.datasource.dbcp2.PoolingDataSource$PoolGuardConnectionWrapper@736048ed, commitOnRelease=false, closeOnRelease=false, closeOnTxnEnd=true]" en resource "tx" con isolación "read-committed" y auto-commit=false
17:28:01,318 (main) DEBUG [DataNucleus.Transaction] - Running enlist operation on resource: org.datanucleus.store.rdbms.ConnectionFactoryImpl$EmulatedXAResource@1976f537, error code TMNOFLAGS and transaction [DataNucleus Transaction, ID=1418522280-28, enlisted resources=[]]
17:28:01,318 (main) DEBUG [DataNucleus.Datastore] - Utilizando PreparedStatement "com.mysql.cj.jdbc.ClientPreparedStatement: INSERT INTO `RENTAL` (`CODE`,`RENTALDATE`,`RETURNDATE`,`TITLE`,`ID`) VALUES (** NOT SPECIFIED **,** NOT SPECIFIED **,** NOT SPECIFIED **,** NOT SPECIFIED **,** NOT SPECIFIED **)" para la conneccion "org.datanucleus.store.rdbms.datasource.dbcp2.PoolingDataSource$PoolGuardConnectionWrapper@736048ed"
17:28:01,318 (main) DEBUG [DataNucleus.Datastore.Persist] - El statement "INSERT INTO `RENTAL` (`CODE`,`RENTALDATE`,`RETURNDATE`,`TITLE`,`ID`) VALUES (?,?,?,?,?)" ya es batchable
17:28:01,318 (main) DEBUG [DataNucleus.Persistence] - El objeto con identidad "com.videoclub.pojo.Rental:18" va a tener el valor en el campo "returnDate" cambiado por un SCO wrapper
17:28:01,318 (main) DEBUG [DataNucleus.Persistence] - El objeto con identidad "com.videoclub.pojo.Rental:18" va a tener el valor en el campo "rentalDate" cambiado por un SCO wrapper
17:28:01,318 (main) DEBUG [DataNucleus.Datastore.Persist] - Añadiendo statement "INSERT INTO `RENTAL` (`CODE`,`RENTALDATE`,`RETURNDATE`,`TITLE`,`ID`) VALUES (?,?,?,?,?)" al batch para procesar (tamaño de batch = 1)
17:28:01,318 (main) DEBUG [DataNucleus.Datastore.Native] - INSERT INTO `RENTAL` (`CODE`,`RENTALDATE`,`RETURNDATE`,`TITLE`,`ID`) VALUES (?,?,?,?,?)
17:28:01,319 (main) DEBUG [DataNucleus.Datastore] - SQL Tiempo de cumplir = 1 ms (numero de lineas cambiado = [1]) con el PreparedStatement "org.datanucleus.store.rdbms.datasource.dbcp2.DelegatingPreparedStatement@6940f685"
17:28:01,319 (main) DEBUG [DataNucleus.Transaction] - Haciendo commit de la transaacción para el ExecutionContext org.datanucleus.ExecutionContextImpl@34dc85a
17:28:01,319 (main) DEBUG [DataNucleus.Persistence] - ExecutionContext.internalFlush() empezado con flush ordenado - 1 objetos registrados
17:28:01,319 (main) DEBUG [DataNucleus.Persistence] - ExecutionContext.internalFlush() terminado
17:28:01,319 (main) DEBUG [DataNucleus.Persistence] - Persistence-By-Reachability (commit) : EMPIEZA
17:28:01,319 (main) DEBUG [DataNucleus.Persistence] - Haciendo la calculación de alcanzables con objeto con identidad "com.videoclub.pojo.Rental:18"
17:28:01,319 (main) DEBUG [DataNucleus.Cache] - Objeto con identidad "com.videoclub.pojo.Rental:18" obtenido de la Cache nivel 1 (loadedFlags="[YYYYY]")
17:28:01,319 (main) DEBUG [DataNucleus.Persistence] - Object con id "com.videoclub.pojo.Rental:18" y estado de vida "P_NEW" añadido a la lista de alcanzables al commit.
17:28:01,319 (main) DEBUG [DataNucleus.Persistence] - ExecutionContext.internalFlush() empezado con flush ordenado - 0 objetos registrados
17:28:01,319 (main) DEBUG [DataNucleus.Persistence] - ExecutionContext.internalFlush() terminado
17:28:01,319 (main) DEBUG [DataNucleus.Persistence] - Persistence-By-Reachability (commit) : TERMINADO
17:28:01,319 (main) DEBUG [DataNucleus.Cache] - Objeto con identidad "com.videoclub.pojo.Rental:18" añadido a la Cache de nivel 2 (campos="[0, 1, 2, 3, 4]", version="")
17:28:01,319 (main) DEBUG [DataNucleus.Cache] - El objeto con identidad "com.videoclub.pojo.Rental:18" va a tener los campos siguientes almacendados en el objeto de Level 2 cache : [0, 1, 2, 3, 4]
17:28:01,319 (main) DEBUG [DataNucleus.Transaction] - Committing [DataNucleus Transaction, ID=1418522280-28, enlisted resources=[org.datanucleus.store.rdbms.ConnectionFactoryImpl$EmulatedXAResource@1976f537]]
17:28:01,319 (main) DEBUG [DataNucleus.Connection] - ManagedConnection VA A COMMIT : "org.datanucleus.store.rdbms.ConnectionFactoryImpl$ManagedConnectionImpl@5d7835a8 [conn=org.datanucleus.store.rdbms.datasource.dbcp2.PoolingDataSource$PoolGuardConnectionWrapper@736048ed, commitOnRelease=false, closeOnRelease=false, closeOnTxnEnd=true]"
17:28:01,319 (main) DEBUG [DataNucleus.Connection] - ManagedConnection CERRADO : "org.datanucleus.store.rdbms.ConnectionFactoryImpl$ManagedConnectionImpl@5d7835a8 [conn=org.datanucleus.store.rdbms.datasource.dbcp2.PoolingDataSource$PoolGuardConnectionWrapper@736048ed, commitOnRelease=false, closeOnRelease=false, closeOnTxnEnd=true]" 
17:28:01,320 (main) DEBUG [DataNucleus.Persistence] - Haciendo el objeto detachado : "com.videoclub.pojo.Rental@76c387f9" (profundidad=0)
17:28:01,320 (main) DEBUG [DataNucleus.Persistence] - El objeto con identidad "com.videoclub.pojo.Rental:18" va a tener el SCO wrapper en el campo "rentalDate" cambiado por el valor
17:28:01,320 (main) DEBUG [DataNucleus.Persistence] - El objeto con identidad "com.videoclub.pojo.Rental:18" va a tener el SCO wrapper en el campo "returnDate" cambiado por el valor
17:28:01,320 (main) DEBUG [DataNucleus.Persistence] - Objeto con identidad "com.videoclub.pojo.Rental:18" tiene cambio de lifeycle : "P_NEW"->"DETACHED_CLEAN"
17:28:01,320 (main) DEBUG [DataNucleus.Transaction] - Objeto con identidad "com.videoclub.pojo.Rental:18" fue borrado de la cache transactional
17:28:01,320 (main) DEBUG [DataNucleus.Persistence] - Disconectando objeto con identidad "com.videoclub.pojo.Rental:18" de StateManager[pc=com.videoclub.pojo.Rental@76c387f9, lifecycle=DETACHED_CLEAN]
17:28:01,320 (main) DEBUG [DataNucleus.Cache] - Objeto con identidad="com.videoclub.pojo.Rental:18" borrado de la Cache de nivel 1
17:28:01,320 (main) DEBUG [DataNucleus.Transaction] - Transacción committed en 2 ms
17:28:01,320 (main) DEBUG [DataNucleus.Persistence] - ExecutionContext "org.datanucleus.ExecutionContextImpl@34dc85a" se cerró
17:28:01,320 (main) DEBUG [DataNucleus.Persistence] - ExecutionContext "org.datanucleus.ExecutionContextImpl@34dc85a" se abrió para la base de datos "org.datanucleus.store.rdbms.RDBMSStoreManager@6d4a65c6" con transaccion="org.datanucleus.transaction.TransactionImpl@39008c9f"
17:28:01,320 (main) DEBUG [DataNucleus.Transaction] - Transaction created [DataNucleus Transaction, ID=1418522280-29, enlisted resources=[]]
17:28:01,320 (main) DEBUG [DataNucleus.Transaction] - Transacción empezada para el ExecutionContext org.datanucleus.ExecutionContextImpl@34dc85a (optimistic=false)
* Storing a class com.videoclub.pojo.Rental : Rental [id=0, title=Movie6, movie=Movie [title=Movie6, genre=FANTASY, duration=120, year=2015, director=juana, rentalPrice=6.74], code=2, customer=User [code=2, username=assaz,type=CLIENT, password=3200a7486419e1efd8cbbad503fb0c6140ef7e7cf69807249fda25d59c215e5c, email=asier.account@email.com, name=Asier, surname=Belloso], rentalDate=Mon May 22 17:28:01 CEST 2023, returnDate=Mon May 22 17:28:01 CEST 2023]
17:28:01,320 (main) DEBUG [DataNucleus.Persistence] - Haciendo el objeto persistente : "com.videoclub.pojo.Rental@783115d9"
17:28:01,320 (main) DEBUG [DataNucleus.ValueGeneration] - Valor generado para el campo "com.videoclub.pojo.Rental.id" con estrategia="increment" (Generador="org.datanucleus.store.rdbms.valuegenerator.TableGenerator") : valor=19
17:28:01,320 (main) DEBUG [DataNucleus.Cache] - Objeto con identidad "com.videoclub.pojo.Rental:19" añadido a la Cache de nivel 1 (loadedFlags="[YYYYY]")
17:28:01,320 (main) DEBUG [DataNucleus.Transaction] - Objeto con identidad "com.videoclub.pojo.Rental:19" ha sido puesto en la cache transaccional
17:28:01,321 (main) DEBUG [DataNucleus.Persistence] - Objeto "com.videoclub.pojo.Rental@783115d9" va a ser añadido a la tabla "`RENTAL`"
17:28:01,321 (main) DEBUG [DataNucleus.Connection] - ManagedConnection ABIERTO : "org.datanucleus.store.rdbms.ConnectionFactoryImpl$ManagedConnectionImpl@95bb2a2 [conn=org.datanucleus.store.rdbms.datasource.dbcp2.PoolingDataSource$PoolGuardConnectionWrapper@46d567cb, commitOnRelease=false, closeOnRelease=false, closeOnTxnEnd=true]" en resource "tx" con isolación "read-committed" y auto-commit=false
17:28:01,321 (main) DEBUG [DataNucleus.Transaction] - Running enlist operation on resource: org.datanucleus.store.rdbms.ConnectionFactoryImpl$EmulatedXAResource@363a3d15, error code TMNOFLAGS and transaction [DataNucleus Transaction, ID=1418522280-29, enlisted resources=[]]
17:28:01,321 (main) DEBUG [DataNucleus.Datastore] - Utilizando PreparedStatement "com.mysql.cj.jdbc.ClientPreparedStatement: INSERT INTO `RENTAL` (`CODE`,`RENTALDATE`,`RETURNDATE`,`TITLE`,`ID`) VALUES (** NOT SPECIFIED **,** NOT SPECIFIED **,** NOT SPECIFIED **,** NOT SPECIFIED **,** NOT SPECIFIED **)" para la conneccion "org.datanucleus.store.rdbms.datasource.dbcp2.PoolingDataSource$PoolGuardConnectionWrapper@46d567cb"
17:28:01,321 (main) DEBUG [DataNucleus.Datastore.Persist] - El statement "INSERT INTO `RENTAL` (`CODE`,`RENTALDATE`,`RETURNDATE`,`TITLE`,`ID`) VALUES (?,?,?,?,?)" ya es batchable
17:28:01,321 (main) DEBUG [DataNucleus.Persistence] - El objeto con identidad "com.videoclub.pojo.Rental:19" va a tener el valor en el campo "returnDate" cambiado por un SCO wrapper
17:28:01,321 (main) DEBUG [DataNucleus.Persistence] - El objeto con identidad "com.videoclub.pojo.Rental:19" va a tener el valor en el campo "rentalDate" cambiado por un SCO wrapper
17:28:01,321 (main) DEBUG [DataNucleus.Datastore.Persist] - Añadiendo statement "INSERT INTO `RENTAL` (`CODE`,`RENTALDATE`,`RETURNDATE`,`TITLE`,`ID`) VALUES (?,?,?,?,?)" al batch para procesar (tamaño de batch = 1)
17:28:01,321 (main) DEBUG [DataNucleus.Datastore.Native] - INSERT INTO `RENTAL` (`CODE`,`RENTALDATE`,`RETURNDATE`,`TITLE`,`ID`) VALUES (?,?,?,?,?)
17:28:01,322 (main) DEBUG [DataNucleus.Datastore] - SQL Tiempo de cumplir = 1 ms (numero de lineas cambiado = [1]) con el PreparedStatement "org.datanucleus.store.rdbms.datasource.dbcp2.DelegatingPreparedStatement@2e23c180"
17:28:01,322 (main) DEBUG [DataNucleus.Transaction] - Haciendo commit de la transaacción para el ExecutionContext org.datanucleus.ExecutionContextImpl@34dc85a
17:28:01,322 (main) DEBUG [DataNucleus.Persistence] - ExecutionContext.internalFlush() empezado con flush ordenado - 1 objetos registrados
17:28:01,322 (main) DEBUG [DataNucleus.Persistence] - ExecutionContext.internalFlush() terminado
17:28:01,322 (main) DEBUG [DataNucleus.Persistence] - Persistence-By-Reachability (commit) : EMPIEZA
17:28:01,322 (main) DEBUG [DataNucleus.Persistence] - Haciendo la calculación de alcanzables con objeto con identidad "com.videoclub.pojo.Rental:19"
17:28:01,322 (main) DEBUG [DataNucleus.Cache] - Objeto con identidad "com.videoclub.pojo.Rental:19" obtenido de la Cache nivel 1 (loadedFlags="[YYYYY]")
17:28:01,322 (main) DEBUG [DataNucleus.Persistence] - Object con id "com.videoclub.pojo.Rental:19" y estado de vida "P_NEW" añadido a la lista de alcanzables al commit.
17:28:01,322 (main) DEBUG [DataNucleus.Persistence] - ExecutionContext.internalFlush() empezado con flush ordenado - 0 objetos registrados
17:28:01,322 (main) DEBUG [DataNucleus.Persistence] - ExecutionContext.internalFlush() terminado
17:28:01,322 (main) DEBUG [DataNucleus.Persistence] - Persistence-By-Reachability (commit) : TERMINADO
17:28:01,322 (main) DEBUG [DataNucleus.Cache] - Objeto con identidad "com.videoclub.pojo.Rental:19" añadido a la Cache de nivel 2 (campos="[0, 1, 2, 3, 4]", version="")
17:28:01,322 (main) DEBUG [DataNucleus.Cache] - El objeto con identidad "com.videoclub.pojo.Rental:19" va a tener los campos siguientes almacendados en el objeto de Level 2 cache : [0, 1, 2, 3, 4]
17:28:01,322 (main) DEBUG [DataNucleus.Transaction] - Committing [DataNucleus Transaction, ID=1418522280-29, enlisted resources=[org.datanucleus.store.rdbms.ConnectionFactoryImpl$EmulatedXAResource@363a3d15]]
17:28:01,322 (main) DEBUG [DataNucleus.Connection] - ManagedConnection VA A COMMIT : "org.datanucleus.store.rdbms.ConnectionFactoryImpl$ManagedConnectionImpl@95bb2a2 [conn=org.datanucleus.store.rdbms.datasource.dbcp2.PoolingDataSource$PoolGuardConnectionWrapper@46d567cb, commitOnRelease=false, closeOnRelease=false, closeOnTxnEnd=true]"
17:28:01,322 (main) DEBUG [DataNucleus.Connection] - ManagedConnection CERRADO : "org.datanucleus.store.rdbms.ConnectionFactoryImpl$ManagedConnectionImpl@95bb2a2 [conn=org.datanucleus.store.rdbms.datasource.dbcp2.PoolingDataSource$PoolGuardConnectionWrapper@46d567cb, commitOnRelease=false, closeOnRelease=false, closeOnTxnEnd=true]" 
17:28:01,323 (main) DEBUG [DataNucleus.Persistence] - Haciendo el objeto detachado : "com.videoclub.pojo.Rental@783115d9" (profundidad=0)
17:28:01,323 (main) DEBUG [DataNucleus.Persistence] - El objeto con identidad "com.videoclub.pojo.Rental:19" va a tener el SCO wrapper en el campo "rentalDate" cambiado por el valor
17:28:01,323 (main) DEBUG [DataNucleus.Persistence] - El objeto con identidad "com.videoclub.pojo.Rental:19" va a tener el SCO wrapper en el campo "returnDate" cambiado por el valor
17:28:01,323 (main) DEBUG [DataNucleus.Persistence] - Objeto con identidad "com.videoclub.pojo.Rental:19" tiene cambio de lifeycle : "P_NEW"->"DETACHED_CLEAN"
17:28:01,323 (main) DEBUG [DataNucleus.Transaction] - Objeto con identidad "com.videoclub.pojo.Rental:19" fue borrado de la cache transactional
17:28:01,323 (main) DEBUG [DataNucleus.Persistence] - Disconectando objeto con identidad "com.videoclub.pojo.Rental:19" de StateManager[pc=com.videoclub.pojo.Rental@783115d9, lifecycle=DETACHED_CLEAN]
17:28:01,323 (main) DEBUG [DataNucleus.Cache] - Objeto con identidad="com.videoclub.pojo.Rental:19" borrado de la Cache de nivel 1
17:28:01,323 (main) DEBUG [DataNucleus.Transaction] - Transacción committed en 2 ms
17:28:01,323 (main) DEBUG [DataNucleus.Persistence] - ExecutionContext "org.datanucleus.ExecutionContextImpl@34dc85a" se cerró
17:28:01,323 (main) DEBUG [DataNucleus.Persistence] - ExecutionContext "org.datanucleus.ExecutionContextImpl@34dc85a" se abrió para la base de datos "org.datanucleus.store.rdbms.RDBMSStoreManager@6d4a65c6" con transaccion="org.datanucleus.transaction.TransactionImpl@25da615a"
17:28:01,323 (main) DEBUG [DataNucleus.Transaction] - Transaction created [DataNucleus Transaction, ID=1418522280-30, enlisted resources=[]]
17:28:01,323 (main) DEBUG [DataNucleus.Transaction] - Transacción empezada para el ExecutionContext org.datanucleus.ExecutionContextImpl@34dc85a (optimistic=false)
* Storing a class com.videoclub.pojo.Rental : Rental [id=0, title=Movie7, movie=Movie [title=Movie7, genre=THRILLER, duration=90, year=1990, director=paco, rentalPrice=6.75], code=1, customer=User [code=1, username=admin,type=ADMIN, password=8c6976e5b5410415bde908bd4dee15dfb167a9c873fc4bb8a81f6f2ab448a918, email=admin@email.com, name=AdminName, surname=AdminSurname], rentalDate=Mon May 22 17:28:01 CEST 2023, returnDate=Mon May 22 17:28:01 CEST 2023]
17:28:01,323 (main) DEBUG [DataNucleus.Persistence] - Haciendo el objeto persistente : "com.videoclub.pojo.Rental@7ee3d262"
17:28:01,323 (main) DEBUG [DataNucleus.ValueGeneration] - Valor generado para el campo "com.videoclub.pojo.Rental.id" con estrategia="increment" (Generador="org.datanucleus.store.rdbms.valuegenerator.TableGenerator") : valor=20
17:28:01,323 (main) DEBUG [DataNucleus.Cache] - Objeto con identidad "com.videoclub.pojo.Rental:20" añadido a la Cache de nivel 1 (loadedFlags="[YYYYY]")
17:28:01,323 (main) DEBUG [DataNucleus.Transaction] - Objeto con identidad "com.videoclub.pojo.Rental:20" ha sido puesto en la cache transaccional
17:28:01,323 (main) DEBUG [DataNucleus.Persistence] - Objeto "com.videoclub.pojo.Rental@7ee3d262" va a ser añadido a la tabla "`RENTAL`"
17:28:01,324 (main) DEBUG [DataNucleus.Connection] - ManagedConnection ABIERTO : "org.datanucleus.store.rdbms.ConnectionFactoryImpl$ManagedConnectionImpl@75308740 [conn=org.datanucleus.store.rdbms.datasource.dbcp2.PoolingDataSource$PoolGuardConnectionWrapper@5acc9fdf, commitOnRelease=false, closeOnRelease=false, closeOnTxnEnd=true]" en resource "tx" con isolación "read-committed" y auto-commit=false
17:28:01,324 (main) DEBUG [DataNucleus.Transaction] - Running enlist operation on resource: org.datanucleus.store.rdbms.ConnectionFactoryImpl$EmulatedXAResource@3a5c2626, error code TMNOFLAGS and transaction [DataNucleus Transaction, ID=1418522280-30, enlisted resources=[]]
17:28:01,324 (main) DEBUG [DataNucleus.Datastore] - Utilizando PreparedStatement "com.mysql.cj.jdbc.ClientPreparedStatement: INSERT INTO `RENTAL` (`CODE`,`RENTALDATE`,`RETURNDATE`,`TITLE`,`ID`) VALUES (** NOT SPECIFIED **,** NOT SPECIFIED **,** NOT SPECIFIED **,** NOT SPECIFIED **,** NOT SPECIFIED **)" para la conneccion "org.datanucleus.store.rdbms.datasource.dbcp2.PoolingDataSource$PoolGuardConnectionWrapper@5acc9fdf"
17:28:01,324 (main) DEBUG [DataNucleus.Datastore.Persist] - El statement "INSERT INTO `RENTAL` (`CODE`,`RENTALDATE`,`RETURNDATE`,`TITLE`,`ID`) VALUES (?,?,?,?,?)" ya es batchable
17:28:01,324 (main) DEBUG [DataNucleus.Persistence] - El objeto con identidad "com.videoclub.pojo.Rental:20" va a tener el valor en el campo "returnDate" cambiado por un SCO wrapper
17:28:01,324 (main) DEBUG [DataNucleus.Persistence] - El objeto con identidad "com.videoclub.pojo.Rental:20" va a tener el valor en el campo "rentalDate" cambiado por un SCO wrapper
17:28:01,324 (main) DEBUG [DataNucleus.Datastore.Persist] - Añadiendo statement "INSERT INTO `RENTAL` (`CODE`,`RENTALDATE`,`RETURNDATE`,`TITLE`,`ID`) VALUES (?,?,?,?,?)" al batch para procesar (tamaño de batch = 1)
17:28:01,324 (main) DEBUG [DataNucleus.Datastore.Native] - INSERT INTO `RENTAL` (`CODE`,`RENTALDATE`,`RETURNDATE`,`TITLE`,`ID`) VALUES (?,?,?,?,?)
17:28:01,324 (main) DEBUG [DataNucleus.Datastore] - SQL Tiempo de cumplir = 0 ms (numero de lineas cambiado = [1]) con el PreparedStatement "org.datanucleus.store.rdbms.datasource.dbcp2.DelegatingPreparedStatement@41bf79da"
17:28:01,324 (main) DEBUG [DataNucleus.Transaction] - Haciendo commit de la transaacción para el ExecutionContext org.datanucleus.ExecutionContextImpl@34dc85a
17:28:01,324 (main) DEBUG [DataNucleus.Persistence] - ExecutionContext.internalFlush() empezado con flush ordenado - 1 objetos registrados
17:28:01,324 (main) DEBUG [DataNucleus.Persistence] - ExecutionContext.internalFlush() terminado
17:28:01,324 (main) DEBUG [DataNucleus.Persistence] - Persistence-By-Reachability (commit) : EMPIEZA
17:28:01,324 (main) DEBUG [DataNucleus.Persistence] - Haciendo la calculación de alcanzables con objeto con identidad "com.videoclub.pojo.Rental:20"
17:28:01,324 (main) DEBUG [DataNucleus.Cache] - Objeto con identidad "com.videoclub.pojo.Rental:20" obtenido de la Cache nivel 1 (loadedFlags="[YYYYY]")
17:28:01,324 (main) DEBUG [DataNucleus.Persistence] - Object con id "com.videoclub.pojo.Rental:20" y estado de vida "P_NEW" añadido a la lista de alcanzables al commit.
17:28:01,324 (main) DEBUG [DataNucleus.Persistence] - ExecutionContext.internalFlush() empezado con flush ordenado - 0 objetos registrados
17:28:01,325 (main) DEBUG [DataNucleus.Persistence] - ExecutionContext.internalFlush() terminado
17:28:01,325 (main) DEBUG [DataNucleus.Persistence] - Persistence-By-Reachability (commit) : TERMINADO
17:28:01,325 (main) DEBUG [DataNucleus.Cache] - Objeto con identidad "com.videoclub.pojo.Rental:20" añadido a la Cache de nivel 2 (campos="[0, 1, 2, 3, 4]", version="")
17:28:01,325 (main) DEBUG [DataNucleus.Cache] - El objeto con identidad "com.videoclub.pojo.Rental:20" va a tener los campos siguientes almacendados en el objeto de Level 2 cache : [0, 1, 2, 3, 4]
17:28:01,325 (main) DEBUG [DataNucleus.Transaction] - Committing [DataNucleus Transaction, ID=1418522280-30, enlisted resources=[org.datanucleus.store.rdbms.ConnectionFactoryImpl$EmulatedXAResource@3a5c2626]]
17:28:01,325 (main) DEBUG [DataNucleus.Connection] - ManagedConnection VA A COMMIT : "org.datanucleus.store.rdbms.ConnectionFactoryImpl$ManagedConnectionImpl@75308740 [conn=org.datanucleus.store.rdbms.datasource.dbcp2.PoolingDataSource$PoolGuardConnectionWrapper@5acc9fdf, commitOnRelease=false, closeOnRelease=false, closeOnTxnEnd=true]"
17:28:01,325 (main) DEBUG [DataNucleus.Connection] - ManagedConnection CERRADO : "org.datanucleus.store.rdbms.ConnectionFactoryImpl$ManagedConnectionImpl@75308740 [conn=org.datanucleus.store.rdbms.datasource.dbcp2.PoolingDataSource$PoolGuardConnectionWrapper@5acc9fdf, commitOnRelease=false, closeOnRelease=false, closeOnTxnEnd=true]" 
17:28:01,325 (main) DEBUG [DataNucleus.Persistence] - Haciendo el objeto detachado : "com.videoclub.pojo.Rental@7ee3d262" (profundidad=0)
17:28:01,325 (main) DEBUG [DataNucleus.Persistence] - El objeto con identidad "com.videoclub.pojo.Rental:20" va a tener el SCO wrapper en el campo "rentalDate" cambiado por el valor
17:28:01,325 (main) DEBUG [DataNucleus.Persistence] - El objeto con identidad "com.videoclub.pojo.Rental:20" va a tener el SCO wrapper en el campo "returnDate" cambiado por el valor
17:28:01,325 (main) DEBUG [DataNucleus.Persistence] - Objeto con identidad "com.videoclub.pojo.Rental:20" tiene cambio de lifeycle : "P_NEW"->"DETACHED_CLEAN"
17:28:01,325 (main) DEBUG [DataNucleus.Transaction] - Objeto con identidad "com.videoclub.pojo.Rental:20" fue borrado de la cache transactional
17:28:01,325 (main) DEBUG [DataNucleus.Persistence] - Disconectando objeto con identidad "com.videoclub.pojo.Rental:20" de StateManager[pc=com.videoclub.pojo.Rental@7ee3d262, lifecycle=DETACHED_CLEAN]
17:28:01,325 (main) DEBUG [DataNucleus.Cache] - Objeto con identidad="com.videoclub.pojo.Rental:20" borrado de la Cache de nivel 1
17:28:01,325 (main) DEBUG [DataNucleus.Transaction] - Transacción committed en 1 ms
17:28:01,326 (main) DEBUG [DataNucleus.Persistence] - ExecutionContext "org.datanucleus.ExecutionContextImpl@34dc85a" se cerró
17:28:01,328 (main) DEBUG [DataNucleus.Persistence] - ExecutionContext "org.datanucleus.ExecutionContextImpl@34dc85a" se abrió para la base de datos "org.datanucleus.store.rdbms.RDBMSStoreManager@6d4a65c6" con transaccion="org.datanucleus.transaction.TransactionImpl@6ab4ba9f"
17:28:01,328 (main) DEBUG [DataNucleus.Transaction] - Transaction created [DataNucleus Transaction, ID=1418522280-31, enlisted resources=[]]
17:28:01,328 (main) DEBUG [DataNucleus.Transaction] - Transacción empezada para el ExecutionContext org.datanucleus.ExecutionContextImpl@34dc85a (optimistic=false)
17:28:01,332 (main) DEBUG [DataNucleus.Query] - JDOQL Single-String de "SELECT FROM com.videoclub.pojo.Rental WHERE id == 1"
17:28:01,334 (main) DEBUG [DataNucleus.Query] - Query de JDOQL : Compilación (generic) de "SELECT UNIQUE FROM com.videoclub.pojo.Rental WHERE id == 1"
17:28:01,338 (main) DEBUG [DataNucleus.Query] - Query de JDOQL : Tiempo de compilar (generic) = 4 ms
17:28:01,338 (main) DEBUG [DataNucleus.Query] - QueryCompilation:
  [filter:DyadicExpression{PrimaryExpression{id}  =  Literal{1}}]
  [symbols: this type=com.videoclub.pojo.Rental]
17:28:01,338 (main) DEBUG [DataNucleus.Query] - Query de JDOQL : Compilación (base de datos) de "SELECT UNIQUE FROM com.videoclub.pojo.Rental WHERE id == 1"
17:28:01,349 (main) DEBUG [DataNucleus.Query] - Compile of JDOQL into SQL - JoinType : navigation(default=(using nullability), filter=(using nullability))
17:28:01,353 (main) DEBUG [DataNucleus.Query] - Query de JDOQL : Tiempo de compilar (base de datos) = 14
17:28:01,354 (main) DEBUG [DataNucleus.Connection] - ManagedConnection ABIERTO : "org.datanucleus.store.rdbms.ConnectionFactoryImpl$ManagedConnectionImpl@21ac5eb4 [conn=org.datanucleus.store.rdbms.datasource.dbcp2.PoolingDataSource$PoolGuardConnectionWrapper@52d6cd34, commitOnRelease=false, closeOnRelease=false, closeOnTxnEnd=true]" en resource "tx" con isolación "read-committed" y auto-commit=false
17:28:01,354 (main) DEBUG [DataNucleus.Transaction] - Running enlist operation on resource: org.datanucleus.store.rdbms.ConnectionFactoryImpl$EmulatedXAResource@715d6168, error code TMNOFLAGS and transaction [DataNucleus Transaction, ID=1418522280-31, enlisted resources=[]]
17:28:01,354 (main) DEBUG [DataNucleus.Query] - Query de JDOQL : Ejecucion de "SELECT UNIQUE FROM com.videoclub.pojo.Rental WHERE id == 1" ...
17:28:01,354 (main) DEBUG [DataNucleus.Datastore] - Utilizando PreparedStatement "com.mysql.cj.jdbc.ClientPreparedStatement: SELECT 'com.videoclub.pojo.Rental' AS `DN_TYPE`,`A0`.`CODE`,`A0`.`ID`,`A0`.`RENTALDATE`,`A0`.`RETURNDATE`,`A0`.`TITLE` FROM `RENTAL` `A0` WHERE `A0`.`ID` = 1" para la conneccion "org.datanucleus.store.rdbms.datasource.dbcp2.PoolingDataSource$PoolGuardConnectionWrapper@52d6cd34"
17:28:01,354 (main) DEBUG [DataNucleus.Datastore.Native] - SELECT 'com.videoclub.pojo.Rental' AS `DN_TYPE`,`A0`.`CODE`,`A0`.`ID`,`A0`.`RENTALDATE`,`A0`.`RETURNDATE`,`A0`.`TITLE` FROM `RENTAL` `A0` WHERE `A0`.`ID` = 1
17:28:01,354 (main) DEBUG [DataNucleus.Datastore.Retrieve] - SQL Tiempo de cumplir = 0 ms
17:28:01,355 (main) DEBUG [DataNucleus.Query] - Query de JDOQL : Tiempo de ejecutar = 1 ms
17:28:01,356 (main) DEBUG [DataNucleus.Cache] - Objeto con identidad "com.videoclub.pojo.Rental:1" no esta en la Cache de nivel 1
17:28:01,356 (main) DEBUG [DataNucleus.Cache] - Objeto con identidad "com.videoclub.pojo.Rental:1" añadido a la Cache de nivel 1 (loadedFlags="[NYNNN]")
17:28:01,359 (main) DEBUG [DataNucleus.Persistence] - El objeto con identidad "com.videoclub.pojo.Rental:1" va a tener el valor en el campo "rentalDate" cambiado por un SCO wrapper
17:28:01,359 (main) DEBUG [DataNucleus.Persistence] - El objeto con identidad "com.videoclub.pojo.Rental:1" va a tener el valor en el campo "returnDate" cambiado por un SCO wrapper
17:28:01,359 (main) DEBUG [DataNucleus.Transaction] - Objeto con identidad "com.videoclub.pojo.Rental:1" ha sido puesto en la cache transaccional
17:28:01,359 (main) DEBUG [DataNucleus.Cache] - Objeto con identidad "com.videoclub.pojo.Rental:1" obtenido de la Cache nivel 2 (campos="[0, 1, 2, 3, 4]", version="") - representado como "com.videoclub.pojo.Rental@2e53b094"
17:28:01,360 (main) DEBUG [DataNucleus.Persistence] - Detachando una copia del objeto "com.videoclub.pojo.Rental@2e53b094" (profundidad=0) como "com.videoclub.pojo.Rental@7942a854" - campos-detachados=[0, 1, 2, 3, 4], campos-para-obtener=null
17:28:01,360 (main) DEBUG [DataNucleus.Transaction] - Haciendo commit de la transaacción para el ExecutionContext org.datanucleus.ExecutionContextImpl@34dc85a
17:28:01,360 (main) DEBUG [DataNucleus.Persistence] - ExecutionContext.internalFlush() empezado con flush ordenado - 0 objetos registrados
17:28:01,360 (main) DEBUG [DataNucleus.Persistence] - ExecutionContext.internalFlush() terminado
17:28:01,360 (main) DEBUG [DataNucleus.Persistence] - Persistence-By-Reachability (commit) : EMPIEZA
17:28:01,360 (main) DEBUG [DataNucleus.Persistence] - Persistence-By-Reachability (commit) : TERMINADO
17:28:01,360 (main) DEBUG [DataNucleus.Cache] - El objeto con identidad "com.videoclub.pojo.Rental:1" va a tener los campos siguientes almacendados en el objeto de Level 2 cache : [0, 1, 2, 3, 4]
17:28:01,360 (main) DEBUG [DataNucleus.Transaction] - Committing [DataNucleus Transaction, ID=1418522280-31, enlisted resources=[org.datanucleus.store.rdbms.ConnectionFactoryImpl$EmulatedXAResource@715d6168]]
17:28:01,360 (main) DEBUG [DataNucleus.Connection] - ManagedConnection VA A COMMIT : "org.datanucleus.store.rdbms.ConnectionFactoryImpl$ManagedConnectionImpl@21ac5eb4 [conn=org.datanucleus.store.rdbms.datasource.dbcp2.PoolingDataSource$PoolGuardConnectionWrapper@52d6cd34, commitOnRelease=false, closeOnRelease=false, closeOnTxnEnd=true]"
17:28:01,360 (main) DEBUG [DataNucleus.Connection] - ManagedConnection CERRADO : "org.datanucleus.store.rdbms.ConnectionFactoryImpl$ManagedConnectionImpl@21ac5eb4 [conn=org.datanucleus.store.rdbms.datasource.dbcp2.PoolingDataSource$PoolGuardConnectionWrapper@52d6cd34, commitOnRelease=false, closeOnRelease=false, closeOnTxnEnd=true]" 
17:28:01,361 (main) DEBUG [DataNucleus.Persistence] - Haciendo el objeto detachado : "com.videoclub.pojo.Rental@2e53b094" (profundidad=0)
17:28:01,361 (main) DEBUG [DataNucleus.Persistence] - El objeto con identidad "com.videoclub.pojo.Rental:1" va a tener el SCO wrapper en el campo "rentalDate" cambiado por el valor
17:28:01,361 (main) DEBUG [DataNucleus.Persistence] - El objeto con identidad "com.videoclub.pojo.Rental:1" va a tener el SCO wrapper en el campo "returnDate" cambiado por el valor
17:28:01,361 (main) DEBUG [DataNucleus.Persistence] - Objeto con identidad "com.videoclub.pojo.Rental:1" tiene cambio de lifeycle : "P_CLEAN"->"DETACHED_CLEAN"
17:28:01,361 (main) DEBUG [DataNucleus.Transaction] - Objeto con identidad "com.videoclub.pojo.Rental:1" fue borrado de la cache transactional
17:28:01,361 (main) DEBUG [DataNucleus.Persistence] - Disconectando objeto con identidad "com.videoclub.pojo.Rental:1" de StateManager[pc=com.videoclub.pojo.Rental@2e53b094, lifecycle=DETACHED_CLEAN]
17:28:01,361 (main) DEBUG [DataNucleus.Cache] - Objeto con identidad="com.videoclub.pojo.Rental:1" borrado de la Cache de nivel 1
17:28:01,361 (main) DEBUG [DataNucleus.Transaction] - Transacción committed en 1 ms
17:28:01,361 (main) DEBUG [DataNucleus.Persistence] - ExecutionContext "org.datanucleus.ExecutionContextImpl@34dc85a" se cerró
17:28:01,361 (main) DEBUG [DataNucleus.Persistence] - ExecutionContext "org.datanucleus.ExecutionContextImpl@34dc85a" se abrió para la base de datos "org.datanucleus.store.rdbms.RDBMSStoreManager@6d4a65c6" con transaccion="org.datanucleus.transaction.TransactionImpl@6c302a1d"
17:28:01,361 (main) DEBUG [DataNucleus.Transaction] - Transaction created [DataNucleus Transaction, ID=1418522280-32, enlisted resources=[]]
17:28:01,361 (main) DEBUG [DataNucleus.Transaction] - Transacción empezada para el ExecutionContext org.datanucleus.ExecutionContextImpl@34dc85a (optimistic=false)
17:28:01,361 (main) DEBUG [DataNucleus.Query] - JDOQL Single-String de "SELECT FROM com.videoclub.pojo.Rental WHERE id == 2"
17:28:01,361 (main) DEBUG [DataNucleus.Query] - Query de JDOQL : Compilación (generic) de "SELECT UNIQUE FROM com.videoclub.pojo.Rental WHERE id == 2"
17:28:01,361 (main) DEBUG [DataNucleus.Query] - Query de JDOQL : Tiempo de compilar (generic) = 0 ms
17:28:01,361 (main) DEBUG [DataNucleus.Query] - QueryCompilation:
  [filter:DyadicExpression{PrimaryExpression{id}  =  Literal{2}}]
  [symbols: this type=com.videoclub.pojo.Rental]
17:28:01,361 (main) DEBUG [DataNucleus.Query] - Query de JDOQL : Compilación (base de datos) de "SELECT UNIQUE FROM com.videoclub.pojo.Rental WHERE id == 2"
17:28:01,361 (main) DEBUG [DataNucleus.Query] - Compile of JDOQL into SQL - JoinType : navigation(default=(using nullability), filter=(using nullability))
17:28:01,361 (main) DEBUG [DataNucleus.Query] - Query de JDOQL : Tiempo de compilar (base de datos) = 0
17:28:01,362 (main) DEBUG [DataNucleus.Connection] - ManagedConnection ABIERTO : "org.datanucleus.store.rdbms.ConnectionFactoryImpl$ManagedConnectionImpl@499ef98e [conn=org.datanucleus.store.rdbms.datasource.dbcp2.PoolingDataSource$PoolGuardConnectionWrapper@24934262, commitOnRelease=false, closeOnRelease=false, closeOnTxnEnd=true]" en resource "tx" con isolación "read-committed" y auto-commit=false
17:28:01,362 (main) DEBUG [DataNucleus.Transaction] - Running enlist operation on resource: org.datanucleus.store.rdbms.ConnectionFactoryImpl$EmulatedXAResource@93f432e, error code TMNOFLAGS and transaction [DataNucleus Transaction, ID=1418522280-32, enlisted resources=[]]
17:28:01,362 (main) DEBUG [DataNucleus.Query] - Query de JDOQL : Ejecucion de "SELECT UNIQUE FROM com.videoclub.pojo.Rental WHERE id == 2" ...
17:28:01,362 (main) DEBUG [DataNucleus.Datastore] - Utilizando PreparedStatement "com.mysql.cj.jdbc.ClientPreparedStatement: SELECT 'com.videoclub.pojo.Rental' AS `DN_TYPE`,`A0`.`CODE`,`A0`.`ID`,`A0`.`RENTALDATE`,`A0`.`RETURNDATE`,`A0`.`TITLE` FROM `RENTAL` `A0` WHERE `A0`.`ID` = 2" para la conneccion "org.datanucleus.store.rdbms.datasource.dbcp2.PoolingDataSource$PoolGuardConnectionWrapper@24934262"
17:28:01,362 (main) DEBUG [DataNucleus.Datastore.Native] - SELECT 'com.videoclub.pojo.Rental' AS `DN_TYPE`,`A0`.`CODE`,`A0`.`ID`,`A0`.`RENTALDATE`,`A0`.`RETURNDATE`,`A0`.`TITLE` FROM `RENTAL` `A0` WHERE `A0`.`ID` = 2
17:28:01,363 (main) DEBUG [DataNucleus.Datastore.Retrieve] - SQL Tiempo de cumplir = 1 ms
17:28:01,363 (main) DEBUG [DataNucleus.Query] - Query de JDOQL : Tiempo de ejecutar = 1 ms
17:28:01,363 (main) DEBUG [DataNucleus.Cache] - Objeto con identidad "com.videoclub.pojo.Rental:2" no esta en la Cache de nivel 1
17:28:01,363 (main) DEBUG [DataNucleus.Cache] - Objeto con identidad "com.videoclub.pojo.Rental:2" añadido a la Cache de nivel 1 (loadedFlags="[NYNNN]")
17:28:01,363 (main) DEBUG [DataNucleus.Persistence] - El objeto con identidad "com.videoclub.pojo.Rental:2" va a tener el valor en el campo "rentalDate" cambiado por un SCO wrapper
17:28:01,363 (main) DEBUG [DataNucleus.Persistence] - El objeto con identidad "com.videoclub.pojo.Rental:2" va a tener el valor en el campo "returnDate" cambiado por un SCO wrapper
17:28:01,363 (main) DEBUG [DataNucleus.Transaction] - Objeto con identidad "com.videoclub.pojo.Rental:2" ha sido puesto en la cache transaccional
17:28:01,363 (main) DEBUG [DataNucleus.Cache] - Objeto con identidad "com.videoclub.pojo.Rental:2" obtenido de la Cache nivel 2 (campos="[0, 1, 2, 3, 4]", version="") - representado como "com.videoclub.pojo.Rental@16eedaa6"
17:28:01,363 (main) DEBUG [DataNucleus.Persistence] - Detachando una copia del objeto "com.videoclub.pojo.Rental@16eedaa6" (profundidad=0) como "com.videoclub.pojo.Rental@639aba11" - campos-detachados=[0, 1, 2, 3, 4], campos-para-obtener=null
17:28:01,363 (main) DEBUG [DataNucleus.Transaction] - Haciendo commit de la transaacción para el ExecutionContext org.datanucleus.ExecutionContextImpl@34dc85a
17:28:01,363 (main) DEBUG [DataNucleus.Persistence] - ExecutionContext.internalFlush() empezado con flush ordenado - 0 objetos registrados
17:28:01,363 (main) DEBUG [DataNucleus.Persistence] - ExecutionContext.internalFlush() terminado
17:28:01,363 (main) DEBUG [DataNucleus.Persistence] - Persistence-By-Reachability (commit) : EMPIEZA
17:28:01,363 (main) DEBUG [DataNucleus.Persistence] - Persistence-By-Reachability (commit) : TERMINADO
17:28:01,363 (main) DEBUG [DataNucleus.Cache] - El objeto con identidad "com.videoclub.pojo.Rental:2" va a tener los campos siguientes almacendados en el objeto de Level 2 cache : [0, 1, 2, 3, 4]
17:28:01,363 (main) DEBUG [DataNucleus.Transaction] - Committing [DataNucleus Transaction, ID=1418522280-32, enlisted resources=[org.datanucleus.store.rdbms.ConnectionFactoryImpl$EmulatedXAResource@93f432e]]
17:28:01,363 (main) DEBUG [DataNucleus.Connection] - ManagedConnection VA A COMMIT : "org.datanucleus.store.rdbms.ConnectionFactoryImpl$ManagedConnectionImpl@499ef98e [conn=org.datanucleus.store.rdbms.datasource.dbcp2.PoolingDataSource$PoolGuardConnectionWrapper@24934262, commitOnRelease=false, closeOnRelease=false, closeOnTxnEnd=true]"
17:28:01,363 (main) DEBUG [DataNucleus.Connection] - ManagedConnection CERRADO : "org.datanucleus.store.rdbms.ConnectionFactoryImpl$ManagedConnectionImpl@499ef98e [conn=org.datanucleus.store.rdbms.datasource.dbcp2.PoolingDataSource$PoolGuardConnectionWrapper@24934262, commitOnRelease=false, closeOnRelease=false, closeOnTxnEnd=true]" 
17:28:01,364 (main) DEBUG [DataNucleus.Persistence] - Haciendo el objeto detachado : "com.videoclub.pojo.Rental@16eedaa6" (profundidad=0)
17:28:01,364 (main) DEBUG [DataNucleus.Persistence] - El objeto con identidad "com.videoclub.pojo.Rental:2" va a tener el SCO wrapper en el campo "rentalDate" cambiado por el valor
17:28:01,364 (main) DEBUG [DataNucleus.Persistence] - El objeto con identidad "com.videoclub.pojo.Rental:2" va a tener el SCO wrapper en el campo "returnDate" cambiado por el valor
17:28:01,364 (main) DEBUG [DataNucleus.Persistence] - Objeto con identidad "com.videoclub.pojo.Rental:2" tiene cambio de lifeycle : "P_CLEAN"->"DETACHED_CLEAN"
17:28:01,364 (main) DEBUG [DataNucleus.Transaction] - Objeto con identidad "com.videoclub.pojo.Rental:2" fue borrado de la cache transactional
17:28:01,364 (main) DEBUG [DataNucleus.Persistence] - Disconectando objeto con identidad "com.videoclub.pojo.Rental:2" de StateManager[pc=com.videoclub.pojo.Rental@16eedaa6, lifecycle=DETACHED_CLEAN]
17:28:01,364 (main) DEBUG [DataNucleus.Cache] - Objeto con identidad="com.videoclub.pojo.Rental:2" borrado de la Cache de nivel 1
17:28:01,364 (main) DEBUG [DataNucleus.Transaction] - Transacción committed en 1 ms
17:28:01,364 (main) DEBUG [DataNucleus.Persistence] - ExecutionContext "org.datanucleus.ExecutionContextImpl@34dc85a" se cerró
17:28:01,364 (main) DEBUG [DataNucleus.Persistence] - ExecutionContext "org.datanucleus.ExecutionContextImpl@34dc85a" se abrió para la base de datos "org.datanucleus.store.rdbms.RDBMSStoreManager@6d4a65c6" con transaccion="org.datanucleus.transaction.TransactionImpl@2bebb74f"
17:28:01,364 (main) DEBUG [DataNucleus.Transaction] - Transaction created [DataNucleus Transaction, ID=1418522280-33, enlisted resources=[]]
17:28:01,364 (main) DEBUG [DataNucleus.Transaction] - Transacción empezada para el ExecutionContext org.datanucleus.ExecutionContextImpl@34dc85a (optimistic=false)
17:28:01,364 (main) DEBUG [DataNucleus.Query] - JDOQL Single-String de "SELECT FROM com.videoclub.pojo.Rental WHERE id == 3"
17:28:01,364 (main) DEBUG [DataNucleus.Query] - Query de JDOQL : Compilación (generic) de "SELECT UNIQUE FROM com.videoclub.pojo.Rental WHERE id == 3"
17:28:01,364 (main) DEBUG [DataNucleus.Query] - Query de JDOQL : Tiempo de compilar (generic) = 0 ms
17:28:01,364 (main) DEBUG [DataNucleus.Query] - QueryCompilation:
  [filter:DyadicExpression{PrimaryExpression{id}  =  Literal{3}}]
  [symbols: this type=com.videoclub.pojo.Rental]
17:28:01,364 (main) DEBUG [DataNucleus.Query] - Query de JDOQL : Compilación (base de datos) de "SELECT UNIQUE FROM com.videoclub.pojo.Rental WHERE id == 3"
17:28:01,364 (main) DEBUG [DataNucleus.Query] - Compile of JDOQL into SQL - JoinType : navigation(default=(using nullability), filter=(using nullability))
17:28:01,364 (main) DEBUG [DataNucleus.Query] - Query de JDOQL : Tiempo de compilar (base de datos) = 0
17:28:01,365 (main) DEBUG [DataNucleus.Connection] - ManagedConnection ABIERTO : "org.datanucleus.store.rdbms.ConnectionFactoryImpl$ManagedConnectionImpl@66c38e51 [conn=org.datanucleus.store.rdbms.datasource.dbcp2.PoolingDataSource$PoolGuardConnectionWrapper@10641c09, commitOnRelease=false, closeOnRelease=false, closeOnTxnEnd=true]" en resource "tx" con isolación "read-committed" y auto-commit=false
17:28:01,365 (main) DEBUG [DataNucleus.Transaction] - Running enlist operation on resource: org.datanucleus.store.rdbms.ConnectionFactoryImpl$EmulatedXAResource@34f392be, error code TMNOFLAGS and transaction [DataNucleus Transaction, ID=1418522280-33, enlisted resources=[]]
17:28:01,365 (main) DEBUG [DataNucleus.Query] - Query de JDOQL : Ejecucion de "SELECT UNIQUE FROM com.videoclub.pojo.Rental WHERE id == 3" ...
17:28:01,365 (main) DEBUG [DataNucleus.Datastore] - Utilizando PreparedStatement "com.mysql.cj.jdbc.ClientPreparedStatement: SELECT 'com.videoclub.pojo.Rental' AS `DN_TYPE`,`A0`.`CODE`,`A0`.`ID`,`A0`.`RENTALDATE`,`A0`.`RETURNDATE`,`A0`.`TITLE` FROM `RENTAL` `A0` WHERE `A0`.`ID` = 3" para la conneccion "org.datanucleus.store.rdbms.datasource.dbcp2.PoolingDataSource$PoolGuardConnectionWrapper@10641c09"
17:28:01,365 (main) DEBUG [DataNucleus.Datastore.Native] - SELECT 'com.videoclub.pojo.Rental' AS `DN_TYPE`,`A0`.`CODE`,`A0`.`ID`,`A0`.`RENTALDATE`,`A0`.`RETURNDATE`,`A0`.`TITLE` FROM `RENTAL` `A0` WHERE `A0`.`ID` = 3
17:28:01,365 (main) DEBUG [DataNucleus.Datastore.Retrieve] - SQL Tiempo de cumplir = 0 ms
17:28:01,365 (main) DEBUG [DataNucleus.Query] - Query de JDOQL : Tiempo de ejecutar = 0 ms
17:28:01,365 (main) DEBUG [DataNucleus.Cache] - Objeto con identidad "com.videoclub.pojo.Rental:3" no esta en la Cache de nivel 1
17:28:01,365 (main) DEBUG [DataNucleus.Cache] - Objeto con identidad "com.videoclub.pojo.Rental:3" añadido a la Cache de nivel 1 (loadedFlags="[NYNNN]")
17:28:01,366 (main) DEBUG [DataNucleus.Persistence] - El objeto con identidad "com.videoclub.pojo.Rental:3" va a tener el valor en el campo "rentalDate" cambiado por un SCO wrapper
17:28:01,366 (main) DEBUG [DataNucleus.Persistence] - El objeto con identidad "com.videoclub.pojo.Rental:3" va a tener el valor en el campo "returnDate" cambiado por un SCO wrapper
17:28:01,366 (main) DEBUG [DataNucleus.Transaction] - Objeto con identidad "com.videoclub.pojo.Rental:3" ha sido puesto en la cache transaccional
17:28:01,366 (main) DEBUG [DataNucleus.Cache] - Objeto con identidad "com.videoclub.pojo.Rental:3" obtenido de la Cache nivel 2 (campos="[0, 1, 2, 3, 4]", version="") - representado como "com.videoclub.pojo.Rental@3f9f71ff"
17:28:01,366 (main) DEBUG [DataNucleus.Persistence] - Detachando una copia del objeto "com.videoclub.pojo.Rental@3f9f71ff" (profundidad=0) como "com.videoclub.pojo.Rental@4422dd48" - campos-detachados=[0, 1, 2, 3, 4], campos-para-obtener=null
17:28:01,366 (main) DEBUG [DataNucleus.Transaction] - Haciendo commit de la transaacción para el ExecutionContext org.datanucleus.ExecutionContextImpl@34dc85a
17:28:01,366 (main) DEBUG [DataNucleus.Persistence] - ExecutionContext.internalFlush() empezado con flush ordenado - 0 objetos registrados
17:28:01,366 (main) DEBUG [DataNucleus.Persistence] - ExecutionContext.internalFlush() terminado
17:28:01,366 (main) DEBUG [DataNucleus.Persistence] - Persistence-By-Reachability (commit) : EMPIEZA
17:28:01,366 (main) DEBUG [DataNucleus.Persistence] - Persistence-By-Reachability (commit) : TERMINADO
17:28:01,366 (main) DEBUG [DataNucleus.Cache] - El objeto con identidad "com.videoclub.pojo.Rental:3" va a tener los campos siguientes almacendados en el objeto de Level 2 cache : [0, 1, 2, 3, 4]
17:28:01,366 (main) DEBUG [DataNucleus.Transaction] - Committing [DataNucleus Transaction, ID=1418522280-33, enlisted resources=[org.datanucleus.store.rdbms.ConnectionFactoryImpl$EmulatedXAResource@34f392be]]
17:28:01,366 (main) DEBUG [DataNucleus.Connection] - ManagedConnection VA A COMMIT : "org.datanucleus.store.rdbms.ConnectionFactoryImpl$ManagedConnectionImpl@66c38e51 [conn=org.datanucleus.store.rdbms.datasource.dbcp2.PoolingDataSource$PoolGuardConnectionWrapper@10641c09, commitOnRelease=false, closeOnRelease=false, closeOnTxnEnd=true]"
17:28:01,366 (main) DEBUG [DataNucleus.Connection] - ManagedConnection CERRADO : "org.datanucleus.store.rdbms.ConnectionFactoryImpl$ManagedConnectionImpl@66c38e51 [conn=org.datanucleus.store.rdbms.datasource.dbcp2.PoolingDataSource$PoolGuardConnectionWrapper@10641c09, commitOnRelease=false, closeOnRelease=false, closeOnTxnEnd=true]" 
17:28:01,367 (main) DEBUG [DataNucleus.Persistence] - Haciendo el objeto detachado : "com.videoclub.pojo.Rental@3f9f71ff" (profundidad=0)
17:28:01,367 (main) DEBUG [DataNucleus.Persistence] - El objeto con identidad "com.videoclub.pojo.Rental:3" va a tener el SCO wrapper en el campo "rentalDate" cambiado por el valor
17:28:01,367 (main) DEBUG [DataNucleus.Persistence] - El objeto con identidad "com.videoclub.pojo.Rental:3" va a tener el SCO wrapper en el campo "returnDate" cambiado por el valor
17:28:01,367 (main) DEBUG [DataNucleus.Persistence] - Objeto con identidad "com.videoclub.pojo.Rental:3" tiene cambio de lifeycle : "P_CLEAN"->"DETACHED_CLEAN"
17:28:01,367 (main) DEBUG [DataNucleus.Transaction] - Objeto con identidad "com.videoclub.pojo.Rental:3" fue borrado de la cache transactional
17:28:01,367 (main) DEBUG [DataNucleus.Persistence] - Disconectando objeto con identidad "com.videoclub.pojo.Rental:3" de StateManager[pc=com.videoclub.pojo.Rental@3f9f71ff, lifecycle=DETACHED_CLEAN]
17:28:01,367 (main) DEBUG [DataNucleus.Cache] - Objeto con identidad="com.videoclub.pojo.Rental:3" borrado de la Cache de nivel 1
17:28:01,367 (main) DEBUG [DataNucleus.Transaction] - Transacción committed en 1 ms
17:28:01,367 (main) DEBUG [DataNucleus.Persistence] - ExecutionContext "org.datanucleus.ExecutionContextImpl@34dc85a" se cerró
17:28:01,367 (main) DEBUG [DataNucleus.Persistence] - ExecutionContext "org.datanucleus.ExecutionContextImpl@34dc85a" se abrió para la base de datos "org.datanucleus.store.rdbms.RDBMSStoreManager@6d4a65c6" con transaccion="org.datanucleus.transaction.TransactionImpl@523d6bdb"
17:28:01,367 (main) DEBUG [DataNucleus.Transaction] - Transaction created [DataNucleus Transaction, ID=1418522280-34, enlisted resources=[]]
17:28:01,367 (main) DEBUG [DataNucleus.Transaction] - Transacción empezada para el ExecutionContext org.datanucleus.ExecutionContextImpl@34dc85a (optimistic=false)
17:28:01,367 (main) DEBUG [DataNucleus.Query] - JDOQL Single-String de "SELECT FROM com.videoclub.pojo.Rental WHERE id == 4"
17:28:01,367 (main) DEBUG [DataNucleus.Query] - Query de JDOQL : Compilación (generic) de "SELECT UNIQUE FROM com.videoclub.pojo.Rental WHERE id == 4"
17:28:01,367 (main) DEBUG [DataNucleus.Query] - Query de JDOQL : Tiempo de compilar (generic) = 0 ms
17:28:01,367 (main) DEBUG [DataNucleus.Query] - QueryCompilation:
  [filter:DyadicExpression{PrimaryExpression{id}  =  Literal{4}}]
  [symbols: this type=com.videoclub.pojo.Rental]
17:28:01,367 (main) DEBUG [DataNucleus.Query] - Query de JDOQL : Compilación (base de datos) de "SELECT UNIQUE FROM com.videoclub.pojo.Rental WHERE id == 4"
17:28:01,367 (main) DEBUG [DataNucleus.Query] - Compile of JDOQL into SQL - JoinType : navigation(default=(using nullability), filter=(using nullability))
17:28:01,367 (main) DEBUG [DataNucleus.Query] - Query de JDOQL : Tiempo de compilar (base de datos) = 0
17:28:01,368 (main) DEBUG [DataNucleus.Connection] - ManagedConnection ABIERTO : "org.datanucleus.store.rdbms.ConnectionFactoryImpl$ManagedConnectionImpl@3872bc37 [conn=org.datanucleus.store.rdbms.datasource.dbcp2.PoolingDataSource$PoolGuardConnectionWrapper@1a87b51, commitOnRelease=false, closeOnRelease=false, closeOnTxnEnd=true]" en resource "tx" con isolación "read-committed" y auto-commit=false
17:28:01,368 (main) DEBUG [DataNucleus.Transaction] - Running enlist operation on resource: org.datanucleus.store.rdbms.ConnectionFactoryImpl$EmulatedXAResource@12968227, error code TMNOFLAGS and transaction [DataNucleus Transaction, ID=1418522280-34, enlisted resources=[]]
17:28:01,368 (main) DEBUG [DataNucleus.Query] - Query de JDOQL : Ejecucion de "SELECT UNIQUE FROM com.videoclub.pojo.Rental WHERE id == 4" ...
17:28:01,368 (main) DEBUG [DataNucleus.Datastore] - Utilizando PreparedStatement "com.mysql.cj.jdbc.ClientPreparedStatement: SELECT 'com.videoclub.pojo.Rental' AS `DN_TYPE`,`A0`.`CODE`,`A0`.`ID`,`A0`.`RENTALDATE`,`A0`.`RETURNDATE`,`A0`.`TITLE` FROM `RENTAL` `A0` WHERE `A0`.`ID` = 4" para la conneccion "org.datanucleus.store.rdbms.datasource.dbcp2.PoolingDataSource$PoolGuardConnectionWrapper@1a87b51"
17:28:01,368 (main) DEBUG [DataNucleus.Datastore.Native] - SELECT 'com.videoclub.pojo.Rental' AS `DN_TYPE`,`A0`.`CODE`,`A0`.`ID`,`A0`.`RENTALDATE`,`A0`.`RETURNDATE`,`A0`.`TITLE` FROM `RENTAL` `A0` WHERE `A0`.`ID` = 4
17:28:01,368 (main) DEBUG [DataNucleus.Datastore.Retrieve] - SQL Tiempo de cumplir = 0 ms
17:28:01,368 (main) DEBUG [DataNucleus.Query] - Query de JDOQL : Tiempo de ejecutar = 0 ms
17:28:01,368 (main) DEBUG [DataNucleus.Cache] - Objeto con identidad "com.videoclub.pojo.Rental:4" no esta en la Cache de nivel 1
17:28:01,368 (main) DEBUG [DataNucleus.Cache] - Objeto con identidad "com.videoclub.pojo.Rental:4" añadido a la Cache de nivel 1 (loadedFlags="[NYNNN]")
17:28:01,368 (main) DEBUG [DataNucleus.Persistence] - El objeto con identidad "com.videoclub.pojo.Rental:4" va a tener el valor en el campo "rentalDate" cambiado por un SCO wrapper
17:28:01,368 (main) DEBUG [DataNucleus.Persistence] - El objeto con identidad "com.videoclub.pojo.Rental:4" va a tener el valor en el campo "returnDate" cambiado por un SCO wrapper
17:28:01,368 (main) DEBUG [DataNucleus.Transaction] - Objeto con identidad "com.videoclub.pojo.Rental:4" ha sido puesto en la cache transaccional
17:28:01,368 (main) DEBUG [DataNucleus.Cache] - Objeto con identidad "com.videoclub.pojo.Rental:4" obtenido de la Cache nivel 2 (campos="[0, 1, 2, 3, 4]", version="") - representado como "com.videoclub.pojo.Rental@2cfa2c4f"
17:28:01,369 (main) DEBUG [DataNucleus.Persistence] - Detachando una copia del objeto "com.videoclub.pojo.Rental@2cfa2c4f" (profundidad=0) como "com.videoclub.pojo.Rental@6c518474" - campos-detachados=[0, 1, 2, 3, 4], campos-para-obtener=null
17:28:01,369 (main) DEBUG [DataNucleus.Transaction] - Haciendo commit de la transaacción para el ExecutionContext org.datanucleus.ExecutionContextImpl@34dc85a
17:28:01,369 (main) DEBUG [DataNucleus.Persistence] - ExecutionContext.internalFlush() empezado con flush ordenado - 0 objetos registrados
17:28:01,369 (main) DEBUG [DataNucleus.Persistence] - ExecutionContext.internalFlush() terminado
17:28:01,369 (main) DEBUG [DataNucleus.Persistence] - Persistence-By-Reachability (commit) : EMPIEZA
17:28:01,369 (main) DEBUG [DataNucleus.Persistence] - Persistence-By-Reachability (commit) : TERMINADO
17:28:01,369 (main) DEBUG [DataNucleus.Cache] - El objeto con identidad "com.videoclub.pojo.Rental:4" va a tener los campos siguientes almacendados en el objeto de Level 2 cache : [0, 1, 2, 3, 4]
17:28:01,369 (main) DEBUG [DataNucleus.Transaction] - Committing [DataNucleus Transaction, ID=1418522280-34, enlisted resources=[org.datanucleus.store.rdbms.ConnectionFactoryImpl$EmulatedXAResource@12968227]]
17:28:01,369 (main) DEBUG [DataNucleus.Connection] - ManagedConnection VA A COMMIT : "org.datanucleus.store.rdbms.ConnectionFactoryImpl$ManagedConnectionImpl@3872bc37 [conn=org.datanucleus.store.rdbms.datasource.dbcp2.PoolingDataSource$PoolGuardConnectionWrapper@1a87b51, commitOnRelease=false, closeOnRelease=false, closeOnTxnEnd=true]"
17:28:01,369 (main) DEBUG [DataNucleus.Connection] - ManagedConnection CERRADO : "org.datanucleus.store.rdbms.ConnectionFactoryImpl$ManagedConnectionImpl@3872bc37 [conn=org.datanucleus.store.rdbms.datasource.dbcp2.PoolingDataSource$PoolGuardConnectionWrapper@1a87b51, commitOnRelease=false, closeOnRelease=false, closeOnTxnEnd=true]" 
17:28:01,370 (main) DEBUG [DataNucleus.Persistence] - Haciendo el objeto detachado : "com.videoclub.pojo.Rental@2cfa2c4f" (profundidad=0)
17:28:01,370 (main) DEBUG [DataNucleus.Persistence] - El objeto con identidad "com.videoclub.pojo.Rental:4" va a tener el SCO wrapper en el campo "rentalDate" cambiado por el valor
17:28:01,370 (main) DEBUG [DataNucleus.Persistence] - El objeto con identidad "com.videoclub.pojo.Rental:4" va a tener el SCO wrapper en el campo "returnDate" cambiado por el valor
17:28:01,370 (main) DEBUG [DataNucleus.Persistence] - Objeto con identidad "com.videoclub.pojo.Rental:4" tiene cambio de lifeycle : "P_CLEAN"->"DETACHED_CLEAN"
17:28:01,370 (main) DEBUG [DataNucleus.Transaction] - Objeto con identidad "com.videoclub.pojo.Rental:4" fue borrado de la cache transactional
17:28:01,370 (main) DEBUG [DataNucleus.Persistence] - Disconectando objeto con identidad "com.videoclub.pojo.Rental:4" de StateManager[pc=com.videoclub.pojo.Rental@2cfa2c4f, lifecycle=DETACHED_CLEAN]
17:28:01,370 (main) DEBUG [DataNucleus.Cache] - Objeto con identidad="com.videoclub.pojo.Rental:4" borrado de la Cache de nivel 1
17:28:01,370 (main) DEBUG [DataNucleus.Transaction] - Transacción committed en 1 ms
17:28:01,370 (main) DEBUG [DataNucleus.Persistence] - ExecutionContext "org.datanucleus.ExecutionContextImpl@34dc85a" se cerró
17:28:01,370 (main) DEBUG [DataNucleus.Persistence] - ExecutionContext "org.datanucleus.ExecutionContextImpl@34dc85a" se abrió para la base de datos "org.datanucleus.store.rdbms.RDBMSStoreManager@6d4a65c6" con transaccion="org.datanucleus.transaction.TransactionImpl@2a066689"
17:28:01,370 (main) DEBUG [DataNucleus.Transaction] - Transaction created [DataNucleus Transaction, ID=1418522280-35, enlisted resources=[]]
17:28:01,370 (main) DEBUG [DataNucleus.Transaction] - Transacción empezada para el ExecutionContext org.datanucleus.ExecutionContextImpl@34dc85a (optimistic=false)
17:28:01,370 (main) DEBUG [DataNucleus.Query] - JDOQL Single-String de "SELECT FROM com.videoclub.pojo.Rental WHERE id == 5"
17:28:01,370 (main) DEBUG [DataNucleus.Query] - Query de JDOQL : Compilación (generic) de "SELECT UNIQUE FROM com.videoclub.pojo.Rental WHERE id == 5"
17:28:01,370 (main) DEBUG [DataNucleus.Query] - Query de JDOQL : Tiempo de compilar (generic) = 0 ms
17:28:01,370 (main) DEBUG [DataNucleus.Query] - QueryCompilation:
  [filter:DyadicExpression{PrimaryExpression{id}  =  Literal{5}}]
  [symbols: this type=com.videoclub.pojo.Rental]
17:28:01,370 (main) DEBUG [DataNucleus.Query] - Query de JDOQL : Compilación (base de datos) de "SELECT UNIQUE FROM com.videoclub.pojo.Rental WHERE id == 5"
17:28:01,370 (main) DEBUG [DataNucleus.Query] - Compile of JDOQL into SQL - JoinType : navigation(default=(using nullability), filter=(using nullability))
17:28:01,370 (main) DEBUG [DataNucleus.Query] - Query de JDOQL : Tiempo de compilar (base de datos) = 0
17:28:01,371 (main) DEBUG [DataNucleus.Connection] - ManagedConnection ABIERTO : "org.datanucleus.store.rdbms.ConnectionFactoryImpl$ManagedConnectionImpl@6d025d1d [conn=org.datanucleus.store.rdbms.datasource.dbcp2.PoolingDataSource$PoolGuardConnectionWrapper@74294c1a, commitOnRelease=false, closeOnRelease=false, closeOnTxnEnd=true]" en resource "tx" con isolación "read-committed" y auto-commit=false
17:28:01,371 (main) DEBUG [DataNucleus.Transaction] - Running enlist operation on resource: org.datanucleus.store.rdbms.ConnectionFactoryImpl$EmulatedXAResource@9e2ad91, error code TMNOFLAGS and transaction [DataNucleus Transaction, ID=1418522280-35, enlisted resources=[]]
17:28:01,371 (main) DEBUG [DataNucleus.Query] - Query de JDOQL : Ejecucion de "SELECT UNIQUE FROM com.videoclub.pojo.Rental WHERE id == 5" ...
17:28:01,371 (main) DEBUG [DataNucleus.Datastore] - Utilizando PreparedStatement "com.mysql.cj.jdbc.ClientPreparedStatement: SELECT 'com.videoclub.pojo.Rental' AS `DN_TYPE`,`A0`.`CODE`,`A0`.`ID`,`A0`.`RENTALDATE`,`A0`.`RETURNDATE`,`A0`.`TITLE` FROM `RENTAL` `A0` WHERE `A0`.`ID` = 5" para la conneccion "org.datanucleus.store.rdbms.datasource.dbcp2.PoolingDataSource$PoolGuardConnectionWrapper@74294c1a"
17:28:01,371 (main) DEBUG [DataNucleus.Datastore.Native] - SELECT 'com.videoclub.pojo.Rental' AS `DN_TYPE`,`A0`.`CODE`,`A0`.`ID`,`A0`.`RENTALDATE`,`A0`.`RETURNDATE`,`A0`.`TITLE` FROM `RENTAL` `A0` WHERE `A0`.`ID` = 5
17:28:01,371 (main) DEBUG [DataNucleus.Datastore.Retrieve] - SQL Tiempo de cumplir = 0 ms
17:28:01,371 (main) DEBUG [DataNucleus.Query] - Query de JDOQL : Tiempo de ejecutar = 0 ms
17:28:01,371 (main) DEBUG [DataNucleus.Cache] - Objeto con identidad "com.videoclub.pojo.Rental:5" no esta en la Cache de nivel 1
17:28:01,371 (main) DEBUG [DataNucleus.Cache] - Objeto con identidad "com.videoclub.pojo.Rental:5" añadido a la Cache de nivel 1 (loadedFlags="[NYNNN]")
17:28:01,372 (main) DEBUG [DataNucleus.Persistence] - El objeto con identidad "com.videoclub.pojo.Rental:5" va a tener el valor en el campo "rentalDate" cambiado por un SCO wrapper
17:28:01,372 (main) DEBUG [DataNucleus.Persistence] - El objeto con identidad "com.videoclub.pojo.Rental:5" va a tener el valor en el campo "returnDate" cambiado por un SCO wrapper
17:28:01,372 (main) DEBUG [DataNucleus.Transaction] - Objeto con identidad "com.videoclub.pojo.Rental:5" ha sido puesto en la cache transaccional
17:28:01,372 (main) DEBUG [DataNucleus.Cache] - Objeto con identidad "com.videoclub.pojo.Rental:5" obtenido de la Cache nivel 2 (campos="[0, 1, 2, 3, 4]", version="") - representado como "com.videoclub.pojo.Rental@79d06bbd"
17:28:01,372 (main) DEBUG [DataNucleus.Persistence] - Detachando una copia del objeto "com.videoclub.pojo.Rental@79d06bbd" (profundidad=0) como "com.videoclub.pojo.Rental@7479b626" - campos-detachados=[0, 1, 2, 3, 4], campos-para-obtener=null
17:28:01,372 (main) DEBUG [DataNucleus.Transaction] - Haciendo commit de la transaacción para el ExecutionContext org.datanucleus.ExecutionContextImpl@34dc85a
17:28:01,372 (main) DEBUG [DataNucleus.Persistence] - ExecutionContext.internalFlush() empezado con flush ordenado - 0 objetos registrados
17:28:01,372 (main) DEBUG [DataNucleus.Persistence] - ExecutionContext.internalFlush() terminado
17:28:01,372 (main) DEBUG [DataNucleus.Persistence] - Persistence-By-Reachability (commit) : EMPIEZA
17:28:01,372 (main) DEBUG [DataNucleus.Persistence] - Persistence-By-Reachability (commit) : TERMINADO
17:28:01,372 (main) DEBUG [DataNucleus.Cache] - El objeto con identidad "com.videoclub.pojo.Rental:5" va a tener los campos siguientes almacendados en el objeto de Level 2 cache : [0, 1, 2, 3, 4]
17:28:01,372 (main) DEBUG [DataNucleus.Transaction] - Committing [DataNucleus Transaction, ID=1418522280-35, enlisted resources=[org.datanucleus.store.rdbms.ConnectionFactoryImpl$EmulatedXAResource@9e2ad91]]
17:28:01,372 (main) DEBUG [DataNucleus.Connection] - ManagedConnection VA A COMMIT : "org.datanucleus.store.rdbms.ConnectionFactoryImpl$ManagedConnectionImpl@6d025d1d [conn=org.datanucleus.store.rdbms.datasource.dbcp2.PoolingDataSource$PoolGuardConnectionWrapper@74294c1a, commitOnRelease=false, closeOnRelease=false, closeOnTxnEnd=true]"
17:28:01,372 (main) DEBUG [DataNucleus.Connection] - ManagedConnection CERRADO : "org.datanucleus.store.rdbms.ConnectionFactoryImpl$ManagedConnectionImpl@6d025d1d [conn=org.datanucleus.store.rdbms.datasource.dbcp2.PoolingDataSource$PoolGuardConnectionWrapper@74294c1a, commitOnRelease=false, closeOnRelease=false, closeOnTxnEnd=true]" 
17:28:01,373 (main) DEBUG [DataNucleus.Persistence] - Haciendo el objeto detachado : "com.videoclub.pojo.Rental@79d06bbd" (profundidad=0)
17:28:01,373 (main) DEBUG [DataNucleus.Persistence] - El objeto con identidad "com.videoclub.pojo.Rental:5" va a tener el SCO wrapper en el campo "rentalDate" cambiado por el valor
17:28:01,373 (main) DEBUG [DataNucleus.Persistence] - El objeto con identidad "com.videoclub.pojo.Rental:5" va a tener el SCO wrapper en el campo "returnDate" cambiado por el valor
17:28:01,373 (main) DEBUG [DataNucleus.Persistence] - Objeto con identidad "com.videoclub.pojo.Rental:5" tiene cambio de lifeycle : "P_CLEAN"->"DETACHED_CLEAN"
17:28:01,373 (main) DEBUG [DataNucleus.Transaction] - Objeto con identidad "com.videoclub.pojo.Rental:5" fue borrado de la cache transactional
17:28:01,373 (main) DEBUG [DataNucleus.Persistence] - Disconectando objeto con identidad "com.videoclub.pojo.Rental:5" de StateManager[pc=com.videoclub.pojo.Rental@79d06bbd, lifecycle=DETACHED_CLEAN]
17:28:01,373 (main) DEBUG [DataNucleus.Cache] - Objeto con identidad="com.videoclub.pojo.Rental:5" borrado de la Cache de nivel 1
17:28:01,373 (main) DEBUG [DataNucleus.Transaction] - Transacción committed en 1 ms
17:28:01,373 (main) DEBUG [DataNucleus.Persistence] - ExecutionContext "org.datanucleus.ExecutionContextImpl@34dc85a" se cerró
]]></system-out>
  </testcase>
  <testcase name="databaseMovieChecking" classname="com.videoclub.testing.TestVideoclub" time="0.005">
    <system-out><![CDATA[17:28:01,373 (main) DEBUG [DataNucleus.Persistence] - ExecutionContext "org.datanucleus.ExecutionContextImpl@34dc85a" se abrió para la base de datos "org.datanucleus.store.rdbms.RDBMSStoreManager@6d4a65c6" con transaccion="org.datanucleus.transaction.TransactionImpl@6c42f2a1"
17:28:01,373 (main) DEBUG [DataNucleus.Transaction] - Transaction created [DataNucleus Transaction, ID=1418522280-36, enlisted resources=[]]
17:28:01,373 (main) DEBUG [DataNucleus.Transaction] - Transacción empezada para el ExecutionContext org.datanucleus.ExecutionContextImpl@34dc85a (optimistic=false)
17:28:01,373 (main) DEBUG [DataNucleus.Query] - JDOQL Single-String de "SELECT FROM com.videoclub.pojo.Movie WHERE title == 'Movie1'"
17:28:01,374 (main) DEBUG [DataNucleus.Query] - Query de JDOQL : Compilación (generic) de "SELECT UNIQUE FROM com.videoclub.pojo.Movie WHERE title == 'Movie1'"
17:28:01,374 (main) DEBUG [DataNucleus.Query] - Query de JDOQL : Tiempo de compilar (generic) = 0 ms
17:28:01,374 (main) DEBUG [DataNucleus.Query] - QueryCompilation:
  [filter:DyadicExpression{PrimaryExpression{title}  =  Literal{Movie1}}]
  [symbols: this type=com.videoclub.pojo.Movie]
17:28:01,374 (main) DEBUG [DataNucleus.Query] - Query de JDOQL : Compilación (base de datos) de "SELECT UNIQUE FROM com.videoclub.pojo.Movie WHERE title == 'Movie1'"
17:28:01,374 (main) DEBUG [DataNucleus.Query] - Compile of JDOQL into SQL - JoinType : navigation(default=(using nullability), filter=(using nullability))
17:28:01,374 (main) DEBUG [DataNucleus.Query] - Query de JDOQL : Tiempo de compilar (base de datos) = 0
17:28:01,375 (main) DEBUG [DataNucleus.Connection] - ManagedConnection ABIERTO : "org.datanucleus.store.rdbms.ConnectionFactoryImpl$ManagedConnectionImpl@1aa6e3c0 [conn=org.datanucleus.store.rdbms.datasource.dbcp2.PoolingDataSource$PoolGuardConnectionWrapper@3531f3ca, commitOnRelease=false, closeOnRelease=false, closeOnTxnEnd=true]" en resource "tx" con isolación "read-committed" y auto-commit=false
17:28:01,375 (main) DEBUG [DataNucleus.Transaction] - Running enlist operation on resource: org.datanucleus.store.rdbms.ConnectionFactoryImpl$EmulatedXAResource@7fcf294e, error code TMNOFLAGS and transaction [DataNucleus Transaction, ID=1418522280-36, enlisted resources=[]]
17:28:01,375 (main) DEBUG [DataNucleus.Query] - Query de JDOQL : Ejecucion de "SELECT UNIQUE FROM com.videoclub.pojo.Movie WHERE title == 'Movie1'" ...
17:28:01,375 (main) DEBUG [DataNucleus.Datastore] - Utilizando PreparedStatement "com.mysql.cj.jdbc.ClientPreparedStatement: SELECT 'com.videoclub.pojo.Movie' AS `DN_TYPE`,`A0`.`CODE`,`A0`.`DIRECTOR`,`A0`.`DURATION`,`A0`.`GENRE`,`A0`.`RENTALPRICE`,`A0`.`TITLE`,`A0`.`YEAR` FROM `MOVIE` `A0` WHERE `A0`.`TITLE` = 'Movie1'" para la conneccion "org.datanucleus.store.rdbms.datasource.dbcp2.PoolingDataSource$PoolGuardConnectionWrapper@3531f3ca"
17:28:01,375 (main) DEBUG [DataNucleus.Datastore.Native] - SELECT 'com.videoclub.pojo.Movie' AS `DN_TYPE`,`A0`.`CODE`,`A0`.`DIRECTOR`,`A0`.`DURATION`,`A0`.`GENRE`,`A0`.`RENTALPRICE`,`A0`.`TITLE`,`A0`.`YEAR` FROM `MOVIE` `A0` WHERE `A0`.`TITLE` = 'Movie1'
17:28:01,376 (main) DEBUG [DataNucleus.Datastore.Retrieve] - SQL Tiempo de cumplir = 1 ms
17:28:01,376 (main) DEBUG [DataNucleus.Query] - Query de JDOQL : Tiempo de ejecutar = 1 ms
17:28:01,376 (main) DEBUG [DataNucleus.Cache] - Objeto con identidad "com.videoclub.pojo.Movie:1" no esta en la Cache de nivel 1
17:28:01,376 (main) DEBUG [DataNucleus.Cache] - Objeto con identidad "com.videoclub.pojo.Movie:1" añadido a la Cache de nivel 1 (loadedFlags="[YNNNNNN]")
17:28:01,376 (main) DEBUG [DataNucleus.Transaction] - Objeto con identidad "com.videoclub.pojo.Movie:1" ha sido puesto en la cache transaccional
17:28:01,376 (main) DEBUG [DataNucleus.Cache] - Objeto con identidad "com.videoclub.pojo.Movie:1" obtenido de la Cache nivel 2 (campos="[0, 1, 2, 3, 4, 5, 6]", version="") - representado como "com.videoclub.pojo.Movie@65f2f9b0"
17:28:01,376 (main) DEBUG [DataNucleus.Persistence] - Detachando una copia del objeto "com.videoclub.pojo.Movie@65f2f9b0" (profundidad=0) como "com.videoclub.pojo.Movie@2caa5d7c" - campos-detachados=[0, 1, 2, 3, 4, 5, 6], campos-para-obtener=null
17:28:01,376 (main) DEBUG [DataNucleus.Transaction] - Haciendo commit de la transaacción para el ExecutionContext org.datanucleus.ExecutionContextImpl@34dc85a
17:28:01,376 (main) DEBUG [DataNucleus.Persistence] - ExecutionContext.internalFlush() empezado con flush ordenado - 0 objetos registrados
17:28:01,376 (main) DEBUG [DataNucleus.Persistence] - ExecutionContext.internalFlush() terminado
17:28:01,376 (main) DEBUG [DataNucleus.Persistence] - Persistence-By-Reachability (commit) : EMPIEZA
17:28:01,376 (main) DEBUG [DataNucleus.Persistence] - Persistence-By-Reachability (commit) : TERMINADO
17:28:01,376 (main) DEBUG [DataNucleus.Cache] - El objeto con identidad "com.videoclub.pojo.Movie:1" va a tener los campos siguientes almacendados en el objeto de Level 2 cache : [0, 1, 2, 3, 4, 5, 6]
17:28:01,376 (main) DEBUG [DataNucleus.Transaction] - Committing [DataNucleus Transaction, ID=1418522280-36, enlisted resources=[org.datanucleus.store.rdbms.ConnectionFactoryImpl$EmulatedXAResource@7fcf294e]]
17:28:01,376 (main) DEBUG [DataNucleus.Connection] - ManagedConnection VA A COMMIT : "org.datanucleus.store.rdbms.ConnectionFactoryImpl$ManagedConnectionImpl@1aa6e3c0 [conn=org.datanucleus.store.rdbms.datasource.dbcp2.PoolingDataSource$PoolGuardConnectionWrapper@3531f3ca, commitOnRelease=false, closeOnRelease=false, closeOnTxnEnd=true]"
17:28:01,377 (main) DEBUG [DataNucleus.Connection] - ManagedConnection CERRADO : "org.datanucleus.store.rdbms.ConnectionFactoryImpl$ManagedConnectionImpl@1aa6e3c0 [conn=org.datanucleus.store.rdbms.datasource.dbcp2.PoolingDataSource$PoolGuardConnectionWrapper@3531f3ca, commitOnRelease=false, closeOnRelease=false, closeOnTxnEnd=true]" 
17:28:01,377 (main) DEBUG [DataNucleus.Persistence] - Haciendo el objeto detachado : "com.videoclub.pojo.Movie@65f2f9b0" (profundidad=0)
17:28:01,377 (main) DEBUG [DataNucleus.Persistence] - Objeto con identidad "com.videoclub.pojo.Movie:1" tiene cambio de lifeycle : "P_CLEAN"->"DETACHED_CLEAN"
17:28:01,377 (main) DEBUG [DataNucleus.Transaction] - Objeto con identidad "com.videoclub.pojo.Movie:1" fue borrado de la cache transactional
17:28:01,377 (main) DEBUG [DataNucleus.Persistence] - Disconectando objeto con identidad "com.videoclub.pojo.Movie:1" de StateManager[pc=com.videoclub.pojo.Movie@65f2f9b0, lifecycle=DETACHED_CLEAN]
17:28:01,377 (main) DEBUG [DataNucleus.Cache] - Objeto con identidad="com.videoclub.pojo.Movie:1" borrado de la Cache de nivel 1
17:28:01,377 (main) DEBUG [DataNucleus.Transaction] - Transacción committed en 1 ms
17:28:01,377 (main) DEBUG [DataNucleus.Persistence] - ExecutionContext "org.datanucleus.ExecutionContextImpl@34dc85a" se cerró
17:28:01,377 (main) DEBUG [DataNucleus.Persistence] - ExecutionContext "org.datanucleus.ExecutionContextImpl@34dc85a" se abrió para la base de datos "org.datanucleus.store.rdbms.RDBMSStoreManager@6d4a65c6" con transaccion="org.datanucleus.transaction.TransactionImpl@3eabe84a"
17:28:01,377 (main) DEBUG [DataNucleus.Transaction] - Transaction created [DataNucleus Transaction, ID=1418522280-37, enlisted resources=[]]
17:28:01,377 (main) DEBUG [DataNucleus.Transaction] - Transacción empezada para el ExecutionContext org.datanucleus.ExecutionContextImpl@34dc85a (optimistic=false)
17:28:01,377 (main) DEBUG [DataNucleus.Query] - JDOQL Single-String de "SELECT FROM com.videoclub.pojo.Movie WHERE title == 'Movie2'"
17:28:01,377 (main) DEBUG [DataNucleus.Query] - Query de JDOQL : Compilación (generic) de "SELECT UNIQUE FROM com.videoclub.pojo.Movie WHERE title == 'Movie2'"
17:28:01,378 (main) DEBUG [DataNucleus.Query] - Query de JDOQL : Tiempo de compilar (generic) = 1 ms
17:28:01,378 (main) DEBUG [DataNucleus.Query] - QueryCompilation:
  [filter:DyadicExpression{PrimaryExpression{title}  =  Literal{Movie2}}]
  [symbols: this type=com.videoclub.pojo.Movie]
17:28:01,378 (main) DEBUG [DataNucleus.Query] - Query de JDOQL : Compilación (base de datos) de "SELECT UNIQUE FROM com.videoclub.pojo.Movie WHERE title == 'Movie2'"
17:28:01,378 (main) DEBUG [DataNucleus.Query] - Compile of JDOQL into SQL - JoinType : navigation(default=(using nullability), filter=(using nullability))
17:28:01,378 (main) DEBUG [DataNucleus.Query] - Query de JDOQL : Tiempo de compilar (base de datos) = 0
17:28:01,378 (main) DEBUG [DataNucleus.Connection] - ManagedConnection ABIERTO : "org.datanucleus.store.rdbms.ConnectionFactoryImpl$ManagedConnectionImpl@5e8cda75 [conn=org.datanucleus.store.rdbms.datasource.dbcp2.PoolingDataSource$PoolGuardConnectionWrapper@3f049056, commitOnRelease=false, closeOnRelease=false, closeOnTxnEnd=true]" en resource "tx" con isolación "read-committed" y auto-commit=false
17:28:01,378 (main) DEBUG [DataNucleus.Transaction] - Running enlist operation on resource: org.datanucleus.store.rdbms.ConnectionFactoryImpl$EmulatedXAResource@64968732, error code TMNOFLAGS and transaction [DataNucleus Transaction, ID=1418522280-37, enlisted resources=[]]
17:28:01,378 (main) DEBUG [DataNucleus.Query] - Query de JDOQL : Ejecucion de "SELECT UNIQUE FROM com.videoclub.pojo.Movie WHERE title == 'Movie2'" ...
17:28:01,378 (main) DEBUG [DataNucleus.Datastore] - Utilizando PreparedStatement "com.mysql.cj.jdbc.ClientPreparedStatement: SELECT 'com.videoclub.pojo.Movie' AS `DN_TYPE`,`A0`.`CODE`,`A0`.`DIRECTOR`,`A0`.`DURATION`,`A0`.`GENRE`,`A0`.`RENTALPRICE`,`A0`.`TITLE`,`A0`.`YEAR` FROM `MOVIE` `A0` WHERE `A0`.`TITLE` = 'Movie2'" para la conneccion "org.datanucleus.store.rdbms.datasource.dbcp2.PoolingDataSource$PoolGuardConnectionWrapper@3f049056"
17:28:01,378 (main) DEBUG [DataNucleus.Datastore.Native] - SELECT 'com.videoclub.pojo.Movie' AS `DN_TYPE`,`A0`.`CODE`,`A0`.`DIRECTOR`,`A0`.`DURATION`,`A0`.`GENRE`,`A0`.`RENTALPRICE`,`A0`.`TITLE`,`A0`.`YEAR` FROM `MOVIE` `A0` WHERE `A0`.`TITLE` = 'Movie2'
17:28:01,379 (main) DEBUG [DataNucleus.Datastore.Retrieve] - SQL Tiempo de cumplir = 1 ms
17:28:01,379 (main) DEBUG [DataNucleus.Query] - Query de JDOQL : Tiempo de ejecutar = 1 ms
17:28:01,379 (main) DEBUG [DataNucleus.Cache] - Objeto con identidad "com.videoclub.pojo.Movie:2" no esta en la Cache de nivel 1
17:28:01,379 (main) DEBUG [DataNucleus.Cache] - Objeto con identidad "com.videoclub.pojo.Movie:2" añadido a la Cache de nivel 1 (loadedFlags="[YNNNNNN]")
17:28:01,379 (main) DEBUG [DataNucleus.Transaction] - Objeto con identidad "com.videoclub.pojo.Movie:2" ha sido puesto en la cache transaccional
17:28:01,379 (main) DEBUG [DataNucleus.Cache] - Objeto con identidad "com.videoclub.pojo.Movie:2" obtenido de la Cache nivel 2 (campos="[0, 1, 2, 3, 4, 5, 6]", version="") - representado como "com.videoclub.pojo.Movie@6fd12c5"
17:28:01,379 (main) DEBUG [DataNucleus.Persistence] - Detachando una copia del objeto "com.videoclub.pojo.Movie@6fd12c5" (profundidad=0) como "com.videoclub.pojo.Movie@222afc67" - campos-detachados=[0, 1, 2, 3, 4, 5, 6], campos-para-obtener=null
17:28:01,379 (main) DEBUG [DataNucleus.Transaction] - Haciendo commit de la transaacción para el ExecutionContext org.datanucleus.ExecutionContextImpl@34dc85a
17:28:01,379 (main) DEBUG [DataNucleus.Persistence] - ExecutionContext.internalFlush() empezado con flush ordenado - 0 objetos registrados
17:28:01,379 (main) DEBUG [DataNucleus.Persistence] - ExecutionContext.internalFlush() terminado
17:28:01,379 (main) DEBUG [DataNucleus.Persistence] - Persistence-By-Reachability (commit) : EMPIEZA
17:28:01,379 (main) DEBUG [DataNucleus.Persistence] - Persistence-By-Reachability (commit) : TERMINADO
17:28:01,379 (main) DEBUG [DataNucleus.Cache] - El objeto con identidad "com.videoclub.pojo.Movie:2" va a tener los campos siguientes almacendados en el objeto de Level 2 cache : [0, 1, 2, 3, 4, 5, 6]
17:28:01,379 (main) DEBUG [DataNucleus.Transaction] - Committing [DataNucleus Transaction, ID=1418522280-37, enlisted resources=[org.datanucleus.store.rdbms.ConnectionFactoryImpl$EmulatedXAResource@64968732]]
17:28:01,379 (main) DEBUG [DataNucleus.Connection] - ManagedConnection VA A COMMIT : "org.datanucleus.store.rdbms.ConnectionFactoryImpl$ManagedConnectionImpl@5e8cda75 [conn=org.datanucleus.store.rdbms.datasource.dbcp2.PoolingDataSource$PoolGuardConnectionWrapper@3f049056, commitOnRelease=false, closeOnRelease=false, closeOnTxnEnd=true]"
17:28:01,379 (main) DEBUG [DataNucleus.Connection] - ManagedConnection CERRADO : "org.datanucleus.store.rdbms.ConnectionFactoryImpl$ManagedConnectionImpl@5e8cda75 [conn=org.datanucleus.store.rdbms.datasource.dbcp2.PoolingDataSource$PoolGuardConnectionWrapper@3f049056, commitOnRelease=false, closeOnRelease=false, closeOnTxnEnd=true]" 
17:28:01,380 (main) DEBUG [DataNucleus.Persistence] - Haciendo el objeto detachado : "com.videoclub.pojo.Movie@6fd12c5" (profundidad=0)
17:28:01,380 (main) DEBUG [DataNucleus.Persistence] - Objeto con identidad "com.videoclub.pojo.Movie:2" tiene cambio de lifeycle : "P_CLEAN"->"DETACHED_CLEAN"
17:28:01,380 (main) DEBUG [DataNucleus.Transaction] - Objeto con identidad "com.videoclub.pojo.Movie:2" fue borrado de la cache transactional
17:28:01,380 (main) DEBUG [DataNucleus.Persistence] - Disconectando objeto con identidad "com.videoclub.pojo.Movie:2" de StateManager[pc=com.videoclub.pojo.Movie@6fd12c5, lifecycle=DETACHED_CLEAN]
17:28:01,380 (main) DEBUG [DataNucleus.Cache] - Objeto con identidad="com.videoclub.pojo.Movie:2" borrado de la Cache de nivel 1
17:28:01,380 (main) DEBUG [DataNucleus.Transaction] - Transacción committed en 1 ms
17:28:01,380 (main) DEBUG [DataNucleus.Persistence] - ExecutionContext "org.datanucleus.ExecutionContextImpl@34dc85a" se cerró
]]></system-out>
  </testcase>
  <testcase name="databaseUserChecking" classname="com.videoclub.testing.TestVideoclub" time="0.009">
    <system-out><![CDATA[17:28:01,380 (main) DEBUG [DataNucleus.Persistence] - ExecutionContext "org.datanucleus.ExecutionContextImpl@34dc85a" se abrió para la base de datos "org.datanucleus.store.rdbms.RDBMSStoreManager@6d4a65c6" con transaccion="org.datanucleus.transaction.TransactionImpl@61a1ea2c"
17:28:01,380 (main) DEBUG [DataNucleus.Transaction] - Transaction created [DataNucleus Transaction, ID=1418522280-38, enlisted resources=[]]
17:28:01,380 (main) DEBUG [DataNucleus.Transaction] - Transacción empezada para el ExecutionContext org.datanucleus.ExecutionContextImpl@34dc85a (optimistic=false)
17:28:01,380 (main) DEBUG [DataNucleus.Query] - JDOQL Single-String de "SELECT FROM com.videoclub.pojo.User WHERE email == 'admin@email.com'"
17:28:01,380 (main) DEBUG [DataNucleus.Query] - Query de JDOQL : Compilación (generic) de "SELECT UNIQUE FROM com.videoclub.pojo.User WHERE email == 'admin@email.com'"
17:28:01,380 (main) DEBUG [DataNucleus.Query] - Query de JDOQL : Tiempo de compilar (generic) = 0 ms
17:28:01,380 (main) DEBUG [DataNucleus.Query] - QueryCompilation:
  [filter:DyadicExpression{PrimaryExpression{email}  =  Literal{admin@email.com}}]
  [symbols: this type=com.videoclub.pojo.User]
17:28:01,380 (main) DEBUG [DataNucleus.Query] - Query de JDOQL : Compilación (base de datos) de "SELECT UNIQUE FROM com.videoclub.pojo.User WHERE email == 'admin@email.com'"
17:28:01,381 (main) DEBUG [DataNucleus.Query] - Compile of JDOQL into SQL - JoinType : navigation(default=(using nullability), filter=(using nullability))
17:28:01,381 (main) DEBUG [DataNucleus.Query] - Query de JDOQL : Tiempo de compilar (base de datos) = 1
17:28:01,382 (main) DEBUG [DataNucleus.Connection] - ManagedConnection ABIERTO : "org.datanucleus.store.rdbms.ConnectionFactoryImpl$ManagedConnectionImpl@5477a1ca [conn=org.datanucleus.store.rdbms.datasource.dbcp2.PoolingDataSource$PoolGuardConnectionWrapper@3ae9d1e2, commitOnRelease=false, closeOnRelease=false, closeOnTxnEnd=true]" en resource "tx" con isolación "read-committed" y auto-commit=false
17:28:01,382 (main) DEBUG [DataNucleus.Transaction] - Running enlist operation on resource: org.datanucleus.store.rdbms.ConnectionFactoryImpl$EmulatedXAResource@41522537, error code TMNOFLAGS and transaction [DataNucleus Transaction, ID=1418522280-38, enlisted resources=[]]
17:28:01,382 (main) DEBUG [DataNucleus.Query] - Query de JDOQL : Ejecucion de "SELECT UNIQUE FROM com.videoclub.pojo.User WHERE email == 'admin@email.com'" ...
17:28:01,382 (main) DEBUG [DataNucleus.Datastore] - Utilizando PreparedStatement "com.mysql.cj.jdbc.ClientPreparedStatement: SELECT 'com.videoclub.pojo.User' AS `DN_TYPE`,`A0`.`CODE`,`A0`.`EMAIL`,`A0`.`NAME`,`A0`.`PASSWORD`,`A0`.`SURNAME`,`A0`.`TYPE`,`A0`.`USERNAME` FROM `USER` `A0` WHERE `A0`.`EMAIL` = 'admin@email.com'" para la conneccion "org.datanucleus.store.rdbms.datasource.dbcp2.PoolingDataSource$PoolGuardConnectionWrapper@3ae9d1e2"
17:28:01,382 (main) DEBUG [DataNucleus.Datastore.Native] - SELECT 'com.videoclub.pojo.User' AS `DN_TYPE`,`A0`.`CODE`,`A0`.`EMAIL`,`A0`.`NAME`,`A0`.`PASSWORD`,`A0`.`SURNAME`,`A0`.`TYPE`,`A0`.`USERNAME` FROM `USER` `A0` WHERE `A0`.`EMAIL` = 'admin@email.com'
17:28:01,382 (main) DEBUG [DataNucleus.Datastore.Retrieve] - SQL Tiempo de cumplir = 0 ms
17:28:01,382 (main) DEBUG [DataNucleus.Query] - Query de JDOQL : Tiempo de ejecutar = 0 ms
17:28:01,382 (main) DEBUG [DataNucleus.Cache] - Objeto con identidad "com.videoclub.pojo.User:1" no esta en la Cache de nivel 1
17:28:01,382 (main) DEBUG [DataNucleus.Cache] - Objeto con identidad "com.videoclub.pojo.User:1" añadido a la Cache de nivel 1 (loadedFlags="[YNNNNNN]")
17:28:01,382 (main) DEBUG [DataNucleus.Transaction] - Objeto con identidad "com.videoclub.pojo.User:1" ha sido puesto en la cache transaccional
17:28:01,382 (main) DEBUG [DataNucleus.Cache] - Objeto con identidad "com.videoclub.pojo.User:1" obtenido de la Cache nivel 2 (campos="[0, 1, 2, 3, 4, 5, 6]", version="") - representado como "com.videoclub.pojo.User@670d4d38"
17:28:01,382 (main) DEBUG [DataNucleus.Persistence] - Detachando una copia del objeto "com.videoclub.pojo.User@670d4d38" (profundidad=0) como "com.videoclub.pojo.User@23eff5d1" - campos-detachados=[0, 1, 2, 3, 4, 5, 6], campos-para-obtener=null
17:28:01,382 (main) DEBUG [DataNucleus.Transaction] - Haciendo commit de la transaacción para el ExecutionContext org.datanucleus.ExecutionContextImpl@34dc85a
17:28:01,382 (main) DEBUG [DataNucleus.Persistence] - ExecutionContext.internalFlush() empezado con flush ordenado - 0 objetos registrados
17:28:01,382 (main) DEBUG [DataNucleus.Persistence] - ExecutionContext.internalFlush() terminado
17:28:01,382 (main) DEBUG [DataNucleus.Persistence] - Persistence-By-Reachability (commit) : EMPIEZA
17:28:01,382 (main) DEBUG [DataNucleus.Persistence] - Persistence-By-Reachability (commit) : TERMINADO
17:28:01,382 (main) DEBUG [DataNucleus.Cache] - El objeto con identidad "com.videoclub.pojo.User:1" va a tener los campos siguientes almacendados en el objeto de Level 2 cache : [0, 1, 2, 3, 4, 5, 6]
17:28:01,382 (main) DEBUG [DataNucleus.Transaction] - Committing [DataNucleus Transaction, ID=1418522280-38, enlisted resources=[org.datanucleus.store.rdbms.ConnectionFactoryImpl$EmulatedXAResource@41522537]]
17:28:01,382 (main) DEBUG [DataNucleus.Connection] - ManagedConnection VA A COMMIT : "org.datanucleus.store.rdbms.ConnectionFactoryImpl$ManagedConnectionImpl@5477a1ca [conn=org.datanucleus.store.rdbms.datasource.dbcp2.PoolingDataSource$PoolGuardConnectionWrapper@3ae9d1e2, commitOnRelease=false, closeOnRelease=false, closeOnTxnEnd=true]"
17:28:01,382 (main) DEBUG [DataNucleus.Connection] - ManagedConnection CERRADO : "org.datanucleus.store.rdbms.ConnectionFactoryImpl$ManagedConnectionImpl@5477a1ca [conn=org.datanucleus.store.rdbms.datasource.dbcp2.PoolingDataSource$PoolGuardConnectionWrapper@3ae9d1e2, commitOnRelease=false, closeOnRelease=false, closeOnTxnEnd=true]" 
17:28:01,383 (main) DEBUG [DataNucleus.Persistence] - Haciendo el objeto detachado : "com.videoclub.pojo.User@670d4d38" (profundidad=0)
17:28:01,383 (main) DEBUG [DataNucleus.Persistence] - Objeto con identidad "com.videoclub.pojo.User:1" tiene cambio de lifeycle : "P_CLEAN"->"DETACHED_CLEAN"
17:28:01,383 (main) DEBUG [DataNucleus.Transaction] - Objeto con identidad "com.videoclub.pojo.User:1" fue borrado de la cache transactional
17:28:01,383 (main) DEBUG [DataNucleus.Persistence] - Disconectando objeto con identidad "com.videoclub.pojo.User:1" de StateManager[pc=com.videoclub.pojo.User@670d4d38, lifecycle=DETACHED_CLEAN]
17:28:01,383 (main) DEBUG [DataNucleus.Cache] - Objeto con identidad="com.videoclub.pojo.User:1" borrado de la Cache de nivel 1
17:28:01,383 (main) DEBUG [DataNucleus.Transaction] - Transacción committed en 1 ms
17:28:01,383 (main) DEBUG [DataNucleus.Persistence] - ExecutionContext "org.datanucleus.ExecutionContextImpl@34dc85a" se cerró
17:28:01,383 (main) DEBUG [DataNucleus.Persistence] - ExecutionContext "org.datanucleus.ExecutionContextImpl@34dc85a" se abrió para la base de datos "org.datanucleus.store.rdbms.RDBMSStoreManager@6d4a65c6" con transaccion="org.datanucleus.transaction.TransactionImpl@42c28305"
17:28:01,383 (main) DEBUG [DataNucleus.Transaction] - Transaction created [DataNucleus Transaction, ID=1418522280-39, enlisted resources=[]]
17:28:01,383 (main) DEBUG [DataNucleus.Transaction] - Transacción empezada para el ExecutionContext org.datanucleus.ExecutionContextImpl@34dc85a (optimistic=false)
17:28:01,383 (main) DEBUG [DataNucleus.Query] - JDOQL Single-String de "SELECT FROM com.videoclub.pojo.User WHERE email == 'asier.account@email.com'"
17:28:01,383 (main) DEBUG [DataNucleus.Query] - Query de JDOQL : Compilación (generic) de "SELECT UNIQUE FROM com.videoclub.pojo.User WHERE email == 'asier.account@email.com'"
17:28:01,383 (main) DEBUG [DataNucleus.Query] - Query de JDOQL : Tiempo de compilar (generic) = 0 ms
17:28:01,383 (main) DEBUG [DataNucleus.Query] - QueryCompilation:
  [filter:DyadicExpression{PrimaryExpression{email}  =  Literal{asier.account@email.com}}]
  [symbols: this type=com.videoclub.pojo.User]
17:28:01,383 (main) DEBUG [DataNucleus.Query] - Query de JDOQL : Compilación (base de datos) de "SELECT UNIQUE FROM com.videoclub.pojo.User WHERE email == 'asier.account@email.com'"
17:28:01,383 (main) DEBUG [DataNucleus.Query] - Compile of JDOQL into SQL - JoinType : navigation(default=(using nullability), filter=(using nullability))
17:28:01,384 (main) DEBUG [DataNucleus.Query] - Query de JDOQL : Tiempo de compilar (base de datos) = 1
17:28:01,384 (main) DEBUG [DataNucleus.Connection] - ManagedConnection ABIERTO : "org.datanucleus.store.rdbms.ConnectionFactoryImpl$ManagedConnectionImpl@63411512 [conn=org.datanucleus.store.rdbms.datasource.dbcp2.PoolingDataSource$PoolGuardConnectionWrapper@35cd68d4, commitOnRelease=false, closeOnRelease=false, closeOnTxnEnd=true]" en resource "tx" con isolación "read-committed" y auto-commit=false
17:28:01,384 (main) DEBUG [DataNucleus.Transaction] - Running enlist operation on resource: org.datanucleus.store.rdbms.ConnectionFactoryImpl$EmulatedXAResource@316a598d, error code TMNOFLAGS and transaction [DataNucleus Transaction, ID=1418522280-39, enlisted resources=[]]
17:28:01,384 (main) DEBUG [DataNucleus.Query] - Query de JDOQL : Ejecucion de "SELECT UNIQUE FROM com.videoclub.pojo.User WHERE email == 'asier.account@email.com'" ...
17:28:01,384 (main) DEBUG [DataNucleus.Datastore] - Utilizando PreparedStatement "com.mysql.cj.jdbc.ClientPreparedStatement: SELECT 'com.videoclub.pojo.User' AS `DN_TYPE`,`A0`.`CODE`,`A0`.`EMAIL`,`A0`.`NAME`,`A0`.`PASSWORD`,`A0`.`SURNAME`,`A0`.`TYPE`,`A0`.`USERNAME` FROM `USER` `A0` WHERE `A0`.`EMAIL` = 'asier.account@email.com'" para la conneccion "org.datanucleus.store.rdbms.datasource.dbcp2.PoolingDataSource$PoolGuardConnectionWrapper@35cd68d4"
17:28:01,384 (main) DEBUG [DataNucleus.Datastore.Native] - SELECT 'com.videoclub.pojo.User' AS `DN_TYPE`,`A0`.`CODE`,`A0`.`EMAIL`,`A0`.`NAME`,`A0`.`PASSWORD`,`A0`.`SURNAME`,`A0`.`TYPE`,`A0`.`USERNAME` FROM `USER` `A0` WHERE `A0`.`EMAIL` = 'asier.account@email.com'
17:28:01,384 (main) DEBUG [DataNucleus.Datastore.Retrieve] - SQL Tiempo de cumplir = 0 ms
17:28:01,384 (main) DEBUG [DataNucleus.Query] - Query de JDOQL : Tiempo de ejecutar = 0 ms
17:28:01,384 (main) DEBUG [DataNucleus.Cache] - Objeto con identidad "com.videoclub.pojo.User:2" no esta en la Cache de nivel 1
17:28:01,385 (main) DEBUG [DataNucleus.Cache] - Objeto con identidad "com.videoclub.pojo.User:2" añadido a la Cache de nivel 1 (loadedFlags="[YNNNNNN]")
17:28:01,385 (main) DEBUG [DataNucleus.Transaction] - Objeto con identidad "com.videoclub.pojo.User:2" ha sido puesto en la cache transaccional
17:28:01,385 (main) DEBUG [DataNucleus.Cache] - Objeto con identidad "com.videoclub.pojo.User:2" obtenido de la Cache nivel 2 (campos="[0, 1, 2, 3, 4, 5, 6]", version="") - representado como "com.videoclub.pojo.User@6ba30587"
17:28:01,385 (main) DEBUG [DataNucleus.Persistence] - Detachando una copia del objeto "com.videoclub.pojo.User@6ba30587" (profundidad=0) como "com.videoclub.pojo.User@5d5160e6" - campos-detachados=[0, 1, 2, 3, 4, 5, 6], campos-para-obtener=null
17:28:01,385 (main) DEBUG [DataNucleus.Transaction] - Haciendo commit de la transaacción para el ExecutionContext org.datanucleus.ExecutionContextImpl@34dc85a
17:28:01,385 (main) DEBUG [DataNucleus.Persistence] - ExecutionContext.internalFlush() empezado con flush ordenado - 0 objetos registrados
17:28:01,385 (main) DEBUG [DataNucleus.Persistence] - ExecutionContext.internalFlush() terminado
17:28:01,385 (main) DEBUG [DataNucleus.Persistence] - Persistence-By-Reachability (commit) : EMPIEZA
17:28:01,385 (main) DEBUG [DataNucleus.Persistence] - Persistence-By-Reachability (commit) : TERMINADO
17:28:01,385 (main) DEBUG [DataNucleus.Cache] - El objeto con identidad "com.videoclub.pojo.User:2" va a tener los campos siguientes almacendados en el objeto de Level 2 cache : [0, 1, 2, 3, 4, 5, 6]
17:28:01,385 (main) DEBUG [DataNucleus.Transaction] - Committing [DataNucleus Transaction, ID=1418522280-39, enlisted resources=[org.datanucleus.store.rdbms.ConnectionFactoryImpl$EmulatedXAResource@316a598d]]
17:28:01,385 (main) DEBUG [DataNucleus.Connection] - ManagedConnection VA A COMMIT : "org.datanucleus.store.rdbms.ConnectionFactoryImpl$ManagedConnectionImpl@63411512 [conn=org.datanucleus.store.rdbms.datasource.dbcp2.PoolingDataSource$PoolGuardConnectionWrapper@35cd68d4, commitOnRelease=false, closeOnRelease=false, closeOnTxnEnd=true]"
17:28:01,385 (main) DEBUG [DataNucleus.Connection] - ManagedConnection CERRADO : "org.datanucleus.store.rdbms.ConnectionFactoryImpl$ManagedConnectionImpl@63411512 [conn=org.datanucleus.store.rdbms.datasource.dbcp2.PoolingDataSource$PoolGuardConnectionWrapper@35cd68d4, commitOnRelease=false, closeOnRelease=false, closeOnTxnEnd=true]" 
17:28:01,385 (main) DEBUG [DataNucleus.Persistence] - Haciendo el objeto detachado : "com.videoclub.pojo.User@6ba30587" (profundidad=0)
17:28:01,385 (main) DEBUG [DataNucleus.Persistence] - Objeto con identidad "com.videoclub.pojo.User:2" tiene cambio de lifeycle : "P_CLEAN"->"DETACHED_CLEAN"
17:28:01,385 (main) DEBUG [DataNucleus.Transaction] - Objeto con identidad "com.videoclub.pojo.User:2" fue borrado de la cache transactional
17:28:01,385 (main) DEBUG [DataNucleus.Persistence] - Disconectando objeto con identidad "com.videoclub.pojo.User:2" de StateManager[pc=com.videoclub.pojo.User@6ba30587, lifecycle=DETACHED_CLEAN]
17:28:01,385 (main) DEBUG [DataNucleus.Cache] - Objeto con identidad="com.videoclub.pojo.User:2" borrado de la Cache de nivel 1
17:28:01,385 (main) DEBUG [DataNucleus.Transaction] - Transacción committed en 0 ms
17:28:01,385 (main) DEBUG [DataNucleus.Persistence] - ExecutionContext "org.datanucleus.ExecutionContextImpl@34dc85a" se cerró
17:28:01,385 (main) DEBUG [DataNucleus.Persistence] - ExecutionContext "org.datanucleus.ExecutionContextImpl@34dc85a" se abrió para la base de datos "org.datanucleus.store.rdbms.RDBMSStoreManager@6d4a65c6" con transaccion="org.datanucleus.transaction.TransactionImpl@2903c6ff"
17:28:01,386 (main) DEBUG [DataNucleus.Transaction] - Transaction created [DataNucleus Transaction, ID=1418522280-40, enlisted resources=[]]
17:28:01,386 (main) DEBUG [DataNucleus.Transaction] - Transacción empezada para el ExecutionContext org.datanucleus.ExecutionContextImpl@34dc85a (optimistic=false)
17:28:01,386 (main) DEBUG [DataNucleus.Query] - JDOQL Single-String de "SELECT FROM com.videoclub.pojo.User WHERE email == 'client@email.com'"
17:28:01,386 (main) DEBUG [DataNucleus.Query] - Query de JDOQL : Compilación (generic) de "SELECT UNIQUE FROM com.videoclub.pojo.User WHERE email == 'client@email.com'"
17:28:01,386 (main) DEBUG [DataNucleus.Query] - Query de JDOQL : Tiempo de compilar (generic) = 0 ms
17:28:01,386 (main) DEBUG [DataNucleus.Query] - QueryCompilation:
  [filter:DyadicExpression{PrimaryExpression{email}  =  Literal{client@email.com}}]
  [symbols: this type=com.videoclub.pojo.User]
17:28:01,386 (main) DEBUG [DataNucleus.Query] - Query de JDOQL : Compilación (base de datos) de "SELECT UNIQUE FROM com.videoclub.pojo.User WHERE email == 'client@email.com'"
17:28:01,386 (main) DEBUG [DataNucleus.Query] - Compile of JDOQL into SQL - JoinType : navigation(default=(using nullability), filter=(using nullability))
17:28:01,386 (main) DEBUG [DataNucleus.Query] - Query de JDOQL : Tiempo de compilar (base de datos) = 0
17:28:01,387 (main) DEBUG [DataNucleus.Connection] - ManagedConnection ABIERTO : "org.datanucleus.store.rdbms.ConnectionFactoryImpl$ManagedConnectionImpl@778d82e9 [conn=org.datanucleus.store.rdbms.datasource.dbcp2.PoolingDataSource$PoolGuardConnectionWrapper@408e96d9, commitOnRelease=false, closeOnRelease=false, closeOnTxnEnd=true]" en resource "tx" con isolación "read-committed" y auto-commit=false
17:28:01,387 (main) DEBUG [DataNucleus.Transaction] - Running enlist operation on resource: org.datanucleus.store.rdbms.ConnectionFactoryImpl$EmulatedXAResource@59901c4d, error code TMNOFLAGS and transaction [DataNucleus Transaction, ID=1418522280-40, enlisted resources=[]]
17:28:01,387 (main) DEBUG [DataNucleus.Query] - Query de JDOQL : Ejecucion de "SELECT UNIQUE FROM com.videoclub.pojo.User WHERE email == 'client@email.com'" ...
17:28:01,387 (main) DEBUG [DataNucleus.Datastore] - Utilizando PreparedStatement "com.mysql.cj.jdbc.ClientPreparedStatement: SELECT 'com.videoclub.pojo.User' AS `DN_TYPE`,`A0`.`CODE`,`A0`.`EMAIL`,`A0`.`NAME`,`A0`.`PASSWORD`,`A0`.`SURNAME`,`A0`.`TYPE`,`A0`.`USERNAME` FROM `USER` `A0` WHERE `A0`.`EMAIL` = 'client@email.com'" para la conneccion "org.datanucleus.store.rdbms.datasource.dbcp2.PoolingDataSource$PoolGuardConnectionWrapper@408e96d9"
17:28:01,387 (main) DEBUG [DataNucleus.Datastore.Native] - SELECT 'com.videoclub.pojo.User' AS `DN_TYPE`,`A0`.`CODE`,`A0`.`EMAIL`,`A0`.`NAME`,`A0`.`PASSWORD`,`A0`.`SURNAME`,`A0`.`TYPE`,`A0`.`USERNAME` FROM `USER` `A0` WHERE `A0`.`EMAIL` = 'client@email.com'
17:28:01,387 (main) DEBUG [DataNucleus.Datastore.Retrieve] - SQL Tiempo de cumplir = 0 ms
17:28:01,387 (main) DEBUG [DataNucleus.Query] - Query de JDOQL : Tiempo de ejecutar = 0 ms
17:28:01,387 (main) DEBUG [DataNucleus.Cache] - Objeto con identidad "com.videoclub.pojo.User:3" no esta en la Cache de nivel 1
17:28:01,387 (main) DEBUG [DataNucleus.Cache] - Objeto con identidad "com.videoclub.pojo.User:3" añadido a la Cache de nivel 1 (loadedFlags="[YNNNNNN]")
17:28:01,387 (main) DEBUG [DataNucleus.Transaction] - Objeto con identidad "com.videoclub.pojo.User:3" ha sido puesto en la cache transaccional
17:28:01,387 (main) DEBUG [DataNucleus.Cache] - Objeto con identidad "com.videoclub.pojo.User:3" obtenido de la Cache nivel 2 (campos="[0, 1, 2, 3, 4, 5, 6]", version="") - representado como "com.videoclub.pojo.User@d8d9199"
17:28:01,387 (main) DEBUG [DataNucleus.Persistence] - Detachando una copia del objeto "com.videoclub.pojo.User@d8d9199" (profundidad=0) como "com.videoclub.pojo.User@10cd6753" - campos-detachados=[0, 1, 2, 3, 4, 5, 6], campos-para-obtener=null
17:28:01,387 (main) DEBUG [DataNucleus.Transaction] - Haciendo commit de la transaacción para el ExecutionContext org.datanucleus.ExecutionContextImpl@34dc85a
17:28:01,387 (main) DEBUG [DataNucleus.Persistence] - ExecutionContext.internalFlush() empezado con flush ordenado - 0 objetos registrados
17:28:01,387 (main) DEBUG [DataNucleus.Persistence] - ExecutionContext.internalFlush() terminado
17:28:01,387 (main) DEBUG [DataNucleus.Persistence] - Persistence-By-Reachability (commit) : EMPIEZA
17:28:01,387 (main) DEBUG [DataNucleus.Persistence] - Persistence-By-Reachability (commit) : TERMINADO
17:28:01,387 (main) DEBUG [DataNucleus.Cache] - El objeto con identidad "com.videoclub.pojo.User:3" va a tener los campos siguientes almacendados en el objeto de Level 2 cache : [0, 1, 2, 3, 4, 5, 6]
17:28:01,387 (main) DEBUG [DataNucleus.Transaction] - Committing [DataNucleus Transaction, ID=1418522280-40, enlisted resources=[org.datanucleus.store.rdbms.ConnectionFactoryImpl$EmulatedXAResource@59901c4d]]
17:28:01,387 (main) DEBUG [DataNucleus.Connection] - ManagedConnection VA A COMMIT : "org.datanucleus.store.rdbms.ConnectionFactoryImpl$ManagedConnectionImpl@778d82e9 [conn=org.datanucleus.store.rdbms.datasource.dbcp2.PoolingDataSource$PoolGuardConnectionWrapper@408e96d9, commitOnRelease=false, closeOnRelease=false, closeOnTxnEnd=true]"
17:28:01,387 (main) DEBUG [DataNucleus.Connection] - ManagedConnection CERRADO : "org.datanucleus.store.rdbms.ConnectionFactoryImpl$ManagedConnectionImpl@778d82e9 [conn=org.datanucleus.store.rdbms.datasource.dbcp2.PoolingDataSource$PoolGuardConnectionWrapper@408e96d9, commitOnRelease=false, closeOnRelease=false, closeOnTxnEnd=true]" 
17:28:01,388 (main) DEBUG [DataNucleus.Persistence] - Haciendo el objeto detachado : "com.videoclub.pojo.User@d8d9199" (profundidad=0)
17:28:01,388 (main) DEBUG [DataNucleus.Persistence] - Objeto con identidad "com.videoclub.pojo.User:3" tiene cambio de lifeycle : "P_CLEAN"->"DETACHED_CLEAN"
17:28:01,388 (main) DEBUG [DataNucleus.Transaction] - Objeto con identidad "com.videoclub.pojo.User:3" fue borrado de la cache transactional
17:28:01,388 (main) DEBUG [DataNucleus.Persistence] - Disconectando objeto con identidad "com.videoclub.pojo.User:3" de StateManager[pc=com.videoclub.pojo.User@d8d9199, lifecycle=DETACHED_CLEAN]
17:28:01,388 (main) DEBUG [DataNucleus.Cache] - Objeto con identidad="com.videoclub.pojo.User:3" borrado de la Cache de nivel 1
17:28:01,388 (main) DEBUG [DataNucleus.Transaction] - Transacción committed en 1 ms
17:28:01,388 (main) DEBUG [DataNucleus.Persistence] - ExecutionContext "org.datanucleus.ExecutionContextImpl@34dc85a" se cerró
User [code=1, username=admin,type=ADMIN, password=8c6976e5b5410415bde908bd4dee15dfb167a9c873fc4bb8a81f6f2ab448a918, email=admin@email.com, name=AdminName, surname=AdminSurname] - User [code=1, username=admin,type=ADMIN, password=8c6976e5b5410415bde908bd4dee15dfb167a9c873fc4bb8a81f6f2ab448a918, email=admin@email.com, name=AdminName, surname=AdminSurname]
]]></system-out>
  </testcase>
</testsuite>